 
Número de fotones = 100000.000000
Tamaño del paquete = 0.00250 [cm] 
***Parámetros del tejido*** 
Coef. de Absorcion: 12.200000
Coef. de Esparcimiento: 173.500000
Coef. de Anisotropia: 0.930000
Indice de Refracción: 1.500000
La última fila esta desbordada. Ignorarla
r [cm] 	 Fsph [1/cm2] 	 Fcyl [1/cm2] 	 Fpla [1/cm2]
0.00125 	 5.077e+04 	 1.944e+02 	 4.168e+00 
0.00375 	 5.544e+03 	 6.166e+01 	 2.784e+00 
0.00625 	 1.974e+03 	 3.535e+01 	 2.281e+00 
0.00875 	 9.959e+02 	 2.430e+01 	 1.953e+00 
0.01125 	 5.938e+02 	 1.816e+01 	 1.710e+00 
0.01375 	 3.935e+02 	 1.416e+01 	 1.520e+00 
0.01625 	 2.780e+02 	 1.150e+01 	 1.364e+00 
0.01875 	 2.034e+02 	 9.546e+00 	 1.239e+00 
0.02125 	 1.546e+02 	 8.019e+00 	 1.134e+00 
0.02375 	 1.215e+02 	 6.881e+00 	 1.038e+00 
0.02625 	 9.777e+01 	 5.976e+00 	 9.505e-01 
0.02875 	 7.990e+01 	 5.196e+00 	 8.767e-01 
0.03125 	 6.527e+01 	 4.562e+00 	 8.060e-01 
0.03375 	 5.473e+01 	 4.038e+00 	 7.465e-01 
0.03625 	 4.647e+01 	 3.580e+00 	 6.899e-01 
0.03875 	 3.958e+01 	 3.225e+00 	 6.401e-01 
0.04125 	 3.381e+01 	 2.871e+00 	 5.911e-01 
0.04375 	 2.925e+01 	 2.579e+00 	 5.500e-01 
0.04625 	 2.532e+01 	 2.339e+00 	 5.082e-01 
0.04875 	 2.202e+01 	 2.113e+00 	 4.729e-01 
0.05125 	 1.954e+01 	 1.916e+00 	 4.415e-01 
0.05375 	 1.715e+01 	 1.739e+00 	 4.126e-01 
0.05625 	 1.527e+01 	 1.580e+00 	 3.881e-01 
0.05875 	 1.345e+01 	 1.441e+00 	 3.597e-01 
0.06125 	 1.196e+01 	 1.313e+00 	 3.371e-01 
0.06375 	 1.066e+01 	 1.205e+00 	 3.120e-01 
0.06625 	 9.568e+00 	 1.100e+00 	 2.917e-01 
0.06875 	 8.587e+00 	 1.016e+00 	 2.717e-01 
0.07125 	 7.726e+00 	 9.313e-01 	 2.550e-01 
0.07375 	 6.892e+00 	 8.572e-01 	 2.389e-01 
0.07625 	 6.234e+00 	 7.848e-01 	 2.206e-01 
0.07875 	 5.594e+00 	 7.244e-01 	 2.096e-01 
0.08125 	 5.083e+00 	 6.650e-01 	 1.944e-01 
0.08375 	 4.592e+00 	 6.100e-01 	 1.813e-01 
0.08625 	 4.171e+00 	 5.624e-01 	 1.689e-01 
0.08875 	 3.780e+00 	 5.216e-01 	 1.564e-01 
0.09125 	 3.433e+00 	 4.827e-01 	 1.467e-01 
0.09375 	 3.124e+00 	 4.430e-01 	 1.376e-01 
0.09625 	 2.834e+00 	 4.100e-01 	 1.282e-01 
0.09875 	 2.567e+00 	 3.777e-01 	 1.207e-01 
0.10125 	 2.367e+00 	 3.509e-01 	 1.124e-01 
0.10375 	 2.145e+00 	 3.269e-01 	 1.064e-01 
0.10625 	 1.967e+00 	 3.028e-01 	 9.979e-02 
0.10875 	 1.813e+00 	 2.807e-01 	 9.319e-02 
0.11125 	 1.652e+00 	 2.597e-01 	 8.743e-02 
0.11375 	 1.517e+00 	 2.399e-01 	 8.144e-02 
0.11625 	 1.385e+00 	 2.213e-01 	 7.614e-02 
0.11875 	 1.261e+00 	 2.037e-01 	 7.152e-02 
0.12125 	 1.159e+00 	 1.915e-01 	 6.757e-02 
0.12375 	 1.060e+00 	 1.761e-01 	 6.291e-02 
0.12625 	 9.782e-01 	 1.643e-01 	 5.887e-02 
0.12875 	 8.920e-01 	 1.516e-01 	 5.500e-02 
0.13125 	 8.260e-01 	 1.415e-01 	 5.119e-02 
0.13375 	 7.600e-01 	 1.323e-01 	 4.840e-02 
0.13625 	 6.928e-01 	 1.222e-01 	 4.598e-02 
0.13875 	 6.369e-01 	 1.131e-01 	 4.223e-02 
0.14125 	 5.894e-01 	 1.056e-01 	 3.977e-02 
0.14375 	 5.462e-01 	 9.821e-02 	 3.727e-02 
0.14625 	 4.984e-01 	 9.051e-02 	 3.516e-02 
0.14875 	 4.581e-01 	 8.400e-02 	 3.289e-02 
0.15125 	 4.215e-01 	 7.838e-02 	 3.088e-02 
0.15375 	 3.908e-01 	 7.290e-02 	 2.888e-02 
0.15625 	 3.580e-01 	 6.770e-02 	 2.692e-02 
0.15875 	 3.314e-01 	 6.304e-02 	 2.543e-02 
0.16125 	 3.026e-01 	 5.867e-02 	 2.338e-02 
0.16375 	 2.787e-01 	 5.326e-02 	 2.244e-02 
0.16625 	 2.612e-01 	 5.057e-02 	 2.081e-02 
0.16875 	 2.406e-01 	 4.709e-02 	 1.937e-02 
0.17125 	 2.211e-01 	 4.345e-02 	 1.819e-02 
0.17375 	 2.030e-01 	 4.002e-02 	 1.691e-02 
0.17625 	 1.887e-01 	 3.793e-02 	 1.606e-02 
0.17875 	 1.735e-01 	 3.538e-02 	 1.491e-02 
0.18125 	 1.617e-01 	 3.283e-02 	 1.392e-02 
0.18375 	 1.469e-01 	 3.059e-02 	 1.308e-02 
0.18625 	 1.364e-01 	 2.810e-02 	 1.227e-02 
0.18875 	 1.260e-01 	 2.633e-02 	 1.163e-02 
0.19125 	 1.175e-01 	 2.478e-02 	 1.094e-02 
0.19375 	 1.092e-01 	 2.326e-02 	 1.018e-02 
0.19625 	 1.000e-01 	 2.140e-02 	 9.471e-03 
0.19875 	 9.189e-02 	 1.987e-02 	 8.835e-03 
0.20125 	 8.613e-02 	 1.854e-02 	 8.349e-03 
0.20375 	 7.924e-02 	 1.727e-02 	 7.699e-03 
0.20625 	 7.330e-02 	 1.596e-02 	 7.400e-03 
0.20875 	 6.778e-02 	 1.484e-02 	 6.750e-03 
0.21125 	 6.310e-02 	 1.390e-02 	 6.247e-03 
0.21375 	 5.868e-02 	 1.276e-02 	 5.899e-03 
0.21625 	 5.373e-02 	 1.202e-02 	 5.629e-03 
0.21875 	 4.961e-02 	 1.106e-02 	 5.168e-03 
0.22125 	 4.597e-02 	 1.032e-02 	 4.761e-03 
0.22375 	 4.229e-02 	 9.415e-03 	 4.477e-03 
0.22625 	 3.922e-02 	 8.957e-03 	 4.261e-03 
0.22875 	 3.676e-02 	 8.243e-03 	 3.979e-03 
0.23125 	 3.426e-02 	 7.793e-03 	 3.759e-03 
0.23375 	 3.237e-02 	 7.377e-03 	 3.520e-03 
0.23625 	 2.962e-02 	 6.898e-03 	 3.355e-03 
0.23875 	 2.727e-02 	 6.255e-03 	 3.075e-03 
0.24125 	 2.506e-02 	 5.914e-03 	 2.971e-03 
0.24375 	 2.315e-02 	 5.536e-03 	 2.719e-03 
0.24625 	 2.144e-02 	 5.096e-03 	 2.507e-03 
0.24875 	 1.996e-02 	 4.662e-03 	 2.366e-03 
0.25125 	 1.829e-02 	 4.437e-03 	 2.254e-03 
0.25375 	 1.708e-02 	 4.110e-03 	 2.053e-03 
0.25625 	 1.594e-02 	 3.946e-03 	 1.878e-03 
0.25875 	 1.499e-02 	 3.607e-03 	 1.804e-03 
0.26125 	 1.374e-02 	 3.386e-03 	 1.617e-03 
0.26375 	 1.289e-02 	 3.108e-03 	 1.582e-03 
0.26625 	 1.196e-02 	 2.982e-03 	 1.517e-03 
0.26875 	 1.096e-02 	 2.796e-03 	 1.437e-03 
0.27125 	 9.989e-03 	 2.540e-03 	 1.273e-03 
0.27375 	 9.368e-03 	 2.414e-03 	 1.238e-03 
0.27625 	 8.760e-03 	 2.270e-03 	 1.125e-03 
0.27875 	 7.958e-03 	 2.043e-03 	 1.100e-03 
0.28125 	 7.610e-03 	 1.961e-03 	 9.763e-04 
0.28375 	 7.139e-03 	 1.869e-03 	 9.156e-04 
0.28625 	 6.537e-03 	 1.661e-03 	 9.493e-04 
0.28875 	 6.101e-03 	 1.580e-03 	 8.986e-04 
0.29125 	 5.730e-03 	 1.476e-03 	 7.893e-04 
0.29375 	 5.182e-03 	 1.386e-03 	 7.500e-04 
0.29625 	 4.824e-03 	 1.288e-03 	 6.742e-04 
0.29875 	 4.484e-03 	 1.188e-03 	 6.365e-04 
0.30125 	 4.149e-03 	 1.096e-03 	 6.417e-04 
0.30375 	 3.790e-03 	 1.022e-03 	 5.963e-04 
0.30625 	 3.645e-03 	 9.725e-04 	 5.925e-04 
0.30875 	 3.279e-03 	 9.230e-04 	 5.441e-04 
0.31125 	 3.152e-03 	 8.392e-04 	 5.407e-04 
0.31375 	 2.945e-03 	 7.929e-04 	 5.185e-04 
0.31625 	 2.686e-03 	 7.925e-04 	 4.280e-04 
0.31875 	 2.465e-03 	 7.195e-04 	 4.150e-04 
0.32125 	 2.379e-03 	 6.430e-04 	 3.738e-04 
0.32375 	 2.172e-03 	 5.877e-04 	 3.826e-04 
0.32625 	 2.023e-03 	 5.496e-04 	 3.326e-04 
0.32875 	 1.872e-03 	 5.219e-04 	 3.160e-04 
0.33125 	 1.714e-03 	 4.641e-04 	 2.640e-04 
0.33375 	 1.576e-03 	 4.242e-04 	 2.714e-04 
0.33625 	 1.486e-03 	 3.857e-04 	 2.597e-04 
0.33875 	 1.421e-03 	 3.786e-04 	 2.093e-04 
0.34125 	 1.358e-03 	 3.827e-04 	 2.011e-04 
0.34375 	 1.240e-03 	 3.422e-04 	 1.857e-04 
0.34625 	 1.106e-03 	 3.313e-04 	 1.728e-04 
0.34875 	 1.046e-03 	 2.778e-04 	 1.605e-04 
0.35125 	 9.809e-04 	 2.694e-04 	 1.738e-04 
0.35375 	 8.958e-04 	 2.451e-04 	 1.377e-04 
0.35625 	 8.329e-04 	 2.390e-04 	 1.351e-04 
0.35875 	 7.982e-04 	 2.461e-04 	 1.362e-04 
0.36125 	 6.903e-04 	 2.588e-04 	 1.442e-04 
0.36375 	 6.363e-04 	 2.082e-04 	 1.441e-04 
0.36625 	 5.915e-04 	 2.044e-04 	 1.297e-04 
0.36875 	 5.752e-04 	 1.871e-04 	 1.180e-04 
0.37125 	 5.555e-04 	 2.048e-04 	 9.352e-05 
0.37375 	 5.207e-04 	 1.624e-04 	 1.062e-04 
0.37625 	 4.874e-04 	 1.544e-04 	 7.829e-05 
0.37875 	 4.592e-04 	 1.397e-04 	 1.034e-04 
0.38125 	 4.192e-04 	 1.078e-04 	 7.182e-05 
0.38375 	 3.500e-04 	 1.112e-04 	 9.394e-05 
0.38625 	 3.511e-04 	 1.049e-04 	 8.433e-05 
0.38875 	 3.251e-04 	 9.839e-05 	 5.720e-05 
0.39125 	 3.107e-04 	 9.647e-05 	 5.388e-05 
0.39375 	 2.818e-04 	 9.262e-05 	 4.665e-05 
0.39625 	 2.842e-04 	 8.712e-05 	 6.682e-05 
0.39875 	 2.550e-04 	 8.497e-05 	 3.485e-05 
0.40125 	 2.233e-04 	 8.504e-05 	 3.447e-05 
0.40375 	 2.082e-04 	 7.123e-05 	 3.118e-05 
0.40625 	 1.961e-04 	 5.826e-05 	 2.913e-05 
0.40875 	 1.860e-04 	 6.252e-05 	 2.703e-05 
0.41125 	 1.661e-04 	 5.183e-05 	 2.981e-05 
0.41375 	 1.487e-04 	 6.752e-05 	 3.386e-05 
0.41625 	 1.381e-04 	 5.359e-05 	 3.440e-05 
0.41875 	 1.414e-04 	 4.927e-05 	 2.667e-05 
0.42125 	 1.506e-04 	 4.594e-05 	 2.453e-05 
0.42375 	 1.147e-04 	 4.381e-05 	 1.634e-05 
0.42625 	 1.270e-04 	 3.019e-05 	 2.772e-05 
0.42875 	 1.178e-04 	 2.827e-05 	 1.730e-05 
0.43125 	 7.426e-05 	 2.632e-05 	 1.784e-05 
0.43375 	 8.533e-05 	 2.835e-05 	 1.034e-05 
0.43625 	 7.621e-05 	 2.206e-05 	 8.985e-06 
0.43875 	 8.096e-05 	 2.412e-05 	 1.716e-05 
0.44125 	 6.533e-05 	 2.685e-05 	 1.581e-05 
0.44375 	 6.228e-05 	 1.779e-05 	 1.292e-05 
0.44625 	 6.074e-05 	 2.304e-05 	 1.341e-05 
0.44875 	 6.883e-05 	 1.538e-05 	 1.463e-05 
0.45125 	 5.613e-05 	 1.771e-05 	 5.724e-06 
0.45375 	 5.033e-05 	 1.138e-05 	 1.023e-05 
0.45625 	 5.183e-05 	 1.581e-05 	 1.846e-05 
0.45875 	 5.064e-05 	 1.042e-05 	 1.254e-05 
0.46125 	 4.217e-05 	 1.016e-05 	 1.335e-05 
0.46375 	 3.885e-05 	 9.173e-06 	 6.940e-06 
0.46625 	 3.994e-05 	 6.559e-06 	 6.675e-06 
0.46875 	 3.226e-05 	 1.088e-05 	 4.778e-06 
0.47125 	 2.492e-05 	 1.008e-05 	 3.099e-06 
0.47375 	 3.637e-05 	 1.020e-05 	 5.037e-06 
0.47625 	 2.333e-05 	 1.170e-05 	 8.961e-06 
0.47875 	 2.890e-05 	 9.471e-06 	 4.487e-06 
0.48125 	 1.975e-05 	 4.972e-06 	 5.354e-06 
0.48375 	 2.092e-05 	 3.522e-06 	 5.000e-06 
0.48625 	 2.754e-05 	 6.248e-06 	 7.892e-06 
0.48875 	 2.404e-05 	 7.868e-06 	 2.764e-06 
0.49125 	 1.982e-05 	 4.503e-06 	 5.281e-06 
0.49375 	 1.745e-05 	 7.128e-06 	 2.678e-06 
0.49625 	 1.326e-05 	 2.625e-06 	 1.077e-06 
0.49875 	 1.330e-05 	 6.988e-06 	 1.333e-06 
0.50125 	 1.802e-05 	 4.860e-06 	 8.837e-06 
0.50375 	 7.945e-06 	 3.824e-06 	 3.240e-06 
0.50625 	 1.065e-05 	 3.751e-06 	 5.795e-06 
0.50875 	 7.316e-06 	 6.226e-06 	 9.130e-06 
0.51125 	 7.438e-06 	 1.833e-06 	 4.132e-06 
0.51375 	 8.238e-06 	 4.437e-06 	 5.247e-06 
0.51625 	 5.622e-06 	 1.245e-06 	 2.947e-06 
0.51875 	 6.397e-06 	 1.357e-06 	 5.340e-06 
0.52125 	 8.233e-06 	 1.870e-06 	 1.700e-06 
0.52375 	 6.166e-06 	 4.879e-06 	 2.036e-06 
0.52625 	 5.917e-06 	 1.121e-06 	 4.439e-06 
0.52875 	 7.156e-06 	 1.887e-06 	 3.299e-06 
0.53125 	 5.934e-06 	 1.825e-06 	 4.680e-07 
0.53375 	 3.626e-06 	 1.122e-06 	 2.758e-06 
0.53625 	 3.119e-06 	 5.689e-07 	 2.269e-06 
0.53875 	 2.298e-06 	 1.355e-06 	 3.794e-06 
0.54125 	 2.537e-06 	 1.706e-07 	 1.698e-06 
0.54375 	 4.302e-06 	 2.469e-07 	 0.000e+00 
0.54625 	 2.896e-06 	 1.374e-07 	 3.021e-06 
0.54875 	 3.708e-06 	 6.894e-07 	 2.729e-06 
0.55125 	 2.739e-06 	 2.474e-07 	 1.092e-06 
0.55375 	 3.101e-06 	 2.644e-07 	 5.784e-07 
0.55625 	 2.172e-06 	 0.000e+00 	 8.517e-07 
0.55875 	 1.445e-06 	 1.668e-07 	 5.404e-07 
0.56125 	 2.034e-06 	 5.704e-07 	 4.783e-06 
0.56375 	 3.468e-06 	 1.449e-07 	 8.644e-07 
0.56625 	 1.872e-06 	 0.000e+00 	 9.428e-07 
0.56875 	 1.155e-06 	 6.744e-08 	 5.298e-07 
0.57125 	 1.051e-06 	 6.175e-08 	 6.209e-06 
0.57375 	 2.276e-06 	 1.340e-07 	 3.524e-06 
0.57625 	 6.212e-07 	 1.287e-07 	 4.465e-06 
0.57875 	 8.697e-07 	 0.000e+00 	 3.592e-06 
0.58125 	 1.057e-06 	 0.000e+00 	 3.267e-06 
0.58375 	 5.722e-07 	 0.000e+00 	 1.903e-06 
0.58625 	 3.709e-07 	 0.000e+00 	 5.154e-06 
0.58875 	 2.552e-07 	 0.000e+00 	 4.314e-06 
0.59125 	 4.774e-07 	 0.000e+00 	 9.483e-07 
0.59375 	 2.342e-07 	 0.000e+00 	 5.257e-07 
0.59625 	 5.509e-07 	 0.000e+00 	 2.372e-07 
0.59875 	 1.311e-06 	 0.000e+00 	 0.000e+00 
0.60125 	 9.333e-07 	 0.000e+00 	 0.000e+00 
0.60375 	 1.115e-06 	 0.000e+00 	 2.216e-07 
0.60625 	 1.467e-06 	 0.000e+00 	 0.000e+00 
0.60875 	 7.153e-07 	 0.000e+00 	 0.000e+00 
0.61125 	 6.554e-07 	 0.000e+00 	 0.000e+00 
0.61375 	 9.397e-07 	 0.000e+00 	 0.000e+00 
0.61625 	 4.773e-07 	 0.000e+00 	 0.000e+00 
0.61875 	 4.504e-07 	 0.000e+00 	 0.000e+00 
0.62125 	 6.078e-07 	 0.000e+00 	 0.000e+00 
0.62375 	 4.217e-07 	 0.000e+00 	 0.000e+00 
0.62625 	 5.514e-08 	 0.000e+00 	 0.000e+00 
0.62875 	 2.790e-07 	 0.000e+00 	 0.000e+00 
0.63125 	 2.586e-07 	 0.000e+00 	 0.000e+00 
0.63375 	 5.497e-07 	 0.000e+00 	 0.000e+00 
0.63625 	 5.183e-07 	 0.000e+00 	 0.000e+00 
0.63875 	 6.681e-07 	 0.000e+00 	 0.000e+00 
0.64125 	 2.823e-07 	 0.000e+00 	 0.000e+00 
0.64375 	 7.586e-07 	 0.000e+00 	 0.000e+00 
0.64625 	 8.332e-08 	 0.000e+00 	 0.000e+00 
0.64875 	 0.000e+00 	 0.000e+00 	 0.000e+00 
0.65125 	 1.014e-07 	 0.000e+00 	 0.000e+00 
0.65375 	 0.000e+00 	 0.000e+00 	 0.000e+00 
0.65625 	 0.000e+00 	 0.000e+00 	 0.000e+00 
0.65875 	 9.259e-08 	 0.000e+00 	 0.000e+00 
0.66125 	 0.000e+00 	 0.000e+00 	 0.000e+00 
0.66375 	 0.000e+00 	 0.000e+00 	 0.000e+00 
0.66625 	 0.000e+00 	 0.000e+00 	 0.000e+00 
0.66875 	 8.394e-08 	 0.000e+00 	 0.000e+00 
0.67125 	 1.506e-07 	 0.000e+00 	 0.000e+00 
0.67375 	 0.000e+00 	 0.000e+00 	 0.000e+00 
0.67625 	 6.695e-08 	 0.000e+00 	 0.000e+00 
0.67875 	 0.000e+00 	 0.000e+00 	 0.000e+00 
0.68125 	 0.000e+00 	 0.000e+00 	 0.000e+00 
0.68375 	 0.000e+00 	 0.000e+00 	 0.000e+00 
0.68625 	 0.000e+00 	 0.000e+00 	 0.000e+00 
0.68875 	 0.000e+00 	 0.000e+00 	 0.000e+00 
0.69125 	 0.000e+00 	 0.000e+00 	 0.000e+00 
0.69375 	 5.943e-08 	 0.000e+00 	 0.000e+00 
0.69625 	 0.000e+00 	 0.000e+00 	 0.000e+00 
0.69875 	 0.000e+00 	 0.000e+00 	 0.000e+00 
0.70125 	 1.969e-07 	 0.000e+00 	 0.000e+00 
0.70375 	 4.112e-08 	 0.000e+00 	 0.000e+00 
0.70625 	 7.379e-08 	 0.000e+00 	 0.000e+00 
0.70875 	 0.000e+00 	 0.000e+00 	 0.000e+00 
0.71125 	 0.000e+00 	 0.000e+00 	 0.000e+00 
0.71375 	 0.000e+00 	 0.000e+00 	 0.000e+00 
0.71625 	 0.000e+00 	 0.000e+00 	 0.000e+00 
0.71875 	 0.000e+00 	 0.000e+00 	 0.000e+00 
0.72125 	 0.000e+00 	 0.000e+00 	 0.000e+00 
0.72375 	 0.000e+00 	 0.000e+00 	 0.000e+00 
0.72625 	 0.000e+00 	 0.000e+00 	 0.000e+00 
0.72875 	 0.000e+00 	 0.000e+00 	 0.000e+00 
0.73125 	 0.000e+00 	 0.000e+00 	 0.000e+00 
0.73375 	 0.000e+00 	 0.000e+00 	 0.000e+00 
0.73625 	 0.000e+00 	 0.000e+00 	 0.000e+00 
0.73875 	 0.000e+00 	 0.000e+00 	 0.000e+00 
0.74125 	 0.000e+00 	 0.000e+00 	 0.000e+00 
0.74375 	 0.000e+00 	 0.000e+00 	 0.000e+00 
0.74625 	 0.000e+00 	 0.000e+00 	 0.000e+00 
0.74875 	 0.000e+00 	 0.000e+00 	 0.000e+00 
0.75125 	 0.000e+00 	 0.000e+00 	 0.000e+00 
0.75375 	 0.000e+00 	 0.000e+00 	 0.000e+00 
0.75625 	 0.000e+00 	 0.000e+00 	 0.000e+00 
0.75875 	 0.000e+00 	 0.000e+00 	 0.000e+00 
0.76125 	 0.000e+00 	 0.000e+00 	 0.000e+00 
0.76375 	 0.000e+00 	 0.000e+00 	 0.000e+00 
0.76625 	 0.000e+00 	 0.000e+00 	 0.000e+00 
0.76875 	 0.000e+00 	 0.000e+00 	 0.000e+00 
0.77125 	 0.000e+00 	 0.000e+00 	 0.000e+00 
0.77375 	 0.000e+00 	 0.000e+00 	 0.000e+00 
0.77625 	 0.000e+00 	 0.000e+00 	 0.000e+00 
0.77875 	 0.000e+00 	 0.000e+00 	 0.000e+00 
0.78125 	 0.000e+00 	 0.000e+00 	 0.000e+00 
0.78375 	 0.000e+00 	 0.000e+00 	 0.000e+00 
0.78625 	 0.000e+00 	 0.000e+00 	 0.000e+00 
0.78875 	 0.000e+00 	 0.000e+00 	 0.000e+00 
0.79125 	 0.000e+00 	 0.000e+00 	 0.000e+00 
0.79375 	 0.000e+00 	 0.000e+00 	 0.000e+00 
0.79625 	 0.000e+00 	 0.000e+00 	 0.000e+00 
0.79875 	 0.000e+00 	 0.000e+00 	 0.000e+00 
0.80125 	 0.000e+00 	 0.000e+00 	 0.000e+00 
0.80375 	 0.000e+00 	 0.000e+00 	 0.000e+00 
0.80625 	 0.000e+00 	 0.000e+00 	 0.000e+00 
0.80875 	 0.000e+00 	 0.000e+00 	 0.000e+00 
0.81125 	 0.000e+00 	 0.000e+00 	 0.000e+00 
0.81375 	 0.000e+00 	 0.000e+00 	 0.000e+00 
0.81625 	 0.000e+00 	 0.000e+00 	 0.000e+00 
0.81875 	 0.000e+00 	 0.000e+00 	 0.000e+00 
0.82125 	 0.000e+00 	 0.000e+00 	 0.000e+00 
0.82375 	 0.000e+00 	 0.000e+00 	 0.000e+00 
0.82625 	 0.000e+00 	 0.000e+00 	 0.000e+00 
0.82875 	 0.000e+00 	 0.000e+00 	 0.000e+00 
0.83125 	 0.000e+00 	 0.000e+00 	 0.000e+00 
0.83375 	 0.000e+00 	 0.000e+00 	 0.000e+00 
0.83625 	 0.000e+00 	 0.000e+00 	 0.000e+00 
0.83875 	 0.000e+00 	 0.000e+00 	 0.000e+00 
0.84125 	 0.000e+00 	 0.000e+00 	 0.000e+00 
0.84375 	 0.000e+00 	 0.000e+00 	 0.000e+00 
0.84625 	 0.000e+00 	 0.000e+00 	 0.000e+00 
0.84875 	 0.000e+00 	 0.000e+00 	 0.000e+00 
0.85125 	 0.000e+00 	 0.000e+00 	 0.000e+00 
0.85375 	 0.000e+00 	 0.000e+00 	 0.000e+00 
0.85625 	 0.000e+00 	 0.000e+00 	 0.000e+00 
0.85875 	 0.000e+00 	 0.000e+00 	 0.000e+00 
0.86125 	 0.000e+00 	 0.000e+00 	 0.000e+00 
0.86375 	 0.000e+00 	 0.000e+00 	 0.000e+00 
0.86625 	 0.000e+00 	 0.000e+00 	 0.000e+00 
0.86875 	 0.000e+00 	 0.000e+00 	 0.000e+00 
0.87125 	 0.000e+00 	 0.000e+00 	 0.000e+00 
0.87375 	 0.000e+00 	 0.000e+00 	 0.000e+00 
0.87625 	 0.000e+00 	 0.000e+00 	 0.000e+00 
0.87875 	 0.000e+00 	 0.000e+00 	 0.000e+00 
0.88125 	 0.000e+00 	 0.000e+00 	 0.000e+00 
0.88375 	 0.000e+00 	 0.000e+00 	 0.000e+00 
0.88625 	 0.000e+00 	 0.000e+00 	 0.000e+00 
0.88875 	 0.000e+00 	 0.000e+00 	 0.000e+00 
0.89125 	 0.000e+00 	 0.000e+00 	 0.000e+00 
0.89375 	 0.000e+00 	 0.000e+00 	 0.000e+00 
0.89625 	 0.000e+00 	 0.000e+00 	 0.000e+00 
0.89875 	 0.000e+00 	 0.000e+00 	 0.000e+00 
0.90125 	 0.000e+00 	 0.000e+00 	 0.000e+00 
0.90375 	 0.000e+00 	 0.000e+00 	 0.000e+00 
0.90625 	 0.000e+00 	 0.000e+00 	 0.000e+00 
0.90875 	 0.000e+00 	 0.000e+00 	 0.000e+00 
0.91125 	 0.000e+00 	 0.000e+00 	 0.000e+00 
0.91375 	 0.000e+00 	 0.000e+00 	 0.000e+00 
0.91625 	 0.000e+00 	 0.000e+00 	 0.000e+00 
0.91875 	 0.000e+00 	 0.000e+00 	 0.000e+00 
0.92125 	 0.000e+00 	 0.000e+00 	 0.000e+00 
0.92375 	 0.000e+00 	 0.000e+00 	 0.000e+00 
0.92625 	 0.000e+00 	 0.000e+00 	 0.000e+00 
0.92875 	 0.000e+00 	 0.000e+00 	 0.000e+00 
0.93125 	 0.000e+00 	 0.000e+00 	 0.000e+00 
0.93375 	 0.000e+00 	 0.000e+00 	 0.000e+00 
0.93625 	 0.000e+00 	 0.000e+00 	 0.000e+00 
0.93875 	 0.000e+00 	 0.000e+00 	 0.000e+00 
0.94125 	 0.000e+00 	 0.000e+00 	 0.000e+00 
0.94375 	 0.000e+00 	 0.000e+00 	 0.000e+00 
0.94625 	 0.000e+00 	 0.000e+00 	 0.000e+00 
0.94875 	 0.000e+00 	 0.000e+00 	 0.000e+00 
0.95125 	 0.000e+00 	 0.000e+00 	 0.000e+00 
0.95375 	 0.000e+00 	 0.000e+00 	 0.000e+00 
0.95625 	 0.000e+00 	 0.000e+00 	 0.000e+00 
0.95875 	 0.000e+00 	 0.000e+00 	 0.000e+00 
0.96125 	 0.000e+00 	 0.000e+00 	 0.000e+00 
0.96375 	 0.000e+00 	 0.000e+00 	 0.000e+00 
0.96625 	 0.000e+00 	 0.000e+00 	 0.000e+00 
0.96875 	 0.000e+00 	 0.000e+00 	 0.000e+00 
0.97125 	 0.000e+00 	 0.000e+00 	 0.000e+00 
0.97375 	 0.000e+00 	 0.000e+00 	 0.000e+00 
0.97625 	 0.000e+00 	 0.000e+00 	 0.000e+00 
0.97875 	 0.000e+00 	 0.000e+00 	 0.000e+00 
0.98125 	 0.000e+00 	 0.000e+00 	 0.000e+00 
0.98375 	 0.000e+00 	 0.000e+00 	 0.000e+00 
0.98625 	 0.000e+00 	 0.000e+00 	 0.000e+00 
0.98875 	 0.000e+00 	 0.000e+00 	 0.000e+00 
0.99125 	 0.000e+00 	 0.000e+00 	 0.000e+00 
0.99375 	 0.000e+00 	 0.000e+00 	 0.000e+00 
0.99625 	 0.000e+00 	 0.000e+00 	 0.000e+00 
0.99875 	 0.000e+00 	 0.000e+00 	 0.000e+00 
1.00125 	 0.000e+00 	 0.000e+00 	 0.000e+00 
1.00375 	 0.000e+00 	 0.000e+00 	 0.000e+00 
1.00625 	 0.000e+00 	 0.000e+00 	 0.000e+00 
1.00875 	 0.000e+00 	 0.000e+00 	 0.000e+00 
1.01125 	 0.000e+00 	 0.000e+00 	 0.000e+00 
1.01375 	 0.000e+00 	 0.000e+00 	 0.000e+00 
1.01625 	 0.000e+00 	 0.000e+00 	 0.000e+00 
1.01875 	 0.000e+00 	 0.000e+00 	 0.000e+00 
1.02125 	 0.000e+00 	 0.000e+00 	 0.000e+00 
1.02375 	 0.000e+00 	 0.000e+00 	 0.000e+00 
1.02625 	 0.000e+00 	 0.000e+00 	 0.000e+00 
1.02875 	 0.000e+00 	 0.000e+00 	 0.000e+00 
1.03125 	 0.000e+00 	 0.000e+00 	 0.000e+00 
1.03375 	 0.000e+00 	 0.000e+00 	 0.000e+00 
1.03625 	 0.000e+00 	 0.000e+00 	 0.000e+00 
1.03875 	 0.000e+00 	 0.000e+00 	 0.000e+00 
1.04125 	 0.000e+00 	 0.000e+00 	 0.000e+00 
1.04375 	 0.000e+00 	 0.000e+00 	 0.000e+00 
1.04625 	 0.000e+00 	 0.000e+00 	 0.000e+00 
1.04875 	 0.000e+00 	 0.000e+00 	 0.000e+00 
1.05125 	 0.000e+00 	 0.000e+00 	 0.000e+00 
1.05375 	 0.000e+00 	 0.000e+00 	 0.000e+00 
1.05625 	 0.000e+00 	 0.000e+00 	 0.000e+00 
1.05875 	 0.000e+00 	 0.000e+00 	 0.000e+00 
1.06125 	 0.000e+00 	 0.000e+00 	 0.000e+00 
1.06375 	 0.000e+00 	 0.000e+00 	 0.000e+00 
1.06625 	 0.000e+00 	 0.000e+00 	 0.000e+00 
1.06875 	 0.000e+00 	 0.000e+00 	 0.000e+00 
1.07125 	 0.000e+00 	 0.000e+00 	 0.000e+00 
1.07375 	 0.000e+00 	 0.000e+00 	 0.000e+00 
1.07625 	 0.000e+00 	 0.000e+00 	 0.000e+00 
1.07875 	 0.000e+00 	 0.000e+00 	 0.000e+00 
1.08125 	 0.000e+00 	 0.000e+00 	 0.000e+00 
1.08375 	 0.000e+00 	 0.000e+00 	 0.000e+00 
1.08625 	 0.000e+00 	 0.000e+00 	 0.000e+00 
1.08875 	 0.000e+00 	 0.000e+00 	 0.000e+00 
1.09125 	 0.000e+00 	 0.000e+00 	 0.000e+00 
1.09375 	 0.000e+00 	 0.000e+00 	 0.000e+00 
1.09625 	 0.000e+00 	 0.000e+00 	 0.000e+00 
1.09875 	 0.000e+00 	 0.000e+00 	 0.000e+00 
1.10125 	 0.000e+00 	 0.000e+00 	 0.000e+00 
1.10375 	 0.000e+00 	 0.000e+00 	 0.000e+00 
1.10625 	 0.000e+00 	 0.000e+00 	 0.000e+00 
1.10875 	 0.000e+00 	 0.000e+00 	 0.000e+00 
1.11125 	 0.000e+00 	 0.000e+00 	 0.000e+00 
1.11375 	 0.000e+00 	 0.000e+00 	 0.000e+00 
1.11625 	 0.000e+00 	 0.000e+00 	 0.000e+00 
1.11875 	 0.000e+00 	 0.000e+00 	 0.000e+00 
1.12125 	 0.000e+00 	 0.000e+00 	 0.000e+00 
1.12375 	 0.000e+00 	 0.000e+00 	 0.000e+00 
1.12625 	 0.000e+00 	 0.000e+00 	 0.000e+00 
1.12875 	 0.000e+00 	 0.000e+00 	 0.000e+00 
1.13125 	 0.000e+00 	 0.000e+00 	 0.000e+00 
1.13375 	 0.000e+00 	 0.000e+00 	 0.000e+00 
1.13625 	 0.000e+00 	 0.000e+00 	 0.000e+00 
1.13875 	 0.000e+00 	 0.000e+00 	 0.000e+00 
1.14125 	 0.000e+00 	 0.000e+00 	 0.000e+00 
1.14375 	 0.000e+00 	 0.000e+00 	 0.000e+00 
1.14625 	 0.000e+00 	 0.000e+00 	 0.000e+00 
1.14875 	 0.000e+00 	 0.000e+00 	 0.000e+00 
1.15125 	 0.000e+00 	 0.000e+00 	 0.000e+00 
1.15375 	 0.000e+00 	 0.000e+00 	 0.000e+00 
1.15625 	 0.000e+00 	 0.000e+00 	 0.000e+00 
1.15875 	 0.000e+00 	 0.000e+00 	 0.000e+00 
1.16125 	 0.000e+00 	 0.000e+00 	 0.000e+00 
1.16375 	 0.000e+00 	 0.000e+00 	 0.000e+00 
1.16625 	 0.000e+00 	 0.000e+00 	 0.000e+00 
1.16875 	 0.000e+00 	 0.000e+00 	 0.000e+00 
1.17125 	 0.000e+00 	 0.000e+00 	 0.000e+00 
1.17375 	 0.000e+00 	 0.000e+00 	 0.000e+00 
1.17625 	 0.000e+00 	 0.000e+00 	 0.000e+00 
1.17875 	 0.000e+00 	 0.000e+00 	 0.000e+00 
1.18125 	 0.000e+00 	 0.000e+00 	 0.000e+00 
1.18375 	 0.000e+00 	 0.000e+00 	 0.000e+00 
1.18625 	 0.000e+00 	 0.000e+00 	 0.000e+00 
1.18875 	 0.000e+00 	 0.000e+00 	 0.000e+00 
1.19125 	 0.000e+00 	 0.000e+00 	 0.000e+00 
1.19375 	 0.000e+00 	 0.000e+00 	 0.000e+00 
1.19625 	 0.000e+00 	 0.000e+00 	 0.000e+00 
1.19875 	 0.000e+00 	 0.000e+00 	 0.000e+00 
1.20125 	 0.000e+00 	 0.000e+00 	 0.000e+00 
1.20375 	 0.000e+00 	 0.000e+00 	 0.000e+00 
1.20625 	 0.000e+00 	 0.000e+00 	 0.000e+00 
1.20875 	 0.000e+00 	 0.000e+00 	 0.000e+00 
1.21125 	 0.000e+00 	 0.000e+00 	 0.000e+00 
1.21375 	 0.000e+00 	 0.000e+00 	 0.000e+00 
1.21625 	 0.000e+00 	 0.000e+00 	 0.000e+00 
1.21875 	 0.000e+00 	 0.000e+00 	 0.000e+00 
1.22125 	 0.000e+00 	 0.000e+00 	 0.000e+00 
1.22375 	 0.000e+00 	 0.000e+00 	 0.000e+00 
1.22625 	 0.000e+00 	 0.000e+00 	 0.000e+00 
1.22875 	 0.000e+00 	 0.000e+00 	 0.000e+00 
1.23125 	 0.000e+00 	 0.000e+00 	 0.000e+00 
1.23375 	 0.000e+00 	 0.000e+00 	 0.000e+00 
1.23625 	 0.000e+00 	 0.000e+00 	 0.000e+00 
1.23875 	 0.000e+00 	 0.000e+00 	 0.000e+00 
1.24125 	 0.000e+00 	 0.000e+00 	 0.000e+00 
1.24375 	 0.000e+00 	 0.000e+00 	 0.000e+00 
1.24625 	 0.000e+00 	 0.000e+00 	 0.000e+00 
1.24875 	 0.000e+00 	 0.000e+00 	 0.000e+00 
1.25125 	 0.000e+00 	 0.000e+00 	 0.000e+00 
1.25375 	 0.000e+00 	 0.000e+00 	 0.000e+00 
1.25625 	 0.000e+00 	 0.000e+00 	 0.000e+00 
1.25875 	 0.000e+00 	 0.000e+00 	 0.000e+00 
1.26125 	 0.000e+00 	 0.000e+00 	 0.000e+00 
1.26375 	 0.000e+00 	 0.000e+00 	 0.000e+00 
1.26625 	 0.000e+00 	 0.000e+00 	 0.000e+00 
1.26875 	 0.000e+00 	 0.000e+00 	 0.000e+00 
1.27125 	 0.000e+00 	 0.000e+00 	 0.000e+00 
1.27375 	 0.000e+00 	 0.000e+00 	 0.000e+00 
1.27625 	 0.000e+00 	 0.000e+00 	 0.000e+00 
1.27875 	 0.000e+00 	 0.000e+00 	 0.000e+00 
1.28125 	 0.000e+00 	 0.000e+00 	 0.000e+00 
1.28375 	 0.000e+00 	 0.000e+00 	 0.000e+00 
1.28625 	 0.000e+00 	 0.000e+00 	 0.000e+00 
1.28875 	 0.000e+00 	 0.000e+00 	 0.000e+00 
1.29125 	 0.000e+00 	 0.000e+00 	 0.000e+00 
1.29375 	 0.000e+00 	 0.000e+00 	 0.000e+00 
1.29625 	 0.000e+00 	 0.000e+00 	 0.000e+00 
1.29875 	 0.000e+00 	 0.000e+00 	 0.000e+00 
1.30125 	 0.000e+00 	 0.000e+00 	 0.000e+00 
1.30375 	 0.000e+00 	 0.000e+00 	 0.000e+00 
1.30625 	 0.000e+00 	 0.000e+00 	 0.000e+00 
1.30875 	 0.000e+00 	 0.000e+00 	 0.000e+00 
1.31125 	 0.000e+00 	 0.000e+00 	 0.000e+00 
1.31375 	 0.000e+00 	 0.000e+00 	 0.000e+00 
1.31625 	 0.000e+00 	 0.000e+00 	 0.000e+00 
1.31875 	 0.000e+00 	 0.000e+00 	 0.000e+00 
1.32125 	 0.000e+00 	 0.000e+00 	 0.000e+00 
1.32375 	 0.000e+00 	 0.000e+00 	 0.000e+00 
1.32625 	 0.000e+00 	 0.000e+00 	 0.000e+00 
1.32875 	 0.000e+00 	 0.000e+00 	 0.000e+00 
1.33125 	 0.000e+00 	 0.000e+00 	 0.000e+00 
1.33375 	 0.000e+00 	 0.000e+00 	 0.000e+00 
1.33625 	 0.000e+00 	 0.000e+00 	 0.000e+00 
1.33875 	 0.000e+00 	 0.000e+00 	 0.000e+00 
1.34125 	 0.000e+00 	 0.000e+00 	 0.000e+00 
1.34375 	 0.000e+00 	 0.000e+00 	 0.000e+00 
1.34625 	 0.000e+00 	 0.000e+00 	 0.000e+00 
1.34875 	 0.000e+00 	 0.000e+00 	 0.000e+00 
1.35125 	 0.000e+00 	 0.000e+00 	 0.000e+00 
1.35375 	 0.000e+00 	 0.000e+00 	 0.000e+00 
1.35625 	 0.000e+00 	 0.000e+00 	 0.000e+00 
1.35875 	 0.000e+00 	 0.000e+00 	 0.000e+00 
1.36125 	 0.000e+00 	 0.000e+00 	 0.000e+00 
1.36375 	 0.000e+00 	 0.000e+00 	 0.000e+00 
1.36625 	 0.000e+00 	 0.000e+00 	 0.000e+00 
1.36875 	 0.000e+00 	 0.000e+00 	 0.000e+00 
1.37125 	 0.000e+00 	 0.000e+00 	 0.000e+00 
1.37375 	 0.000e+00 	 0.000e+00 	 0.000e+00 
1.37625 	 0.000e+00 	 0.000e+00 	 0.000e+00 
1.37875 	 0.000e+00 	 0.000e+00 	 0.000e+00 
1.38125 	 0.000e+00 	 0.000e+00 	 0.000e+00 
1.38375 	 0.000e+00 	 0.000e+00 	 0.000e+00 
1.38625 	 0.000e+00 	 0.000e+00 	 0.000e+00 
1.38875 	 0.000e+00 	 0.000e+00 	 0.000e+00 
1.39125 	 0.000e+00 	 0.000e+00 	 0.000e+00 
1.39375 	 0.000e+00 	 0.000e+00 	 0.000e+00 
1.39625 	 0.000e+00 	 0.000e+00 	 0.000e+00 
1.39875 	 0.000e+00 	 0.000e+00 	 0.000e+00 
1.40125 	 0.000e+00 	 0.000e+00 	 0.000e+00 
1.40375 	 0.000e+00 	 0.000e+00 	 0.000e+00 
1.40625 	 0.000e+00 	 0.000e+00 	 0.000e+00 
1.40875 	 0.000e+00 	 0.000e+00 	 0.000e+00 
1.41125 	 0.000e+00 	 0.000e+00 	 0.000e+00 
1.41375 	 0.000e+00 	 0.000e+00 	 0.000e+00 
1.41625 	 0.000e+00 	 0.000e+00 	 0.000e+00 
1.41875 	 0.000e+00 	 0.000e+00 	 0.000e+00 
1.42125 	 0.000e+00 	 0.000e+00 	 0.000e+00 
1.42375 	 0.000e+00 	 0.000e+00 	 0.000e+00 
1.42625 	 0.000e+00 	 0.000e+00 	 0.000e+00 
1.42875 	 0.000e+00 	 0.000e+00 	 0.000e+00 
1.43125 	 0.000e+00 	 0.000e+00 	 0.000e+00 
1.43375 	 0.000e+00 	 0.000e+00 	 0.000e+00 
1.43625 	 0.000e+00 	 0.000e+00 	 0.000e+00 
1.43875 	 0.000e+00 	 0.000e+00 	 0.000e+00 
1.44125 	 0.000e+00 	 0.000e+00 	 0.000e+00 
1.44375 	 0.000e+00 	 0.000e+00 	 0.000e+00 
1.44625 	 0.000e+00 	 0.000e+00 	 0.000e+00 
1.44875 	 0.000e+00 	 0.000e+00 	 0.000e+00 
1.45125 	 0.000e+00 	 0.000e+00 	 0.000e+00 
1.45375 	 0.000e+00 	 0.000e+00 	 0.000e+00 
1.45625 	 0.000e+00 	 0.000e+00 	 0.000e+00 
1.45875 	 0.000e+00 	 0.000e+00 	 0.000e+00 
1.46125 	 0.000e+00 	 0.000e+00 	 0.000e+00 
1.46375 	 0.000e+00 	 0.000e+00 	 0.000e+00 
1.46625 	 0.000e+00 	 0.000e+00 	 0.000e+00 
1.46875 	 0.000e+00 	 0.000e+00 	 0.000e+00 
1.47125 	 0.000e+00 	 0.000e+00 	 0.000e+00 
1.47375 	 0.000e+00 	 0.000e+00 	 0.000e+00 
1.47625 	 0.000e+00 	 0.000e+00 	 0.000e+00 
1.47875 	 0.000e+00 	 0.000e+00 	 0.000e+00 
1.48125 	 0.000e+00 	 0.000e+00 	 0.000e+00 
1.48375 	 0.000e+00 	 0.000e+00 	 0.000e+00 
1.48625 	 0.000e+00 	 0.000e+00 	 0.000e+00 
1.48875 	 0.000e+00 	 0.000e+00 	 0.000e+00 
1.49125 	 0.000e+00 	 0.000e+00 	 0.000e+00 
1.49375 	 0.000e+00 	 0.000e+00 	 0.000e+00 
1.49625 	 0.000e+00 	 0.000e+00 	 0.000e+00 
1.49875 	 0.000e+00 	 0.000e+00 	 0.000e+00 
1.50125 	 0.000e+00 	 0.000e+00 	 0.000e+00 
1.50375 	 0.000e+00 	 0.000e+00 	 0.000e+00 
1.50625 	 0.000e+00 	 0.000e+00 	 0.000e+00 
1.50875 	 0.000e+00 	 0.000e+00 	 0.000e+00 
1.51125 	 0.000e+00 	 0.000e+00 	 0.000e+00 
1.51375 	 0.000e+00 	 0.000e+00 	 0.000e+00 
1.51625 	 0.000e+00 	 0.000e+00 	 0.000e+00 
1.51875 	 0.000e+00 	 0.000e+00 	 0.000e+00 
1.52125 	 0.000e+00 	 0.000e+00 	 0.000e+00 
1.52375 	 0.000e+00 	 0.000e+00 	 0.000e+00 
1.52625 	 0.000e+00 	 0.000e+00 	 0.000e+00 
1.52875 	 0.000e+00 	 0.000e+00 	 0.000e+00 
1.53125 	 0.000e+00 	 0.000e+00 	 0.000e+00 
1.53375 	 0.000e+00 	 0.000e+00 	 0.000e+00 
1.53625 	 0.000e+00 	 0.000e+00 	 0.000e+00 
1.53875 	 0.000e+00 	 0.000e+00 	 0.000e+00 
1.54125 	 0.000e+00 	 0.000e+00 	 0.000e+00 
1.54375 	 0.000e+00 	 0.000e+00 	 0.000e+00 
1.54625 	 0.000e+00 	 0.000e+00 	 0.000e+00 
1.54875 	 0.000e+00 	 0.000e+00 	 0.000e+00 
1.55125 	 0.000e+00 	 0.000e+00 	 0.000e+00 
1.55375 	 0.000e+00 	 0.000e+00 	 0.000e+00 
1.55625 	 0.000e+00 	 0.000e+00 	 0.000e+00 
1.55875 	 0.000e+00 	 0.000e+00 	 0.000e+00 
1.56125 	 0.000e+00 	 0.000e+00 	 0.000e+00 
1.56375 	 0.000e+00 	 0.000e+00 	 0.000e+00 
1.56625 	 0.000e+00 	 0.000e+00 	 0.000e+00 
1.56875 	 0.000e+00 	 0.000e+00 	 0.000e+00 
1.57125 	 0.000e+00 	 0.000e+00 	 0.000e+00 
1.57375 	 0.000e+00 	 0.000e+00 	 0.000e+00 
1.57625 	 0.000e+00 	 0.000e+00 	 0.000e+00 
1.57875 	 0.000e+00 	 0.000e+00 	 0.000e+00 
1.58125 	 0.000e+00 	 0.000e+00 	 0.000e+00 
1.58375 	 0.000e+00 	 0.000e+00 	 0.000e+00 
1.58625 	 0.000e+00 	 0.000e+00 	 0.000e+00 
1.58875 	 0.000e+00 	 0.000e+00 	 0.000e+00 
1.59125 	 0.000e+00 	 0.000e+00 	 0.000e+00 
1.59375 	 0.000e+00 	 0.000e+00 	 0.000e+00 
1.59625 	 0.000e+00 	 0.000e+00 	 0.000e+00 
1.59875 	 0.000e+00 	 0.000e+00 	 0.000e+00 
1.60125 	 0.000e+00 	 0.000e+00 	 0.000e+00 
1.60375 	 0.000e+00 	 0.000e+00 	 0.000e+00 
1.60625 	 0.000e+00 	 0.000e+00 	 0.000e+00 
1.60875 	 0.000e+00 	 0.000e+00 	 0.000e+00 
1.61125 	 0.000e+00 	 0.000e+00 	 0.000e+00 
1.61375 	 0.000e+00 	 0.000e+00 	 0.000e+00 
1.61625 	 0.000e+00 	 0.000e+00 	 0.000e+00 
1.61875 	 0.000e+00 	 0.000e+00 	 0.000e+00 
1.62125 	 0.000e+00 	 0.000e+00 	 0.000e+00 
1.62375 	 0.000e+00 	 0.000e+00 	 0.000e+00 
1.62625 	 0.000e+00 	 0.000e+00 	 0.000e+00 
1.62875 	 0.000e+00 	 0.000e+00 	 0.000e+00 
1.63125 	 0.000e+00 	 0.000e+00 	 0.000e+00 
1.63375 	 0.000e+00 	 0.000e+00 	 0.000e+00 
1.63625 	 0.000e+00 	 0.000e+00 	 0.000e+00 
1.63875 	 0.000e+00 	 0.000e+00 	 0.000e+00 
1.64125 	 0.000e+00 	 0.000e+00 	 0.000e+00 
1.64375 	 0.000e+00 	 0.000e+00 	 0.000e+00 
1.64625 	 0.000e+00 	 0.000e+00 	 0.000e+00 
1.64875 	 0.000e+00 	 0.000e+00 	 0.000e+00 
1.65125 	 0.000e+00 	 0.000e+00 	 0.000e+00 
1.65375 	 0.000e+00 	 0.000e+00 	 0.000e+00 
1.65625 	 0.000e+00 	 0.000e+00 	 0.000e+00 
1.65875 	 0.000e+00 	 0.000e+00 	 0.000e+00 
1.66125 	 0.000e+00 	 0.000e+00 	 0.000e+00 
1.66375 	 0.000e+00 	 0.000e+00 	 0.000e+00 
1.66625 	 0.000e+00 	 0.000e+00 	 0.000e+00 
1.66875 	 0.000e+00 	 0.000e+00 	 0.000e+00 
1.67125 	 0.000e+00 	 0.000e+00 	 0.000e+00 
1.67375 	 0.000e+00 	 0.000e+00 	 0.000e+00 
1.67625 	 0.000e+00 	 0.000e+00 	 0.000e+00 
1.67875 	 0.000e+00 	 0.000e+00 	 0.000e+00 
1.68125 	 0.000e+00 	 0.000e+00 	 0.000e+00 
1.68375 	 0.000e+00 	 0.000e+00 	 0.000e+00 
1.68625 	 0.000e+00 	 0.000e+00 	 0.000e+00 
1.68875 	 0.000e+00 	 0.000e+00 	 0.000e+00 
1.69125 	 0.000e+00 	 0.000e+00 	 0.000e+00 
1.69375 	 0.000e+00 	 0.000e+00 	 0.000e+00 
1.69625 	 0.000e+00 	 0.000e+00 	 0.000e+00 
1.69875 	 0.000e+00 	 0.000e+00 	 0.000e+00 
1.70125 	 0.000e+00 	 0.000e+00 	 0.000e+00 
1.70375 	 0.000e+00 	 0.000e+00 	 0.000e+00 
1.70625 	 0.000e+00 	 0.000e+00 	 0.000e+00 
1.70875 	 0.000e+00 	 0.000e+00 	 0.000e+00 
1.71125 	 0.000e+00 	 0.000e+00 	 0.000e+00 
1.71375 	 0.000e+00 	 0.000e+00 	 0.000e+00 
1.71625 	 0.000e+00 	 0.000e+00 	 0.000e+00 
1.71875 	 0.000e+00 	 0.000e+00 	 0.000e+00 
1.72125 	 0.000e+00 	 0.000e+00 	 0.000e+00 
1.72375 	 0.000e+00 	 0.000e+00 	 0.000e+00 
1.72625 	 0.000e+00 	 0.000e+00 	 0.000e+00 
1.72875 	 0.000e+00 	 0.000e+00 	 0.000e+00 
1.73125 	 0.000e+00 	 0.000e+00 	 0.000e+00 
1.73375 	 0.000e+00 	 0.000e+00 	 0.000e+00 
1.73625 	 0.000e+00 	 0.000e+00 	 0.000e+00 
1.73875 	 0.000e+00 	 0.000e+00 	 0.000e+00 
1.74125 	 0.000e+00 	 0.000e+00 	 0.000e+00 
1.74375 	 0.000e+00 	 0.000e+00 	 0.000e+00 
1.74625 	 0.000e+00 	 0.000e+00 	 0.000e+00 
1.74875 	 0.000e+00 	 0.000e+00 	 0.000e+00 
1.75125 	 0.000e+00 	 0.000e+00 	 0.000e+00 
1.75375 	 0.000e+00 	 0.000e+00 	 0.000e+00 
1.75625 	 0.000e+00 	 0.000e+00 	 0.000e+00 
1.75875 	 0.000e+00 	 0.000e+00 	 0.000e+00 
1.76125 	 0.000e+00 	 0.000e+00 	 0.000e+00 
1.76375 	 0.000e+00 	 0.000e+00 	 0.000e+00 
1.76625 	 0.000e+00 	 0.000e+00 	 0.000e+00 
1.76875 	 0.000e+00 	 0.000e+00 	 0.000e+00 
1.77125 	 0.000e+00 	 0.000e+00 	 0.000e+00 
1.77375 	 0.000e+00 	 0.000e+00 	 0.000e+00 
1.77625 	 0.000e+00 	 0.000e+00 	 0.000e+00 
1.77875 	 0.000e+00 	 0.000e+00 	 0.000e+00 
1.78125 	 0.000e+00 	 0.000e+00 	 0.000e+00 
1.78375 	 0.000e+00 	 0.000e+00 	 0.000e+00 
1.78625 	 0.000e+00 	 0.000e+00 	 0.000e+00 
1.78875 	 0.000e+00 	 0.000e+00 	 0.000e+00 
1.79125 	 0.000e+00 	 0.000e+00 	 0.000e+00 
1.79375 	 0.000e+00 	 0.000e+00 	 0.000e+00 
1.79625 	 0.000e+00 	 0.000e+00 	 0.000e+00 
1.79875 	 0.000e+00 	 0.000e+00 	 0.000e+00 
1.80125 	 0.000e+00 	 0.000e+00 	 0.000e+00 
1.80375 	 0.000e+00 	 0.000e+00 	 0.000e+00 
1.80625 	 0.000e+00 	 0.000e+00 	 0.000e+00 
1.80875 	 0.000e+00 	 0.000e+00 	 0.000e+00 
1.81125 	 0.000e+00 	 0.000e+00 	 0.000e+00 
1.81375 	 0.000e+00 	 0.000e+00 	 0.000e+00 
1.81625 	 0.000e+00 	 0.000e+00 	 0.000e+00 
1.81875 	 0.000e+00 	 0.000e+00 	 0.000e+00 
1.82125 	 0.000e+00 	 0.000e+00 	 0.000e+00 
1.82375 	 0.000e+00 	 0.000e+00 	 0.000e+00 
1.82625 	 0.000e+00 	 0.000e+00 	 0.000e+00 
1.82875 	 0.000e+00 	 0.000e+00 	 0.000e+00 
1.83125 	 0.000e+00 	 0.000e+00 	 0.000e+00 
1.83375 	 0.000e+00 	 0.000e+00 	 0.000e+00 
1.83625 	 0.000e+00 	 0.000e+00 	 0.000e+00 
1.83875 	 0.000e+00 	 0.000e+00 	 0.000e+00 
1.84125 	 0.000e+00 	 0.000e+00 	 0.000e+00 
1.84375 	 0.000e+00 	 0.000e+00 	 0.000e+00 
1.84625 	 0.000e+00 	 0.000e+00 	 0.000e+00 
1.84875 	 0.000e+00 	 0.000e+00 	 0.000e+00 
1.85125 	 0.000e+00 	 0.000e+00 	 0.000e+00 
1.85375 	 0.000e+00 	 0.000e+00 	 0.000e+00 
1.85625 	 0.000e+00 	 0.000e+00 	 0.000e+00 
1.85875 	 0.000e+00 	 0.000e+00 	 0.000e+00 
1.86125 	 0.000e+00 	 0.000e+00 	 0.000e+00 
1.86375 	 0.000e+00 	 0.000e+00 	 0.000e+00 
1.86625 	 0.000e+00 	 0.000e+00 	 0.000e+00 
1.86875 	 0.000e+00 	 0.000e+00 	 0.000e+00 
1.87125 	 0.000e+00 	 0.000e+00 	 0.000e+00 
1.87375 	 0.000e+00 	 0.000e+00 	 0.000e+00 
1.87625 	 0.000e+00 	 0.000e+00 	 0.000e+00 
1.87875 	 0.000e+00 	 0.000e+00 	 0.000e+00 
1.88125 	 0.000e+00 	 0.000e+00 	 0.000e+00 
1.88375 	 0.000e+00 	 0.000e+00 	 0.000e+00 
1.88625 	 0.000e+00 	 0.000e+00 	 0.000e+00 
1.88875 	 0.000e+00 	 0.000e+00 	 0.000e+00 
1.89125 	 0.000e+00 	 0.000e+00 	 0.000e+00 
1.89375 	 0.000e+00 	 0.000e+00 	 0.000e+00 
1.89625 	 0.000e+00 	 0.000e+00 	 0.000e+00 
1.89875 	 0.000e+00 	 0.000e+00 	 0.000e+00 
1.90125 	 0.000e+00 	 0.000e+00 	 0.000e+00 
1.90375 	 0.000e+00 	 0.000e+00 	 0.000e+00 
1.90625 	 0.000e+00 	 0.000e+00 	 0.000e+00 
1.90875 	 0.000e+00 	 0.000e+00 	 0.000e+00 
1.91125 	 0.000e+00 	 0.000e+00 	 0.000e+00 
1.91375 	 0.000e+00 	 0.000e+00 	 0.000e+00 
1.91625 	 0.000e+00 	 0.000e+00 	 0.000e+00 
1.91875 	 0.000e+00 	 0.000e+00 	 0.000e+00 
1.92125 	 0.000e+00 	 0.000e+00 	 0.000e+00 
1.92375 	 0.000e+00 	 0.000e+00 	 0.000e+00 
1.92625 	 0.000e+00 	 0.000e+00 	 0.000e+00 
1.92875 	 0.000e+00 	 0.000e+00 	 0.000e+00 
1.93125 	 0.000e+00 	 0.000e+00 	 0.000e+00 
1.93375 	 0.000e+00 	 0.000e+00 	 0.000e+00 
1.93625 	 0.000e+00 	 0.000e+00 	 0.000e+00 
1.93875 	 0.000e+00 	 0.000e+00 	 0.000e+00 
1.94125 	 0.000e+00 	 0.000e+00 	 0.000e+00 
1.94375 	 0.000e+00 	 0.000e+00 	 0.000e+00 
1.94625 	 0.000e+00 	 0.000e+00 	 0.000e+00 
1.94875 	 0.000e+00 	 0.000e+00 	 0.000e+00 
1.95125 	 0.000e+00 	 0.000e+00 	 0.000e+00 
1.95375 	 0.000e+00 	 0.000e+00 	 0.000e+00 
1.95625 	 0.000e+00 	 0.000e+00 	 0.000e+00 
1.95875 	 0.000e+00 	 0.000e+00 	 0.000e+00 
1.96125 	 0.000e+00 	 0.000e+00 	 0.000e+00 
1.96375 	 0.000e+00 	 0.000e+00 	 0.000e+00 
1.96625 	 0.000e+00 	 0.000e+00 	 0.000e+00 
1.96875 	 0.000e+00 	 0.000e+00 	 0.000e+00 
1.97125 	 0.000e+00 	 0.000e+00 	 0.000e+00 
1.97375 	 0.000e+00 	 0.000e+00 	 0.000e+00 
1.97625 	 0.000e+00 	 0.000e+00 	 0.000e+00 
1.97875 	 0.000e+00 	 0.000e+00 	 0.000e+00 
1.98125 	 0.000e+00 	 0.000e+00 	 0.000e+00 
1.98375 	 0.000e+00 	 0.000e+00 	 0.000e+00 
1.98625 	 0.000e+00 	 0.000e+00 	 0.000e+00 
1.98875 	 0.000e+00 	 0.000e+00 	 0.000e+00 
1.99125 	 0.000e+00 	 0.000e+00 	 0.000e+00 
1.99375 	 0.000e+00 	 0.000e+00 	 0.000e+00 
1.99625 	 0.000e+00 	 0.000e+00 	 0.000e+00 
1.99875 	 0.000e+00 	 0.000e+00 	 0.000e+00 
2.00125 	 0.000e+00 	 0.000e+00 	 0.000e+00 
2.00375 	 0.000e+00 	 0.000e+00 	 0.000e+00 
2.00625 	 0.000e+00 	 0.000e+00 	 0.000e+00 
2.00875 	 0.000e+00 	 0.000e+00 	 0.000e+00 
2.01125 	 0.000e+00 	 0.000e+00 	 0.000e+00 
2.01375 	 0.000e+00 	 0.000e+00 	 0.000e+00 
2.01625 	 0.000e+00 	 0.000e+00 	 0.000e+00 
2.01875 	 0.000e+00 	 0.000e+00 	 0.000e+00 
2.02125 	 0.000e+00 	 0.000e+00 	 0.000e+00 
2.02375 	 0.000e+00 	 0.000e+00 	 0.000e+00 
2.02625 	 0.000e+00 	 0.000e+00 	 0.000e+00 
2.02875 	 0.000e+00 	 0.000e+00 	 0.000e+00 
2.03125 	 0.000e+00 	 0.000e+00 	 0.000e+00 
2.03375 	 0.000e+00 	 0.000e+00 	 0.000e+00 
2.03625 	 0.000e+00 	 0.000e+00 	 0.000e+00 
2.03875 	 0.000e+00 	 0.000e+00 	 0.000e+00 
2.04125 	 0.000e+00 	 0.000e+00 	 0.000e+00 
2.04375 	 0.000e+00 	 0.000e+00 	 0.000e+00 
2.04625 	 0.000e+00 	 0.000e+00 	 0.000e+00 
2.04875 	 0.000e+00 	 0.000e+00 	 0.000e+00 
2.05125 	 0.000e+00 	 0.000e+00 	 0.000e+00 
2.05375 	 0.000e+00 	 0.000e+00 	 0.000e+00 
2.05625 	 0.000e+00 	 0.000e+00 	 0.000e+00 
2.05875 	 0.000e+00 	 0.000e+00 	 0.000e+00 
2.06125 	 0.000e+00 	 0.000e+00 	 0.000e+00 
2.06375 	 0.000e+00 	 0.000e+00 	 0.000e+00 
2.06625 	 0.000e+00 	 0.000e+00 	 0.000e+00 
2.06875 	 0.000e+00 	 0.000e+00 	 0.000e+00 
2.07125 	 0.000e+00 	 0.000e+00 	 0.000e+00 
2.07375 	 0.000e+00 	 0.000e+00 	 0.000e+00 
2.07625 	 0.000e+00 	 0.000e+00 	 0.000e+00 
2.07875 	 0.000e+00 	 0.000e+00 	 0.000e+00 
2.08125 	 0.000e+00 	 0.000e+00 	 0.000e+00 
2.08375 	 0.000e+00 	 0.000e+00 	 0.000e+00 
2.08625 	 0.000e+00 	 0.000e+00 	 0.000e+00 
2.08875 	 0.000e+00 	 0.000e+00 	 0.000e+00 
2.09125 	 0.000e+00 	 0.000e+00 	 0.000e+00 
2.09375 	 0.000e+00 	 0.000e+00 	 0.000e+00 
2.09625 	 0.000e+00 	 0.000e+00 	 0.000e+00 
2.09875 	 0.000e+00 	 0.000e+00 	 0.000e+00 
2.10125 	 0.000e+00 	 0.000e+00 	 0.000e+00 
2.10375 	 0.000e+00 	 0.000e+00 	 0.000e+00 
2.10625 	 0.000e+00 	 0.000e+00 	 0.000e+00 
2.10875 	 0.000e+00 	 0.000e+00 	 0.000e+00 
2.11125 	 0.000e+00 	 0.000e+00 	 0.000e+00 
2.11375 	 0.000e+00 	 0.000e+00 	 0.000e+00 
2.11625 	 0.000e+00 	 0.000e+00 	 0.000e+00 
2.11875 	 0.000e+00 	 0.000e+00 	 0.000e+00 
2.12125 	 0.000e+00 	 0.000e+00 	 0.000e+00 
2.12375 	 0.000e+00 	 0.000e+00 	 0.000e+00 
2.12625 	 0.000e+00 	 0.000e+00 	 0.000e+00 
2.12875 	 0.000e+00 	 0.000e+00 	 0.000e+00 
2.13125 	 0.000e+00 	 0.000e+00 	 0.000e+00 
2.13375 	 0.000e+00 	 0.000e+00 	 0.000e+00 
2.13625 	 0.000e+00 	 0.000e+00 	 0.000e+00 
2.13875 	 0.000e+00 	 0.000e+00 	 0.000e+00 
2.14125 	 0.000e+00 	 0.000e+00 	 0.000e+00 
2.14375 	 0.000e+00 	 0.000e+00 	 0.000e+00 
2.14625 	 0.000e+00 	 0.000e+00 	 0.000e+00 
2.14875 	 0.000e+00 	 0.000e+00 	 0.000e+00 
2.15125 	 0.000e+00 	 0.000e+00 	 0.000e+00 
2.15375 	 0.000e+00 	 0.000e+00 	 0.000e+00 
2.15625 	 0.000e+00 	 0.000e+00 	 0.000e+00 
2.15875 	 0.000e+00 	 0.000e+00 	 0.000e+00 
2.16125 	 0.000e+00 	 0.000e+00 	 0.000e+00 
2.16375 	 0.000e+00 	 0.000e+00 	 0.000e+00 
2.16625 	 0.000e+00 	 0.000e+00 	 0.000e+00 
2.16875 	 0.000e+00 	 0.000e+00 	 0.000e+00 
2.17125 	 0.000e+00 	 0.000e+00 	 0.000e+00 
2.17375 	 0.000e+00 	 0.000e+00 	 0.000e+00 
2.17625 	 0.000e+00 	 0.000e+00 	 0.000e+00 
2.17875 	 0.000e+00 	 0.000e+00 	 0.000e+00 
2.18125 	 0.000e+00 	 0.000e+00 	 0.000e+00 
2.18375 	 0.000e+00 	 0.000e+00 	 0.000e+00 
2.18625 	 0.000e+00 	 0.000e+00 	 0.000e+00 
2.18875 	 0.000e+00 	 0.000e+00 	 0.000e+00 
2.19125 	 0.000e+00 	 0.000e+00 	 0.000e+00 
2.19375 	 0.000e+00 	 0.000e+00 	 0.000e+00 
2.19625 	 0.000e+00 	 0.000e+00 	 0.000e+00 
2.19875 	 0.000e+00 	 0.000e+00 	 0.000e+00 
2.20125 	 0.000e+00 	 0.000e+00 	 0.000e+00 
2.20375 	 0.000e+00 	 0.000e+00 	 0.000e+00 
2.20625 	 0.000e+00 	 0.000e+00 	 0.000e+00 
2.20875 	 0.000e+00 	 0.000e+00 	 0.000e+00 
2.21125 	 0.000e+00 	 0.000e+00 	 0.000e+00 
2.21375 	 0.000e+00 	 0.000e+00 	 0.000e+00 
2.21625 	 0.000e+00 	 0.000e+00 	 0.000e+00 
2.21875 	 0.000e+00 	 0.000e+00 	 0.000e+00 
2.22125 	 0.000e+00 	 0.000e+00 	 0.000e+00 
2.22375 	 0.000e+00 	 0.000e+00 	 0.000e+00 
2.22625 	 0.000e+00 	 0.000e+00 	 0.000e+00 
2.22875 	 0.000e+00 	 0.000e+00 	 0.000e+00 
2.23125 	 0.000e+00 	 0.000e+00 	 0.000e+00 
2.23375 	 0.000e+00 	 0.000e+00 	 0.000e+00 
2.23625 	 0.000e+00 	 0.000e+00 	 0.000e+00 
2.23875 	 0.000e+00 	 0.000e+00 	 0.000e+00 
2.24125 	 0.000e+00 	 0.000e+00 	 0.000e+00 
2.24375 	 0.000e+00 	 0.000e+00 	 0.000e+00 
2.24625 	 0.000e+00 	 0.000e+00 	 0.000e+00 
2.24875 	 0.000e+00 	 0.000e+00 	 0.000e+00 
2.25125 	 0.000e+00 	 0.000e+00 	 0.000e+00 
2.25375 	 0.000e+00 	 0.000e+00 	 0.000e+00 
2.25625 	 0.000e+00 	 0.000e+00 	 0.000e+00 
2.25875 	 0.000e+00 	 0.000e+00 	 0.000e+00 
2.26125 	 0.000e+00 	 0.000e+00 	 0.000e+00 
2.26375 	 0.000e+00 	 0.000e+00 	 0.000e+00 
2.26625 	 0.000e+00 	 0.000e+00 	 0.000e+00 
2.26875 	 0.000e+00 	 0.000e+00 	 0.000e+00 
2.27125 	 0.000e+00 	 0.000e+00 	 0.000e+00 
2.27375 	 0.000e+00 	 0.000e+00 	 0.000e+00 
2.27625 	 0.000e+00 	 0.000e+00 	 0.000e+00 
2.27875 	 0.000e+00 	 0.000e+00 	 0.000e+00 
2.28125 	 0.000e+00 	 0.000e+00 	 0.000e+00 
2.28375 	 0.000e+00 	 0.000e+00 	 0.000e+00 
2.28625 	 0.000e+00 	 0.000e+00 	 0.000e+00 
2.28875 	 0.000e+00 	 0.000e+00 	 0.000e+00 
2.29125 	 0.000e+00 	 0.000e+00 	 0.000e+00 
2.29375 	 0.000e+00 	 0.000e+00 	 0.000e+00 
2.29625 	 0.000e+00 	 0.000e+00 	 0.000e+00 
2.29875 	 0.000e+00 	 0.000e+00 	 0.000e+00 
2.30125 	 0.000e+00 	 0.000e+00 	 0.000e+00 
2.30375 	 0.000e+00 	 0.000e+00 	 0.000e+00 
2.30625 	 0.000e+00 	 0.000e+00 	 0.000e+00 
2.30875 	 0.000e+00 	 0.000e+00 	 0.000e+00 
2.31125 	 0.000e+00 	 0.000e+00 	 0.000e+00 
2.31375 	 0.000e+00 	 0.000e+00 	 0.000e+00 
2.31625 	 0.000e+00 	 0.000e+00 	 0.000e+00 
2.31875 	 0.000e+00 	 0.000e+00 	 0.000e+00 
2.32125 	 0.000e+00 	 0.000e+00 	 0.000e+00 
2.32375 	 0.000e+00 	 0.000e+00 	 0.000e+00 
2.32625 	 0.000e+00 	 0.000e+00 	 0.000e+00 
2.32875 	 0.000e+00 	 0.000e+00 	 0.000e+00 
2.33125 	 0.000e+00 	 0.000e+00 	 0.000e+00 
2.33375 	 0.000e+00 	 0.000e+00 	 0.000e+00 
2.33625 	 0.000e+00 	 0.000e+00 	 0.000e+00 
2.33875 	 0.000e+00 	 0.000e+00 	 0.000e+00 
2.34125 	 0.000e+00 	 0.000e+00 	 0.000e+00 
2.34375 	 0.000e+00 	 0.000e+00 	 0.000e+00 
2.34625 	 0.000e+00 	 0.000e+00 	 0.000e+00 
2.34875 	 0.000e+00 	 0.000e+00 	 0.000e+00 
2.35125 	 0.000e+00 	 0.000e+00 	 0.000e+00 
2.35375 	 0.000e+00 	 0.000e+00 	 0.000e+00 
2.35625 	 0.000e+00 	 0.000e+00 	 0.000e+00 
2.35875 	 0.000e+00 	 0.000e+00 	 0.000e+00 
2.36125 	 0.000e+00 	 0.000e+00 	 0.000e+00 
2.36375 	 0.000e+00 	 0.000e+00 	 0.000e+00 
2.36625 	 0.000e+00 	 0.000e+00 	 0.000e+00 
2.36875 	 0.000e+00 	 0.000e+00 	 0.000e+00 
2.37125 	 0.000e+00 	 0.000e+00 	 0.000e+00 
2.37375 	 0.000e+00 	 0.000e+00 	 0.000e+00 
2.37625 	 0.000e+00 	 0.000e+00 	 0.000e+00 
2.37875 	 0.000e+00 	 0.000e+00 	 0.000e+00 
2.38125 	 0.000e+00 	 0.000e+00 	 0.000e+00 
2.38375 	 0.000e+00 	 0.000e+00 	 0.000e+00 
2.38625 	 0.000e+00 	 0.000e+00 	 0.000e+00 
2.38875 	 0.000e+00 	 0.000e+00 	 0.000e+00 
2.39125 	 0.000e+00 	 0.000e+00 	 0.000e+00 
2.39375 	 0.000e+00 	 0.000e+00 	 0.000e+00 
2.39625 	 0.000e+00 	 0.000e+00 	 0.000e+00 
2.39875 	 0.000e+00 	 0.000e+00 	 0.000e+00 
2.40125 	 0.000e+00 	 0.000e+00 	 0.000e+00 
2.40375 	 0.000e+00 	 0.000e+00 	 0.000e+00 
2.40625 	 0.000e+00 	 0.000e+00 	 0.000e+00 
2.40875 	 0.000e+00 	 0.000e+00 	 0.000e+00 
2.41125 	 0.000e+00 	 0.000e+00 	 0.000e+00 
2.41375 	 0.000e+00 	 0.000e+00 	 0.000e+00 
2.41625 	 0.000e+00 	 0.000e+00 	 0.000e+00 
2.41875 	 0.000e+00 	 0.000e+00 	 0.000e+00 
2.42125 	 0.000e+00 	 0.000e+00 	 0.000e+00 
2.42375 	 0.000e+00 	 0.000e+00 	 0.000e+00 
2.42625 	 0.000e+00 	 0.000e+00 	 0.000e+00 
2.42875 	 0.000e+00 	 0.000e+00 	 0.000e+00 
2.43125 	 0.000e+00 	 0.000e+00 	 0.000e+00 
2.43375 	 0.000e+00 	 0.000e+00 	 0.000e+00 
2.43625 	 0.000e+00 	 0.000e+00 	 0.000e+00 
2.43875 	 0.000e+00 	 0.000e+00 	 0.000e+00 
2.44125 	 0.000e+00 	 0.000e+00 	 0.000e+00 
2.44375 	 0.000e+00 	 0.000e+00 	 0.000e+00 
2.44625 	 0.000e+00 	 0.000e+00 	 0.000e+00 
2.44875 	 0.000e+00 	 0.000e+00 	 0.000e+00 
2.45125 	 0.000e+00 	 0.000e+00 	 0.000e+00 
2.45375 	 0.000e+00 	 0.000e+00 	 0.000e+00 
2.45625 	 0.000e+00 	 0.000e+00 	 0.000e+00 
2.45875 	 0.000e+00 	 0.000e+00 	 0.000e+00 
2.46125 	 0.000e+00 	 0.000e+00 	 0.000e+00 
2.46375 	 0.000e+00 	 0.000e+00 	 0.000e+00 
2.46625 	 0.000e+00 	 0.000e+00 	 0.000e+00 
2.46875 	 0.000e+00 	 0.000e+00 	 0.000e+00 
2.47125 	 0.000e+00 	 0.000e+00 	 0.000e+00 
2.47375 	 0.000e+00 	 0.000e+00 	 0.000e+00 
2.47625 	 0.000e+00 	 0.000e+00 	 0.000e+00 
2.47875 	 0.000e+00 	 0.000e+00 	 0.000e+00 
2.48125 	 0.000e+00 	 0.000e+00 	 0.000e+00 
2.48375 	 0.000e+00 	 0.000e+00 	 0.000e+00 
2.48625 	 0.000e+00 	 0.000e+00 	 0.000e+00 
2.48875 	 0.000e+00 	 0.000e+00 	 0.000e+00 
2.49125 	 0.000e+00 	 0.000e+00 	 0.000e+00 
2.49375 	 0.000e+00 	 0.000e+00 	 0.000e+00 
2.49625 	 0.000e+00 	 0.000e+00 	 0.000e+00 
2.49875 	 0.000e+00 	 0.000e+00 	 0.000e+00 
2.50125 	 0.000e+00 	 0.000e+00 	 0.000e+00 
2.50375 	 0.000e+00 	 0.000e+00 	 0.000e+00 
2.50625 	 0.000e+00 	 0.000e+00 	 0.000e+00 
2.50875 	 0.000e+00 	 0.000e+00 	 0.000e+00 
2.51125 	 0.000e+00 	 0.000e+00 	 0.000e+00 
2.51375 	 0.000e+00 	 0.000e+00 	 0.000e+00 
2.51625 	 0.000e+00 	 0.000e+00 	 0.000e+00 
2.51875 	 0.000e+00 	 0.000e+00 	 0.000e+00 
2.52125 	 0.000e+00 	 0.000e+00 	 0.000e+00 
2.52375 	 0.000e+00 	 0.000e+00 	 0.000e+00 
2.52625 	 0.000e+00 	 0.000e+00 	 0.000e+00 
2.52875 	 0.000e+00 	 0.000e+00 	 0.000e+00 
2.53125 	 0.000e+00 	 0.000e+00 	 0.000e+00 
2.53375 	 0.000e+00 	 0.000e+00 	 0.000e+00 
2.53625 	 0.000e+00 	 0.000e+00 	 0.000e+00 
2.53875 	 0.000e+00 	 0.000e+00 	 0.000e+00 
2.54125 	 0.000e+00 	 0.000e+00 	 0.000e+00 
2.54375 	 0.000e+00 	 0.000e+00 	 0.000e+00 
2.54625 	 0.000e+00 	 0.000e+00 	 0.000e+00 
2.54875 	 0.000e+00 	 0.000e+00 	 0.000e+00 
2.55125 	 0.000e+00 	 0.000e+00 	 0.000e+00 
2.55375 	 0.000e+00 	 0.000e+00 	 0.000e+00 
2.55625 	 0.000e+00 	 0.000e+00 	 0.000e+00 
2.55875 	 0.000e+00 	 0.000e+00 	 0.000e+00 
2.56125 	 0.000e+00 	 0.000e+00 	 0.000e+00 
2.56375 	 0.000e+00 	 0.000e+00 	 0.000e+00 
2.56625 	 0.000e+00 	 0.000e+00 	 0.000e+00 
2.56875 	 0.000e+00 	 0.000e+00 	 0.000e+00 
2.57125 	 0.000e+00 	 0.000e+00 	 0.000e+00 
2.57375 	 0.000e+00 	 0.000e+00 	 0.000e+00 
2.57625 	 0.000e+00 	 0.000e+00 	 0.000e+00 
2.57875 	 0.000e+00 	 0.000e+00 	 0.000e+00 
2.58125 	 0.000e+00 	 0.000e+00 	 0.000e+00 
2.58375 	 0.000e+00 	 0.000e+00 	 0.000e+00 
2.58625 	 0.000e+00 	 0.000e+00 	 0.000e+00 
2.58875 	 0.000e+00 	 0.000e+00 	 0.000e+00 
2.59125 	 0.000e+00 	 0.000e+00 	 0.000e+00 
2.59375 	 0.000e+00 	 0.000e+00 	 0.000e+00 
2.59625 	 0.000e+00 	 0.000e+00 	 0.000e+00 
2.59875 	 0.000e+00 	 0.000e+00 	 0.000e+00 
2.60125 	 0.000e+00 	 0.000e+00 	 0.000e+00 
2.60375 	 0.000e+00 	 0.000e+00 	 0.000e+00 
2.60625 	 0.000e+00 	 0.000e+00 	 0.000e+00 
2.60875 	 0.000e+00 	 0.000e+00 	 0.000e+00 
2.61125 	 0.000e+00 	 0.000e+00 	 0.000e+00 
2.61375 	 0.000e+00 	 0.000e+00 	 0.000e+00 
2.61625 	 0.000e+00 	 0.000e+00 	 0.000e+00 
2.61875 	 0.000e+00 	 0.000e+00 	 0.000e+00 
2.62125 	 0.000e+00 	 0.000e+00 	 0.000e+00 
2.62375 	 0.000e+00 	 0.000e+00 	 0.000e+00 
2.62625 	 0.000e+00 	 0.000e+00 	 0.000e+00 
2.62875 	 0.000e+00 	 0.000e+00 	 0.000e+00 
2.63125 	 0.000e+00 	 0.000e+00 	 0.000e+00 
2.63375 	 0.000e+00 	 0.000e+00 	 0.000e+00 
2.63625 	 0.000e+00 	 0.000e+00 	 0.000e+00 
2.63875 	 0.000e+00 	 0.000e+00 	 0.000e+00 
2.64125 	 0.000e+00 	 0.000e+00 	 0.000e+00 
2.64375 	 0.000e+00 	 0.000e+00 	 0.000e+00 
2.64625 	 0.000e+00 	 0.000e+00 	 0.000e+00 
2.64875 	 0.000e+00 	 0.000e+00 	 0.000e+00 
2.65125 	 0.000e+00 	 0.000e+00 	 0.000e+00 
2.65375 	 0.000e+00 	 0.000e+00 	 0.000e+00 
2.65625 	 0.000e+00 	 0.000e+00 	 0.000e+00 
2.65875 	 0.000e+00 	 0.000e+00 	 0.000e+00 
2.66125 	 0.000e+00 	 0.000e+00 	 0.000e+00 
2.66375 	 0.000e+00 	 0.000e+00 	 0.000e+00 
2.66625 	 0.000e+00 	 0.000e+00 	 0.000e+00 
2.66875 	 0.000e+00 	 0.000e+00 	 0.000e+00 
2.67125 	 0.000e+00 	 0.000e+00 	 0.000e+00 
2.67375 	 0.000e+00 	 0.000e+00 	 0.000e+00 
2.67625 	 0.000e+00 	 0.000e+00 	 0.000e+00 
2.67875 	 0.000e+00 	 0.000e+00 	 0.000e+00 
2.68125 	 0.000e+00 	 0.000e+00 	 0.000e+00 
2.68375 	 0.000e+00 	 0.000e+00 	 0.000e+00 
2.68625 	 0.000e+00 	 0.000e+00 	 0.000e+00 
2.68875 	 0.000e+00 	 0.000e+00 	 0.000e+00 
2.69125 	 0.000e+00 	 0.000e+00 	 0.000e+00 
2.69375 	 0.000e+00 	 0.000e+00 	 0.000e+00 
2.69625 	 0.000e+00 	 0.000e+00 	 0.000e+00 
2.69875 	 0.000e+00 	 0.000e+00 	 0.000e+00 
2.70125 	 0.000e+00 	 0.000e+00 	 0.000e+00 
2.70375 	 0.000e+00 	 0.000e+00 	 0.000e+00 
2.70625 	 0.000e+00 	 0.000e+00 	 0.000e+00 
2.70875 	 0.000e+00 	 0.000e+00 	 0.000e+00 
2.71125 	 0.000e+00 	 0.000e+00 	 0.000e+00 
2.71375 	 0.000e+00 	 0.000e+00 	 0.000e+00 
2.71625 	 0.000e+00 	 0.000e+00 	 0.000e+00 
2.71875 	 0.000e+00 	 0.000e+00 	 0.000e+00 
2.72125 	 0.000e+00 	 0.000e+00 	 0.000e+00 
2.72375 	 0.000e+00 	 0.000e+00 	 0.000e+00 
2.72625 	 0.000e+00 	 0.000e+00 	 0.000e+00 
2.72875 	 0.000e+00 	 0.000e+00 	 0.000e+00 
2.73125 	 0.000e+00 	 0.000e+00 	 0.000e+00 
2.73375 	 0.000e+00 	 0.000e+00 	 0.000e+00 
2.73625 	 0.000e+00 	 0.000e+00 	 0.000e+00 
2.73875 	 0.000e+00 	 0.000e+00 	 0.000e+00 
2.74125 	 0.000e+00 	 0.000e+00 	 0.000e+00 
2.74375 	 0.000e+00 	 0.000e+00 	 0.000e+00 
2.74625 	 0.000e+00 	 0.000e+00 	 0.000e+00 
2.74875 	 0.000e+00 	 0.000e+00 	 0.000e+00 
2.75125 	 0.000e+00 	 0.000e+00 	 0.000e+00 
2.75375 	 0.000e+00 	 0.000e+00 	 0.000e+00 
2.75625 	 0.000e+00 	 0.000e+00 	 0.000e+00 
2.75875 	 0.000e+00 	 0.000e+00 	 0.000e+00 
2.76125 	 0.000e+00 	 0.000e+00 	 0.000e+00 
2.76375 	 0.000e+00 	 0.000e+00 	 0.000e+00 
2.76625 	 0.000e+00 	 0.000e+00 	 0.000e+00 
2.76875 	 0.000e+00 	 0.000e+00 	 0.000e+00 
2.77125 	 0.000e+00 	 0.000e+00 	 0.000e+00 
2.77375 	 0.000e+00 	 0.000e+00 	 0.000e+00 
2.77625 	 0.000e+00 	 0.000e+00 	 0.000e+00 
2.77875 	 0.000e+00 	 0.000e+00 	 0.000e+00 
2.78125 	 0.000e+00 	 0.000e+00 	 0.000e+00 
2.78375 	 0.000e+00 	 0.000e+00 	 0.000e+00 
2.78625 	 0.000e+00 	 0.000e+00 	 0.000e+00 
2.78875 	 0.000e+00 	 0.000e+00 	 0.000e+00 
2.79125 	 0.000e+00 	 0.000e+00 	 0.000e+00 
2.79375 	 0.000e+00 	 0.000e+00 	 0.000e+00 
2.79625 	 0.000e+00 	 0.000e+00 	 0.000e+00 
2.79875 	 0.000e+00 	 0.000e+00 	 0.000e+00 
2.80125 	 0.000e+00 	 0.000e+00 	 0.000e+00 
2.80375 	 0.000e+00 	 0.000e+00 	 0.000e+00 
2.80625 	 0.000e+00 	 0.000e+00 	 0.000e+00 
2.80875 	 0.000e+00 	 0.000e+00 	 0.000e+00 
2.81125 	 0.000e+00 	 0.000e+00 	 0.000e+00 
2.81375 	 0.000e+00 	 0.000e+00 	 0.000e+00 
2.81625 	 0.000e+00 	 0.000e+00 	 0.000e+00 
2.81875 	 0.000e+00 	 0.000e+00 	 0.000e+00 
2.82125 	 0.000e+00 	 0.000e+00 	 0.000e+00 
2.82375 	 0.000e+00 	 0.000e+00 	 0.000e+00 
2.82625 	 0.000e+00 	 0.000e+00 	 0.000e+00 
2.82875 	 0.000e+00 	 0.000e+00 	 0.000e+00 
2.83125 	 0.000e+00 	 0.000e+00 	 0.000e+00 
2.83375 	 0.000e+00 	 0.000e+00 	 0.000e+00 
2.83625 	 0.000e+00 	 0.000e+00 	 0.000e+00 
2.83875 	 0.000e+00 	 0.000e+00 	 0.000e+00 
2.84125 	 0.000e+00 	 0.000e+00 	 0.000e+00 
2.84375 	 0.000e+00 	 0.000e+00 	 0.000e+00 
2.84625 	 0.000e+00 	 0.000e+00 	 0.000e+00 
2.84875 	 0.000e+00 	 0.000e+00 	 0.000e+00 
2.85125 	 0.000e+00 	 0.000e+00 	 0.000e+00 
2.85375 	 0.000e+00 	 0.000e+00 	 0.000e+00 
2.85625 	 0.000e+00 	 0.000e+00 	 0.000e+00 
2.85875 	 0.000e+00 	 0.000e+00 	 0.000e+00 
2.86125 	 0.000e+00 	 0.000e+00 	 0.000e+00 
2.86375 	 0.000e+00 	 0.000e+00 	 0.000e+00 
2.86625 	 0.000e+00 	 0.000e+00 	 0.000e+00 
2.86875 	 0.000e+00 	 0.000e+00 	 0.000e+00 
2.87125 	 0.000e+00 	 0.000e+00 	 0.000e+00 
2.87375 	 0.000e+00 	 0.000e+00 	 0.000e+00 
2.87625 	 0.000e+00 	 0.000e+00 	 0.000e+00 
2.87875 	 0.000e+00 	 0.000e+00 	 0.000e+00 
2.88125 	 0.000e+00 	 0.000e+00 	 0.000e+00 
2.88375 	 0.000e+00 	 0.000e+00 	 0.000e+00 
2.88625 	 0.000e+00 	 0.000e+00 	 0.000e+00 
2.88875 	 0.000e+00 	 0.000e+00 	 0.000e+00 
2.89125 	 0.000e+00 	 0.000e+00 	 0.000e+00 
2.89375 	 0.000e+00 	 0.000e+00 	 0.000e+00 
2.89625 	 0.000e+00 	 0.000e+00 	 0.000e+00 
2.89875 	 0.000e+00 	 0.000e+00 	 0.000e+00 
2.90125 	 0.000e+00 	 0.000e+00 	 0.000e+00 
2.90375 	 0.000e+00 	 0.000e+00 	 0.000e+00 
2.90625 	 0.000e+00 	 0.000e+00 	 0.000e+00 
2.90875 	 0.000e+00 	 0.000e+00 	 0.000e+00 
2.91125 	 0.000e+00 	 0.000e+00 	 0.000e+00 
2.91375 	 0.000e+00 	 0.000e+00 	 0.000e+00 
2.91625 	 0.000e+00 	 0.000e+00 	 0.000e+00 
2.91875 	 0.000e+00 	 0.000e+00 	 0.000e+00 
2.92125 	 0.000e+00 	 0.000e+00 	 0.000e+00 
2.92375 	 0.000e+00 	 0.000e+00 	 0.000e+00 
2.92625 	 0.000e+00 	 0.000e+00 	 0.000e+00 
2.92875 	 0.000e+00 	 0.000e+00 	 0.000e+00 
2.93125 	 0.000e+00 	 0.000e+00 	 0.000e+00 
2.93375 	 0.000e+00 	 0.000e+00 	 0.000e+00 
2.93625 	 0.000e+00 	 0.000e+00 	 0.000e+00 
2.93875 	 0.000e+00 	 0.000e+00 	 0.000e+00 
2.94125 	 0.000e+00 	 0.000e+00 	 0.000e+00 
2.94375 	 0.000e+00 	 0.000e+00 	 0.000e+00 
2.94625 	 0.000e+00 	 0.000e+00 	 0.000e+00 
2.94875 	 0.000e+00 	 0.000e+00 	 0.000e+00 
2.95125 	 0.000e+00 	 0.000e+00 	 0.000e+00 
2.95375 	 0.000e+00 	 0.000e+00 	 0.000e+00 
2.95625 	 0.000e+00 	 0.000e+00 	 0.000e+00 
2.95875 	 0.000e+00 	 0.000e+00 	 0.000e+00 
2.96125 	 0.000e+00 	 0.000e+00 	 0.000e+00 
2.96375 	 0.000e+00 	 0.000e+00 	 0.000e+00 
2.96625 	 0.000e+00 	 0.000e+00 	 0.000e+00 
2.96875 	 0.000e+00 	 0.000e+00 	 0.000e+00 
2.97125 	 0.000e+00 	 0.000e+00 	 0.000e+00 
2.97375 	 0.000e+00 	 0.000e+00 	 0.000e+00 
2.97625 	 0.000e+00 	 0.000e+00 	 0.000e+00 
2.97875 	 0.000e+00 	 0.000e+00 	 0.000e+00 
2.98125 	 0.000e+00 	 0.000e+00 	 0.000e+00 
2.98375 	 0.000e+00 	 0.000e+00 	 0.000e+00 
2.98625 	 0.000e+00 	 0.000e+00 	 0.000e+00 
2.98875 	 0.000e+00 	 0.000e+00 	 0.000e+00 
2.99125 	 0.000e+00 	 0.000e+00 	 0.000e+00 
2.99375 	 0.000e+00 	 0.000e+00 	 0.000e+00 
2.99625 	 0.000e+00 	 0.000e+00 	 0.000e+00 
2.99875 	 0.000e+00 	 0.000e+00 	 0.000e+00 
3.00125 	 0.000e+00 	 0.000e+00 	 0.000e+00 
3.00375 	 0.000e+00 	 0.000e+00 	 0.000e+00 
3.00625 	 0.000e+00 	 0.000e+00 	 0.000e+00 
3.00875 	 0.000e+00 	 0.000e+00 	 0.000e+00 
3.01125 	 0.000e+00 	 0.000e+00 	 0.000e+00 
3.01375 	 0.000e+00 	 0.000e+00 	 0.000e+00 
3.01625 	 0.000e+00 	 0.000e+00 	 0.000e+00 
3.01875 	 0.000e+00 	 0.000e+00 	 0.000e+00 
3.02125 	 0.000e+00 	 0.000e+00 	 0.000e+00 
3.02375 	 0.000e+00 	 0.000e+00 	 0.000e+00 
3.02625 	 0.000e+00 	 0.000e+00 	 0.000e+00 
3.02875 	 0.000e+00 	 0.000e+00 	 0.000e+00 
3.03125 	 0.000e+00 	 0.000e+00 	 0.000e+00 
3.03375 	 0.000e+00 	 0.000e+00 	 0.000e+00 
3.03625 	 0.000e+00 	 0.000e+00 	 0.000e+00 
3.03875 	 0.000e+00 	 0.000e+00 	 0.000e+00 
3.04125 	 0.000e+00 	 0.000e+00 	 0.000e+00 
3.04375 	 0.000e+00 	 0.000e+00 	 0.000e+00 
3.04625 	 0.000e+00 	 0.000e+00 	 0.000e+00 
3.04875 	 0.000e+00 	 0.000e+00 	 0.000e+00 
3.05125 	 0.000e+00 	 0.000e+00 	 0.000e+00 
3.05375 	 0.000e+00 	 0.000e+00 	 0.000e+00 
3.05625 	 0.000e+00 	 0.000e+00 	 0.000e+00 
3.05875 	 0.000e+00 	 0.000e+00 	 0.000e+00 
3.06125 	 0.000e+00 	 0.000e+00 	 0.000e+00 
3.06375 	 0.000e+00 	 0.000e+00 	 0.000e+00 
3.06625 	 0.000e+00 	 0.000e+00 	 0.000e+00 
3.06875 	 0.000e+00 	 0.000e+00 	 0.000e+00 
3.07125 	 0.000e+00 	 0.000e+00 	 0.000e+00 
3.07375 	 0.000e+00 	 0.000e+00 	 0.000e+00 
3.07625 	 0.000e+00 	 0.000e+00 	 0.000e+00 
3.07875 	 0.000e+00 	 0.000e+00 	 0.000e+00 
3.08125 	 0.000e+00 	 0.000e+00 	 0.000e+00 
3.08375 	 0.000e+00 	 0.000e+00 	 0.000e+00 
3.08625 	 0.000e+00 	 0.000e+00 	 0.000e+00 
3.08875 	 0.000e+00 	 0.000e+00 	 0.000e+00 
3.09125 	 0.000e+00 	 0.000e+00 	 0.000e+00 
3.09375 	 0.000e+00 	 0.000e+00 	 0.000e+00 
3.09625 	 0.000e+00 	 0.000e+00 	 0.000e+00 
3.09875 	 0.000e+00 	 0.000e+00 	 0.000e+00 
3.10125 	 0.000e+00 	 0.000e+00 	 0.000e+00 
3.10375 	 0.000e+00 	 0.000e+00 	 0.000e+00 
3.10625 	 0.000e+00 	 0.000e+00 	 0.000e+00 
3.10875 	 0.000e+00 	 0.000e+00 	 0.000e+00 
3.11125 	 0.000e+00 	 0.000e+00 	 0.000e+00 
3.11375 	 0.000e+00 	 0.000e+00 	 0.000e+00 
3.11625 	 0.000e+00 	 0.000e+00 	 0.000e+00 
3.11875 	 0.000e+00 	 0.000e+00 	 0.000e+00 
3.12125 	 0.000e+00 	 0.000e+00 	 0.000e+00 
3.12375 	 0.000e+00 	 0.000e+00 	 0.000e+00 
3.12625 	 0.000e+00 	 0.000e+00 	 0.000e+00 
3.12875 	 0.000e+00 	 0.000e+00 	 0.000e+00 
3.13125 	 0.000e+00 	 0.000e+00 	 0.000e+00 
3.13375 	 0.000e+00 	 0.000e+00 	 0.000e+00 
3.13625 	 0.000e+00 	 0.000e+00 	 0.000e+00 
3.13875 	 0.000e+00 	 0.000e+00 	 0.000e+00 
3.14125 	 0.000e+00 	 0.000e+00 	 0.000e+00 
3.14375 	 0.000e+00 	 0.000e+00 	 0.000e+00 
3.14625 	 0.000e+00 	 0.000e+00 	 0.000e+00 
3.14875 	 0.000e+00 	 0.000e+00 	 0.000e+00 
3.15125 	 0.000e+00 	 0.000e+00 	 0.000e+00 
3.15375 	 0.000e+00 	 0.000e+00 	 0.000e+00 
3.15625 	 0.000e+00 	 0.000e+00 	 0.000e+00 
3.15875 	 0.000e+00 	 0.000e+00 	 0.000e+00 
3.16125 	 0.000e+00 	 0.000e+00 	 0.000e+00 
3.16375 	 0.000e+00 	 0.000e+00 	 0.000e+00 
3.16625 	 0.000e+00 	 0.000e+00 	 0.000e+00 
3.16875 	 0.000e+00 	 0.000e+00 	 0.000e+00 
3.17125 	 0.000e+00 	 0.000e+00 	 0.000e+00 
3.17375 	 0.000e+00 	 0.000e+00 	 0.000e+00 
3.17625 	 0.000e+00 	 0.000e+00 	 0.000e+00 
3.17875 	 0.000e+00 	 0.000e+00 	 0.000e+00 
3.18125 	 0.000e+00 	 0.000e+00 	 0.000e+00 
3.18375 	 0.000e+00 	 0.000e+00 	 0.000e+00 
3.18625 	 0.000e+00 	 0.000e+00 	 0.000e+00 
3.18875 	 0.000e+00 	 0.000e+00 	 0.000e+00 
3.19125 	 0.000e+00 	 0.000e+00 	 0.000e+00 
3.19375 	 0.000e+00 	 0.000e+00 	 0.000e+00 
3.19625 	 0.000e+00 	 0.000e+00 	 0.000e+00 
3.19875 	 0.000e+00 	 0.000e+00 	 0.000e+00 
3.20125 	 0.000e+00 	 0.000e+00 	 0.000e+00 
3.20375 	 0.000e+00 	 0.000e+00 	 0.000e+00 
3.20625 	 0.000e+00 	 0.000e+00 	 0.000e+00 
3.20875 	 0.000e+00 	 0.000e+00 	 0.000e+00 
3.21125 	 0.000e+00 	 0.000e+00 	 0.000e+00 
3.21375 	 0.000e+00 	 0.000e+00 	 0.000e+00 
3.21625 	 0.000e+00 	 0.000e+00 	 0.000e+00 
3.21875 	 0.000e+00 	 0.000e+00 	 0.000e+00 
3.22125 	 0.000e+00 	 0.000e+00 	 0.000e+00 
3.22375 	 0.000e+00 	 0.000e+00 	 0.000e+00 
3.22625 	 0.000e+00 	 0.000e+00 	 0.000e+00 
3.22875 	 0.000e+00 	 0.000e+00 	 0.000e+00 
3.23125 	 0.000e+00 	 0.000e+00 	 0.000e+00 
3.23375 	 0.000e+00 	 0.000e+00 	 0.000e+00 
3.23625 	 0.000e+00 	 0.000e+00 	 0.000e+00 
3.23875 	 0.000e+00 	 0.000e+00 	 0.000e+00 
3.24125 	 0.000e+00 	 0.000e+00 	 0.000e+00 
3.24375 	 0.000e+00 	 0.000e+00 	 0.000e+00 
3.24625 	 0.000e+00 	 0.000e+00 	 0.000e+00 
3.24875 	 0.000e+00 	 0.000e+00 	 0.000e+00 
3.25125 	 0.000e+00 	 0.000e+00 	 0.000e+00 
3.25375 	 0.000e+00 	 0.000e+00 	 0.000e+00 
3.25625 	 0.000e+00 	 0.000e+00 	 0.000e+00 
3.25875 	 0.000e+00 	 0.000e+00 	 0.000e+00 
3.26125 	 0.000e+00 	 0.000e+00 	 0.000e+00 
3.26375 	 0.000e+00 	 0.000e+00 	 0.000e+00 
3.26625 	 0.000e+00 	 0.000e+00 	 0.000e+00 
3.26875 	 0.000e+00 	 0.000e+00 	 0.000e+00 
3.27125 	 0.000e+00 	 0.000e+00 	 0.000e+00 
3.27375 	 0.000e+00 	 0.000e+00 	 0.000e+00 
3.27625 	 0.000e+00 	 0.000e+00 	 0.000e+00 
3.27875 	 0.000e+00 	 0.000e+00 	 0.000e+00 
3.28125 	 0.000e+00 	 0.000e+00 	 0.000e+00 
3.28375 	 0.000e+00 	 0.000e+00 	 0.000e+00 
3.28625 	 0.000e+00 	 0.000e+00 	 0.000e+00 
3.28875 	 0.000e+00 	 0.000e+00 	 0.000e+00 
3.29125 	 0.000e+00 	 0.000e+00 	 0.000e+00 
3.29375 	 0.000e+00 	 0.000e+00 	 0.000e+00 
3.29625 	 0.000e+00 	 0.000e+00 	 0.000e+00 
3.29875 	 0.000e+00 	 0.000e+00 	 0.000e+00 
3.30125 	 0.000e+00 	 0.000e+00 	 0.000e+00 
3.30375 	 0.000e+00 	 0.000e+00 	 0.000e+00 
3.30625 	 0.000e+00 	 0.000e+00 	 0.000e+00 
3.30875 	 0.000e+00 	 0.000e+00 	 0.000e+00 
3.31125 	 0.000e+00 	 0.000e+00 	 0.000e+00 
3.31375 	 0.000e+00 	 0.000e+00 	 0.000e+00 
3.31625 	 0.000e+00 	 0.000e+00 	 0.000e+00 
3.31875 	 0.000e+00 	 0.000e+00 	 0.000e+00 
3.32125 	 0.000e+00 	 0.000e+00 	 0.000e+00 
3.32375 	 0.000e+00 	 0.000e+00 	 0.000e+00 
3.32625 	 0.000e+00 	 0.000e+00 	 0.000e+00 
3.32875 	 0.000e+00 	 0.000e+00 	 0.000e+00 
3.33125 	 0.000e+00 	 0.000e+00 	 0.000e+00 
3.33375 	 0.000e+00 	 0.000e+00 	 0.000e+00 
3.33625 	 0.000e+00 	 0.000e+00 	 0.000e+00 
3.33875 	 0.000e+00 	 0.000e+00 	 0.000e+00 
3.34125 	 0.000e+00 	 0.000e+00 	 0.000e+00 
3.34375 	 0.000e+00 	 0.000e+00 	 0.000e+00 
3.34625 	 0.000e+00 	 0.000e+00 	 0.000e+00 
3.34875 	 0.000e+00 	 0.000e+00 	 0.000e+00 
3.35125 	 0.000e+00 	 0.000e+00 	 0.000e+00 
3.35375 	 0.000e+00 	 0.000e+00 	 0.000e+00 
3.35625 	 0.000e+00 	 0.000e+00 	 0.000e+00 
3.35875 	 0.000e+00 	 0.000e+00 	 0.000e+00 
3.36125 	 0.000e+00 	 0.000e+00 	 0.000e+00 
3.36375 	 0.000e+00 	 0.000e+00 	 0.000e+00 
3.36625 	 0.000e+00 	 0.000e+00 	 0.000e+00 
3.36875 	 0.000e+00 	 0.000e+00 	 0.000e+00 
3.37125 	 0.000e+00 	 0.000e+00 	 0.000e+00 
3.37375 	 0.000e+00 	 0.000e+00 	 0.000e+00 
3.37625 	 0.000e+00 	 0.000e+00 	 0.000e+00 
3.37875 	 0.000e+00 	 0.000e+00 	 0.000e+00 
3.38125 	 0.000e+00 	 0.000e+00 	 0.000e+00 
3.38375 	 0.000e+00 	 0.000e+00 	 0.000e+00 
3.38625 	 0.000e+00 	 0.000e+00 	 0.000e+00 
3.38875 	 0.000e+00 	 0.000e+00 	 0.000e+00 
3.39125 	 0.000e+00 	 0.000e+00 	 0.000e+00 
3.39375 	 0.000e+00 	 0.000e+00 	 0.000e+00 
3.39625 	 0.000e+00 	 0.000e+00 	 0.000e+00 
3.39875 	 0.000e+00 	 0.000e+00 	 0.000e+00 
3.40125 	 0.000e+00 	 0.000e+00 	 0.000e+00 
3.40375 	 0.000e+00 	 0.000e+00 	 0.000e+00 
3.40625 	 0.000e+00 	 0.000e+00 	 0.000e+00 
3.40875 	 0.000e+00 	 0.000e+00 	 0.000e+00 
3.41125 	 0.000e+00 	 0.000e+00 	 0.000e+00 
3.41375 	 0.000e+00 	 0.000e+00 	 0.000e+00 
3.41625 	 0.000e+00 	 0.000e+00 	 0.000e+00 
3.41875 	 0.000e+00 	 0.000e+00 	 0.000e+00 
3.42125 	 0.000e+00 	 0.000e+00 	 0.000e+00 
3.42375 	 0.000e+00 	 0.000e+00 	 0.000e+00 
3.42625 	 0.000e+00 	 0.000e+00 	 0.000e+00 
3.42875 	 0.000e+00 	 0.000e+00 	 0.000e+00 
3.43125 	 0.000e+00 	 0.000e+00 	 0.000e+00 
3.43375 	 0.000e+00 	 0.000e+00 	 0.000e+00 
3.43625 	 0.000e+00 	 0.000e+00 	 0.000e+00 
3.43875 	 0.000e+00 	 0.000e+00 	 0.000e+00 
3.44125 	 0.000e+00 	 0.000e+00 	 0.000e+00 
3.44375 	 0.000e+00 	 0.000e+00 	 0.000e+00 
3.44625 	 0.000e+00 	 0.000e+00 	 0.000e+00 
3.44875 	 0.000e+00 	 0.000e+00 	 0.000e+00 
3.45125 	 0.000e+00 	 0.000e+00 	 0.000e+00 
3.45375 	 0.000e+00 	 0.000e+00 	 0.000e+00 
3.45625 	 0.000e+00 	 0.000e+00 	 0.000e+00 
3.45875 	 0.000e+00 	 0.000e+00 	 0.000e+00 
3.46125 	 0.000e+00 	 0.000e+00 	 0.000e+00 
3.46375 	 0.000e+00 	 0.000e+00 	 0.000e+00 
3.46625 	 0.000e+00 	 0.000e+00 	 0.000e+00 
3.46875 	 0.000e+00 	 0.000e+00 	 0.000e+00 
3.47125 	 0.000e+00 	 0.000e+00 	 0.000e+00 
3.47375 	 0.000e+00 	 0.000e+00 	 0.000e+00 
3.47625 	 0.000e+00 	 0.000e+00 	 0.000e+00 
3.47875 	 0.000e+00 	 0.000e+00 	 0.000e+00 
3.48125 	 0.000e+00 	 0.000e+00 	 0.000e+00 
3.48375 	 0.000e+00 	 0.000e+00 	 0.000e+00 
3.48625 	 0.000e+00 	 0.000e+00 	 0.000e+00 
3.48875 	 0.000e+00 	 0.000e+00 	 0.000e+00 
3.49125 	 0.000e+00 	 0.000e+00 	 0.000e+00 
3.49375 	 0.000e+00 	 0.000e+00 	 0.000e+00 
3.49625 	 0.000e+00 	 0.000e+00 	 0.000e+00 
3.49875 	 0.000e+00 	 0.000e+00 	 0.000e+00 
3.50125 	 0.000e+00 	 0.000e+00 	 0.000e+00 
3.50375 	 0.000e+00 	 0.000e+00 	 0.000e+00 
3.50625 	 0.000e+00 	 0.000e+00 	 0.000e+00 
3.50875 	 0.000e+00 	 0.000e+00 	 0.000e+00 
3.51125 	 0.000e+00 	 0.000e+00 	 0.000e+00 
3.51375 	 0.000e+00 	 0.000e+00 	 0.000e+00 
3.51625 	 0.000e+00 	 0.000e+00 	 0.000e+00 
3.51875 	 0.000e+00 	 0.000e+00 	 0.000e+00 
3.52125 	 0.000e+00 	 0.000e+00 	 0.000e+00 
3.52375 	 0.000e+00 	 0.000e+00 	 0.000e+00 
3.52625 	 0.000e+00 	 0.000e+00 	 0.000e+00 
3.52875 	 0.000e+00 	 0.000e+00 	 0.000e+00 
3.53125 	 0.000e+00 	 0.000e+00 	 0.000e+00 
3.53375 	 0.000e+00 	 0.000e+00 	 0.000e+00 
3.53625 	 0.000e+00 	 0.000e+00 	 0.000e+00 
3.53875 	 0.000e+00 	 0.000e+00 	 0.000e+00 
3.54125 	 0.000e+00 	 0.000e+00 	 0.000e+00 
3.54375 	 0.000e+00 	 0.000e+00 	 0.000e+00 
3.54625 	 0.000e+00 	 0.000e+00 	 0.000e+00 
3.54875 	 0.000e+00 	 0.000e+00 	 0.000e+00 
3.55125 	 0.000e+00 	 0.000e+00 	 0.000e+00 
3.55375 	 0.000e+00 	 0.000e+00 	 0.000e+00 
3.55625 	 0.000e+00 	 0.000e+00 	 0.000e+00 
3.55875 	 0.000e+00 	 0.000e+00 	 0.000e+00 
3.56125 	 0.000e+00 	 0.000e+00 	 0.000e+00 
3.56375 	 0.000e+00 	 0.000e+00 	 0.000e+00 
3.56625 	 0.000e+00 	 0.000e+00 	 0.000e+00 
3.56875 	 0.000e+00 	 0.000e+00 	 0.000e+00 
3.57125 	 0.000e+00 	 0.000e+00 	 0.000e+00 
3.57375 	 0.000e+00 	 0.000e+00 	 0.000e+00 
3.57625 	 0.000e+00 	 0.000e+00 	 0.000e+00 
3.57875 	 0.000e+00 	 0.000e+00 	 0.000e+00 
3.58125 	 0.000e+00 	 0.000e+00 	 0.000e+00 
3.58375 	 0.000e+00 	 0.000e+00 	 0.000e+00 
3.58625 	 0.000e+00 	 0.000e+00 	 0.000e+00 
3.58875 	 0.000e+00 	 0.000e+00 	 0.000e+00 
3.59125 	 0.000e+00 	 0.000e+00 	 0.000e+00 
3.59375 	 0.000e+00 	 0.000e+00 	 0.000e+00 
3.59625 	 0.000e+00 	 0.000e+00 	 0.000e+00 
3.59875 	 0.000e+00 	 0.000e+00 	 0.000e+00 
3.60125 	 0.000e+00 	 0.000e+00 	 0.000e+00 
3.60375 	 0.000e+00 	 0.000e+00 	 0.000e+00 
3.60625 	 0.000e+00 	 0.000e+00 	 0.000e+00 
3.60875 	 0.000e+00 	 0.000e+00 	 0.000e+00 
3.61125 	 0.000e+00 	 0.000e+00 	 0.000e+00 
3.61375 	 0.000e+00 	 0.000e+00 	 0.000e+00 
3.61625 	 0.000e+00 	 0.000e+00 	 0.000e+00 
3.61875 	 0.000e+00 	 0.000e+00 	 0.000e+00 
3.62125 	 0.000e+00 	 0.000e+00 	 0.000e+00 
3.62375 	 0.000e+00 	 0.000e+00 	 0.000e+00 
3.62625 	 0.000e+00 	 0.000e+00 	 0.000e+00 
3.62875 	 0.000e+00 	 0.000e+00 	 0.000e+00 
3.63125 	 0.000e+00 	 0.000e+00 	 0.000e+00 
3.63375 	 0.000e+00 	 0.000e+00 	 0.000e+00 
3.63625 	 0.000e+00 	 0.000e+00 	 0.000e+00 
3.63875 	 0.000e+00 	 0.000e+00 	 0.000e+00 
3.64125 	 0.000e+00 	 0.000e+00 	 0.000e+00 
3.64375 	 0.000e+00 	 0.000e+00 	 0.000e+00 
3.64625 	 0.000e+00 	 0.000e+00 	 0.000e+00 
3.64875 	 0.000e+00 	 0.000e+00 	 0.000e+00 
3.65125 	 0.000e+00 	 0.000e+00 	 0.000e+00 
3.65375 	 0.000e+00 	 0.000e+00 	 0.000e+00 
3.65625 	 0.000e+00 	 0.000e+00 	 0.000e+00 
3.65875 	 0.000e+00 	 0.000e+00 	 0.000e+00 
3.66125 	 0.000e+00 	 0.000e+00 	 0.000e+00 
3.66375 	 0.000e+00 	 0.000e+00 	 0.000e+00 
3.66625 	 0.000e+00 	 0.000e+00 	 0.000e+00 
3.66875 	 0.000e+00 	 0.000e+00 	 0.000e+00 
3.67125 	 0.000e+00 	 0.000e+00 	 0.000e+00 
3.67375 	 0.000e+00 	 0.000e+00 	 0.000e+00 
3.67625 	 0.000e+00 	 0.000e+00 	 0.000e+00 
3.67875 	 0.000e+00 	 0.000e+00 	 0.000e+00 
3.68125 	 0.000e+00 	 0.000e+00 	 0.000e+00 
3.68375 	 0.000e+00 	 0.000e+00 	 0.000e+00 
3.68625 	 0.000e+00 	 0.000e+00 	 0.000e+00 
3.68875 	 0.000e+00 	 0.000e+00 	 0.000e+00 
3.69125 	 0.000e+00 	 0.000e+00 	 0.000e+00 
3.69375 	 0.000e+00 	 0.000e+00 	 0.000e+00 
3.69625 	 0.000e+00 	 0.000e+00 	 0.000e+00 
3.69875 	 0.000e+00 	 0.000e+00 	 0.000e+00 
3.70125 	 0.000e+00 	 0.000e+00 	 0.000e+00 
3.70375 	 0.000e+00 	 0.000e+00 	 0.000e+00 
3.70625 	 0.000e+00 	 0.000e+00 	 0.000e+00 
3.70875 	 0.000e+00 	 0.000e+00 	 0.000e+00 
3.71125 	 0.000e+00 	 0.000e+00 	 0.000e+00 
3.71375 	 0.000e+00 	 0.000e+00 	 0.000e+00 
3.71625 	 0.000e+00 	 0.000e+00 	 0.000e+00 
3.71875 	 0.000e+00 	 0.000e+00 	 0.000e+00 
3.72125 	 0.000e+00 	 0.000e+00 	 0.000e+00 
3.72375 	 0.000e+00 	 0.000e+00 	 0.000e+00 
3.72625 	 0.000e+00 	 0.000e+00 	 0.000e+00 
3.72875 	 0.000e+00 	 0.000e+00 	 0.000e+00 
3.73125 	 0.000e+00 	 0.000e+00 	 0.000e+00 
3.73375 	 0.000e+00 	 0.000e+00 	 0.000e+00 
3.73625 	 0.000e+00 	 0.000e+00 	 0.000e+00 
3.73875 	 0.000e+00 	 0.000e+00 	 0.000e+00 
3.74125 	 0.000e+00 	 0.000e+00 	 0.000e+00 
3.74375 	 0.000e+00 	 0.000e+00 	 0.000e+00 
3.74625 	 0.000e+00 	 0.000e+00 	 0.000e+00 
3.74875 	 0.000e+00 	 0.000e+00 	 0.000e+00 
3.75125 	 0.000e+00 	 0.000e+00 	 0.000e+00 
3.75375 	 0.000e+00 	 0.000e+00 	 0.000e+00 
3.75625 	 0.000e+00 	 0.000e+00 	 0.000e+00 
3.75875 	 0.000e+00 	 0.000e+00 	 0.000e+00 
3.76125 	 0.000e+00 	 0.000e+00 	 0.000e+00 
3.76375 	 0.000e+00 	 0.000e+00 	 0.000e+00 
3.76625 	 0.000e+00 	 0.000e+00 	 0.000e+00 
3.76875 	 0.000e+00 	 0.000e+00 	 0.000e+00 
3.77125 	 0.000e+00 	 0.000e+00 	 0.000e+00 
3.77375 	 0.000e+00 	 0.000e+00 	 0.000e+00 
3.77625 	 0.000e+00 	 0.000e+00 	 0.000e+00 
3.77875 	 0.000e+00 	 0.000e+00 	 0.000e+00 
3.78125 	 0.000e+00 	 0.000e+00 	 0.000e+00 
3.78375 	 0.000e+00 	 0.000e+00 	 0.000e+00 
3.78625 	 0.000e+00 	 0.000e+00 	 0.000e+00 
3.78875 	 0.000e+00 	 0.000e+00 	 0.000e+00 
3.79125 	 0.000e+00 	 0.000e+00 	 0.000e+00 
3.79375 	 0.000e+00 	 0.000e+00 	 0.000e+00 
3.79625 	 0.000e+00 	 0.000e+00 	 0.000e+00 
3.79875 	 0.000e+00 	 0.000e+00 	 0.000e+00 
3.80125 	 0.000e+00 	 0.000e+00 	 0.000e+00 
3.80375 	 0.000e+00 	 0.000e+00 	 0.000e+00 
3.80625 	 0.000e+00 	 0.000e+00 	 0.000e+00 
3.80875 	 0.000e+00 	 0.000e+00 	 0.000e+00 
3.81125 	 0.000e+00 	 0.000e+00 	 0.000e+00 
3.81375 	 0.000e+00 	 0.000e+00 	 0.000e+00 
3.81625 	 0.000e+00 	 0.000e+00 	 0.000e+00 
3.81875 	 0.000e+00 	 0.000e+00 	 0.000e+00 
3.82125 	 0.000e+00 	 0.000e+00 	 0.000e+00 
3.82375 	 0.000e+00 	 0.000e+00 	 0.000e+00 
3.82625 	 0.000e+00 	 0.000e+00 	 0.000e+00 
3.82875 	 0.000e+00 	 0.000e+00 	 0.000e+00 
3.83125 	 0.000e+00 	 0.000e+00 	 0.000e+00 
3.83375 	 0.000e+00 	 0.000e+00 	 0.000e+00 
3.83625 	 0.000e+00 	 0.000e+00 	 0.000e+00 
3.83875 	 0.000e+00 	 0.000e+00 	 0.000e+00 
3.84125 	 0.000e+00 	 0.000e+00 	 0.000e+00 
3.84375 	 0.000e+00 	 0.000e+00 	 0.000e+00 
3.84625 	 0.000e+00 	 0.000e+00 	 0.000e+00 
3.84875 	 0.000e+00 	 0.000e+00 	 0.000e+00 
3.85125 	 0.000e+00 	 0.000e+00 	 0.000e+00 
3.85375 	 0.000e+00 	 0.000e+00 	 0.000e+00 
3.85625 	 0.000e+00 	 0.000e+00 	 0.000e+00 
3.85875 	 0.000e+00 	 0.000e+00 	 0.000e+00 
3.86125 	 0.000e+00 	 0.000e+00 	 0.000e+00 
3.86375 	 0.000e+00 	 0.000e+00 	 0.000e+00 
3.86625 	 0.000e+00 	 0.000e+00 	 0.000e+00 
3.86875 	 0.000e+00 	 0.000e+00 	 0.000e+00 
3.87125 	 0.000e+00 	 0.000e+00 	 0.000e+00 
3.87375 	 0.000e+00 	 0.000e+00 	 0.000e+00 
3.87625 	 0.000e+00 	 0.000e+00 	 0.000e+00 
3.87875 	 0.000e+00 	 0.000e+00 	 0.000e+00 
3.88125 	 0.000e+00 	 0.000e+00 	 0.000e+00 
3.88375 	 0.000e+00 	 0.000e+00 	 0.000e+00 
3.88625 	 0.000e+00 	 0.000e+00 	 0.000e+00 
3.88875 	 0.000e+00 	 0.000e+00 	 0.000e+00 
3.89125 	 0.000e+00 	 0.000e+00 	 0.000e+00 
3.89375 	 0.000e+00 	 0.000e+00 	 0.000e+00 
3.89625 	 0.000e+00 	 0.000e+00 	 0.000e+00 
3.89875 	 0.000e+00 	 0.000e+00 	 0.000e+00 
3.90125 	 0.000e+00 	 0.000e+00 	 0.000e+00 
3.90375 	 0.000e+00 	 0.000e+00 	 0.000e+00 
3.90625 	 0.000e+00 	 0.000e+00 	 0.000e+00 
3.90875 	 0.000e+00 	 0.000e+00 	 0.000e+00 
3.91125 	 0.000e+00 	 0.000e+00 	 0.000e+00 
3.91375 	 0.000e+00 	 0.000e+00 	 0.000e+00 
3.91625 	 0.000e+00 	 0.000e+00 	 0.000e+00 
3.91875 	 0.000e+00 	 0.000e+00 	 0.000e+00 
3.92125 	 0.000e+00 	 0.000e+00 	 0.000e+00 
3.92375 	 0.000e+00 	 0.000e+00 	 0.000e+00 
3.92625 	 0.000e+00 	 0.000e+00 	 0.000e+00 
3.92875 	 0.000e+00 	 0.000e+00 	 0.000e+00 
3.93125 	 0.000e+00 	 0.000e+00 	 0.000e+00 
3.93375 	 0.000e+00 	 0.000e+00 	 0.000e+00 
3.93625 	 0.000e+00 	 0.000e+00 	 0.000e+00 
3.93875 	 0.000e+00 	 0.000e+00 	 0.000e+00 
3.94125 	 0.000e+00 	 0.000e+00 	 0.000e+00 
3.94375 	 0.000e+00 	 0.000e+00 	 0.000e+00 
3.94625 	 0.000e+00 	 0.000e+00 	 0.000e+00 
3.94875 	 0.000e+00 	 0.000e+00 	 0.000e+00 
3.95125 	 0.000e+00 	 0.000e+00 	 0.000e+00 
3.95375 	 0.000e+00 	 0.000e+00 	 0.000e+00 
3.95625 	 0.000e+00 	 0.000e+00 	 0.000e+00 
3.95875 	 0.000e+00 	 0.000e+00 	 0.000e+00 
3.96125 	 0.000e+00 	 0.000e+00 	 0.000e+00 
3.96375 	 0.000e+00 	 0.000e+00 	 0.000e+00 
3.96625 	 0.000e+00 	 0.000e+00 	 0.000e+00 
3.96875 	 0.000e+00 	 0.000e+00 	 0.000e+00 
3.97125 	 0.000e+00 	 0.000e+00 	 0.000e+00 
3.97375 	 0.000e+00 	 0.000e+00 	 0.000e+00 
3.97625 	 0.000e+00 	 0.000e+00 	 0.000e+00 
3.97875 	 0.000e+00 	 0.000e+00 	 0.000e+00 
3.98125 	 0.000e+00 	 0.000e+00 	 0.000e+00 
3.98375 	 0.000e+00 	 0.000e+00 	 0.000e+00 
3.98625 	 0.000e+00 	 0.000e+00 	 0.000e+00 
3.98875 	 0.000e+00 	 0.000e+00 	 0.000e+00 
3.99125 	 0.000e+00 	 0.000e+00 	 0.000e+00 
3.99375 	 0.000e+00 	 0.000e+00 	 0.000e+00 
3.99625 	 0.000e+00 	 0.000e+00 	 0.000e+00 
3.99875 	 0.000e+00 	 0.000e+00 	 0.000e+00 
4.00125 	 0.000e+00 	 0.000e+00 	 0.000e+00 
4.00375 	 0.000e+00 	 0.000e+00 	 0.000e+00 
4.00625 	 0.000e+00 	 0.000e+00 	 0.000e+00 
4.00875 	 0.000e+00 	 0.000e+00 	 0.000e+00 
4.01125 	 0.000e+00 	 0.000e+00 	 0.000e+00 
4.01375 	 0.000e+00 	 0.000e+00 	 0.000e+00 
4.01625 	 0.000e+00 	 0.000e+00 	 0.000e+00 
4.01875 	 0.000e+00 	 0.000e+00 	 0.000e+00 
4.02125 	 0.000e+00 	 0.000e+00 	 0.000e+00 
4.02375 	 0.000e+00 	 0.000e+00 	 0.000e+00 
4.02625 	 0.000e+00 	 0.000e+00 	 0.000e+00 
4.02875 	 0.000e+00 	 0.000e+00 	 0.000e+00 
4.03125 	 0.000e+00 	 0.000e+00 	 0.000e+00 
4.03375 	 0.000e+00 	 0.000e+00 	 0.000e+00 
4.03625 	 0.000e+00 	 0.000e+00 	 0.000e+00 
4.03875 	 0.000e+00 	 0.000e+00 	 0.000e+00 
4.04125 	 0.000e+00 	 0.000e+00 	 0.000e+00 
4.04375 	 0.000e+00 	 0.000e+00 	 0.000e+00 
4.04625 	 0.000e+00 	 0.000e+00 	 0.000e+00 
4.04875 	 0.000e+00 	 0.000e+00 	 0.000e+00 
4.05125 	 0.000e+00 	 0.000e+00 	 0.000e+00 
4.05375 	 0.000e+00 	 0.000e+00 	 0.000e+00 
4.05625 	 0.000e+00 	 0.000e+00 	 0.000e+00 
4.05875 	 0.000e+00 	 0.000e+00 	 0.000e+00 
4.06125 	 0.000e+00 	 0.000e+00 	 0.000e+00 
4.06375 	 0.000e+00 	 0.000e+00 	 0.000e+00 
4.06625 	 0.000e+00 	 0.000e+00 	 0.000e+00 
4.06875 	 0.000e+00 	 0.000e+00 	 0.000e+00 
4.07125 	 0.000e+00 	 0.000e+00 	 0.000e+00 
4.07375 	 0.000e+00 	 0.000e+00 	 0.000e+00 
4.07625 	 0.000e+00 	 0.000e+00 	 0.000e+00 
4.07875 	 0.000e+00 	 0.000e+00 	 0.000e+00 
4.08125 	 0.000e+00 	 0.000e+00 	 0.000e+00 
4.08375 	 0.000e+00 	 0.000e+00 	 0.000e+00 
4.08625 	 0.000e+00 	 0.000e+00 	 0.000e+00 
4.08875 	 0.000e+00 	 0.000e+00 	 0.000e+00 
4.09125 	 0.000e+00 	 0.000e+00 	 0.000e+00 
4.09375 	 0.000e+00 	 0.000e+00 	 0.000e+00 
4.09625 	 0.000e+00 	 0.000e+00 	 0.000e+00 
4.09875 	 0.000e+00 	 0.000e+00 	 0.000e+00 
4.10125 	 0.000e+00 	 0.000e+00 	 0.000e+00 
4.10375 	 0.000e+00 	 0.000e+00 	 0.000e+00 
4.10625 	 0.000e+00 	 0.000e+00 	 0.000e+00 
4.10875 	 0.000e+00 	 0.000e+00 	 0.000e+00 
4.11125 	 0.000e+00 	 0.000e+00 	 0.000e+00 
4.11375 	 0.000e+00 	 0.000e+00 	 0.000e+00 
4.11625 	 0.000e+00 	 0.000e+00 	 0.000e+00 
4.11875 	 0.000e+00 	 0.000e+00 	 0.000e+00 
4.12125 	 0.000e+00 	 0.000e+00 	 0.000e+00 
4.12375 	 0.000e+00 	 0.000e+00 	 0.000e+00 
4.12625 	 0.000e+00 	 0.000e+00 	 0.000e+00 
4.12875 	 0.000e+00 	 0.000e+00 	 0.000e+00 
4.13125 	 0.000e+00 	 0.000e+00 	 0.000e+00 
4.13375 	 0.000e+00 	 0.000e+00 	 0.000e+00 
4.13625 	 0.000e+00 	 0.000e+00 	 0.000e+00 
4.13875 	 0.000e+00 	 0.000e+00 	 0.000e+00 
4.14125 	 0.000e+00 	 0.000e+00 	 0.000e+00 
4.14375 	 0.000e+00 	 0.000e+00 	 0.000e+00 
4.14625 	 0.000e+00 	 0.000e+00 	 0.000e+00 
4.14875 	 0.000e+00 	 0.000e+00 	 0.000e+00 
4.15125 	 0.000e+00 	 0.000e+00 	 0.000e+00 
4.15375 	 0.000e+00 	 0.000e+00 	 0.000e+00 
4.15625 	 0.000e+00 	 0.000e+00 	 0.000e+00 
4.15875 	 0.000e+00 	 0.000e+00 	 0.000e+00 
4.16125 	 0.000e+00 	 0.000e+00 	 0.000e+00 
4.16375 	 0.000e+00 	 0.000e+00 	 0.000e+00 
4.16625 	 0.000e+00 	 0.000e+00 	 0.000e+00 
4.16875 	 0.000e+00 	 0.000e+00 	 0.000e+00 
4.17125 	 0.000e+00 	 0.000e+00 	 0.000e+00 
4.17375 	 0.000e+00 	 0.000e+00 	 0.000e+00 
4.17625 	 0.000e+00 	 0.000e+00 	 0.000e+00 
4.17875 	 0.000e+00 	 0.000e+00 	 0.000e+00 
4.18125 	 0.000e+00 	 0.000e+00 	 0.000e+00 
4.18375 	 0.000e+00 	 0.000e+00 	 0.000e+00 
4.18625 	 0.000e+00 	 0.000e+00 	 0.000e+00 
4.18875 	 0.000e+00 	 0.000e+00 	 0.000e+00 
4.19125 	 0.000e+00 	 0.000e+00 	 0.000e+00 
4.19375 	 0.000e+00 	 0.000e+00 	 0.000e+00 
4.19625 	 0.000e+00 	 0.000e+00 	 0.000e+00 
4.19875 	 0.000e+00 	 0.000e+00 	 0.000e+00 
4.20125 	 0.000e+00 	 0.000e+00 	 0.000e+00 
4.20375 	 0.000e+00 	 0.000e+00 	 0.000e+00 
4.20625 	 0.000e+00 	 0.000e+00 	 0.000e+00 
4.20875 	 0.000e+00 	 0.000e+00 	 0.000e+00 
4.21125 	 0.000e+00 	 0.000e+00 	 0.000e+00 
4.21375 	 0.000e+00 	 0.000e+00 	 0.000e+00 
4.21625 	 0.000e+00 	 0.000e+00 	 0.000e+00 
4.21875 	 0.000e+00 	 0.000e+00 	 0.000e+00 
4.22125 	 0.000e+00 	 0.000e+00 	 0.000e+00 
4.22375 	 0.000e+00 	 0.000e+00 	 0.000e+00 
4.22625 	 0.000e+00 	 0.000e+00 	 0.000e+00 
4.22875 	 0.000e+00 	 0.000e+00 	 0.000e+00 
4.23125 	 0.000e+00 	 0.000e+00 	 0.000e+00 
4.23375 	 0.000e+00 	 0.000e+00 	 0.000e+00 
4.23625 	 0.000e+00 	 0.000e+00 	 0.000e+00 
4.23875 	 0.000e+00 	 0.000e+00 	 0.000e+00 
4.24125 	 0.000e+00 	 0.000e+00 	 0.000e+00 
4.24375 	 0.000e+00 	 0.000e+00 	 0.000e+00 
4.24625 	 0.000e+00 	 0.000e+00 	 0.000e+00 
4.24875 	 0.000e+00 	 0.000e+00 	 0.000e+00 
4.25125 	 0.000e+00 	 0.000e+00 	 0.000e+00 
4.25375 	 0.000e+00 	 0.000e+00 	 0.000e+00 
4.25625 	 0.000e+00 	 0.000e+00 	 0.000e+00 
4.25875 	 0.000e+00 	 0.000e+00 	 0.000e+00 
4.26125 	 0.000e+00 	 0.000e+00 	 0.000e+00 
4.26375 	 0.000e+00 	 0.000e+00 	 0.000e+00 
4.26625 	 0.000e+00 	 0.000e+00 	 0.000e+00 
4.26875 	 0.000e+00 	 0.000e+00 	 0.000e+00 
4.27125 	 0.000e+00 	 0.000e+00 	 0.000e+00 
4.27375 	 0.000e+00 	 0.000e+00 	 0.000e+00 
4.27625 	 0.000e+00 	 0.000e+00 	 0.000e+00 
4.27875 	 0.000e+00 	 0.000e+00 	 0.000e+00 
4.28125 	 0.000e+00 	 0.000e+00 	 0.000e+00 
4.28375 	 0.000e+00 	 0.000e+00 	 0.000e+00 
4.28625 	 0.000e+00 	 0.000e+00 	 0.000e+00 
4.28875 	 0.000e+00 	 0.000e+00 	 0.000e+00 
4.29125 	 0.000e+00 	 0.000e+00 	 0.000e+00 
4.29375 	 0.000e+00 	 0.000e+00 	 0.000e+00 
4.29625 	 0.000e+00 	 0.000e+00 	 0.000e+00 
4.29875 	 0.000e+00 	 0.000e+00 	 0.000e+00 
4.30125 	 0.000e+00 	 0.000e+00 	 0.000e+00 
4.30375 	 0.000e+00 	 0.000e+00 	 0.000e+00 
4.30625 	 0.000e+00 	 0.000e+00 	 0.000e+00 
4.30875 	 0.000e+00 	 0.000e+00 	 0.000e+00 
4.31125 	 0.000e+00 	 0.000e+00 	 0.000e+00 
4.31375 	 0.000e+00 	 0.000e+00 	 0.000e+00 
4.31625 	 0.000e+00 	 0.000e+00 	 0.000e+00 
4.31875 	 0.000e+00 	 0.000e+00 	 0.000e+00 
4.32125 	 0.000e+00 	 0.000e+00 	 0.000e+00 
4.32375 	 0.000e+00 	 0.000e+00 	 0.000e+00 
4.32625 	 0.000e+00 	 0.000e+00 	 0.000e+00 
4.32875 	 0.000e+00 	 0.000e+00 	 0.000e+00 
4.33125 	 0.000e+00 	 0.000e+00 	 0.000e+00 
4.33375 	 0.000e+00 	 0.000e+00 	 0.000e+00 
4.33625 	 0.000e+00 	 0.000e+00 	 0.000e+00 
4.33875 	 0.000e+00 	 0.000e+00 	 0.000e+00 
4.34125 	 0.000e+00 	 0.000e+00 	 0.000e+00 
4.34375 	 0.000e+00 	 0.000e+00 	 0.000e+00 
4.34625 	 0.000e+00 	 0.000e+00 	 0.000e+00 
4.34875 	 0.000e+00 	 0.000e+00 	 0.000e+00 
4.35125 	 0.000e+00 	 0.000e+00 	 0.000e+00 
4.35375 	 0.000e+00 	 0.000e+00 	 0.000e+00 
4.35625 	 0.000e+00 	 0.000e+00 	 0.000e+00 
4.35875 	 0.000e+00 	 0.000e+00 	 0.000e+00 
4.36125 	 0.000e+00 	 0.000e+00 	 0.000e+00 
4.36375 	 0.000e+00 	 0.000e+00 	 0.000e+00 
4.36625 	 0.000e+00 	 0.000e+00 	 0.000e+00 
4.36875 	 0.000e+00 	 0.000e+00 	 0.000e+00 
4.37125 	 0.000e+00 	 0.000e+00 	 0.000e+00 
4.37375 	 0.000e+00 	 0.000e+00 	 0.000e+00 
4.37625 	 0.000e+00 	 0.000e+00 	 0.000e+00 
4.37875 	 0.000e+00 	 0.000e+00 	 0.000e+00 
4.38125 	 0.000e+00 	 0.000e+00 	 0.000e+00 
4.38375 	 0.000e+00 	 0.000e+00 	 0.000e+00 
4.38625 	 0.000e+00 	 0.000e+00 	 0.000e+00 
4.38875 	 0.000e+00 	 0.000e+00 	 0.000e+00 
4.39125 	 0.000e+00 	 0.000e+00 	 0.000e+00 
4.39375 	 0.000e+00 	 0.000e+00 	 0.000e+00 
4.39625 	 0.000e+00 	 0.000e+00 	 0.000e+00 
4.39875 	 0.000e+00 	 0.000e+00 	 0.000e+00 
4.40125 	 0.000e+00 	 0.000e+00 	 0.000e+00 
4.40375 	 0.000e+00 	 0.000e+00 	 0.000e+00 
4.40625 	 0.000e+00 	 0.000e+00 	 0.000e+00 
4.40875 	 0.000e+00 	 0.000e+00 	 0.000e+00 
4.41125 	 0.000e+00 	 0.000e+00 	 0.000e+00 
4.41375 	 0.000e+00 	 0.000e+00 	 0.000e+00 
4.41625 	 0.000e+00 	 0.000e+00 	 0.000e+00 
4.41875 	 0.000e+00 	 0.000e+00 	 0.000e+00 
4.42125 	 0.000e+00 	 0.000e+00 	 0.000e+00 
4.42375 	 0.000e+00 	 0.000e+00 	 0.000e+00 
4.42625 	 0.000e+00 	 0.000e+00 	 0.000e+00 
4.42875 	 0.000e+00 	 0.000e+00 	 0.000e+00 
4.43125 	 0.000e+00 	 0.000e+00 	 0.000e+00 
4.43375 	 0.000e+00 	 0.000e+00 	 0.000e+00 
4.43625 	 0.000e+00 	 0.000e+00 	 0.000e+00 
4.43875 	 0.000e+00 	 0.000e+00 	 0.000e+00 
4.44125 	 0.000e+00 	 0.000e+00 	 0.000e+00 
4.44375 	 0.000e+00 	 0.000e+00 	 0.000e+00 
4.44625 	 0.000e+00 	 0.000e+00 	 0.000e+00 
4.44875 	 0.000e+00 	 0.000e+00 	 0.000e+00 
4.45125 	 0.000e+00 	 0.000e+00 	 0.000e+00 
4.45375 	 0.000e+00 	 0.000e+00 	 0.000e+00 
4.45625 	 0.000e+00 	 0.000e+00 	 0.000e+00 
4.45875 	 0.000e+00 	 0.000e+00 	 0.000e+00 
4.46125 	 0.000e+00 	 0.000e+00 	 0.000e+00 
4.46375 	 0.000e+00 	 0.000e+00 	 0.000e+00 
4.46625 	 0.000e+00 	 0.000e+00 	 0.000e+00 
4.46875 	 0.000e+00 	 0.000e+00 	 0.000e+00 
4.47125 	 0.000e+00 	 0.000e+00 	 0.000e+00 
4.47375 	 0.000e+00 	 0.000e+00 	 0.000e+00 
4.47625 	 0.000e+00 	 0.000e+00 	 0.000e+00 
4.47875 	 0.000e+00 	 0.000e+00 	 0.000e+00 
4.48125 	 0.000e+00 	 0.000e+00 	 0.000e+00 
4.48375 	 0.000e+00 	 0.000e+00 	 0.000e+00 
4.48625 	 0.000e+00 	 0.000e+00 	 0.000e+00 
4.48875 	 0.000e+00 	 0.000e+00 	 0.000e+00 
4.49125 	 0.000e+00 	 0.000e+00 	 0.000e+00 
4.49375 	 0.000e+00 	 0.000e+00 	 0.000e+00 
4.49625 	 0.000e+00 	 0.000e+00 	 0.000e+00 
4.49875 	 0.000e+00 	 0.000e+00 	 0.000e+00 
4.50125 	 0.000e+00 	 0.000e+00 	 0.000e+00 
4.50375 	 0.000e+00 	 0.000e+00 	 0.000e+00 
4.50625 	 0.000e+00 	 0.000e+00 	 0.000e+00 
4.50875 	 0.000e+00 	 0.000e+00 	 0.000e+00 
4.51125 	 0.000e+00 	 0.000e+00 	 0.000e+00 
4.51375 	 0.000e+00 	 0.000e+00 	 0.000e+00 
4.51625 	 0.000e+00 	 0.000e+00 	 0.000e+00 
4.51875 	 0.000e+00 	 0.000e+00 	 0.000e+00 
4.52125 	 0.000e+00 	 0.000e+00 	 0.000e+00 
4.52375 	 0.000e+00 	 0.000e+00 	 0.000e+00 
4.52625 	 0.000e+00 	 0.000e+00 	 0.000e+00 
4.52875 	 0.000e+00 	 0.000e+00 	 0.000e+00 
4.53125 	 0.000e+00 	 0.000e+00 	 0.000e+00 
4.53375 	 0.000e+00 	 0.000e+00 	 0.000e+00 
4.53625 	 0.000e+00 	 0.000e+00 	 0.000e+00 
4.53875 	 0.000e+00 	 0.000e+00 	 0.000e+00 
4.54125 	 0.000e+00 	 0.000e+00 	 0.000e+00 
4.54375 	 0.000e+00 	 0.000e+00 	 0.000e+00 
4.54625 	 0.000e+00 	 0.000e+00 	 0.000e+00 
4.54875 	 0.000e+00 	 0.000e+00 	 0.000e+00 
4.55125 	 0.000e+00 	 0.000e+00 	 0.000e+00 
4.55375 	 0.000e+00 	 0.000e+00 	 0.000e+00 
4.55625 	 0.000e+00 	 0.000e+00 	 0.000e+00 
4.55875 	 0.000e+00 	 0.000e+00 	 0.000e+00 
4.56125 	 0.000e+00 	 0.000e+00 	 0.000e+00 
4.56375 	 0.000e+00 	 0.000e+00 	 0.000e+00 
4.56625 	 0.000e+00 	 0.000e+00 	 0.000e+00 
4.56875 	 0.000e+00 	 0.000e+00 	 0.000e+00 
4.57125 	 0.000e+00 	 0.000e+00 	 0.000e+00 
4.57375 	 0.000e+00 	 0.000e+00 	 0.000e+00 
4.57625 	 0.000e+00 	 0.000e+00 	 0.000e+00 
4.57875 	 0.000e+00 	 0.000e+00 	 0.000e+00 
4.58125 	 0.000e+00 	 0.000e+00 	 0.000e+00 
4.58375 	 0.000e+00 	 0.000e+00 	 0.000e+00 
4.58625 	 0.000e+00 	 0.000e+00 	 0.000e+00 
4.58875 	 0.000e+00 	 0.000e+00 	 0.000e+00 
4.59125 	 0.000e+00 	 0.000e+00 	 0.000e+00 
4.59375 	 0.000e+00 	 0.000e+00 	 0.000e+00 
4.59625 	 0.000e+00 	 0.000e+00 	 0.000e+00 
4.59875 	 0.000e+00 	 0.000e+00 	 0.000e+00 
4.60125 	 0.000e+00 	 0.000e+00 	 0.000e+00 
4.60375 	 0.000e+00 	 0.000e+00 	 0.000e+00 
4.60625 	 0.000e+00 	 0.000e+00 	 0.000e+00 
4.60875 	 0.000e+00 	 0.000e+00 	 0.000e+00 
4.61125 	 0.000e+00 	 0.000e+00 	 0.000e+00 
4.61375 	 0.000e+00 	 0.000e+00 	 0.000e+00 
4.61625 	 0.000e+00 	 0.000e+00 	 0.000e+00 
4.61875 	 0.000e+00 	 0.000e+00 	 0.000e+00 
4.62125 	 0.000e+00 	 0.000e+00 	 0.000e+00 
4.62375 	 0.000e+00 	 0.000e+00 	 0.000e+00 
4.62625 	 0.000e+00 	 0.000e+00 	 0.000e+00 
4.62875 	 0.000e+00 	 0.000e+00 	 0.000e+00 
4.63125 	 0.000e+00 	 0.000e+00 	 0.000e+00 
4.63375 	 0.000e+00 	 0.000e+00 	 0.000e+00 
4.63625 	 0.000e+00 	 0.000e+00 	 0.000e+00 
4.63875 	 0.000e+00 	 0.000e+00 	 0.000e+00 
4.64125 	 0.000e+00 	 0.000e+00 	 0.000e+00 
4.64375 	 0.000e+00 	 0.000e+00 	 0.000e+00 
4.64625 	 0.000e+00 	 0.000e+00 	 0.000e+00 
4.64875 	 0.000e+00 	 0.000e+00 	 0.000e+00 
4.65125 	 0.000e+00 	 0.000e+00 	 0.000e+00 
4.65375 	 0.000e+00 	 0.000e+00 	 0.000e+00 
4.65625 	 0.000e+00 	 0.000e+00 	 0.000e+00 
4.65875 	 0.000e+00 	 0.000e+00 	 0.000e+00 
4.66125 	 0.000e+00 	 0.000e+00 	 0.000e+00 
4.66375 	 0.000e+00 	 0.000e+00 	 0.000e+00 
4.66625 	 0.000e+00 	 0.000e+00 	 0.000e+00 
4.66875 	 0.000e+00 	 0.000e+00 	 0.000e+00 
4.67125 	 0.000e+00 	 0.000e+00 	 0.000e+00 
4.67375 	 0.000e+00 	 0.000e+00 	 0.000e+00 
4.67625 	 0.000e+00 	 0.000e+00 	 0.000e+00 
4.67875 	 0.000e+00 	 0.000e+00 	 0.000e+00 
4.68125 	 0.000e+00 	 0.000e+00 	 0.000e+00 
4.68375 	 0.000e+00 	 0.000e+00 	 0.000e+00 
4.68625 	 0.000e+00 	 0.000e+00 	 0.000e+00 
4.68875 	 0.000e+00 	 0.000e+00 	 0.000e+00 
4.69125 	 0.000e+00 	 0.000e+00 	 0.000e+00 
4.69375 	 0.000e+00 	 0.000e+00 	 0.000e+00 
4.69625 	 0.000e+00 	 0.000e+00 	 0.000e+00 
4.69875 	 0.000e+00 	 0.000e+00 	 0.000e+00 
4.70125 	 0.000e+00 	 0.000e+00 	 0.000e+00 
4.70375 	 0.000e+00 	 0.000e+00 	 0.000e+00 
4.70625 	 0.000e+00 	 0.000e+00 	 0.000e+00 
4.70875 	 0.000e+00 	 0.000e+00 	 0.000e+00 
4.71125 	 0.000e+00 	 0.000e+00 	 0.000e+00 
4.71375 	 0.000e+00 	 0.000e+00 	 0.000e+00 
4.71625 	 0.000e+00 	 0.000e+00 	 0.000e+00 
4.71875 	 0.000e+00 	 0.000e+00 	 0.000e+00 
4.72125 	 0.000e+00 	 0.000e+00 	 0.000e+00 
4.72375 	 0.000e+00 	 0.000e+00 	 0.000e+00 
4.72625 	 0.000e+00 	 0.000e+00 	 0.000e+00 
4.72875 	 0.000e+00 	 0.000e+00 	 0.000e+00 
4.73125 	 0.000e+00 	 0.000e+00 	 0.000e+00 
4.73375 	 0.000e+00 	 0.000e+00 	 0.000e+00 
4.73625 	 0.000e+00 	 0.000e+00 	 0.000e+00 
4.73875 	 0.000e+00 	 0.000e+00 	 0.000e+00 
4.74125 	 0.000e+00 	 0.000e+00 	 0.000e+00 
4.74375 	 0.000e+00 	 0.000e+00 	 0.000e+00 
4.74625 	 0.000e+00 	 0.000e+00 	 0.000e+00 
4.74875 	 0.000e+00 	 0.000e+00 	 0.000e+00 
4.75125 	 0.000e+00 	 0.000e+00 	 0.000e+00 
4.75375 	 0.000e+00 	 0.000e+00 	 0.000e+00 
4.75625 	 0.000e+00 	 0.000e+00 	 0.000e+00 
4.75875 	 0.000e+00 	 0.000e+00 	 0.000e+00 
4.76125 	 0.000e+00 	 0.000e+00 	 0.000e+00 
4.76375 	 0.000e+00 	 0.000e+00 	 0.000e+00 
4.76625 	 0.000e+00 	 0.000e+00 	 0.000e+00 
4.76875 	 0.000e+00 	 0.000e+00 	 0.000e+00 
4.77125 	 0.000e+00 	 0.000e+00 	 0.000e+00 
4.77375 	 0.000e+00 	 0.000e+00 	 0.000e+00 
4.77625 	 0.000e+00 	 0.000e+00 	 0.000e+00 
4.77875 	 0.000e+00 	 0.000e+00 	 0.000e+00 
4.78125 	 0.000e+00 	 0.000e+00 	 0.000e+00 
4.78375 	 0.000e+00 	 0.000e+00 	 0.000e+00 
4.78625 	 0.000e+00 	 0.000e+00 	 0.000e+00 
4.78875 	 0.000e+00 	 0.000e+00 	 0.000e+00 
4.79125 	 0.000e+00 	 0.000e+00 	 0.000e+00 
4.79375 	 0.000e+00 	 0.000e+00 	 0.000e+00 
4.79625 	 0.000e+00 	 0.000e+00 	 0.000e+00 
4.79875 	 0.000e+00 	 0.000e+00 	 0.000e+00 
4.80125 	 0.000e+00 	 0.000e+00 	 0.000e+00 
4.80375 	 0.000e+00 	 0.000e+00 	 0.000e+00 
4.80625 	 0.000e+00 	 0.000e+00 	 0.000e+00 
4.80875 	 0.000e+00 	 0.000e+00 	 0.000e+00 
4.81125 	 0.000e+00 	 0.000e+00 	 0.000e+00 
4.81375 	 0.000e+00 	 0.000e+00 	 0.000e+00 
4.81625 	 0.000e+00 	 0.000e+00 	 0.000e+00 
4.81875 	 0.000e+00 	 0.000e+00 	 0.000e+00 
4.82125 	 0.000e+00 	 0.000e+00 	 0.000e+00 
4.82375 	 0.000e+00 	 0.000e+00 	 0.000e+00 
4.82625 	 0.000e+00 	 0.000e+00 	 0.000e+00 
4.82875 	 0.000e+00 	 0.000e+00 	 0.000e+00 
4.83125 	 0.000e+00 	 0.000e+00 	 0.000e+00 
4.83375 	 0.000e+00 	 0.000e+00 	 0.000e+00 
4.83625 	 0.000e+00 	 0.000e+00 	 0.000e+00 
4.83875 	 0.000e+00 	 0.000e+00 	 0.000e+00 
4.84125 	 0.000e+00 	 0.000e+00 	 0.000e+00 
4.84375 	 0.000e+00 	 0.000e+00 	 0.000e+00 
4.84625 	 0.000e+00 	 0.000e+00 	 0.000e+00 
4.84875 	 0.000e+00 	 0.000e+00 	 0.000e+00 
4.85125 	 0.000e+00 	 0.000e+00 	 0.000e+00 
4.85375 	 0.000e+00 	 0.000e+00 	 0.000e+00 
4.85625 	 0.000e+00 	 0.000e+00 	 0.000e+00 
4.85875 	 0.000e+00 	 0.000e+00 	 0.000e+00 
4.86125 	 0.000e+00 	 0.000e+00 	 0.000e+00 
4.86375 	 0.000e+00 	 0.000e+00 	 0.000e+00 
4.86625 	 0.000e+00 	 0.000e+00 	 0.000e+00 
4.86875 	 0.000e+00 	 0.000e+00 	 0.000e+00 
4.87125 	 0.000e+00 	 0.000e+00 	 0.000e+00 
4.87375 	 0.000e+00 	 0.000e+00 	 0.000e+00 
4.87625 	 0.000e+00 	 0.000e+00 	 0.000e+00 
4.87875 	 0.000e+00 	 0.000e+00 	 0.000e+00 
4.88125 	 0.000e+00 	 0.000e+00 	 0.000e+00 
4.88375 	 0.000e+00 	 0.000e+00 	 0.000e+00 
4.88625 	 0.000e+00 	 0.000e+00 	 0.000e+00 
4.88875 	 0.000e+00 	 0.000e+00 	 0.000e+00 
4.89125 	 0.000e+00 	 0.000e+00 	 0.000e+00 
4.89375 	 0.000e+00 	 0.000e+00 	 0.000e+00 
4.89625 	 0.000e+00 	 0.000e+00 	 0.000e+00 
4.89875 	 0.000e+00 	 0.000e+00 	 0.000e+00 
4.90125 	 0.000e+00 	 0.000e+00 	 0.000e+00 
4.90375 	 0.000e+00 	 0.000e+00 	 0.000e+00 
4.90625 	 0.000e+00 	 0.000e+00 	 0.000e+00 
4.90875 	 0.000e+00 	 0.000e+00 	 0.000e+00 
4.91125 	 0.000e+00 	 0.000e+00 	 0.000e+00 
4.91375 	 0.000e+00 	 0.000e+00 	 0.000e+00 
4.91625 	 0.000e+00 	 0.000e+00 	 0.000e+00 
4.91875 	 0.000e+00 	 0.000e+00 	 0.000e+00 
4.92125 	 0.000e+00 	 0.000e+00 	 0.000e+00 
4.92375 	 0.000e+00 	 0.000e+00 	 0.000e+00 
4.92625 	 0.000e+00 	 0.000e+00 	 0.000e+00 
4.92875 	 0.000e+00 	 0.000e+00 	 0.000e+00 
4.93125 	 0.000e+00 	 0.000e+00 	 0.000e+00 
4.93375 	 0.000e+00 	 0.000e+00 	 0.000e+00 
4.93625 	 0.000e+00 	 0.000e+00 	 0.000e+00 
4.93875 	 0.000e+00 	 0.000e+00 	 0.000e+00 
4.94125 	 0.000e+00 	 0.000e+00 	 0.000e+00 
4.94375 	 0.000e+00 	 0.000e+00 	 0.000e+00 
4.94625 	 0.000e+00 	 0.000e+00 	 0.000e+00 
4.94875 	 0.000e+00 	 0.000e+00 	 0.000e+00 
4.95125 	 0.000e+00 	 0.000e+00 	 0.000e+00 
4.95375 	 0.000e+00 	 0.000e+00 	 0.000e+00 
4.95625 	 0.000e+00 	 0.000e+00 	 0.000e+00 
4.95875 	 0.000e+00 	 0.000e+00 	 0.000e+00 
4.96125 	 0.000e+00 	 0.000e+00 	 0.000e+00 
4.96375 	 0.000e+00 	 0.000e+00 	 0.000e+00 
4.96625 	 0.000e+00 	 0.000e+00 	 0.000e+00 
4.96875 	 0.000e+00 	 0.000e+00 	 0.000e+00 
4.97125 	 0.000e+00 	 0.000e+00 	 0.000e+00 
4.97375 	 0.000e+00 	 0.000e+00 	 0.000e+00 
4.97625 	 0.000e+00 	 0.000e+00 	 0.000e+00 
4.97875 	 0.000e+00 	 0.000e+00 	 0.000e+00 
4.98125 	 0.000e+00 	 0.000e+00 	 0.000e+00 
4.98375 	 0.000e+00 	 0.000e+00 	 0.000e+00 
4.98625 	 0.000e+00 	 0.000e+00 	 0.000e+00 
4.98875 	 0.000e+00 	 0.000e+00 	 0.000e+00 
4.99125 	 0.000e+00 	 0.000e+00 	 0.000e+00 
4.99375 	 0.000e+00 	 0.000e+00 	 0.000e+00 
4.99625 	 0.000e+00 	 0.000e+00 	 0.000e+00 
4.99875 	 0.000e+00 	 0.000e+00 	 0.000e+00 
5.00125 	 0.000e+00 	 0.000e+00 	 0.000e+00 
