 
Número de fotones = 100000.000000
Tamaño del paquete = 0.00500 [cm] 
***Parámetros del tejido*** 
Coef. de Absorcion: 12.200000
Coef. de Esparcimiento: 173.500000
Coef. de Anisotropia: 0.930000
Indice de Refracción: 1.500000
La última fila esta desbordada. Ignorarla
r [cm] 	 Fsph [1/cm2] 	 Fcyl [1/cm2] 	 Fpla [1/cm2]
0.00250 	 1.262e+04 	 9.520e+01 	 3.483e+00 
0.00750 	 1.374e+03 	 2.898e+01 	 2.122e+00 
0.01250 	 4.797e+02 	 1.588e+01 	 1.633e+00 
0.01750 	 2.358e+02 	 1.042e+01 	 1.310e+00 
0.02250 	 1.370e+02 	 7.378e+00 	 1.084e+00 
0.02750 	 8.793e+01 	 5.550e+00 	 9.090e-01 
0.03250 	 5.969e+01 	 4.292e+00 	 7.680e-01 
0.03750 	 4.262e+01 	 3.385e+00 	 6.609e-01 
0.04250 	 3.140e+01 	 2.726e+00 	 5.701e-01 
0.04750 	 2.370e+01 	 2.231e+00 	 4.928e-01 
0.05250 	 1.831e+01 	 1.836e+00 	 4.298e-01 
0.05750 	 1.432e+01 	 1.514e+00 	 3.702e-01 
0.06250 	 1.136e+01 	 1.263e+00 	 3.198e-01 
0.06750 	 9.044e+00 	 1.057e+00 	 2.788e-01 
0.07250 	 7.304e+00 	 8.981e-01 	 2.438e-01 
0.07750 	 5.891e+00 	 7.587e-01 	 2.120e-01 
0.08250 	 4.843e+00 	 6.413e-01 	 1.863e-01 
0.08750 	 3.968e+00 	 5.434e-01 	 1.623e-01 
0.09250 	 3.269e+00 	 4.638e-01 	 1.431e-01 
0.09750 	 2.718e+00 	 3.960e-01 	 1.249e-01 
0.10250 	 2.271e+00 	 3.371e-01 	 1.098e-01 
0.10750 	 1.884e+00 	 2.888e-01 	 9.571e-02 
0.11250 	 1.569e+00 	 2.505e-01 	 8.365e-02 
0.11750 	 1.325e+00 	 2.136e-01 	 7.407e-02 
0.12250 	 1.108e+00 	 1.823e-01 	 6.428e-02 
0.12750 	 9.226e-01 	 1.566e-01 	 5.655e-02 
0.13250 	 7.809e-01 	 1.353e-01 	 4.946e-02 
0.13750 	 6.637e-01 	 1.171e-01 	 4.339e-02 
0.14250 	 5.618e-01 	 1.005e-01 	 3.820e-02 
0.14750 	 4.738e-01 	 8.669e-02 	 3.336e-02 
0.15250 	 4.045e-01 	 7.486e-02 	 2.958e-02 
0.15750 	 3.437e-01 	 6.437e-02 	 2.559e-02 
0.16250 	 2.902e-01 	 5.563e-02 	 2.264e-02 
0.16750 	 2.465e-01 	 4.854e-02 	 1.979e-02 
0.17250 	 2.101e-01 	 4.231e-02 	 1.758e-02 
0.17750 	 1.794e-01 	 3.655e-02 	 1.509e-02 
0.18250 	 1.528e-01 	 3.159e-02 	 1.343e-02 
0.18750 	 1.305e-01 	 2.719e-02 	 1.181e-02 
0.19250 	 1.116e-01 	 2.350e-02 	 1.044e-02 
0.19750 	 9.564e-02 	 2.019e-02 	 9.218e-03 
0.20250 	 8.131e-02 	 1.777e-02 	 8.025e-03 
0.20750 	 7.015e-02 	 1.532e-02 	 7.085e-03 
0.21250 	 6.003e-02 	 1.340e-02 	 6.048e-03 
0.21750 	 5.167e-02 	 1.148e-02 	 5.284e-03 
0.22250 	 4.424e-02 	 1.004e-02 	 4.830e-03 
0.22750 	 3.803e-02 	 8.781e-03 	 4.216e-03 
0.23250 	 3.286e-02 	 7.833e-03 	 3.753e-03 
0.23750 	 2.820e-02 	 6.771e-03 	 3.242e-03 
0.24250 	 2.442e-02 	 5.944e-03 	 2.835e-03 
0.24750 	 2.109e-02 	 5.128e-03 	 2.501e-03 
0.25250 	 1.810e-02 	 4.391e-03 	 2.234e-03 
0.25750 	 1.551e-02 	 3.894e-03 	 1.910e-03 
0.26250 	 1.340e-02 	 3.293e-03 	 1.642e-03 
0.26750 	 1.154e-02 	 2.890e-03 	 1.467e-03 
0.27250 	 9.882e-03 	 2.580e-03 	 1.268e-03 
0.27750 	 8.628e-03 	 2.233e-03 	 1.138e-03 
0.28250 	 7.415e-03 	 1.940e-03 	 9.916e-04 
0.28750 	 6.295e-03 	 1.634e-03 	 8.492e-04 
0.29250 	 5.375e-03 	 1.433e-03 	 7.378e-04 
0.29750 	 4.670e-03 	 1.298e-03 	 6.575e-04 
0.30250 	 4.083e-03 	 1.095e-03 	 5.887e-04 
0.30750 	 3.568e-03 	 9.444e-04 	 5.153e-04 
0.31250 	 3.115e-03 	 8.141e-04 	 4.564e-04 
0.31750 	 2.543e-03 	 6.706e-04 	 4.213e-04 
0.32250 	 2.270e-03 	 6.103e-04 	 3.704e-04 
0.32750 	 1.999e-03 	 5.540e-04 	 3.087e-04 
0.33250 	 1.659e-03 	 4.711e-04 	 2.834e-04 
0.33750 	 1.407e-03 	 4.253e-04 	 2.450e-04 
0.34250 	 1.262e-03 	 3.693e-04 	 2.279e-04 
0.34750 	 1.146e-03 	 3.192e-04 	 1.924e-04 
0.35250 	 9.665e-04 	 2.789e-04 	 1.711e-04 
0.35750 	 8.049e-04 	 2.251e-04 	 1.541e-04 
0.36250 	 7.050e-04 	 2.173e-04 	 1.209e-04 
0.36750 	 6.406e-04 	 1.825e-04 	 9.431e-05 
0.37250 	 5.616e-04 	 1.708e-04 	 1.055e-04 
0.37750 	 4.651e-04 	 1.313e-04 	 9.445e-05 
0.38250 	 3.815e-04 	 1.206e-04 	 7.318e-05 
0.38750 	 3.464e-04 	 1.073e-04 	 6.877e-05 
0.39250 	 3.070e-04 	 9.198e-05 	 7.341e-05 
0.39750 	 3.122e-04 	 8.009e-05 	 6.026e-05 
0.40250 	 2.351e-04 	 6.959e-05 	 5.388e-05 
0.40750 	 2.038e-04 	 5.938e-05 	 3.850e-05 
0.41250 	 1.693e-04 	 4.973e-05 	 2.905e-05 
0.41750 	 1.499e-04 	 4.299e-05 	 3.226e-05 
0.42250 	 1.342e-04 	 4.161e-05 	 2.232e-05 
0.42750 	 1.008e-04 	 3.656e-05 	 2.167e-05 
0.43250 	 8.519e-05 	 3.332e-05 	 1.872e-05 
0.43750 	 9.185e-05 	 2.425e-05 	 2.086e-05 
0.44250 	 7.071e-05 	 2.460e-05 	 1.568e-05 
0.44750 	 6.532e-05 	 1.770e-05 	 1.048e-05 
0.45250 	 6.022e-05 	 1.783e-05 	 1.407e-05 
0.45750 	 4.618e-05 	 1.358e-05 	 8.266e-06 
0.46250 	 3.642e-05 	 1.176e-05 	 5.905e-06 
0.46750 	 3.402e-05 	 1.576e-05 	 8.297e-06 
0.47250 	 3.406e-05 	 1.011e-05 	 7.929e-06 
0.47750 	 2.530e-05 	 1.099e-05 	 9.572e-06 
0.48250 	 2.230e-05 	 1.011e-05 	 6.539e-06 
0.48750 	 2.140e-05 	 9.492e-06 	 4.024e-06 
0.49250 	 1.896e-05 	 7.126e-06 	 3.392e-06 
0.49750 	 1.505e-05 	 6.369e-06 	 7.726e-06 
0.50250 	 1.506e-05 	 6.474e-06 	 2.474e-06 
0.50750 	 1.466e-05 	 5.171e-06 	 1.458e-06 
0.51250 	 1.349e-05 	 6.844e-06 	 1.761e-06 
0.51750 	 9.867e-06 	 4.595e-06 	 7.163e-07 
0.52250 	 1.016e-05 	 3.031e-06 	 7.261e-07 
0.52750 	 1.135e-05 	 2.669e-06 	 1.100e-07 
0.53250 	 7.255e-06 	 1.772e-06 	 1.569e-07 
0.53750 	 5.970e-06 	 2.200e-06 	 2.835e-07 
0.54250 	 4.109e-06 	 1.141e-06 	 2.475e-07 
0.54750 	 3.108e-06 	 1.273e-06 	 1.117e-07 
0.55250 	 2.378e-06 	 9.246e-07 	 0.000e+00 
0.55750 	 2.599e-06 	 1.164e-06 	 0.000e+00 
0.56250 	 1.372e-06 	 7.543e-07 	 0.000e+00 
0.56750 	 1.000e-06 	 1.042e-06 	 0.000e+00 
0.57250 	 1.801e-06 	 2.549e-06 	 0.000e+00 
0.57750 	 1.600e-06 	 1.354e-06 	 0.000e+00 
0.58250 	 7.158e-07 	 5.238e-07 	 0.000e+00 
0.58750 	 5.764e-07 	 1.152e-07 	 0.000e+00 
0.59250 	 3.187e-06 	 1.615e-06 	 0.000e+00 
0.59750 	 2.797e-06 	 2.076e-06 	 0.000e+00 
0.60250 	 1.117e-06 	 7.803e-07 	 0.000e+00 
0.60750 	 6.398e-07 	 3.803e-07 	 0.000e+00 
0.61250 	 5.309e-07 	 5.529e-07 	 0.000e+00 
0.61750 	 5.328e-07 	 8.275e-07 	 0.000e+00 
0.62250 	 3.470e-07 	 2.370e-07 	 0.000e+00 
0.62750 	 2.753e-07 	 1.162e-07 	 0.000e+00 
0.63250 	 5.640e-08 	 2.112e-07 	 0.000e+00 
0.63750 	 2.926e-07 	 1.576e-07 	 0.000e+00 
0.64250 	 1.393e-07 	 1.790e-07 	 0.000e+00 
0.64750 	 1.673e-07 	 8.016e-08 	 0.000e+00 
0.65250 	 4.682e-08 	 0.000e+00 	 0.000e+00 
0.65750 	 1.394e-07 	 1.427e-07 	 0.000e+00 
0.66250 	 1.556e-07 	 6.390e-08 	 0.000e+00 
0.66750 	 1.310e-07 	 0.000e+00 	 0.000e+00 
0.67250 	 6.764e-08 	 5.881e-08 	 0.000e+00 
0.67750 	 1.020e-07 	 1.055e-07 	 0.000e+00 
0.68250 	 2.139e-07 	 0.000e+00 	 0.000e+00 
0.68750 	 1.629e-07 	 9.076e-08 	 0.000e+00 
0.69250 	 6.084e-07 	 1.141e-07 	 0.000e+00 
0.69750 	 3.975e-07 	 1.444e-07 	 0.000e+00 
0.70250 	 1.926e-07 	 0.000e+00 	 0.000e+00 
0.70750 	 3.022e-07 	 0.000e+00 	 0.000e+00 
0.71250 	 0.000e+00 	 0.000e+00 	 0.000e+00 
0.71750 	 6.181e-08 	 0.000e+00 	 0.000e+00 
0.72250 	 5.696e-08 	 0.000e+00 	 0.000e+00 
0.72750 	 1.015e-07 	 0.000e+00 	 0.000e+00 
0.73250 	 4.519e-08 	 0.000e+00 	 0.000e+00 
0.73750 	 4.165e-08 	 0.000e+00 	 0.000e+00 
0.74250 	 0.000e+00 	 0.000e+00 	 0.000e+00 
0.74750 	 3.788e-08 	 0.000e+00 	 0.000e+00 
0.75250 	 3.492e-08 	 0.000e+00 	 0.000e+00 
0.75750 	 0.000e+00 	 0.000e+00 	 0.000e+00 
0.76250 	 3.178e-08 	 0.000e+00 	 0.000e+00 
0.76750 	 5.669e-08 	 0.000e+00 	 0.000e+00 
0.77250 	 2.525e-08 	 0.000e+00 	 0.000e+00 
0.77750 	 0.000e+00 	 0.000e+00 	 0.000e+00 
0.78250 	 0.000e+00 	 0.000e+00 	 0.000e+00 
0.78750 	 4.391e-08 	 0.000e+00 	 0.000e+00 
0.79250 	 0.000e+00 	 0.000e+00 	 0.000e+00 
0.79750 	 3.738e-08 	 0.000e+00 	 0.000e+00 
0.80250 	 1.666e-08 	 0.000e+00 	 0.000e+00 
0.80750 	 2.973e-08 	 0.000e+00 	 0.000e+00 
0.81250 	 1.325e-08 	 0.000e+00 	 0.000e+00 
0.81750 	 0.000e+00 	 0.000e+00 	 0.000e+00 
0.82250 	 0.000e+00 	 0.000e+00 	 0.000e+00 
0.82750 	 0.000e+00 	 0.000e+00 	 0.000e+00 
0.83250 	 0.000e+00 	 0.000e+00 	 0.000e+00 
0.83750 	 0.000e+00 	 0.000e+00 	 0.000e+00 
0.84250 	 0.000e+00 	 0.000e+00 	 0.000e+00 
0.84750 	 0.000e+00 	 0.000e+00 	 0.000e+00 
0.85250 	 0.000e+00 	 0.000e+00 	 0.000e+00 
0.85750 	 0.000e+00 	 0.000e+00 	 0.000e+00 
0.86250 	 0.000e+00 	 0.000e+00 	 0.000e+00 
0.86750 	 0.000e+00 	 0.000e+00 	 0.000e+00 
0.87250 	 0.000e+00 	 0.000e+00 	 0.000e+00 
0.87750 	 0.000e+00 	 0.000e+00 	 0.000e+00 
0.88250 	 0.000e+00 	 0.000e+00 	 0.000e+00 
0.88750 	 0.000e+00 	 0.000e+00 	 0.000e+00 
0.89250 	 0.000e+00 	 0.000e+00 	 0.000e+00 
0.89750 	 0.000e+00 	 0.000e+00 	 0.000e+00 
0.90250 	 0.000e+00 	 0.000e+00 	 0.000e+00 
0.90750 	 0.000e+00 	 0.000e+00 	 0.000e+00 
0.91250 	 0.000e+00 	 0.000e+00 	 0.000e+00 
0.91750 	 0.000e+00 	 0.000e+00 	 0.000e+00 
0.92250 	 0.000e+00 	 0.000e+00 	 0.000e+00 
0.92750 	 0.000e+00 	 0.000e+00 	 0.000e+00 
0.93250 	 0.000e+00 	 0.000e+00 	 0.000e+00 
0.93750 	 0.000e+00 	 0.000e+00 	 0.000e+00 
0.94250 	 0.000e+00 	 0.000e+00 	 0.000e+00 
0.94750 	 0.000e+00 	 0.000e+00 	 0.000e+00 
0.95250 	 0.000e+00 	 0.000e+00 	 0.000e+00 
0.95750 	 0.000e+00 	 0.000e+00 	 0.000e+00 
0.96250 	 0.000e+00 	 0.000e+00 	 0.000e+00 
0.96750 	 0.000e+00 	 0.000e+00 	 0.000e+00 
0.97250 	 0.000e+00 	 0.000e+00 	 0.000e+00 
0.97750 	 0.000e+00 	 0.000e+00 	 0.000e+00 
0.98250 	 0.000e+00 	 0.000e+00 	 0.000e+00 
0.98750 	 0.000e+00 	 0.000e+00 	 0.000e+00 
0.99250 	 0.000e+00 	 0.000e+00 	 0.000e+00 
0.99750 	 0.000e+00 	 0.000e+00 	 0.000e+00 
1.00250 	 0.000e+00 	 0.000e+00 	 0.000e+00 
1.00750 	 0.000e+00 	 0.000e+00 	 0.000e+00 
1.01250 	 0.000e+00 	 0.000e+00 	 0.000e+00 
1.01750 	 0.000e+00 	 0.000e+00 	 0.000e+00 
1.02250 	 0.000e+00 	 0.000e+00 	 0.000e+00 
1.02750 	 0.000e+00 	 0.000e+00 	 0.000e+00 
1.03250 	 0.000e+00 	 0.000e+00 	 0.000e+00 
1.03750 	 0.000e+00 	 0.000e+00 	 0.000e+00 
1.04250 	 0.000e+00 	 0.000e+00 	 0.000e+00 
1.04750 	 0.000e+00 	 0.000e+00 	 0.000e+00 
1.05250 	 0.000e+00 	 0.000e+00 	 0.000e+00 
1.05750 	 0.000e+00 	 0.000e+00 	 0.000e+00 
1.06250 	 0.000e+00 	 0.000e+00 	 0.000e+00 
1.06750 	 0.000e+00 	 0.000e+00 	 0.000e+00 
1.07250 	 0.000e+00 	 0.000e+00 	 0.000e+00 
1.07750 	 0.000e+00 	 0.000e+00 	 0.000e+00 
1.08250 	 0.000e+00 	 0.000e+00 	 0.000e+00 
1.08750 	 0.000e+00 	 0.000e+00 	 0.000e+00 
1.09250 	 0.000e+00 	 0.000e+00 	 0.000e+00 
1.09750 	 0.000e+00 	 0.000e+00 	 0.000e+00 
1.10250 	 0.000e+00 	 0.000e+00 	 0.000e+00 
1.10750 	 0.000e+00 	 0.000e+00 	 0.000e+00 
1.11250 	 0.000e+00 	 0.000e+00 	 0.000e+00 
1.11750 	 0.000e+00 	 0.000e+00 	 0.000e+00 
1.12250 	 0.000e+00 	 0.000e+00 	 0.000e+00 
1.12750 	 0.000e+00 	 0.000e+00 	 0.000e+00 
1.13250 	 0.000e+00 	 0.000e+00 	 0.000e+00 
1.13750 	 0.000e+00 	 0.000e+00 	 0.000e+00 
1.14250 	 0.000e+00 	 0.000e+00 	 0.000e+00 
1.14750 	 0.000e+00 	 0.000e+00 	 0.000e+00 
1.15250 	 0.000e+00 	 0.000e+00 	 0.000e+00 
1.15750 	 0.000e+00 	 0.000e+00 	 0.000e+00 
1.16250 	 0.000e+00 	 0.000e+00 	 0.000e+00 
1.16750 	 0.000e+00 	 0.000e+00 	 0.000e+00 
1.17250 	 0.000e+00 	 0.000e+00 	 0.000e+00 
1.17750 	 0.000e+00 	 0.000e+00 	 0.000e+00 
1.18250 	 0.000e+00 	 0.000e+00 	 0.000e+00 
1.18750 	 0.000e+00 	 0.000e+00 	 0.000e+00 
1.19250 	 0.000e+00 	 0.000e+00 	 0.000e+00 
1.19750 	 0.000e+00 	 0.000e+00 	 0.000e+00 
1.20250 	 0.000e+00 	 0.000e+00 	 0.000e+00 
1.20750 	 0.000e+00 	 0.000e+00 	 0.000e+00 
1.21250 	 0.000e+00 	 0.000e+00 	 0.000e+00 
1.21750 	 0.000e+00 	 0.000e+00 	 0.000e+00 
1.22250 	 0.000e+00 	 0.000e+00 	 0.000e+00 
1.22750 	 0.000e+00 	 0.000e+00 	 0.000e+00 
1.23250 	 0.000e+00 	 0.000e+00 	 0.000e+00 
1.23750 	 0.000e+00 	 0.000e+00 	 0.000e+00 
1.24250 	 0.000e+00 	 0.000e+00 	 0.000e+00 
1.24750 	 0.000e+00 	 0.000e+00 	 0.000e+00 
1.25250 	 0.000e+00 	 0.000e+00 	 0.000e+00 
1.25750 	 0.000e+00 	 0.000e+00 	 0.000e+00 
1.26250 	 0.000e+00 	 0.000e+00 	 0.000e+00 
1.26750 	 0.000e+00 	 0.000e+00 	 0.000e+00 
1.27250 	 0.000e+00 	 0.000e+00 	 0.000e+00 
1.27750 	 0.000e+00 	 0.000e+00 	 0.000e+00 
1.28250 	 0.000e+00 	 0.000e+00 	 0.000e+00 
1.28750 	 0.000e+00 	 0.000e+00 	 0.000e+00 
1.29250 	 0.000e+00 	 0.000e+00 	 0.000e+00 
1.29750 	 0.000e+00 	 0.000e+00 	 0.000e+00 
1.30250 	 0.000e+00 	 0.000e+00 	 0.000e+00 
1.30750 	 0.000e+00 	 0.000e+00 	 0.000e+00 
1.31250 	 0.000e+00 	 0.000e+00 	 0.000e+00 
1.31750 	 0.000e+00 	 0.000e+00 	 0.000e+00 
1.32250 	 0.000e+00 	 0.000e+00 	 0.000e+00 
1.32750 	 0.000e+00 	 0.000e+00 	 0.000e+00 
1.33250 	 0.000e+00 	 0.000e+00 	 0.000e+00 
1.33750 	 0.000e+00 	 0.000e+00 	 0.000e+00 
1.34250 	 0.000e+00 	 0.000e+00 	 0.000e+00 
1.34750 	 0.000e+00 	 0.000e+00 	 0.000e+00 
1.35250 	 0.000e+00 	 0.000e+00 	 0.000e+00 
1.35750 	 0.000e+00 	 0.000e+00 	 0.000e+00 
1.36250 	 0.000e+00 	 0.000e+00 	 0.000e+00 
1.36750 	 0.000e+00 	 0.000e+00 	 0.000e+00 
1.37250 	 0.000e+00 	 0.000e+00 	 0.000e+00 
1.37750 	 0.000e+00 	 0.000e+00 	 0.000e+00 
1.38250 	 0.000e+00 	 0.000e+00 	 0.000e+00 
1.38750 	 0.000e+00 	 0.000e+00 	 0.000e+00 
1.39250 	 0.000e+00 	 0.000e+00 	 0.000e+00 
1.39750 	 0.000e+00 	 0.000e+00 	 0.000e+00 
1.40250 	 0.000e+00 	 0.000e+00 	 0.000e+00 
1.40750 	 0.000e+00 	 0.000e+00 	 0.000e+00 
1.41250 	 0.000e+00 	 0.000e+00 	 0.000e+00 
1.41750 	 0.000e+00 	 0.000e+00 	 0.000e+00 
1.42250 	 0.000e+00 	 0.000e+00 	 0.000e+00 
1.42750 	 0.000e+00 	 0.000e+00 	 0.000e+00 
1.43250 	 0.000e+00 	 0.000e+00 	 0.000e+00 
1.43750 	 0.000e+00 	 0.000e+00 	 0.000e+00 
1.44250 	 0.000e+00 	 0.000e+00 	 0.000e+00 
1.44750 	 0.000e+00 	 0.000e+00 	 0.000e+00 
1.45250 	 0.000e+00 	 0.000e+00 	 0.000e+00 
1.45750 	 0.000e+00 	 0.000e+00 	 0.000e+00 
1.46250 	 0.000e+00 	 0.000e+00 	 0.000e+00 
1.46750 	 0.000e+00 	 0.000e+00 	 0.000e+00 
1.47250 	 0.000e+00 	 0.000e+00 	 0.000e+00 
1.47750 	 0.000e+00 	 0.000e+00 	 0.000e+00 
1.48250 	 0.000e+00 	 0.000e+00 	 0.000e+00 
1.48750 	 0.000e+00 	 0.000e+00 	 0.000e+00 
1.49250 	 0.000e+00 	 0.000e+00 	 0.000e+00 
1.49750 	 0.000e+00 	 0.000e+00 	 0.000e+00 
1.50250 	 0.000e+00 	 0.000e+00 	 0.000e+00 
1.50750 	 0.000e+00 	 0.000e+00 	 0.000e+00 
1.51250 	 0.000e+00 	 0.000e+00 	 0.000e+00 
1.51750 	 0.000e+00 	 0.000e+00 	 0.000e+00 
1.52250 	 0.000e+00 	 0.000e+00 	 0.000e+00 
1.52750 	 0.000e+00 	 0.000e+00 	 0.000e+00 
1.53250 	 0.000e+00 	 0.000e+00 	 0.000e+00 
1.53750 	 0.000e+00 	 0.000e+00 	 0.000e+00 
1.54250 	 0.000e+00 	 0.000e+00 	 0.000e+00 
1.54750 	 0.000e+00 	 0.000e+00 	 0.000e+00 
1.55250 	 0.000e+00 	 0.000e+00 	 0.000e+00 
1.55750 	 0.000e+00 	 0.000e+00 	 0.000e+00 
1.56250 	 0.000e+00 	 0.000e+00 	 0.000e+00 
1.56750 	 0.000e+00 	 0.000e+00 	 0.000e+00 
1.57250 	 0.000e+00 	 0.000e+00 	 0.000e+00 
1.57750 	 0.000e+00 	 0.000e+00 	 0.000e+00 
1.58250 	 0.000e+00 	 0.000e+00 	 0.000e+00 
1.58750 	 0.000e+00 	 0.000e+00 	 0.000e+00 
1.59250 	 0.000e+00 	 0.000e+00 	 0.000e+00 
1.59750 	 0.000e+00 	 0.000e+00 	 0.000e+00 
1.60250 	 0.000e+00 	 0.000e+00 	 0.000e+00 
1.60750 	 0.000e+00 	 0.000e+00 	 0.000e+00 
1.61250 	 0.000e+00 	 0.000e+00 	 0.000e+00 
1.61750 	 0.000e+00 	 0.000e+00 	 0.000e+00 
1.62250 	 0.000e+00 	 0.000e+00 	 0.000e+00 
1.62750 	 0.000e+00 	 0.000e+00 	 0.000e+00 
1.63250 	 0.000e+00 	 0.000e+00 	 0.000e+00 
1.63750 	 0.000e+00 	 0.000e+00 	 0.000e+00 
1.64250 	 0.000e+00 	 0.000e+00 	 0.000e+00 
1.64750 	 0.000e+00 	 0.000e+00 	 0.000e+00 
1.65250 	 0.000e+00 	 0.000e+00 	 0.000e+00 
1.65750 	 0.000e+00 	 0.000e+00 	 0.000e+00 
1.66250 	 0.000e+00 	 0.000e+00 	 0.000e+00 
1.66750 	 0.000e+00 	 0.000e+00 	 0.000e+00 
1.67250 	 0.000e+00 	 0.000e+00 	 0.000e+00 
1.67750 	 0.000e+00 	 0.000e+00 	 0.000e+00 
1.68250 	 0.000e+00 	 0.000e+00 	 0.000e+00 
1.68750 	 0.000e+00 	 0.000e+00 	 0.000e+00 
1.69250 	 0.000e+00 	 0.000e+00 	 0.000e+00 
1.69750 	 0.000e+00 	 0.000e+00 	 0.000e+00 
1.70250 	 0.000e+00 	 0.000e+00 	 0.000e+00 
1.70750 	 0.000e+00 	 0.000e+00 	 0.000e+00 
1.71250 	 0.000e+00 	 0.000e+00 	 0.000e+00 
1.71750 	 0.000e+00 	 0.000e+00 	 0.000e+00 
1.72250 	 0.000e+00 	 0.000e+00 	 0.000e+00 
1.72750 	 0.000e+00 	 0.000e+00 	 0.000e+00 
1.73250 	 0.000e+00 	 0.000e+00 	 0.000e+00 
1.73750 	 0.000e+00 	 0.000e+00 	 0.000e+00 
1.74250 	 0.000e+00 	 0.000e+00 	 0.000e+00 
1.74750 	 0.000e+00 	 0.000e+00 	 0.000e+00 
1.75250 	 0.000e+00 	 0.000e+00 	 0.000e+00 
1.75750 	 0.000e+00 	 0.000e+00 	 0.000e+00 
1.76250 	 0.000e+00 	 0.000e+00 	 0.000e+00 
1.76750 	 0.000e+00 	 0.000e+00 	 0.000e+00 
1.77250 	 0.000e+00 	 0.000e+00 	 0.000e+00 
1.77750 	 0.000e+00 	 0.000e+00 	 0.000e+00 
1.78250 	 0.000e+00 	 0.000e+00 	 0.000e+00 
1.78750 	 0.000e+00 	 0.000e+00 	 0.000e+00 
1.79250 	 0.000e+00 	 0.000e+00 	 0.000e+00 
1.79750 	 0.000e+00 	 0.000e+00 	 0.000e+00 
1.80250 	 0.000e+00 	 0.000e+00 	 0.000e+00 
1.80750 	 0.000e+00 	 0.000e+00 	 0.000e+00 
1.81250 	 0.000e+00 	 0.000e+00 	 0.000e+00 
1.81750 	 0.000e+00 	 0.000e+00 	 0.000e+00 
1.82250 	 0.000e+00 	 0.000e+00 	 0.000e+00 
1.82750 	 0.000e+00 	 0.000e+00 	 0.000e+00 
1.83250 	 0.000e+00 	 0.000e+00 	 0.000e+00 
1.83750 	 0.000e+00 	 0.000e+00 	 0.000e+00 
1.84250 	 0.000e+00 	 0.000e+00 	 0.000e+00 
1.84750 	 0.000e+00 	 0.000e+00 	 0.000e+00 
1.85250 	 0.000e+00 	 0.000e+00 	 0.000e+00 
1.85750 	 0.000e+00 	 0.000e+00 	 0.000e+00 
1.86250 	 0.000e+00 	 0.000e+00 	 0.000e+00 
1.86750 	 0.000e+00 	 0.000e+00 	 0.000e+00 
1.87250 	 0.000e+00 	 0.000e+00 	 0.000e+00 
1.87750 	 0.000e+00 	 0.000e+00 	 0.000e+00 
1.88250 	 0.000e+00 	 0.000e+00 	 0.000e+00 
1.88750 	 0.000e+00 	 0.000e+00 	 0.000e+00 
1.89250 	 0.000e+00 	 0.000e+00 	 0.000e+00 
1.89750 	 0.000e+00 	 0.000e+00 	 0.000e+00 
1.90250 	 0.000e+00 	 0.000e+00 	 0.000e+00 
1.90750 	 0.000e+00 	 0.000e+00 	 0.000e+00 
1.91250 	 0.000e+00 	 0.000e+00 	 0.000e+00 
1.91750 	 0.000e+00 	 0.000e+00 	 0.000e+00 
1.92250 	 0.000e+00 	 0.000e+00 	 0.000e+00 
1.92750 	 0.000e+00 	 0.000e+00 	 0.000e+00 
1.93250 	 0.000e+00 	 0.000e+00 	 0.000e+00 
1.93750 	 0.000e+00 	 0.000e+00 	 0.000e+00 
1.94250 	 0.000e+00 	 0.000e+00 	 0.000e+00 
1.94750 	 0.000e+00 	 0.000e+00 	 0.000e+00 
1.95250 	 0.000e+00 	 0.000e+00 	 0.000e+00 
1.95750 	 0.000e+00 	 0.000e+00 	 0.000e+00 
1.96250 	 0.000e+00 	 0.000e+00 	 0.000e+00 
1.96750 	 0.000e+00 	 0.000e+00 	 0.000e+00 
1.97250 	 0.000e+00 	 0.000e+00 	 0.000e+00 
1.97750 	 0.000e+00 	 0.000e+00 	 0.000e+00 
1.98250 	 0.000e+00 	 0.000e+00 	 0.000e+00 
1.98750 	 0.000e+00 	 0.000e+00 	 0.000e+00 
1.99250 	 0.000e+00 	 0.000e+00 	 0.000e+00 
1.99750 	 0.000e+00 	 0.000e+00 	 0.000e+00 
2.00250 	 0.000e+00 	 0.000e+00 	 0.000e+00 
2.00750 	 0.000e+00 	 0.000e+00 	 0.000e+00 
2.01250 	 0.000e+00 	 0.000e+00 	 0.000e+00 
2.01750 	 0.000e+00 	 0.000e+00 	 0.000e+00 
2.02250 	 0.000e+00 	 0.000e+00 	 0.000e+00 
2.02750 	 0.000e+00 	 0.000e+00 	 0.000e+00 
2.03250 	 0.000e+00 	 0.000e+00 	 0.000e+00 
2.03750 	 0.000e+00 	 0.000e+00 	 0.000e+00 
2.04250 	 0.000e+00 	 0.000e+00 	 0.000e+00 
2.04750 	 0.000e+00 	 0.000e+00 	 0.000e+00 
2.05250 	 0.000e+00 	 0.000e+00 	 0.000e+00 
2.05750 	 0.000e+00 	 0.000e+00 	 0.000e+00 
2.06250 	 0.000e+00 	 0.000e+00 	 0.000e+00 
2.06750 	 0.000e+00 	 0.000e+00 	 0.000e+00 
2.07250 	 0.000e+00 	 0.000e+00 	 0.000e+00 
2.07750 	 0.000e+00 	 0.000e+00 	 0.000e+00 
2.08250 	 0.000e+00 	 0.000e+00 	 0.000e+00 
2.08750 	 0.000e+00 	 0.000e+00 	 0.000e+00 
2.09250 	 0.000e+00 	 0.000e+00 	 0.000e+00 
2.09750 	 0.000e+00 	 0.000e+00 	 0.000e+00 
2.10250 	 0.000e+00 	 0.000e+00 	 0.000e+00 
2.10750 	 0.000e+00 	 0.000e+00 	 0.000e+00 
2.11250 	 0.000e+00 	 0.000e+00 	 0.000e+00 
2.11750 	 0.000e+00 	 0.000e+00 	 0.000e+00 
2.12250 	 0.000e+00 	 0.000e+00 	 0.000e+00 
2.12750 	 0.000e+00 	 0.000e+00 	 0.000e+00 
2.13250 	 0.000e+00 	 0.000e+00 	 0.000e+00 
2.13750 	 0.000e+00 	 0.000e+00 	 0.000e+00 
2.14250 	 0.000e+00 	 0.000e+00 	 0.000e+00 
2.14750 	 0.000e+00 	 0.000e+00 	 0.000e+00 
2.15250 	 0.000e+00 	 0.000e+00 	 0.000e+00 
2.15750 	 0.000e+00 	 0.000e+00 	 0.000e+00 
2.16250 	 0.000e+00 	 0.000e+00 	 0.000e+00 
2.16750 	 0.000e+00 	 0.000e+00 	 0.000e+00 
2.17250 	 0.000e+00 	 0.000e+00 	 0.000e+00 
2.17750 	 0.000e+00 	 0.000e+00 	 0.000e+00 
2.18250 	 0.000e+00 	 0.000e+00 	 0.000e+00 
2.18750 	 0.000e+00 	 0.000e+00 	 0.000e+00 
2.19250 	 0.000e+00 	 0.000e+00 	 0.000e+00 
2.19750 	 0.000e+00 	 0.000e+00 	 0.000e+00 
2.20250 	 0.000e+00 	 0.000e+00 	 0.000e+00 
2.20750 	 0.000e+00 	 0.000e+00 	 0.000e+00 
2.21250 	 0.000e+00 	 0.000e+00 	 0.000e+00 
2.21750 	 0.000e+00 	 0.000e+00 	 0.000e+00 
2.22250 	 0.000e+00 	 0.000e+00 	 0.000e+00 
2.22750 	 0.000e+00 	 0.000e+00 	 0.000e+00 
2.23250 	 0.000e+00 	 0.000e+00 	 0.000e+00 
2.23750 	 0.000e+00 	 0.000e+00 	 0.000e+00 
2.24250 	 0.000e+00 	 0.000e+00 	 0.000e+00 
2.24750 	 0.000e+00 	 0.000e+00 	 0.000e+00 
2.25250 	 0.000e+00 	 0.000e+00 	 0.000e+00 
2.25750 	 0.000e+00 	 0.000e+00 	 0.000e+00 
2.26250 	 0.000e+00 	 0.000e+00 	 0.000e+00 
2.26750 	 0.000e+00 	 0.000e+00 	 0.000e+00 
2.27250 	 0.000e+00 	 0.000e+00 	 0.000e+00 
2.27750 	 0.000e+00 	 0.000e+00 	 0.000e+00 
2.28250 	 0.000e+00 	 0.000e+00 	 0.000e+00 
2.28750 	 0.000e+00 	 0.000e+00 	 0.000e+00 
2.29250 	 0.000e+00 	 0.000e+00 	 0.000e+00 
2.29750 	 0.000e+00 	 0.000e+00 	 0.000e+00 
2.30250 	 0.000e+00 	 0.000e+00 	 0.000e+00 
2.30750 	 0.000e+00 	 0.000e+00 	 0.000e+00 
2.31250 	 0.000e+00 	 0.000e+00 	 0.000e+00 
2.31750 	 0.000e+00 	 0.000e+00 	 0.000e+00 
2.32250 	 0.000e+00 	 0.000e+00 	 0.000e+00 
2.32750 	 0.000e+00 	 0.000e+00 	 0.000e+00 
2.33250 	 0.000e+00 	 0.000e+00 	 0.000e+00 
2.33750 	 0.000e+00 	 0.000e+00 	 0.000e+00 
2.34250 	 0.000e+00 	 0.000e+00 	 0.000e+00 
2.34750 	 0.000e+00 	 0.000e+00 	 0.000e+00 
2.35250 	 0.000e+00 	 0.000e+00 	 0.000e+00 
2.35750 	 0.000e+00 	 0.000e+00 	 0.000e+00 
2.36250 	 0.000e+00 	 0.000e+00 	 0.000e+00 
2.36750 	 0.000e+00 	 0.000e+00 	 0.000e+00 
2.37250 	 0.000e+00 	 0.000e+00 	 0.000e+00 
2.37750 	 0.000e+00 	 0.000e+00 	 0.000e+00 
2.38250 	 0.000e+00 	 0.000e+00 	 0.000e+00 
2.38750 	 0.000e+00 	 0.000e+00 	 0.000e+00 
2.39250 	 0.000e+00 	 0.000e+00 	 0.000e+00 
2.39750 	 0.000e+00 	 0.000e+00 	 0.000e+00 
2.40250 	 0.000e+00 	 0.000e+00 	 0.000e+00 
2.40750 	 0.000e+00 	 0.000e+00 	 0.000e+00 
2.41250 	 0.000e+00 	 0.000e+00 	 0.000e+00 
2.41750 	 0.000e+00 	 0.000e+00 	 0.000e+00 
2.42250 	 0.000e+00 	 0.000e+00 	 0.000e+00 
2.42750 	 0.000e+00 	 0.000e+00 	 0.000e+00 
2.43250 	 0.000e+00 	 0.000e+00 	 0.000e+00 
2.43750 	 0.000e+00 	 0.000e+00 	 0.000e+00 
2.44250 	 0.000e+00 	 0.000e+00 	 0.000e+00 
2.44750 	 0.000e+00 	 0.000e+00 	 0.000e+00 
2.45250 	 0.000e+00 	 0.000e+00 	 0.000e+00 
2.45750 	 0.000e+00 	 0.000e+00 	 0.000e+00 
2.46250 	 0.000e+00 	 0.000e+00 	 0.000e+00 
2.46750 	 0.000e+00 	 0.000e+00 	 0.000e+00 
2.47250 	 0.000e+00 	 0.000e+00 	 0.000e+00 
2.47750 	 0.000e+00 	 0.000e+00 	 0.000e+00 
2.48250 	 0.000e+00 	 0.000e+00 	 0.000e+00 
2.48750 	 0.000e+00 	 0.000e+00 	 0.000e+00 
2.49250 	 0.000e+00 	 0.000e+00 	 0.000e+00 
2.49750 	 0.000e+00 	 0.000e+00 	 0.000e+00 
2.50250 	 0.000e+00 	 0.000e+00 	 0.000e+00 
2.50750 	 0.000e+00 	 0.000e+00 	 0.000e+00 
2.51250 	 0.000e+00 	 0.000e+00 	 0.000e+00 
2.51750 	 0.000e+00 	 0.000e+00 	 0.000e+00 
2.52250 	 0.000e+00 	 0.000e+00 	 0.000e+00 
2.52750 	 0.000e+00 	 0.000e+00 	 0.000e+00 
2.53250 	 0.000e+00 	 0.000e+00 	 0.000e+00 
2.53750 	 0.000e+00 	 0.000e+00 	 0.000e+00 
2.54250 	 0.000e+00 	 0.000e+00 	 0.000e+00 
2.54750 	 0.000e+00 	 0.000e+00 	 0.000e+00 
2.55250 	 0.000e+00 	 0.000e+00 	 0.000e+00 
2.55750 	 0.000e+00 	 0.000e+00 	 0.000e+00 
2.56250 	 0.000e+00 	 0.000e+00 	 0.000e+00 
2.56750 	 0.000e+00 	 0.000e+00 	 0.000e+00 
2.57250 	 0.000e+00 	 0.000e+00 	 0.000e+00 
2.57750 	 0.000e+00 	 0.000e+00 	 0.000e+00 
2.58250 	 0.000e+00 	 0.000e+00 	 0.000e+00 
2.58750 	 0.000e+00 	 0.000e+00 	 0.000e+00 
2.59250 	 0.000e+00 	 0.000e+00 	 0.000e+00 
2.59750 	 0.000e+00 	 0.000e+00 	 0.000e+00 
2.60250 	 0.000e+00 	 0.000e+00 	 0.000e+00 
2.60750 	 0.000e+00 	 0.000e+00 	 0.000e+00 
2.61250 	 0.000e+00 	 0.000e+00 	 0.000e+00 
2.61750 	 0.000e+00 	 0.000e+00 	 0.000e+00 
2.62250 	 0.000e+00 	 0.000e+00 	 0.000e+00 
2.62750 	 0.000e+00 	 0.000e+00 	 0.000e+00 
2.63250 	 0.000e+00 	 0.000e+00 	 0.000e+00 
2.63750 	 0.000e+00 	 0.000e+00 	 0.000e+00 
2.64250 	 0.000e+00 	 0.000e+00 	 0.000e+00 
2.64750 	 0.000e+00 	 0.000e+00 	 0.000e+00 
2.65250 	 0.000e+00 	 0.000e+00 	 0.000e+00 
2.65750 	 0.000e+00 	 0.000e+00 	 0.000e+00 
2.66250 	 0.000e+00 	 0.000e+00 	 0.000e+00 
2.66750 	 0.000e+00 	 0.000e+00 	 0.000e+00 
2.67250 	 0.000e+00 	 0.000e+00 	 0.000e+00 
2.67750 	 0.000e+00 	 0.000e+00 	 0.000e+00 
2.68250 	 0.000e+00 	 0.000e+00 	 0.000e+00 
2.68750 	 0.000e+00 	 0.000e+00 	 0.000e+00 
2.69250 	 0.000e+00 	 0.000e+00 	 0.000e+00 
2.69750 	 0.000e+00 	 0.000e+00 	 0.000e+00 
2.70250 	 0.000e+00 	 0.000e+00 	 0.000e+00 
2.70750 	 0.000e+00 	 0.000e+00 	 0.000e+00 
2.71250 	 0.000e+00 	 0.000e+00 	 0.000e+00 
2.71750 	 0.000e+00 	 0.000e+00 	 0.000e+00 
2.72250 	 0.000e+00 	 0.000e+00 	 0.000e+00 
2.72750 	 0.000e+00 	 0.000e+00 	 0.000e+00 
2.73250 	 0.000e+00 	 0.000e+00 	 0.000e+00 
2.73750 	 0.000e+00 	 0.000e+00 	 0.000e+00 
2.74250 	 0.000e+00 	 0.000e+00 	 0.000e+00 
2.74750 	 0.000e+00 	 0.000e+00 	 0.000e+00 
2.75250 	 0.000e+00 	 0.000e+00 	 0.000e+00 
2.75750 	 0.000e+00 	 0.000e+00 	 0.000e+00 
2.76250 	 0.000e+00 	 0.000e+00 	 0.000e+00 
2.76750 	 0.000e+00 	 0.000e+00 	 0.000e+00 
2.77250 	 0.000e+00 	 0.000e+00 	 0.000e+00 
2.77750 	 0.000e+00 	 0.000e+00 	 0.000e+00 
2.78250 	 0.000e+00 	 0.000e+00 	 0.000e+00 
2.78750 	 0.000e+00 	 0.000e+00 	 0.000e+00 
2.79250 	 0.000e+00 	 0.000e+00 	 0.000e+00 
2.79750 	 0.000e+00 	 0.000e+00 	 0.000e+00 
2.80250 	 0.000e+00 	 0.000e+00 	 0.000e+00 
2.80750 	 0.000e+00 	 0.000e+00 	 0.000e+00 
2.81250 	 0.000e+00 	 0.000e+00 	 0.000e+00 
2.81750 	 0.000e+00 	 0.000e+00 	 0.000e+00 
2.82250 	 0.000e+00 	 0.000e+00 	 0.000e+00 
2.82750 	 0.000e+00 	 0.000e+00 	 0.000e+00 
2.83250 	 0.000e+00 	 0.000e+00 	 0.000e+00 
2.83750 	 0.000e+00 	 0.000e+00 	 0.000e+00 
2.84250 	 0.000e+00 	 0.000e+00 	 0.000e+00 
2.84750 	 0.000e+00 	 0.000e+00 	 0.000e+00 
2.85250 	 0.000e+00 	 0.000e+00 	 0.000e+00 
2.85750 	 0.000e+00 	 0.000e+00 	 0.000e+00 
2.86250 	 0.000e+00 	 0.000e+00 	 0.000e+00 
2.86750 	 0.000e+00 	 0.000e+00 	 0.000e+00 
2.87250 	 0.000e+00 	 0.000e+00 	 0.000e+00 
2.87750 	 0.000e+00 	 0.000e+00 	 0.000e+00 
2.88250 	 0.000e+00 	 0.000e+00 	 0.000e+00 
2.88750 	 0.000e+00 	 0.000e+00 	 0.000e+00 
2.89250 	 0.000e+00 	 0.000e+00 	 0.000e+00 
2.89750 	 0.000e+00 	 0.000e+00 	 0.000e+00 
2.90250 	 0.000e+00 	 0.000e+00 	 0.000e+00 
2.90750 	 0.000e+00 	 0.000e+00 	 0.000e+00 
2.91250 	 0.000e+00 	 0.000e+00 	 0.000e+00 
2.91750 	 0.000e+00 	 0.000e+00 	 0.000e+00 
2.92250 	 0.000e+00 	 0.000e+00 	 0.000e+00 
2.92750 	 0.000e+00 	 0.000e+00 	 0.000e+00 
2.93250 	 0.000e+00 	 0.000e+00 	 0.000e+00 
2.93750 	 0.000e+00 	 0.000e+00 	 0.000e+00 
2.94250 	 0.000e+00 	 0.000e+00 	 0.000e+00 
2.94750 	 0.000e+00 	 0.000e+00 	 0.000e+00 
2.95250 	 0.000e+00 	 0.000e+00 	 0.000e+00 
2.95750 	 0.000e+00 	 0.000e+00 	 0.000e+00 
2.96250 	 0.000e+00 	 0.000e+00 	 0.000e+00 
2.96750 	 0.000e+00 	 0.000e+00 	 0.000e+00 
2.97250 	 0.000e+00 	 0.000e+00 	 0.000e+00 
2.97750 	 0.000e+00 	 0.000e+00 	 0.000e+00 
2.98250 	 0.000e+00 	 0.000e+00 	 0.000e+00 
2.98750 	 0.000e+00 	 0.000e+00 	 0.000e+00 
2.99250 	 0.000e+00 	 0.000e+00 	 0.000e+00 
2.99750 	 0.000e+00 	 0.000e+00 	 0.000e+00 
3.00250 	 0.000e+00 	 0.000e+00 	 0.000e+00 
3.00750 	 0.000e+00 	 0.000e+00 	 0.000e+00 
3.01250 	 0.000e+00 	 0.000e+00 	 0.000e+00 
3.01750 	 0.000e+00 	 0.000e+00 	 0.000e+00 
3.02250 	 0.000e+00 	 0.000e+00 	 0.000e+00 
3.02750 	 0.000e+00 	 0.000e+00 	 0.000e+00 
3.03250 	 0.000e+00 	 0.000e+00 	 0.000e+00 
3.03750 	 0.000e+00 	 0.000e+00 	 0.000e+00 
3.04250 	 0.000e+00 	 0.000e+00 	 0.000e+00 
3.04750 	 0.000e+00 	 0.000e+00 	 0.000e+00 
3.05250 	 0.000e+00 	 0.000e+00 	 0.000e+00 
3.05750 	 0.000e+00 	 0.000e+00 	 0.000e+00 
3.06250 	 0.000e+00 	 0.000e+00 	 0.000e+00 
3.06750 	 0.000e+00 	 0.000e+00 	 0.000e+00 
3.07250 	 0.000e+00 	 0.000e+00 	 0.000e+00 
3.07750 	 0.000e+00 	 0.000e+00 	 0.000e+00 
3.08250 	 0.000e+00 	 0.000e+00 	 0.000e+00 
3.08750 	 0.000e+00 	 0.000e+00 	 0.000e+00 
3.09250 	 0.000e+00 	 0.000e+00 	 0.000e+00 
3.09750 	 0.000e+00 	 0.000e+00 	 0.000e+00 
3.10250 	 0.000e+00 	 0.000e+00 	 0.000e+00 
3.10750 	 0.000e+00 	 0.000e+00 	 0.000e+00 
3.11250 	 0.000e+00 	 0.000e+00 	 0.000e+00 
3.11750 	 0.000e+00 	 0.000e+00 	 0.000e+00 
3.12250 	 0.000e+00 	 0.000e+00 	 0.000e+00 
3.12750 	 0.000e+00 	 0.000e+00 	 0.000e+00 
3.13250 	 0.000e+00 	 0.000e+00 	 0.000e+00 
3.13750 	 0.000e+00 	 0.000e+00 	 0.000e+00 
3.14250 	 0.000e+00 	 0.000e+00 	 0.000e+00 
3.14750 	 0.000e+00 	 0.000e+00 	 0.000e+00 
3.15250 	 0.000e+00 	 0.000e+00 	 0.000e+00 
3.15750 	 0.000e+00 	 0.000e+00 	 0.000e+00 
3.16250 	 0.000e+00 	 0.000e+00 	 0.000e+00 
3.16750 	 0.000e+00 	 0.000e+00 	 0.000e+00 
3.17250 	 0.000e+00 	 0.000e+00 	 0.000e+00 
3.17750 	 0.000e+00 	 0.000e+00 	 0.000e+00 
3.18250 	 0.000e+00 	 0.000e+00 	 0.000e+00 
3.18750 	 0.000e+00 	 0.000e+00 	 0.000e+00 
3.19250 	 0.000e+00 	 0.000e+00 	 0.000e+00 
3.19750 	 0.000e+00 	 0.000e+00 	 0.000e+00 
3.20250 	 0.000e+00 	 0.000e+00 	 0.000e+00 
3.20750 	 0.000e+00 	 0.000e+00 	 0.000e+00 
3.21250 	 0.000e+00 	 0.000e+00 	 0.000e+00 
3.21750 	 0.000e+00 	 0.000e+00 	 0.000e+00 
3.22250 	 0.000e+00 	 0.000e+00 	 0.000e+00 
3.22750 	 0.000e+00 	 0.000e+00 	 0.000e+00 
3.23250 	 0.000e+00 	 0.000e+00 	 0.000e+00 
3.23750 	 0.000e+00 	 0.000e+00 	 0.000e+00 
3.24250 	 0.000e+00 	 0.000e+00 	 0.000e+00 
3.24750 	 0.000e+00 	 0.000e+00 	 0.000e+00 
3.25250 	 0.000e+00 	 0.000e+00 	 0.000e+00 
3.25750 	 0.000e+00 	 0.000e+00 	 0.000e+00 
3.26250 	 0.000e+00 	 0.000e+00 	 0.000e+00 
3.26750 	 0.000e+00 	 0.000e+00 	 0.000e+00 
3.27250 	 0.000e+00 	 0.000e+00 	 0.000e+00 
3.27750 	 0.000e+00 	 0.000e+00 	 0.000e+00 
3.28250 	 0.000e+00 	 0.000e+00 	 0.000e+00 
3.28750 	 0.000e+00 	 0.000e+00 	 0.000e+00 
3.29250 	 0.000e+00 	 0.000e+00 	 0.000e+00 
3.29750 	 0.000e+00 	 0.000e+00 	 0.000e+00 
3.30250 	 0.000e+00 	 0.000e+00 	 0.000e+00 
3.30750 	 0.000e+00 	 0.000e+00 	 0.000e+00 
3.31250 	 0.000e+00 	 0.000e+00 	 0.000e+00 
3.31750 	 0.000e+00 	 0.000e+00 	 0.000e+00 
3.32250 	 0.000e+00 	 0.000e+00 	 0.000e+00 
3.32750 	 0.000e+00 	 0.000e+00 	 0.000e+00 
3.33250 	 0.000e+00 	 0.000e+00 	 0.000e+00 
3.33750 	 0.000e+00 	 0.000e+00 	 0.000e+00 
3.34250 	 0.000e+00 	 0.000e+00 	 0.000e+00 
3.34750 	 0.000e+00 	 0.000e+00 	 0.000e+00 
3.35250 	 0.000e+00 	 0.000e+00 	 0.000e+00 
3.35750 	 0.000e+00 	 0.000e+00 	 0.000e+00 
3.36250 	 0.000e+00 	 0.000e+00 	 0.000e+00 
3.36750 	 0.000e+00 	 0.000e+00 	 0.000e+00 
3.37250 	 0.000e+00 	 0.000e+00 	 0.000e+00 
3.37750 	 0.000e+00 	 0.000e+00 	 0.000e+00 
3.38250 	 0.000e+00 	 0.000e+00 	 0.000e+00 
3.38750 	 0.000e+00 	 0.000e+00 	 0.000e+00 
3.39250 	 0.000e+00 	 0.000e+00 	 0.000e+00 
3.39750 	 0.000e+00 	 0.000e+00 	 0.000e+00 
3.40250 	 0.000e+00 	 0.000e+00 	 0.000e+00 
3.40750 	 0.000e+00 	 0.000e+00 	 0.000e+00 
3.41250 	 0.000e+00 	 0.000e+00 	 0.000e+00 
3.41750 	 0.000e+00 	 0.000e+00 	 0.000e+00 
3.42250 	 0.000e+00 	 0.000e+00 	 0.000e+00 
3.42750 	 0.000e+00 	 0.000e+00 	 0.000e+00 
3.43250 	 0.000e+00 	 0.000e+00 	 0.000e+00 
3.43750 	 0.000e+00 	 0.000e+00 	 0.000e+00 
3.44250 	 0.000e+00 	 0.000e+00 	 0.000e+00 
3.44750 	 0.000e+00 	 0.000e+00 	 0.000e+00 
3.45250 	 0.000e+00 	 0.000e+00 	 0.000e+00 
3.45750 	 0.000e+00 	 0.000e+00 	 0.000e+00 
3.46250 	 0.000e+00 	 0.000e+00 	 0.000e+00 
3.46750 	 0.000e+00 	 0.000e+00 	 0.000e+00 
3.47250 	 0.000e+00 	 0.000e+00 	 0.000e+00 
3.47750 	 0.000e+00 	 0.000e+00 	 0.000e+00 
3.48250 	 0.000e+00 	 0.000e+00 	 0.000e+00 
3.48750 	 0.000e+00 	 0.000e+00 	 0.000e+00 
3.49250 	 0.000e+00 	 0.000e+00 	 0.000e+00 
3.49750 	 0.000e+00 	 0.000e+00 	 0.000e+00 
3.50250 	 0.000e+00 	 0.000e+00 	 0.000e+00 
3.50750 	 0.000e+00 	 0.000e+00 	 0.000e+00 
3.51250 	 0.000e+00 	 0.000e+00 	 0.000e+00 
3.51750 	 0.000e+00 	 0.000e+00 	 0.000e+00 
3.52250 	 0.000e+00 	 0.000e+00 	 0.000e+00 
3.52750 	 0.000e+00 	 0.000e+00 	 0.000e+00 
3.53250 	 0.000e+00 	 0.000e+00 	 0.000e+00 
3.53750 	 0.000e+00 	 0.000e+00 	 0.000e+00 
3.54250 	 0.000e+00 	 0.000e+00 	 0.000e+00 
3.54750 	 0.000e+00 	 0.000e+00 	 0.000e+00 
3.55250 	 0.000e+00 	 0.000e+00 	 0.000e+00 
3.55750 	 0.000e+00 	 0.000e+00 	 0.000e+00 
3.56250 	 0.000e+00 	 0.000e+00 	 0.000e+00 
3.56750 	 0.000e+00 	 0.000e+00 	 0.000e+00 
3.57250 	 0.000e+00 	 0.000e+00 	 0.000e+00 
3.57750 	 0.000e+00 	 0.000e+00 	 0.000e+00 
3.58250 	 0.000e+00 	 0.000e+00 	 0.000e+00 
3.58750 	 0.000e+00 	 0.000e+00 	 0.000e+00 
3.59250 	 0.000e+00 	 0.000e+00 	 0.000e+00 
3.59750 	 0.000e+00 	 0.000e+00 	 0.000e+00 
3.60250 	 0.000e+00 	 0.000e+00 	 0.000e+00 
3.60750 	 0.000e+00 	 0.000e+00 	 0.000e+00 
3.61250 	 0.000e+00 	 0.000e+00 	 0.000e+00 
3.61750 	 0.000e+00 	 0.000e+00 	 0.000e+00 
3.62250 	 0.000e+00 	 0.000e+00 	 0.000e+00 
3.62750 	 0.000e+00 	 0.000e+00 	 0.000e+00 
3.63250 	 0.000e+00 	 0.000e+00 	 0.000e+00 
3.63750 	 0.000e+00 	 0.000e+00 	 0.000e+00 
3.64250 	 0.000e+00 	 0.000e+00 	 0.000e+00 
3.64750 	 0.000e+00 	 0.000e+00 	 0.000e+00 
3.65250 	 0.000e+00 	 0.000e+00 	 0.000e+00 
3.65750 	 0.000e+00 	 0.000e+00 	 0.000e+00 
3.66250 	 0.000e+00 	 0.000e+00 	 0.000e+00 
3.66750 	 0.000e+00 	 0.000e+00 	 0.000e+00 
3.67250 	 0.000e+00 	 0.000e+00 	 0.000e+00 
3.67750 	 0.000e+00 	 0.000e+00 	 0.000e+00 
3.68250 	 0.000e+00 	 0.000e+00 	 0.000e+00 
3.68750 	 0.000e+00 	 0.000e+00 	 0.000e+00 
3.69250 	 0.000e+00 	 0.000e+00 	 0.000e+00 
3.69750 	 0.000e+00 	 0.000e+00 	 0.000e+00 
3.70250 	 0.000e+00 	 0.000e+00 	 0.000e+00 
3.70750 	 0.000e+00 	 0.000e+00 	 0.000e+00 
3.71250 	 0.000e+00 	 0.000e+00 	 0.000e+00 
3.71750 	 0.000e+00 	 0.000e+00 	 0.000e+00 
3.72250 	 0.000e+00 	 0.000e+00 	 0.000e+00 
3.72750 	 0.000e+00 	 0.000e+00 	 0.000e+00 
3.73250 	 0.000e+00 	 0.000e+00 	 0.000e+00 
3.73750 	 0.000e+00 	 0.000e+00 	 0.000e+00 
3.74250 	 0.000e+00 	 0.000e+00 	 0.000e+00 
3.74750 	 0.000e+00 	 0.000e+00 	 0.000e+00 
3.75250 	 0.000e+00 	 0.000e+00 	 0.000e+00 
3.75750 	 0.000e+00 	 0.000e+00 	 0.000e+00 
3.76250 	 0.000e+00 	 0.000e+00 	 0.000e+00 
3.76750 	 0.000e+00 	 0.000e+00 	 0.000e+00 
3.77250 	 0.000e+00 	 0.000e+00 	 0.000e+00 
3.77750 	 0.000e+00 	 0.000e+00 	 0.000e+00 
3.78250 	 0.000e+00 	 0.000e+00 	 0.000e+00 
3.78750 	 0.000e+00 	 0.000e+00 	 0.000e+00 
3.79250 	 0.000e+00 	 0.000e+00 	 0.000e+00 
3.79750 	 0.000e+00 	 0.000e+00 	 0.000e+00 
3.80250 	 0.000e+00 	 0.000e+00 	 0.000e+00 
3.80750 	 0.000e+00 	 0.000e+00 	 0.000e+00 
3.81250 	 0.000e+00 	 0.000e+00 	 0.000e+00 
3.81750 	 0.000e+00 	 0.000e+00 	 0.000e+00 
3.82250 	 0.000e+00 	 0.000e+00 	 0.000e+00 
3.82750 	 0.000e+00 	 0.000e+00 	 0.000e+00 
3.83250 	 0.000e+00 	 0.000e+00 	 0.000e+00 
3.83750 	 0.000e+00 	 0.000e+00 	 0.000e+00 
3.84250 	 0.000e+00 	 0.000e+00 	 0.000e+00 
3.84750 	 0.000e+00 	 0.000e+00 	 0.000e+00 
3.85250 	 0.000e+00 	 0.000e+00 	 0.000e+00 
3.85750 	 0.000e+00 	 0.000e+00 	 0.000e+00 
3.86250 	 0.000e+00 	 0.000e+00 	 0.000e+00 
3.86750 	 0.000e+00 	 0.000e+00 	 0.000e+00 
3.87250 	 0.000e+00 	 0.000e+00 	 0.000e+00 
3.87750 	 0.000e+00 	 0.000e+00 	 0.000e+00 
3.88250 	 0.000e+00 	 0.000e+00 	 0.000e+00 
3.88750 	 0.000e+00 	 0.000e+00 	 0.000e+00 
3.89250 	 0.000e+00 	 0.000e+00 	 0.000e+00 
3.89750 	 0.000e+00 	 0.000e+00 	 0.000e+00 
3.90250 	 0.000e+00 	 0.000e+00 	 0.000e+00 
3.90750 	 0.000e+00 	 0.000e+00 	 0.000e+00 
3.91250 	 0.000e+00 	 0.000e+00 	 0.000e+00 
3.91750 	 0.000e+00 	 0.000e+00 	 0.000e+00 
3.92250 	 0.000e+00 	 0.000e+00 	 0.000e+00 
3.92750 	 0.000e+00 	 0.000e+00 	 0.000e+00 
3.93250 	 0.000e+00 	 0.000e+00 	 0.000e+00 
3.93750 	 0.000e+00 	 0.000e+00 	 0.000e+00 
3.94250 	 0.000e+00 	 0.000e+00 	 0.000e+00 
3.94750 	 0.000e+00 	 0.000e+00 	 0.000e+00 
3.95250 	 0.000e+00 	 0.000e+00 	 0.000e+00 
3.95750 	 0.000e+00 	 0.000e+00 	 0.000e+00 
3.96250 	 0.000e+00 	 0.000e+00 	 0.000e+00 
3.96750 	 0.000e+00 	 0.000e+00 	 0.000e+00 
3.97250 	 0.000e+00 	 0.000e+00 	 0.000e+00 
3.97750 	 0.000e+00 	 0.000e+00 	 0.000e+00 
3.98250 	 0.000e+00 	 0.000e+00 	 0.000e+00 
3.98750 	 0.000e+00 	 0.000e+00 	 0.000e+00 
3.99250 	 0.000e+00 	 0.000e+00 	 0.000e+00 
3.99750 	 0.000e+00 	 0.000e+00 	 0.000e+00 
4.00250 	 0.000e+00 	 0.000e+00 	 0.000e+00 
4.00750 	 0.000e+00 	 0.000e+00 	 0.000e+00 
4.01250 	 0.000e+00 	 0.000e+00 	 0.000e+00 
4.01750 	 0.000e+00 	 0.000e+00 	 0.000e+00 
4.02250 	 0.000e+00 	 0.000e+00 	 0.000e+00 
4.02750 	 0.000e+00 	 0.000e+00 	 0.000e+00 
4.03250 	 0.000e+00 	 0.000e+00 	 0.000e+00 
4.03750 	 0.000e+00 	 0.000e+00 	 0.000e+00 
4.04250 	 0.000e+00 	 0.000e+00 	 0.000e+00 
4.04750 	 0.000e+00 	 0.000e+00 	 0.000e+00 
4.05250 	 0.000e+00 	 0.000e+00 	 0.000e+00 
4.05750 	 0.000e+00 	 0.000e+00 	 0.000e+00 
4.06250 	 0.000e+00 	 0.000e+00 	 0.000e+00 
4.06750 	 0.000e+00 	 0.000e+00 	 0.000e+00 
4.07250 	 0.000e+00 	 0.000e+00 	 0.000e+00 
4.07750 	 0.000e+00 	 0.000e+00 	 0.000e+00 
4.08250 	 0.000e+00 	 0.000e+00 	 0.000e+00 
4.08750 	 0.000e+00 	 0.000e+00 	 0.000e+00 
4.09250 	 0.000e+00 	 0.000e+00 	 0.000e+00 
4.09750 	 0.000e+00 	 0.000e+00 	 0.000e+00 
4.10250 	 0.000e+00 	 0.000e+00 	 0.000e+00 
4.10750 	 0.000e+00 	 0.000e+00 	 0.000e+00 
4.11250 	 0.000e+00 	 0.000e+00 	 0.000e+00 
4.11750 	 0.000e+00 	 0.000e+00 	 0.000e+00 
4.12250 	 0.000e+00 	 0.000e+00 	 0.000e+00 
4.12750 	 0.000e+00 	 0.000e+00 	 0.000e+00 
4.13250 	 0.000e+00 	 0.000e+00 	 0.000e+00 
4.13750 	 0.000e+00 	 0.000e+00 	 0.000e+00 
4.14250 	 0.000e+00 	 0.000e+00 	 0.000e+00 
4.14750 	 0.000e+00 	 0.000e+00 	 0.000e+00 
4.15250 	 0.000e+00 	 0.000e+00 	 0.000e+00 
4.15750 	 0.000e+00 	 0.000e+00 	 0.000e+00 
4.16250 	 0.000e+00 	 0.000e+00 	 0.000e+00 
4.16750 	 0.000e+00 	 0.000e+00 	 0.000e+00 
4.17250 	 0.000e+00 	 0.000e+00 	 0.000e+00 
4.17750 	 0.000e+00 	 0.000e+00 	 0.000e+00 
4.18250 	 0.000e+00 	 0.000e+00 	 0.000e+00 
4.18750 	 0.000e+00 	 0.000e+00 	 0.000e+00 
4.19250 	 0.000e+00 	 0.000e+00 	 0.000e+00 
4.19750 	 0.000e+00 	 0.000e+00 	 0.000e+00 
4.20250 	 0.000e+00 	 0.000e+00 	 0.000e+00 
4.20750 	 0.000e+00 	 0.000e+00 	 0.000e+00 
4.21250 	 0.000e+00 	 0.000e+00 	 0.000e+00 
4.21750 	 0.000e+00 	 0.000e+00 	 0.000e+00 
4.22250 	 0.000e+00 	 0.000e+00 	 0.000e+00 
4.22750 	 0.000e+00 	 0.000e+00 	 0.000e+00 
4.23250 	 0.000e+00 	 0.000e+00 	 0.000e+00 
4.23750 	 0.000e+00 	 0.000e+00 	 0.000e+00 
4.24250 	 0.000e+00 	 0.000e+00 	 0.000e+00 
4.24750 	 0.000e+00 	 0.000e+00 	 0.000e+00 
4.25250 	 0.000e+00 	 0.000e+00 	 0.000e+00 
4.25750 	 0.000e+00 	 0.000e+00 	 0.000e+00 
4.26250 	 0.000e+00 	 0.000e+00 	 0.000e+00 
4.26750 	 0.000e+00 	 0.000e+00 	 0.000e+00 
4.27250 	 0.000e+00 	 0.000e+00 	 0.000e+00 
4.27750 	 0.000e+00 	 0.000e+00 	 0.000e+00 
4.28250 	 0.000e+00 	 0.000e+00 	 0.000e+00 
4.28750 	 0.000e+00 	 0.000e+00 	 0.000e+00 
4.29250 	 0.000e+00 	 0.000e+00 	 0.000e+00 
4.29750 	 0.000e+00 	 0.000e+00 	 0.000e+00 
4.30250 	 0.000e+00 	 0.000e+00 	 0.000e+00 
4.30750 	 0.000e+00 	 0.000e+00 	 0.000e+00 
4.31250 	 0.000e+00 	 0.000e+00 	 0.000e+00 
4.31750 	 0.000e+00 	 0.000e+00 	 0.000e+00 
4.32250 	 0.000e+00 	 0.000e+00 	 0.000e+00 
4.32750 	 0.000e+00 	 0.000e+00 	 0.000e+00 
4.33250 	 0.000e+00 	 0.000e+00 	 0.000e+00 
4.33750 	 0.000e+00 	 0.000e+00 	 0.000e+00 
4.34250 	 0.000e+00 	 0.000e+00 	 0.000e+00 
4.34750 	 0.000e+00 	 0.000e+00 	 0.000e+00 
4.35250 	 0.000e+00 	 0.000e+00 	 0.000e+00 
4.35750 	 0.000e+00 	 0.000e+00 	 0.000e+00 
4.36250 	 0.000e+00 	 0.000e+00 	 0.000e+00 
4.36750 	 0.000e+00 	 0.000e+00 	 0.000e+00 
4.37250 	 0.000e+00 	 0.000e+00 	 0.000e+00 
4.37750 	 0.000e+00 	 0.000e+00 	 0.000e+00 
4.38250 	 0.000e+00 	 0.000e+00 	 0.000e+00 
4.38750 	 0.000e+00 	 0.000e+00 	 0.000e+00 
4.39250 	 0.000e+00 	 0.000e+00 	 0.000e+00 
4.39750 	 0.000e+00 	 0.000e+00 	 0.000e+00 
4.40250 	 0.000e+00 	 0.000e+00 	 0.000e+00 
4.40750 	 0.000e+00 	 0.000e+00 	 0.000e+00 
4.41250 	 0.000e+00 	 0.000e+00 	 0.000e+00 
4.41750 	 0.000e+00 	 0.000e+00 	 0.000e+00 
4.42250 	 0.000e+00 	 0.000e+00 	 0.000e+00 
4.42750 	 0.000e+00 	 0.000e+00 	 0.000e+00 
4.43250 	 0.000e+00 	 0.000e+00 	 0.000e+00 
4.43750 	 0.000e+00 	 0.000e+00 	 0.000e+00 
4.44250 	 0.000e+00 	 0.000e+00 	 0.000e+00 
4.44750 	 0.000e+00 	 0.000e+00 	 0.000e+00 
4.45250 	 0.000e+00 	 0.000e+00 	 0.000e+00 
4.45750 	 0.000e+00 	 0.000e+00 	 0.000e+00 
4.46250 	 0.000e+00 	 0.000e+00 	 0.000e+00 
4.46750 	 0.000e+00 	 0.000e+00 	 0.000e+00 
4.47250 	 0.000e+00 	 0.000e+00 	 0.000e+00 
4.47750 	 0.000e+00 	 0.000e+00 	 0.000e+00 
4.48250 	 0.000e+00 	 0.000e+00 	 0.000e+00 
4.48750 	 0.000e+00 	 0.000e+00 	 0.000e+00 
4.49250 	 0.000e+00 	 0.000e+00 	 0.000e+00 
4.49750 	 0.000e+00 	 0.000e+00 	 0.000e+00 
4.50250 	 0.000e+00 	 0.000e+00 	 0.000e+00 
4.50750 	 0.000e+00 	 0.000e+00 	 0.000e+00 
4.51250 	 0.000e+00 	 0.000e+00 	 0.000e+00 
4.51750 	 0.000e+00 	 0.000e+00 	 0.000e+00 
4.52250 	 0.000e+00 	 0.000e+00 	 0.000e+00 
4.52750 	 0.000e+00 	 0.000e+00 	 0.000e+00 
4.53250 	 0.000e+00 	 0.000e+00 	 0.000e+00 
4.53750 	 0.000e+00 	 0.000e+00 	 0.000e+00 
4.54250 	 0.000e+00 	 0.000e+00 	 0.000e+00 
4.54750 	 0.000e+00 	 0.000e+00 	 0.000e+00 
4.55250 	 0.000e+00 	 0.000e+00 	 0.000e+00 
4.55750 	 0.000e+00 	 0.000e+00 	 0.000e+00 
4.56250 	 0.000e+00 	 0.000e+00 	 0.000e+00 
4.56750 	 0.000e+00 	 0.000e+00 	 0.000e+00 
4.57250 	 0.000e+00 	 0.000e+00 	 0.000e+00 
4.57750 	 0.000e+00 	 0.000e+00 	 0.000e+00 
4.58250 	 0.000e+00 	 0.000e+00 	 0.000e+00 
4.58750 	 0.000e+00 	 0.000e+00 	 0.000e+00 
4.59250 	 0.000e+00 	 0.000e+00 	 0.000e+00 
4.59750 	 0.000e+00 	 0.000e+00 	 0.000e+00 
4.60250 	 0.000e+00 	 0.000e+00 	 0.000e+00 
4.60750 	 0.000e+00 	 0.000e+00 	 0.000e+00 
4.61250 	 0.000e+00 	 0.000e+00 	 0.000e+00 
4.61750 	 0.000e+00 	 0.000e+00 	 0.000e+00 
4.62250 	 0.000e+00 	 0.000e+00 	 0.000e+00 
4.62750 	 0.000e+00 	 0.000e+00 	 0.000e+00 
4.63250 	 0.000e+00 	 0.000e+00 	 0.000e+00 
4.63750 	 0.000e+00 	 0.000e+00 	 0.000e+00 
4.64250 	 0.000e+00 	 0.000e+00 	 0.000e+00 
4.64750 	 0.000e+00 	 0.000e+00 	 0.000e+00 
4.65250 	 0.000e+00 	 0.000e+00 	 0.000e+00 
4.65750 	 0.000e+00 	 0.000e+00 	 0.000e+00 
4.66250 	 0.000e+00 	 0.000e+00 	 0.000e+00 
4.66750 	 0.000e+00 	 0.000e+00 	 0.000e+00 
4.67250 	 0.000e+00 	 0.000e+00 	 0.000e+00 
4.67750 	 0.000e+00 	 0.000e+00 	 0.000e+00 
4.68250 	 0.000e+00 	 0.000e+00 	 0.000e+00 
4.68750 	 0.000e+00 	 0.000e+00 	 0.000e+00 
4.69250 	 0.000e+00 	 0.000e+00 	 0.000e+00 
4.69750 	 0.000e+00 	 0.000e+00 	 0.000e+00 
4.70250 	 0.000e+00 	 0.000e+00 	 0.000e+00 
4.70750 	 0.000e+00 	 0.000e+00 	 0.000e+00 
4.71250 	 0.000e+00 	 0.000e+00 	 0.000e+00 
4.71750 	 0.000e+00 	 0.000e+00 	 0.000e+00 
4.72250 	 0.000e+00 	 0.000e+00 	 0.000e+00 
4.72750 	 0.000e+00 	 0.000e+00 	 0.000e+00 
4.73250 	 0.000e+00 	 0.000e+00 	 0.000e+00 
4.73750 	 0.000e+00 	 0.000e+00 	 0.000e+00 
4.74250 	 0.000e+00 	 0.000e+00 	 0.000e+00 
4.74750 	 0.000e+00 	 0.000e+00 	 0.000e+00 
4.75250 	 0.000e+00 	 0.000e+00 	 0.000e+00 
4.75750 	 0.000e+00 	 0.000e+00 	 0.000e+00 
4.76250 	 0.000e+00 	 0.000e+00 	 0.000e+00 
4.76750 	 0.000e+00 	 0.000e+00 	 0.000e+00 
4.77250 	 0.000e+00 	 0.000e+00 	 0.000e+00 
4.77750 	 0.000e+00 	 0.000e+00 	 0.000e+00 
4.78250 	 0.000e+00 	 0.000e+00 	 0.000e+00 
4.78750 	 0.000e+00 	 0.000e+00 	 0.000e+00 
4.79250 	 0.000e+00 	 0.000e+00 	 0.000e+00 
4.79750 	 0.000e+00 	 0.000e+00 	 0.000e+00 
4.80250 	 0.000e+00 	 0.000e+00 	 0.000e+00 
4.80750 	 0.000e+00 	 0.000e+00 	 0.000e+00 
4.81250 	 0.000e+00 	 0.000e+00 	 0.000e+00 
4.81750 	 0.000e+00 	 0.000e+00 	 0.000e+00 
4.82250 	 0.000e+00 	 0.000e+00 	 0.000e+00 
4.82750 	 0.000e+00 	 0.000e+00 	 0.000e+00 
4.83250 	 0.000e+00 	 0.000e+00 	 0.000e+00 
4.83750 	 0.000e+00 	 0.000e+00 	 0.000e+00 
4.84250 	 0.000e+00 	 0.000e+00 	 0.000e+00 
4.84750 	 0.000e+00 	 0.000e+00 	 0.000e+00 
4.85250 	 0.000e+00 	 0.000e+00 	 0.000e+00 
4.85750 	 0.000e+00 	 0.000e+00 	 0.000e+00 
4.86250 	 0.000e+00 	 0.000e+00 	 0.000e+00 
4.86750 	 0.000e+00 	 0.000e+00 	 0.000e+00 
4.87250 	 0.000e+00 	 0.000e+00 	 0.000e+00 
4.87750 	 0.000e+00 	 0.000e+00 	 0.000e+00 
4.88250 	 0.000e+00 	 0.000e+00 	 0.000e+00 
4.88750 	 0.000e+00 	 0.000e+00 	 0.000e+00 
4.89250 	 0.000e+00 	 0.000e+00 	 0.000e+00 
4.89750 	 0.000e+00 	 0.000e+00 	 0.000e+00 
4.90250 	 0.000e+00 	 0.000e+00 	 0.000e+00 
4.90750 	 0.000e+00 	 0.000e+00 	 0.000e+00 
4.91250 	 0.000e+00 	 0.000e+00 	 0.000e+00 
4.91750 	 0.000e+00 	 0.000e+00 	 0.000e+00 
4.92250 	 0.000e+00 	 0.000e+00 	 0.000e+00 
4.92750 	 0.000e+00 	 0.000e+00 	 0.000e+00 
4.93250 	 0.000e+00 	 0.000e+00 	 0.000e+00 
4.93750 	 0.000e+00 	 0.000e+00 	 0.000e+00 
4.94250 	 0.000e+00 	 0.000e+00 	 0.000e+00 
4.94750 	 0.000e+00 	 0.000e+00 	 0.000e+00 
4.95250 	 0.000e+00 	 0.000e+00 	 0.000e+00 
4.95750 	 0.000e+00 	 0.000e+00 	 0.000e+00 
4.96250 	 0.000e+00 	 0.000e+00 	 0.000e+00 
4.96750 	 0.000e+00 	 0.000e+00 	 0.000e+00 
4.97250 	 0.000e+00 	 0.000e+00 	 0.000e+00 
4.97750 	 0.000e+00 	 0.000e+00 	 0.000e+00 
4.98250 	 0.000e+00 	 0.000e+00 	 0.000e+00 
4.98750 	 0.000e+00 	 0.000e+00 	 0.000e+00 
4.99250 	 0.000e+00 	 0.000e+00 	 0.000e+00 
4.99750 	 0.000e+00 	 0.000e+00 	 0.000e+00 
5.00250 	 0.000e+00 	 0.000e+00 	 0.000e+00 
5.00750 	 0.000e+00 	 0.000e+00 	 0.000e+00 
5.01250 	 0.000e+00 	 0.000e+00 	 0.000e+00 
5.01750 	 0.000e+00 	 0.000e+00 	 0.000e+00 
5.02250 	 0.000e+00 	 0.000e+00 	 0.000e+00 
5.02750 	 0.000e+00 	 0.000e+00 	 0.000e+00 
5.03250 	 0.000e+00 	 0.000e+00 	 0.000e+00 
5.03750 	 0.000e+00 	 0.000e+00 	 0.000e+00 
5.04250 	 0.000e+00 	 0.000e+00 	 0.000e+00 
5.04750 	 0.000e+00 	 0.000e+00 	 0.000e+00 
5.05250 	 0.000e+00 	 0.000e+00 	 0.000e+00 
5.05750 	 0.000e+00 	 0.000e+00 	 0.000e+00 
5.06250 	 0.000e+00 	 0.000e+00 	 0.000e+00 
5.06750 	 0.000e+00 	 0.000e+00 	 0.000e+00 
5.07250 	 0.000e+00 	 0.000e+00 	 0.000e+00 
5.07750 	 0.000e+00 	 0.000e+00 	 0.000e+00 
5.08250 	 0.000e+00 	 0.000e+00 	 0.000e+00 
5.08750 	 0.000e+00 	 0.000e+00 	 0.000e+00 
5.09250 	 0.000e+00 	 0.000e+00 	 0.000e+00 
5.09750 	 0.000e+00 	 0.000e+00 	 0.000e+00 
5.10250 	 0.000e+00 	 0.000e+00 	 0.000e+00 
5.10750 	 0.000e+00 	 0.000e+00 	 0.000e+00 
5.11250 	 0.000e+00 	 0.000e+00 	 0.000e+00 
5.11750 	 0.000e+00 	 0.000e+00 	 0.000e+00 
5.12250 	 0.000e+00 	 0.000e+00 	 0.000e+00 
5.12750 	 0.000e+00 	 0.000e+00 	 0.000e+00 
5.13250 	 0.000e+00 	 0.000e+00 	 0.000e+00 
5.13750 	 0.000e+00 	 0.000e+00 	 0.000e+00 
5.14250 	 0.000e+00 	 0.000e+00 	 0.000e+00 
5.14750 	 0.000e+00 	 0.000e+00 	 0.000e+00 
5.15250 	 0.000e+00 	 0.000e+00 	 0.000e+00 
5.15750 	 0.000e+00 	 0.000e+00 	 0.000e+00 
5.16250 	 0.000e+00 	 0.000e+00 	 0.000e+00 
5.16750 	 0.000e+00 	 0.000e+00 	 0.000e+00 
5.17250 	 0.000e+00 	 0.000e+00 	 0.000e+00 
5.17750 	 0.000e+00 	 0.000e+00 	 0.000e+00 
5.18250 	 0.000e+00 	 0.000e+00 	 0.000e+00 
5.18750 	 0.000e+00 	 0.000e+00 	 0.000e+00 
5.19250 	 0.000e+00 	 0.000e+00 	 0.000e+00 
5.19750 	 0.000e+00 	 0.000e+00 	 0.000e+00 
5.20250 	 0.000e+00 	 0.000e+00 	 0.000e+00 
5.20750 	 0.000e+00 	 0.000e+00 	 0.000e+00 
5.21250 	 0.000e+00 	 0.000e+00 	 0.000e+00 
5.21750 	 0.000e+00 	 0.000e+00 	 0.000e+00 
5.22250 	 0.000e+00 	 0.000e+00 	 0.000e+00 
5.22750 	 0.000e+00 	 0.000e+00 	 0.000e+00 
5.23250 	 0.000e+00 	 0.000e+00 	 0.000e+00 
5.23750 	 0.000e+00 	 0.000e+00 	 0.000e+00 
5.24250 	 0.000e+00 	 0.000e+00 	 0.000e+00 
5.24750 	 0.000e+00 	 0.000e+00 	 0.000e+00 
5.25250 	 0.000e+00 	 0.000e+00 	 0.000e+00 
5.25750 	 0.000e+00 	 0.000e+00 	 0.000e+00 
5.26250 	 0.000e+00 	 0.000e+00 	 0.000e+00 
5.26750 	 0.000e+00 	 0.000e+00 	 0.000e+00 
5.27250 	 0.000e+00 	 0.000e+00 	 0.000e+00 
5.27750 	 0.000e+00 	 0.000e+00 	 0.000e+00 
5.28250 	 0.000e+00 	 0.000e+00 	 0.000e+00 
5.28750 	 0.000e+00 	 0.000e+00 	 0.000e+00 
5.29250 	 0.000e+00 	 0.000e+00 	 0.000e+00 
5.29750 	 0.000e+00 	 0.000e+00 	 0.000e+00 
5.30250 	 0.000e+00 	 0.000e+00 	 0.000e+00 
5.30750 	 0.000e+00 	 0.000e+00 	 0.000e+00 
5.31250 	 0.000e+00 	 0.000e+00 	 0.000e+00 
5.31750 	 0.000e+00 	 0.000e+00 	 0.000e+00 
5.32250 	 0.000e+00 	 0.000e+00 	 0.000e+00 
5.32750 	 0.000e+00 	 0.000e+00 	 0.000e+00 
5.33250 	 0.000e+00 	 0.000e+00 	 0.000e+00 
5.33750 	 0.000e+00 	 0.000e+00 	 0.000e+00 
5.34250 	 0.000e+00 	 0.000e+00 	 0.000e+00 
5.34750 	 0.000e+00 	 0.000e+00 	 0.000e+00 
5.35250 	 0.000e+00 	 0.000e+00 	 0.000e+00 
5.35750 	 0.000e+00 	 0.000e+00 	 0.000e+00 
5.36250 	 0.000e+00 	 0.000e+00 	 0.000e+00 
5.36750 	 0.000e+00 	 0.000e+00 	 0.000e+00 
5.37250 	 0.000e+00 	 0.000e+00 	 0.000e+00 
5.37750 	 0.000e+00 	 0.000e+00 	 0.000e+00 
5.38250 	 0.000e+00 	 0.000e+00 	 0.000e+00 
5.38750 	 0.000e+00 	 0.000e+00 	 0.000e+00 
5.39250 	 0.000e+00 	 0.000e+00 	 0.000e+00 
5.39750 	 0.000e+00 	 0.000e+00 	 0.000e+00 
5.40250 	 0.000e+00 	 0.000e+00 	 0.000e+00 
5.40750 	 0.000e+00 	 0.000e+00 	 0.000e+00 
5.41250 	 0.000e+00 	 0.000e+00 	 0.000e+00 
5.41750 	 0.000e+00 	 0.000e+00 	 0.000e+00 
5.42250 	 0.000e+00 	 0.000e+00 	 0.000e+00 
5.42750 	 0.000e+00 	 0.000e+00 	 0.000e+00 
5.43250 	 0.000e+00 	 0.000e+00 	 0.000e+00 
5.43750 	 0.000e+00 	 0.000e+00 	 0.000e+00 
5.44250 	 0.000e+00 	 0.000e+00 	 0.000e+00 
5.44750 	 0.000e+00 	 0.000e+00 	 0.000e+00 
5.45250 	 0.000e+00 	 0.000e+00 	 0.000e+00 
5.45750 	 0.000e+00 	 0.000e+00 	 0.000e+00 
5.46250 	 0.000e+00 	 0.000e+00 	 0.000e+00 
5.46750 	 0.000e+00 	 0.000e+00 	 0.000e+00 
5.47250 	 0.000e+00 	 0.000e+00 	 0.000e+00 
5.47750 	 0.000e+00 	 0.000e+00 	 0.000e+00 
5.48250 	 0.000e+00 	 0.000e+00 	 0.000e+00 
5.48750 	 0.000e+00 	 0.000e+00 	 0.000e+00 
5.49250 	 0.000e+00 	 0.000e+00 	 0.000e+00 
5.49750 	 0.000e+00 	 0.000e+00 	 0.000e+00 
5.50250 	 0.000e+00 	 0.000e+00 	 0.000e+00 
5.50750 	 0.000e+00 	 0.000e+00 	 0.000e+00 
5.51250 	 0.000e+00 	 0.000e+00 	 0.000e+00 
5.51750 	 0.000e+00 	 0.000e+00 	 0.000e+00 
5.52250 	 0.000e+00 	 0.000e+00 	 0.000e+00 
5.52750 	 0.000e+00 	 0.000e+00 	 0.000e+00 
5.53250 	 0.000e+00 	 0.000e+00 	 0.000e+00 
5.53750 	 0.000e+00 	 0.000e+00 	 0.000e+00 
5.54250 	 0.000e+00 	 0.000e+00 	 0.000e+00 
5.54750 	 0.000e+00 	 0.000e+00 	 0.000e+00 
5.55250 	 0.000e+00 	 0.000e+00 	 0.000e+00 
5.55750 	 0.000e+00 	 0.000e+00 	 0.000e+00 
5.56250 	 0.000e+00 	 0.000e+00 	 0.000e+00 
5.56750 	 0.000e+00 	 0.000e+00 	 0.000e+00 
5.57250 	 0.000e+00 	 0.000e+00 	 0.000e+00 
5.57750 	 0.000e+00 	 0.000e+00 	 0.000e+00 
5.58250 	 0.000e+00 	 0.000e+00 	 0.000e+00 
5.58750 	 0.000e+00 	 0.000e+00 	 0.000e+00 
5.59250 	 0.000e+00 	 0.000e+00 	 0.000e+00 
5.59750 	 0.000e+00 	 0.000e+00 	 0.000e+00 
5.60250 	 0.000e+00 	 0.000e+00 	 0.000e+00 
5.60750 	 0.000e+00 	 0.000e+00 	 0.000e+00 
5.61250 	 0.000e+00 	 0.000e+00 	 0.000e+00 
5.61750 	 0.000e+00 	 0.000e+00 	 0.000e+00 
5.62250 	 0.000e+00 	 0.000e+00 	 0.000e+00 
5.62750 	 0.000e+00 	 0.000e+00 	 0.000e+00 
5.63250 	 0.000e+00 	 0.000e+00 	 0.000e+00 
5.63750 	 0.000e+00 	 0.000e+00 	 0.000e+00 
5.64250 	 0.000e+00 	 0.000e+00 	 0.000e+00 
5.64750 	 0.000e+00 	 0.000e+00 	 0.000e+00 
5.65250 	 0.000e+00 	 0.000e+00 	 0.000e+00 
5.65750 	 0.000e+00 	 0.000e+00 	 0.000e+00 
5.66250 	 0.000e+00 	 0.000e+00 	 0.000e+00 
5.66750 	 0.000e+00 	 0.000e+00 	 0.000e+00 
5.67250 	 0.000e+00 	 0.000e+00 	 0.000e+00 
5.67750 	 0.000e+00 	 0.000e+00 	 0.000e+00 
5.68250 	 0.000e+00 	 0.000e+00 	 0.000e+00 
5.68750 	 0.000e+00 	 0.000e+00 	 0.000e+00 
5.69250 	 0.000e+00 	 0.000e+00 	 0.000e+00 
5.69750 	 0.000e+00 	 0.000e+00 	 0.000e+00 
5.70250 	 0.000e+00 	 0.000e+00 	 0.000e+00 
5.70750 	 0.000e+00 	 0.000e+00 	 0.000e+00 
5.71250 	 0.000e+00 	 0.000e+00 	 0.000e+00 
5.71750 	 0.000e+00 	 0.000e+00 	 0.000e+00 
5.72250 	 0.000e+00 	 0.000e+00 	 0.000e+00 
5.72750 	 0.000e+00 	 0.000e+00 	 0.000e+00 
5.73250 	 0.000e+00 	 0.000e+00 	 0.000e+00 
5.73750 	 0.000e+00 	 0.000e+00 	 0.000e+00 
5.74250 	 0.000e+00 	 0.000e+00 	 0.000e+00 
5.74750 	 0.000e+00 	 0.000e+00 	 0.000e+00 
5.75250 	 0.000e+00 	 0.000e+00 	 0.000e+00 
5.75750 	 0.000e+00 	 0.000e+00 	 0.000e+00 
5.76250 	 0.000e+00 	 0.000e+00 	 0.000e+00 
5.76750 	 0.000e+00 	 0.000e+00 	 0.000e+00 
5.77250 	 0.000e+00 	 0.000e+00 	 0.000e+00 
5.77750 	 0.000e+00 	 0.000e+00 	 0.000e+00 
5.78250 	 0.000e+00 	 0.000e+00 	 0.000e+00 
5.78750 	 0.000e+00 	 0.000e+00 	 0.000e+00 
5.79250 	 0.000e+00 	 0.000e+00 	 0.000e+00 
5.79750 	 0.000e+00 	 0.000e+00 	 0.000e+00 
5.80250 	 0.000e+00 	 0.000e+00 	 0.000e+00 
5.80750 	 0.000e+00 	 0.000e+00 	 0.000e+00 
5.81250 	 0.000e+00 	 0.000e+00 	 0.000e+00 
5.81750 	 0.000e+00 	 0.000e+00 	 0.000e+00 
5.82250 	 0.000e+00 	 0.000e+00 	 0.000e+00 
5.82750 	 0.000e+00 	 0.000e+00 	 0.000e+00 
5.83250 	 0.000e+00 	 0.000e+00 	 0.000e+00 
5.83750 	 0.000e+00 	 0.000e+00 	 0.000e+00 
5.84250 	 0.000e+00 	 0.000e+00 	 0.000e+00 
5.84750 	 0.000e+00 	 0.000e+00 	 0.000e+00 
5.85250 	 0.000e+00 	 0.000e+00 	 0.000e+00 
5.85750 	 0.000e+00 	 0.000e+00 	 0.000e+00 
5.86250 	 0.000e+00 	 0.000e+00 	 0.000e+00 
5.86750 	 0.000e+00 	 0.000e+00 	 0.000e+00 
5.87250 	 0.000e+00 	 0.000e+00 	 0.000e+00 
5.87750 	 0.000e+00 	 0.000e+00 	 0.000e+00 
5.88250 	 0.000e+00 	 0.000e+00 	 0.000e+00 
5.88750 	 0.000e+00 	 0.000e+00 	 0.000e+00 
5.89250 	 0.000e+00 	 0.000e+00 	 0.000e+00 
5.89750 	 0.000e+00 	 0.000e+00 	 0.000e+00 
5.90250 	 0.000e+00 	 0.000e+00 	 0.000e+00 
5.90750 	 0.000e+00 	 0.000e+00 	 0.000e+00 
5.91250 	 0.000e+00 	 0.000e+00 	 0.000e+00 
5.91750 	 0.000e+00 	 0.000e+00 	 0.000e+00 
5.92250 	 0.000e+00 	 0.000e+00 	 0.000e+00 
5.92750 	 0.000e+00 	 0.000e+00 	 0.000e+00 
5.93250 	 0.000e+00 	 0.000e+00 	 0.000e+00 
5.93750 	 0.000e+00 	 0.000e+00 	 0.000e+00 
5.94250 	 0.000e+00 	 0.000e+00 	 0.000e+00 
5.94750 	 0.000e+00 	 0.000e+00 	 0.000e+00 
5.95250 	 0.000e+00 	 0.000e+00 	 0.000e+00 
5.95750 	 0.000e+00 	 0.000e+00 	 0.000e+00 
5.96250 	 0.000e+00 	 0.000e+00 	 0.000e+00 
5.96750 	 0.000e+00 	 0.000e+00 	 0.000e+00 
5.97250 	 0.000e+00 	 0.000e+00 	 0.000e+00 
5.97750 	 0.000e+00 	 0.000e+00 	 0.000e+00 
5.98250 	 0.000e+00 	 0.000e+00 	 0.000e+00 
5.98750 	 0.000e+00 	 0.000e+00 	 0.000e+00 
5.99250 	 0.000e+00 	 0.000e+00 	 0.000e+00 
5.99750 	 0.000e+00 	 0.000e+00 	 0.000e+00 
6.00250 	 0.000e+00 	 0.000e+00 	 0.000e+00 
6.00750 	 0.000e+00 	 0.000e+00 	 0.000e+00 
6.01250 	 0.000e+00 	 0.000e+00 	 0.000e+00 
6.01750 	 0.000e+00 	 0.000e+00 	 0.000e+00 
6.02250 	 0.000e+00 	 0.000e+00 	 0.000e+00 
6.02750 	 0.000e+00 	 0.000e+00 	 0.000e+00 
6.03250 	 0.000e+00 	 0.000e+00 	 0.000e+00 
6.03750 	 0.000e+00 	 0.000e+00 	 0.000e+00 
6.04250 	 0.000e+00 	 0.000e+00 	 0.000e+00 
6.04750 	 0.000e+00 	 0.000e+00 	 0.000e+00 
6.05250 	 0.000e+00 	 0.000e+00 	 0.000e+00 
6.05750 	 0.000e+00 	 0.000e+00 	 0.000e+00 
6.06250 	 0.000e+00 	 0.000e+00 	 0.000e+00 
6.06750 	 0.000e+00 	 0.000e+00 	 0.000e+00 
6.07250 	 0.000e+00 	 0.000e+00 	 0.000e+00 
6.07750 	 0.000e+00 	 0.000e+00 	 0.000e+00 
6.08250 	 0.000e+00 	 0.000e+00 	 0.000e+00 
6.08750 	 0.000e+00 	 0.000e+00 	 0.000e+00 
6.09250 	 0.000e+00 	 0.000e+00 	 0.000e+00 
6.09750 	 0.000e+00 	 0.000e+00 	 0.000e+00 
6.10250 	 0.000e+00 	 0.000e+00 	 0.000e+00 
6.10750 	 0.000e+00 	 0.000e+00 	 0.000e+00 
6.11250 	 0.000e+00 	 0.000e+00 	 0.000e+00 
6.11750 	 0.000e+00 	 0.000e+00 	 0.000e+00 
6.12250 	 0.000e+00 	 0.000e+00 	 0.000e+00 
6.12750 	 0.000e+00 	 0.000e+00 	 0.000e+00 
6.13250 	 0.000e+00 	 0.000e+00 	 0.000e+00 
6.13750 	 0.000e+00 	 0.000e+00 	 0.000e+00 
6.14250 	 0.000e+00 	 0.000e+00 	 0.000e+00 
6.14750 	 0.000e+00 	 0.000e+00 	 0.000e+00 
6.15250 	 0.000e+00 	 0.000e+00 	 0.000e+00 
6.15750 	 0.000e+00 	 0.000e+00 	 0.000e+00 
6.16250 	 0.000e+00 	 0.000e+00 	 0.000e+00 
6.16750 	 0.000e+00 	 0.000e+00 	 0.000e+00 
6.17250 	 0.000e+00 	 0.000e+00 	 0.000e+00 
6.17750 	 0.000e+00 	 0.000e+00 	 0.000e+00 
6.18250 	 0.000e+00 	 0.000e+00 	 0.000e+00 
6.18750 	 0.000e+00 	 0.000e+00 	 0.000e+00 
6.19250 	 0.000e+00 	 0.000e+00 	 0.000e+00 
6.19750 	 0.000e+00 	 0.000e+00 	 0.000e+00 
6.20250 	 0.000e+00 	 0.000e+00 	 0.000e+00 
6.20750 	 0.000e+00 	 0.000e+00 	 0.000e+00 
6.21250 	 0.000e+00 	 0.000e+00 	 0.000e+00 
6.21750 	 0.000e+00 	 0.000e+00 	 0.000e+00 
6.22250 	 0.000e+00 	 0.000e+00 	 0.000e+00 
6.22750 	 0.000e+00 	 0.000e+00 	 0.000e+00 
6.23250 	 0.000e+00 	 0.000e+00 	 0.000e+00 
6.23750 	 0.000e+00 	 0.000e+00 	 0.000e+00 
6.24250 	 0.000e+00 	 0.000e+00 	 0.000e+00 
6.24750 	 0.000e+00 	 0.000e+00 	 0.000e+00 
6.25250 	 0.000e+00 	 0.000e+00 	 0.000e+00 
6.25750 	 0.000e+00 	 0.000e+00 	 0.000e+00 
6.26250 	 0.000e+00 	 0.000e+00 	 0.000e+00 
6.26750 	 0.000e+00 	 0.000e+00 	 0.000e+00 
6.27250 	 0.000e+00 	 0.000e+00 	 0.000e+00 
6.27750 	 0.000e+00 	 0.000e+00 	 0.000e+00 
6.28250 	 0.000e+00 	 0.000e+00 	 0.000e+00 
6.28750 	 0.000e+00 	 0.000e+00 	 0.000e+00 
6.29250 	 0.000e+00 	 0.000e+00 	 0.000e+00 
6.29750 	 0.000e+00 	 0.000e+00 	 0.000e+00 
6.30250 	 0.000e+00 	 0.000e+00 	 0.000e+00 
6.30750 	 0.000e+00 	 0.000e+00 	 0.000e+00 
6.31250 	 0.000e+00 	 0.000e+00 	 0.000e+00 
6.31750 	 0.000e+00 	 0.000e+00 	 0.000e+00 
6.32250 	 0.000e+00 	 0.000e+00 	 0.000e+00 
6.32750 	 0.000e+00 	 0.000e+00 	 0.000e+00 
6.33250 	 0.000e+00 	 0.000e+00 	 0.000e+00 
6.33750 	 0.000e+00 	 0.000e+00 	 0.000e+00 
6.34250 	 0.000e+00 	 0.000e+00 	 0.000e+00 
6.34750 	 0.000e+00 	 0.000e+00 	 0.000e+00 
6.35250 	 0.000e+00 	 0.000e+00 	 0.000e+00 
6.35750 	 0.000e+00 	 0.000e+00 	 0.000e+00 
6.36250 	 0.000e+00 	 0.000e+00 	 0.000e+00 
6.36750 	 0.000e+00 	 0.000e+00 	 0.000e+00 
6.37250 	 0.000e+00 	 0.000e+00 	 0.000e+00 
6.37750 	 0.000e+00 	 0.000e+00 	 0.000e+00 
6.38250 	 0.000e+00 	 0.000e+00 	 0.000e+00 
6.38750 	 0.000e+00 	 0.000e+00 	 0.000e+00 
6.39250 	 0.000e+00 	 0.000e+00 	 0.000e+00 
6.39750 	 0.000e+00 	 0.000e+00 	 0.000e+00 
6.40250 	 0.000e+00 	 0.000e+00 	 0.000e+00 
6.40750 	 0.000e+00 	 0.000e+00 	 0.000e+00 
6.41250 	 0.000e+00 	 0.000e+00 	 0.000e+00 
6.41750 	 0.000e+00 	 0.000e+00 	 0.000e+00 
6.42250 	 0.000e+00 	 0.000e+00 	 0.000e+00 
6.42750 	 0.000e+00 	 0.000e+00 	 0.000e+00 
6.43250 	 0.000e+00 	 0.000e+00 	 0.000e+00 
6.43750 	 0.000e+00 	 0.000e+00 	 0.000e+00 
6.44250 	 0.000e+00 	 0.000e+00 	 0.000e+00 
6.44750 	 0.000e+00 	 0.000e+00 	 0.000e+00 
6.45250 	 0.000e+00 	 0.000e+00 	 0.000e+00 
6.45750 	 0.000e+00 	 0.000e+00 	 0.000e+00 
6.46250 	 0.000e+00 	 0.000e+00 	 0.000e+00 
6.46750 	 0.000e+00 	 0.000e+00 	 0.000e+00 
6.47250 	 0.000e+00 	 0.000e+00 	 0.000e+00 
6.47750 	 0.000e+00 	 0.000e+00 	 0.000e+00 
6.48250 	 0.000e+00 	 0.000e+00 	 0.000e+00 
6.48750 	 0.000e+00 	 0.000e+00 	 0.000e+00 
6.49250 	 0.000e+00 	 0.000e+00 	 0.000e+00 
6.49750 	 0.000e+00 	 0.000e+00 	 0.000e+00 
6.50250 	 0.000e+00 	 0.000e+00 	 0.000e+00 
6.50750 	 0.000e+00 	 0.000e+00 	 0.000e+00 
6.51250 	 0.000e+00 	 0.000e+00 	 0.000e+00 
6.51750 	 0.000e+00 	 0.000e+00 	 0.000e+00 
6.52250 	 0.000e+00 	 0.000e+00 	 0.000e+00 
6.52750 	 0.000e+00 	 0.000e+00 	 0.000e+00 
6.53250 	 0.000e+00 	 0.000e+00 	 0.000e+00 
6.53750 	 0.000e+00 	 0.000e+00 	 0.000e+00 
6.54250 	 0.000e+00 	 0.000e+00 	 0.000e+00 
6.54750 	 0.000e+00 	 0.000e+00 	 0.000e+00 
6.55250 	 0.000e+00 	 0.000e+00 	 0.000e+00 
6.55750 	 0.000e+00 	 0.000e+00 	 0.000e+00 
6.56250 	 0.000e+00 	 0.000e+00 	 0.000e+00 
6.56750 	 0.000e+00 	 0.000e+00 	 0.000e+00 
6.57250 	 0.000e+00 	 0.000e+00 	 0.000e+00 
6.57750 	 0.000e+00 	 0.000e+00 	 0.000e+00 
6.58250 	 0.000e+00 	 0.000e+00 	 0.000e+00 
6.58750 	 0.000e+00 	 0.000e+00 	 0.000e+00 
6.59250 	 0.000e+00 	 0.000e+00 	 0.000e+00 
6.59750 	 0.000e+00 	 0.000e+00 	 0.000e+00 
6.60250 	 0.000e+00 	 0.000e+00 	 0.000e+00 
6.60750 	 0.000e+00 	 0.000e+00 	 0.000e+00 
6.61250 	 0.000e+00 	 0.000e+00 	 0.000e+00 
6.61750 	 0.000e+00 	 0.000e+00 	 0.000e+00 
6.62250 	 0.000e+00 	 0.000e+00 	 0.000e+00 
6.62750 	 0.000e+00 	 0.000e+00 	 0.000e+00 
6.63250 	 0.000e+00 	 0.000e+00 	 0.000e+00 
6.63750 	 0.000e+00 	 0.000e+00 	 0.000e+00 
6.64250 	 0.000e+00 	 0.000e+00 	 0.000e+00 
6.64750 	 0.000e+00 	 0.000e+00 	 0.000e+00 
6.65250 	 0.000e+00 	 0.000e+00 	 0.000e+00 
6.65750 	 0.000e+00 	 0.000e+00 	 0.000e+00 
6.66250 	 0.000e+00 	 0.000e+00 	 0.000e+00 
6.66750 	 0.000e+00 	 0.000e+00 	 0.000e+00 
6.67250 	 0.000e+00 	 0.000e+00 	 0.000e+00 
6.67750 	 0.000e+00 	 0.000e+00 	 0.000e+00 
6.68250 	 0.000e+00 	 0.000e+00 	 0.000e+00 
6.68750 	 0.000e+00 	 0.000e+00 	 0.000e+00 
6.69250 	 0.000e+00 	 0.000e+00 	 0.000e+00 
6.69750 	 0.000e+00 	 0.000e+00 	 0.000e+00 
6.70250 	 0.000e+00 	 0.000e+00 	 0.000e+00 
6.70750 	 0.000e+00 	 0.000e+00 	 0.000e+00 
6.71250 	 0.000e+00 	 0.000e+00 	 0.000e+00 
6.71750 	 0.000e+00 	 0.000e+00 	 0.000e+00 
6.72250 	 0.000e+00 	 0.000e+00 	 0.000e+00 
6.72750 	 0.000e+00 	 0.000e+00 	 0.000e+00 
6.73250 	 0.000e+00 	 0.000e+00 	 0.000e+00 
6.73750 	 0.000e+00 	 0.000e+00 	 0.000e+00 
6.74250 	 0.000e+00 	 0.000e+00 	 0.000e+00 
6.74750 	 0.000e+00 	 0.000e+00 	 0.000e+00 
6.75250 	 0.000e+00 	 0.000e+00 	 0.000e+00 
6.75750 	 0.000e+00 	 0.000e+00 	 0.000e+00 
6.76250 	 0.000e+00 	 0.000e+00 	 0.000e+00 
6.76750 	 0.000e+00 	 0.000e+00 	 0.000e+00 
6.77250 	 0.000e+00 	 0.000e+00 	 0.000e+00 
6.77750 	 0.000e+00 	 0.000e+00 	 0.000e+00 
6.78250 	 0.000e+00 	 0.000e+00 	 0.000e+00 
6.78750 	 0.000e+00 	 0.000e+00 	 0.000e+00 
6.79250 	 0.000e+00 	 0.000e+00 	 0.000e+00 
6.79750 	 0.000e+00 	 0.000e+00 	 0.000e+00 
6.80250 	 0.000e+00 	 0.000e+00 	 0.000e+00 
6.80750 	 0.000e+00 	 0.000e+00 	 0.000e+00 
6.81250 	 0.000e+00 	 0.000e+00 	 0.000e+00 
6.81750 	 0.000e+00 	 0.000e+00 	 0.000e+00 
6.82250 	 0.000e+00 	 0.000e+00 	 0.000e+00 
6.82750 	 0.000e+00 	 0.000e+00 	 0.000e+00 
6.83250 	 0.000e+00 	 0.000e+00 	 0.000e+00 
6.83750 	 0.000e+00 	 0.000e+00 	 0.000e+00 
6.84250 	 0.000e+00 	 0.000e+00 	 0.000e+00 
6.84750 	 0.000e+00 	 0.000e+00 	 0.000e+00 
6.85250 	 0.000e+00 	 0.000e+00 	 0.000e+00 
6.85750 	 0.000e+00 	 0.000e+00 	 0.000e+00 
6.86250 	 0.000e+00 	 0.000e+00 	 0.000e+00 
6.86750 	 0.000e+00 	 0.000e+00 	 0.000e+00 
6.87250 	 0.000e+00 	 0.000e+00 	 0.000e+00 
6.87750 	 0.000e+00 	 0.000e+00 	 0.000e+00 
6.88250 	 0.000e+00 	 0.000e+00 	 0.000e+00 
6.88750 	 0.000e+00 	 0.000e+00 	 0.000e+00 
6.89250 	 0.000e+00 	 0.000e+00 	 0.000e+00 
6.89750 	 0.000e+00 	 0.000e+00 	 0.000e+00 
6.90250 	 0.000e+00 	 0.000e+00 	 0.000e+00 
6.90750 	 0.000e+00 	 0.000e+00 	 0.000e+00 
6.91250 	 0.000e+00 	 0.000e+00 	 0.000e+00 
6.91750 	 0.000e+00 	 0.000e+00 	 0.000e+00 
6.92250 	 0.000e+00 	 0.000e+00 	 0.000e+00 
6.92750 	 0.000e+00 	 0.000e+00 	 0.000e+00 
6.93250 	 0.000e+00 	 0.000e+00 	 0.000e+00 
6.93750 	 0.000e+00 	 0.000e+00 	 0.000e+00 
6.94250 	 0.000e+00 	 0.000e+00 	 0.000e+00 
6.94750 	 0.000e+00 	 0.000e+00 	 0.000e+00 
6.95250 	 0.000e+00 	 0.000e+00 	 0.000e+00 
6.95750 	 0.000e+00 	 0.000e+00 	 0.000e+00 
6.96250 	 0.000e+00 	 0.000e+00 	 0.000e+00 
6.96750 	 0.000e+00 	 0.000e+00 	 0.000e+00 
6.97250 	 0.000e+00 	 0.000e+00 	 0.000e+00 
6.97750 	 0.000e+00 	 0.000e+00 	 0.000e+00 
6.98250 	 0.000e+00 	 0.000e+00 	 0.000e+00 
6.98750 	 0.000e+00 	 0.000e+00 	 0.000e+00 
6.99250 	 0.000e+00 	 0.000e+00 	 0.000e+00 
6.99750 	 0.000e+00 	 0.000e+00 	 0.000e+00 
7.00250 	 0.000e+00 	 0.000e+00 	 0.000e+00 
7.00750 	 0.000e+00 	 0.000e+00 	 0.000e+00 
7.01250 	 0.000e+00 	 0.000e+00 	 0.000e+00 
7.01750 	 0.000e+00 	 0.000e+00 	 0.000e+00 
7.02250 	 0.000e+00 	 0.000e+00 	 0.000e+00 
7.02750 	 0.000e+00 	 0.000e+00 	 0.000e+00 
7.03250 	 0.000e+00 	 0.000e+00 	 0.000e+00 
7.03750 	 0.000e+00 	 0.000e+00 	 0.000e+00 
7.04250 	 0.000e+00 	 0.000e+00 	 0.000e+00 
7.04750 	 0.000e+00 	 0.000e+00 	 0.000e+00 
7.05250 	 0.000e+00 	 0.000e+00 	 0.000e+00 
7.05750 	 0.000e+00 	 0.000e+00 	 0.000e+00 
7.06250 	 0.000e+00 	 0.000e+00 	 0.000e+00 
7.06750 	 0.000e+00 	 0.000e+00 	 0.000e+00 
7.07250 	 0.000e+00 	 0.000e+00 	 0.000e+00 
7.07750 	 0.000e+00 	 0.000e+00 	 0.000e+00 
7.08250 	 0.000e+00 	 0.000e+00 	 0.000e+00 
7.08750 	 0.000e+00 	 0.000e+00 	 0.000e+00 
7.09250 	 0.000e+00 	 0.000e+00 	 0.000e+00 
7.09750 	 0.000e+00 	 0.000e+00 	 0.000e+00 
7.10250 	 0.000e+00 	 0.000e+00 	 0.000e+00 
7.10750 	 0.000e+00 	 0.000e+00 	 0.000e+00 
7.11250 	 0.000e+00 	 0.000e+00 	 0.000e+00 
7.11750 	 0.000e+00 	 0.000e+00 	 0.000e+00 
7.12250 	 0.000e+00 	 0.000e+00 	 0.000e+00 
7.12750 	 0.000e+00 	 0.000e+00 	 0.000e+00 
7.13250 	 0.000e+00 	 0.000e+00 	 0.000e+00 
7.13750 	 0.000e+00 	 0.000e+00 	 0.000e+00 
7.14250 	 0.000e+00 	 0.000e+00 	 0.000e+00 
7.14750 	 0.000e+00 	 0.000e+00 	 0.000e+00 
7.15250 	 0.000e+00 	 0.000e+00 	 0.000e+00 
7.15750 	 0.000e+00 	 0.000e+00 	 0.000e+00 
7.16250 	 0.000e+00 	 0.000e+00 	 0.000e+00 
7.16750 	 0.000e+00 	 0.000e+00 	 0.000e+00 
7.17250 	 0.000e+00 	 0.000e+00 	 0.000e+00 
7.17750 	 0.000e+00 	 0.000e+00 	 0.000e+00 
7.18250 	 0.000e+00 	 0.000e+00 	 0.000e+00 
7.18750 	 0.000e+00 	 0.000e+00 	 0.000e+00 
7.19250 	 0.000e+00 	 0.000e+00 	 0.000e+00 
7.19750 	 0.000e+00 	 0.000e+00 	 0.000e+00 
7.20250 	 0.000e+00 	 0.000e+00 	 0.000e+00 
7.20750 	 0.000e+00 	 0.000e+00 	 0.000e+00 
7.21250 	 0.000e+00 	 0.000e+00 	 0.000e+00 
7.21750 	 0.000e+00 	 0.000e+00 	 0.000e+00 
7.22250 	 0.000e+00 	 0.000e+00 	 0.000e+00 
7.22750 	 0.000e+00 	 0.000e+00 	 0.000e+00 
7.23250 	 0.000e+00 	 0.000e+00 	 0.000e+00 
7.23750 	 0.000e+00 	 0.000e+00 	 0.000e+00 
7.24250 	 0.000e+00 	 0.000e+00 	 0.000e+00 
7.24750 	 0.000e+00 	 0.000e+00 	 0.000e+00 
7.25250 	 0.000e+00 	 0.000e+00 	 0.000e+00 
7.25750 	 0.000e+00 	 0.000e+00 	 0.000e+00 
7.26250 	 0.000e+00 	 0.000e+00 	 0.000e+00 
7.26750 	 0.000e+00 	 0.000e+00 	 0.000e+00 
7.27250 	 0.000e+00 	 0.000e+00 	 0.000e+00 
7.27750 	 0.000e+00 	 0.000e+00 	 0.000e+00 
7.28250 	 0.000e+00 	 0.000e+00 	 0.000e+00 
7.28750 	 0.000e+00 	 0.000e+00 	 0.000e+00 
7.29250 	 0.000e+00 	 0.000e+00 	 0.000e+00 
7.29750 	 0.000e+00 	 0.000e+00 	 0.000e+00 
7.30250 	 0.000e+00 	 0.000e+00 	 0.000e+00 
7.30750 	 0.000e+00 	 0.000e+00 	 0.000e+00 
7.31250 	 0.000e+00 	 0.000e+00 	 0.000e+00 
7.31750 	 0.000e+00 	 0.000e+00 	 0.000e+00 
7.32250 	 0.000e+00 	 0.000e+00 	 0.000e+00 
7.32750 	 0.000e+00 	 0.000e+00 	 0.000e+00 
7.33250 	 0.000e+00 	 0.000e+00 	 0.000e+00 
7.33750 	 0.000e+00 	 0.000e+00 	 0.000e+00 
7.34250 	 0.000e+00 	 0.000e+00 	 0.000e+00 
7.34750 	 0.000e+00 	 0.000e+00 	 0.000e+00 
7.35250 	 0.000e+00 	 0.000e+00 	 0.000e+00 
7.35750 	 0.000e+00 	 0.000e+00 	 0.000e+00 
7.36250 	 0.000e+00 	 0.000e+00 	 0.000e+00 
7.36750 	 0.000e+00 	 0.000e+00 	 0.000e+00 
7.37250 	 0.000e+00 	 0.000e+00 	 0.000e+00 
7.37750 	 0.000e+00 	 0.000e+00 	 0.000e+00 
7.38250 	 0.000e+00 	 0.000e+00 	 0.000e+00 
7.38750 	 0.000e+00 	 0.000e+00 	 0.000e+00 
7.39250 	 0.000e+00 	 0.000e+00 	 0.000e+00 
7.39750 	 0.000e+00 	 0.000e+00 	 0.000e+00 
7.40250 	 0.000e+00 	 0.000e+00 	 0.000e+00 
7.40750 	 0.000e+00 	 0.000e+00 	 0.000e+00 
7.41250 	 0.000e+00 	 0.000e+00 	 0.000e+00 
7.41750 	 0.000e+00 	 0.000e+00 	 0.000e+00 
7.42250 	 0.000e+00 	 0.000e+00 	 0.000e+00 
7.42750 	 0.000e+00 	 0.000e+00 	 0.000e+00 
7.43250 	 0.000e+00 	 0.000e+00 	 0.000e+00 
7.43750 	 0.000e+00 	 0.000e+00 	 0.000e+00 
7.44250 	 0.000e+00 	 0.000e+00 	 0.000e+00 
7.44750 	 0.000e+00 	 0.000e+00 	 0.000e+00 
7.45250 	 0.000e+00 	 0.000e+00 	 0.000e+00 
7.45750 	 0.000e+00 	 0.000e+00 	 0.000e+00 
7.46250 	 0.000e+00 	 0.000e+00 	 0.000e+00 
7.46750 	 0.000e+00 	 0.000e+00 	 0.000e+00 
7.47250 	 0.000e+00 	 0.000e+00 	 0.000e+00 
7.47750 	 0.000e+00 	 0.000e+00 	 0.000e+00 
7.48250 	 0.000e+00 	 0.000e+00 	 0.000e+00 
7.48750 	 0.000e+00 	 0.000e+00 	 0.000e+00 
7.49250 	 0.000e+00 	 0.000e+00 	 0.000e+00 
7.49750 	 0.000e+00 	 0.000e+00 	 0.000e+00 
7.50250 	 0.000e+00 	 0.000e+00 	 0.000e+00 
7.50750 	 0.000e+00 	 0.000e+00 	 0.000e+00 
7.51250 	 0.000e+00 	 0.000e+00 	 0.000e+00 
7.51750 	 0.000e+00 	 0.000e+00 	 0.000e+00 
7.52250 	 0.000e+00 	 0.000e+00 	 0.000e+00 
7.52750 	 0.000e+00 	 0.000e+00 	 0.000e+00 
7.53250 	 0.000e+00 	 0.000e+00 	 0.000e+00 
7.53750 	 0.000e+00 	 0.000e+00 	 0.000e+00 
7.54250 	 0.000e+00 	 0.000e+00 	 0.000e+00 
7.54750 	 0.000e+00 	 0.000e+00 	 0.000e+00 
7.55250 	 0.000e+00 	 0.000e+00 	 0.000e+00 
7.55750 	 0.000e+00 	 0.000e+00 	 0.000e+00 
7.56250 	 0.000e+00 	 0.000e+00 	 0.000e+00 
7.56750 	 0.000e+00 	 0.000e+00 	 0.000e+00 
7.57250 	 0.000e+00 	 0.000e+00 	 0.000e+00 
7.57750 	 0.000e+00 	 0.000e+00 	 0.000e+00 
7.58250 	 0.000e+00 	 0.000e+00 	 0.000e+00 
7.58750 	 0.000e+00 	 0.000e+00 	 0.000e+00 
7.59250 	 0.000e+00 	 0.000e+00 	 0.000e+00 
7.59750 	 0.000e+00 	 0.000e+00 	 0.000e+00 
7.60250 	 0.000e+00 	 0.000e+00 	 0.000e+00 
7.60750 	 0.000e+00 	 0.000e+00 	 0.000e+00 
7.61250 	 0.000e+00 	 0.000e+00 	 0.000e+00 
7.61750 	 0.000e+00 	 0.000e+00 	 0.000e+00 
7.62250 	 0.000e+00 	 0.000e+00 	 0.000e+00 
7.62750 	 0.000e+00 	 0.000e+00 	 0.000e+00 
7.63250 	 0.000e+00 	 0.000e+00 	 0.000e+00 
7.63750 	 0.000e+00 	 0.000e+00 	 0.000e+00 
7.64250 	 0.000e+00 	 0.000e+00 	 0.000e+00 
7.64750 	 0.000e+00 	 0.000e+00 	 0.000e+00 
7.65250 	 0.000e+00 	 0.000e+00 	 0.000e+00 
7.65750 	 0.000e+00 	 0.000e+00 	 0.000e+00 
7.66250 	 0.000e+00 	 0.000e+00 	 0.000e+00 
7.66750 	 0.000e+00 	 0.000e+00 	 0.000e+00 
7.67250 	 0.000e+00 	 0.000e+00 	 0.000e+00 
7.67750 	 0.000e+00 	 0.000e+00 	 0.000e+00 
7.68250 	 0.000e+00 	 0.000e+00 	 0.000e+00 
7.68750 	 0.000e+00 	 0.000e+00 	 0.000e+00 
7.69250 	 0.000e+00 	 0.000e+00 	 0.000e+00 
7.69750 	 0.000e+00 	 0.000e+00 	 0.000e+00 
7.70250 	 0.000e+00 	 0.000e+00 	 0.000e+00 
7.70750 	 0.000e+00 	 0.000e+00 	 0.000e+00 
7.71250 	 0.000e+00 	 0.000e+00 	 0.000e+00 
7.71750 	 0.000e+00 	 0.000e+00 	 0.000e+00 
7.72250 	 0.000e+00 	 0.000e+00 	 0.000e+00 
7.72750 	 0.000e+00 	 0.000e+00 	 0.000e+00 
7.73250 	 0.000e+00 	 0.000e+00 	 0.000e+00 
7.73750 	 0.000e+00 	 0.000e+00 	 0.000e+00 
7.74250 	 0.000e+00 	 0.000e+00 	 0.000e+00 
7.74750 	 0.000e+00 	 0.000e+00 	 0.000e+00 
7.75250 	 0.000e+00 	 0.000e+00 	 0.000e+00 
7.75750 	 0.000e+00 	 0.000e+00 	 0.000e+00 
7.76250 	 0.000e+00 	 0.000e+00 	 0.000e+00 
7.76750 	 0.000e+00 	 0.000e+00 	 0.000e+00 
7.77250 	 0.000e+00 	 0.000e+00 	 0.000e+00 
7.77750 	 0.000e+00 	 0.000e+00 	 0.000e+00 
7.78250 	 0.000e+00 	 0.000e+00 	 0.000e+00 
7.78750 	 0.000e+00 	 0.000e+00 	 0.000e+00 
7.79250 	 0.000e+00 	 0.000e+00 	 0.000e+00 
7.79750 	 0.000e+00 	 0.000e+00 	 0.000e+00 
7.80250 	 0.000e+00 	 0.000e+00 	 0.000e+00 
7.80750 	 0.000e+00 	 0.000e+00 	 0.000e+00 
7.81250 	 0.000e+00 	 0.000e+00 	 0.000e+00 
7.81750 	 0.000e+00 	 0.000e+00 	 0.000e+00 
7.82250 	 0.000e+00 	 0.000e+00 	 0.000e+00 
7.82750 	 0.000e+00 	 0.000e+00 	 0.000e+00 
7.83250 	 0.000e+00 	 0.000e+00 	 0.000e+00 
7.83750 	 0.000e+00 	 0.000e+00 	 0.000e+00 
7.84250 	 0.000e+00 	 0.000e+00 	 0.000e+00 
7.84750 	 0.000e+00 	 0.000e+00 	 0.000e+00 
7.85250 	 0.000e+00 	 0.000e+00 	 0.000e+00 
7.85750 	 0.000e+00 	 0.000e+00 	 0.000e+00 
7.86250 	 0.000e+00 	 0.000e+00 	 0.000e+00 
7.86750 	 0.000e+00 	 0.000e+00 	 0.000e+00 
7.87250 	 0.000e+00 	 0.000e+00 	 0.000e+00 
7.87750 	 0.000e+00 	 0.000e+00 	 0.000e+00 
7.88250 	 0.000e+00 	 0.000e+00 	 0.000e+00 
7.88750 	 0.000e+00 	 0.000e+00 	 0.000e+00 
7.89250 	 0.000e+00 	 0.000e+00 	 0.000e+00 
7.89750 	 0.000e+00 	 0.000e+00 	 0.000e+00 
7.90250 	 0.000e+00 	 0.000e+00 	 0.000e+00 
7.90750 	 0.000e+00 	 0.000e+00 	 0.000e+00 
7.91250 	 0.000e+00 	 0.000e+00 	 0.000e+00 
7.91750 	 0.000e+00 	 0.000e+00 	 0.000e+00 
7.92250 	 0.000e+00 	 0.000e+00 	 0.000e+00 
7.92750 	 0.000e+00 	 0.000e+00 	 0.000e+00 
7.93250 	 0.000e+00 	 0.000e+00 	 0.000e+00 
7.93750 	 0.000e+00 	 0.000e+00 	 0.000e+00 
7.94250 	 0.000e+00 	 0.000e+00 	 0.000e+00 
7.94750 	 0.000e+00 	 0.000e+00 	 0.000e+00 
7.95250 	 0.000e+00 	 0.000e+00 	 0.000e+00 
7.95750 	 0.000e+00 	 0.000e+00 	 0.000e+00 
7.96250 	 0.000e+00 	 0.000e+00 	 0.000e+00 
7.96750 	 0.000e+00 	 0.000e+00 	 0.000e+00 
7.97250 	 0.000e+00 	 0.000e+00 	 0.000e+00 
7.97750 	 0.000e+00 	 0.000e+00 	 0.000e+00 
7.98250 	 0.000e+00 	 0.000e+00 	 0.000e+00 
7.98750 	 0.000e+00 	 0.000e+00 	 0.000e+00 
7.99250 	 0.000e+00 	 0.000e+00 	 0.000e+00 
7.99750 	 0.000e+00 	 0.000e+00 	 0.000e+00 
8.00250 	 0.000e+00 	 0.000e+00 	 0.000e+00 
8.00750 	 0.000e+00 	 0.000e+00 	 0.000e+00 
8.01250 	 0.000e+00 	 0.000e+00 	 0.000e+00 
8.01750 	 0.000e+00 	 0.000e+00 	 0.000e+00 
8.02250 	 0.000e+00 	 0.000e+00 	 0.000e+00 
8.02750 	 0.000e+00 	 0.000e+00 	 0.000e+00 
8.03250 	 0.000e+00 	 0.000e+00 	 0.000e+00 
8.03750 	 0.000e+00 	 0.000e+00 	 0.000e+00 
8.04250 	 0.000e+00 	 0.000e+00 	 0.000e+00 
8.04750 	 0.000e+00 	 0.000e+00 	 0.000e+00 
8.05250 	 0.000e+00 	 0.000e+00 	 0.000e+00 
8.05750 	 0.000e+00 	 0.000e+00 	 0.000e+00 
8.06250 	 0.000e+00 	 0.000e+00 	 0.000e+00 
8.06750 	 0.000e+00 	 0.000e+00 	 0.000e+00 
8.07250 	 0.000e+00 	 0.000e+00 	 0.000e+00 
8.07750 	 0.000e+00 	 0.000e+00 	 0.000e+00 
8.08250 	 0.000e+00 	 0.000e+00 	 0.000e+00 
8.08750 	 0.000e+00 	 0.000e+00 	 0.000e+00 
8.09250 	 0.000e+00 	 0.000e+00 	 0.000e+00 
8.09750 	 0.000e+00 	 0.000e+00 	 0.000e+00 
8.10250 	 0.000e+00 	 0.000e+00 	 0.000e+00 
8.10750 	 0.000e+00 	 0.000e+00 	 0.000e+00 
8.11250 	 0.000e+00 	 0.000e+00 	 0.000e+00 
8.11750 	 0.000e+00 	 0.000e+00 	 0.000e+00 
8.12250 	 0.000e+00 	 0.000e+00 	 0.000e+00 
8.12750 	 0.000e+00 	 0.000e+00 	 0.000e+00 
8.13250 	 0.000e+00 	 0.000e+00 	 0.000e+00 
8.13750 	 0.000e+00 	 0.000e+00 	 0.000e+00 
8.14250 	 0.000e+00 	 0.000e+00 	 0.000e+00 
8.14750 	 0.000e+00 	 0.000e+00 	 0.000e+00 
8.15250 	 0.000e+00 	 0.000e+00 	 0.000e+00 
8.15750 	 0.000e+00 	 0.000e+00 	 0.000e+00 
8.16250 	 0.000e+00 	 0.000e+00 	 0.000e+00 
8.16750 	 0.000e+00 	 0.000e+00 	 0.000e+00 
8.17250 	 0.000e+00 	 0.000e+00 	 0.000e+00 
8.17750 	 0.000e+00 	 0.000e+00 	 0.000e+00 
8.18250 	 0.000e+00 	 0.000e+00 	 0.000e+00 
8.18750 	 0.000e+00 	 0.000e+00 	 0.000e+00 
8.19250 	 0.000e+00 	 0.000e+00 	 0.000e+00 
8.19750 	 0.000e+00 	 0.000e+00 	 0.000e+00 
8.20250 	 0.000e+00 	 0.000e+00 	 0.000e+00 
8.20750 	 0.000e+00 	 0.000e+00 	 0.000e+00 
8.21250 	 0.000e+00 	 0.000e+00 	 0.000e+00 
8.21750 	 0.000e+00 	 0.000e+00 	 0.000e+00 
8.22250 	 0.000e+00 	 0.000e+00 	 0.000e+00 
8.22750 	 0.000e+00 	 0.000e+00 	 0.000e+00 
8.23250 	 0.000e+00 	 0.000e+00 	 0.000e+00 
8.23750 	 0.000e+00 	 0.000e+00 	 0.000e+00 
8.24250 	 0.000e+00 	 0.000e+00 	 0.000e+00 
8.24750 	 0.000e+00 	 0.000e+00 	 0.000e+00 
8.25250 	 0.000e+00 	 0.000e+00 	 0.000e+00 
8.25750 	 0.000e+00 	 0.000e+00 	 0.000e+00 
8.26250 	 0.000e+00 	 0.000e+00 	 0.000e+00 
8.26750 	 0.000e+00 	 0.000e+00 	 0.000e+00 
8.27250 	 0.000e+00 	 0.000e+00 	 0.000e+00 
8.27750 	 0.000e+00 	 0.000e+00 	 0.000e+00 
8.28250 	 0.000e+00 	 0.000e+00 	 0.000e+00 
8.28750 	 0.000e+00 	 0.000e+00 	 0.000e+00 
8.29250 	 0.000e+00 	 0.000e+00 	 0.000e+00 
8.29750 	 0.000e+00 	 0.000e+00 	 0.000e+00 
8.30250 	 0.000e+00 	 0.000e+00 	 0.000e+00 
8.30750 	 0.000e+00 	 0.000e+00 	 0.000e+00 
8.31250 	 0.000e+00 	 0.000e+00 	 0.000e+00 
8.31750 	 0.000e+00 	 0.000e+00 	 0.000e+00 
8.32250 	 0.000e+00 	 0.000e+00 	 0.000e+00 
8.32750 	 0.000e+00 	 0.000e+00 	 0.000e+00 
8.33250 	 0.000e+00 	 0.000e+00 	 0.000e+00 
8.33750 	 0.000e+00 	 0.000e+00 	 0.000e+00 
8.34250 	 0.000e+00 	 0.000e+00 	 0.000e+00 
8.34750 	 0.000e+00 	 0.000e+00 	 0.000e+00 
8.35250 	 0.000e+00 	 0.000e+00 	 0.000e+00 
8.35750 	 0.000e+00 	 0.000e+00 	 0.000e+00 
8.36250 	 0.000e+00 	 0.000e+00 	 0.000e+00 
8.36750 	 0.000e+00 	 0.000e+00 	 0.000e+00 
8.37250 	 0.000e+00 	 0.000e+00 	 0.000e+00 
8.37750 	 0.000e+00 	 0.000e+00 	 0.000e+00 
8.38250 	 0.000e+00 	 0.000e+00 	 0.000e+00 
8.38750 	 0.000e+00 	 0.000e+00 	 0.000e+00 
8.39250 	 0.000e+00 	 0.000e+00 	 0.000e+00 
8.39750 	 0.000e+00 	 0.000e+00 	 0.000e+00 
8.40250 	 0.000e+00 	 0.000e+00 	 0.000e+00 
8.40750 	 0.000e+00 	 0.000e+00 	 0.000e+00 
8.41250 	 0.000e+00 	 0.000e+00 	 0.000e+00 
8.41750 	 0.000e+00 	 0.000e+00 	 0.000e+00 
8.42250 	 0.000e+00 	 0.000e+00 	 0.000e+00 
8.42750 	 0.000e+00 	 0.000e+00 	 0.000e+00 
8.43250 	 0.000e+00 	 0.000e+00 	 0.000e+00 
8.43750 	 0.000e+00 	 0.000e+00 	 0.000e+00 
8.44250 	 0.000e+00 	 0.000e+00 	 0.000e+00 
8.44750 	 0.000e+00 	 0.000e+00 	 0.000e+00 
8.45250 	 0.000e+00 	 0.000e+00 	 0.000e+00 
8.45750 	 0.000e+00 	 0.000e+00 	 0.000e+00 
8.46250 	 0.000e+00 	 0.000e+00 	 0.000e+00 
8.46750 	 0.000e+00 	 0.000e+00 	 0.000e+00 
8.47250 	 0.000e+00 	 0.000e+00 	 0.000e+00 
8.47750 	 0.000e+00 	 0.000e+00 	 0.000e+00 
8.48250 	 0.000e+00 	 0.000e+00 	 0.000e+00 
8.48750 	 0.000e+00 	 0.000e+00 	 0.000e+00 
8.49250 	 0.000e+00 	 0.000e+00 	 0.000e+00 
8.49750 	 0.000e+00 	 0.000e+00 	 0.000e+00 
8.50250 	 0.000e+00 	 0.000e+00 	 0.000e+00 
8.50750 	 0.000e+00 	 0.000e+00 	 0.000e+00 
8.51250 	 0.000e+00 	 0.000e+00 	 0.000e+00 
8.51750 	 0.000e+00 	 0.000e+00 	 0.000e+00 
8.52250 	 0.000e+00 	 0.000e+00 	 0.000e+00 
8.52750 	 0.000e+00 	 0.000e+00 	 0.000e+00 
8.53250 	 0.000e+00 	 0.000e+00 	 0.000e+00 
8.53750 	 0.000e+00 	 0.000e+00 	 0.000e+00 
8.54250 	 0.000e+00 	 0.000e+00 	 0.000e+00 
8.54750 	 0.000e+00 	 0.000e+00 	 0.000e+00 
8.55250 	 0.000e+00 	 0.000e+00 	 0.000e+00 
8.55750 	 0.000e+00 	 0.000e+00 	 0.000e+00 
8.56250 	 0.000e+00 	 0.000e+00 	 0.000e+00 
8.56750 	 0.000e+00 	 0.000e+00 	 0.000e+00 
8.57250 	 0.000e+00 	 0.000e+00 	 0.000e+00 
8.57750 	 0.000e+00 	 0.000e+00 	 0.000e+00 
8.58250 	 0.000e+00 	 0.000e+00 	 0.000e+00 
8.58750 	 0.000e+00 	 0.000e+00 	 0.000e+00 
8.59250 	 0.000e+00 	 0.000e+00 	 0.000e+00 
8.59750 	 0.000e+00 	 0.000e+00 	 0.000e+00 
8.60250 	 0.000e+00 	 0.000e+00 	 0.000e+00 
8.60750 	 0.000e+00 	 0.000e+00 	 0.000e+00 
8.61250 	 0.000e+00 	 0.000e+00 	 0.000e+00 
8.61750 	 0.000e+00 	 0.000e+00 	 0.000e+00 
8.62250 	 0.000e+00 	 0.000e+00 	 0.000e+00 
8.62750 	 0.000e+00 	 0.000e+00 	 0.000e+00 
8.63250 	 0.000e+00 	 0.000e+00 	 0.000e+00 
8.63750 	 0.000e+00 	 0.000e+00 	 0.000e+00 
8.64250 	 0.000e+00 	 0.000e+00 	 0.000e+00 
8.64750 	 0.000e+00 	 0.000e+00 	 0.000e+00 
8.65250 	 0.000e+00 	 0.000e+00 	 0.000e+00 
8.65750 	 0.000e+00 	 0.000e+00 	 0.000e+00 
8.66250 	 0.000e+00 	 0.000e+00 	 0.000e+00 
8.66750 	 0.000e+00 	 0.000e+00 	 0.000e+00 
8.67250 	 0.000e+00 	 0.000e+00 	 0.000e+00 
8.67750 	 0.000e+00 	 0.000e+00 	 0.000e+00 
8.68250 	 0.000e+00 	 0.000e+00 	 0.000e+00 
8.68750 	 0.000e+00 	 0.000e+00 	 0.000e+00 
8.69250 	 0.000e+00 	 0.000e+00 	 0.000e+00 
8.69750 	 0.000e+00 	 0.000e+00 	 0.000e+00 
8.70250 	 0.000e+00 	 0.000e+00 	 0.000e+00 
8.70750 	 0.000e+00 	 0.000e+00 	 0.000e+00 
8.71250 	 0.000e+00 	 0.000e+00 	 0.000e+00 
8.71750 	 0.000e+00 	 0.000e+00 	 0.000e+00 
8.72250 	 0.000e+00 	 0.000e+00 	 0.000e+00 
8.72750 	 0.000e+00 	 0.000e+00 	 0.000e+00 
8.73250 	 0.000e+00 	 0.000e+00 	 0.000e+00 
8.73750 	 0.000e+00 	 0.000e+00 	 0.000e+00 
8.74250 	 0.000e+00 	 0.000e+00 	 0.000e+00 
8.74750 	 0.000e+00 	 0.000e+00 	 0.000e+00 
8.75250 	 0.000e+00 	 0.000e+00 	 0.000e+00 
8.75750 	 0.000e+00 	 0.000e+00 	 0.000e+00 
8.76250 	 0.000e+00 	 0.000e+00 	 0.000e+00 
8.76750 	 0.000e+00 	 0.000e+00 	 0.000e+00 
8.77250 	 0.000e+00 	 0.000e+00 	 0.000e+00 
8.77750 	 0.000e+00 	 0.000e+00 	 0.000e+00 
8.78250 	 0.000e+00 	 0.000e+00 	 0.000e+00 
8.78750 	 0.000e+00 	 0.000e+00 	 0.000e+00 
8.79250 	 0.000e+00 	 0.000e+00 	 0.000e+00 
8.79750 	 0.000e+00 	 0.000e+00 	 0.000e+00 
8.80250 	 0.000e+00 	 0.000e+00 	 0.000e+00 
8.80750 	 0.000e+00 	 0.000e+00 	 0.000e+00 
8.81250 	 0.000e+00 	 0.000e+00 	 0.000e+00 
8.81750 	 0.000e+00 	 0.000e+00 	 0.000e+00 
8.82250 	 0.000e+00 	 0.000e+00 	 0.000e+00 
8.82750 	 0.000e+00 	 0.000e+00 	 0.000e+00 
8.83250 	 0.000e+00 	 0.000e+00 	 0.000e+00 
8.83750 	 0.000e+00 	 0.000e+00 	 0.000e+00 
8.84250 	 0.000e+00 	 0.000e+00 	 0.000e+00 
8.84750 	 0.000e+00 	 0.000e+00 	 0.000e+00 
8.85250 	 0.000e+00 	 0.000e+00 	 0.000e+00 
8.85750 	 0.000e+00 	 0.000e+00 	 0.000e+00 
8.86250 	 0.000e+00 	 0.000e+00 	 0.000e+00 
8.86750 	 0.000e+00 	 0.000e+00 	 0.000e+00 
8.87250 	 0.000e+00 	 0.000e+00 	 0.000e+00 
8.87750 	 0.000e+00 	 0.000e+00 	 0.000e+00 
8.88250 	 0.000e+00 	 0.000e+00 	 0.000e+00 
8.88750 	 0.000e+00 	 0.000e+00 	 0.000e+00 
8.89250 	 0.000e+00 	 0.000e+00 	 0.000e+00 
8.89750 	 0.000e+00 	 0.000e+00 	 0.000e+00 
8.90250 	 0.000e+00 	 0.000e+00 	 0.000e+00 
8.90750 	 0.000e+00 	 0.000e+00 	 0.000e+00 
8.91250 	 0.000e+00 	 0.000e+00 	 0.000e+00 
8.91750 	 0.000e+00 	 0.000e+00 	 0.000e+00 
8.92250 	 0.000e+00 	 0.000e+00 	 0.000e+00 
8.92750 	 0.000e+00 	 0.000e+00 	 0.000e+00 
8.93250 	 0.000e+00 	 0.000e+00 	 0.000e+00 
8.93750 	 0.000e+00 	 0.000e+00 	 0.000e+00 
8.94250 	 0.000e+00 	 0.000e+00 	 0.000e+00 
8.94750 	 0.000e+00 	 0.000e+00 	 0.000e+00 
8.95250 	 0.000e+00 	 0.000e+00 	 0.000e+00 
8.95750 	 0.000e+00 	 0.000e+00 	 0.000e+00 
8.96250 	 0.000e+00 	 0.000e+00 	 0.000e+00 
8.96750 	 0.000e+00 	 0.000e+00 	 0.000e+00 
8.97250 	 0.000e+00 	 0.000e+00 	 0.000e+00 
8.97750 	 0.000e+00 	 0.000e+00 	 0.000e+00 
8.98250 	 0.000e+00 	 0.000e+00 	 0.000e+00 
8.98750 	 0.000e+00 	 0.000e+00 	 0.000e+00 
8.99250 	 0.000e+00 	 0.000e+00 	 0.000e+00 
8.99750 	 0.000e+00 	 0.000e+00 	 0.000e+00 
9.00250 	 0.000e+00 	 0.000e+00 	 0.000e+00 
9.00750 	 0.000e+00 	 0.000e+00 	 0.000e+00 
9.01250 	 0.000e+00 	 0.000e+00 	 0.000e+00 
9.01750 	 0.000e+00 	 0.000e+00 	 0.000e+00 
9.02250 	 0.000e+00 	 0.000e+00 	 0.000e+00 
9.02750 	 0.000e+00 	 0.000e+00 	 0.000e+00 
9.03250 	 0.000e+00 	 0.000e+00 	 0.000e+00 
9.03750 	 0.000e+00 	 0.000e+00 	 0.000e+00 
9.04250 	 0.000e+00 	 0.000e+00 	 0.000e+00 
9.04750 	 0.000e+00 	 0.000e+00 	 0.000e+00 
9.05250 	 0.000e+00 	 0.000e+00 	 0.000e+00 
9.05750 	 0.000e+00 	 0.000e+00 	 0.000e+00 
9.06250 	 0.000e+00 	 0.000e+00 	 0.000e+00 
9.06750 	 0.000e+00 	 0.000e+00 	 0.000e+00 
9.07250 	 0.000e+00 	 0.000e+00 	 0.000e+00 
9.07750 	 0.000e+00 	 0.000e+00 	 0.000e+00 
9.08250 	 0.000e+00 	 0.000e+00 	 0.000e+00 
9.08750 	 0.000e+00 	 0.000e+00 	 0.000e+00 
9.09250 	 0.000e+00 	 0.000e+00 	 0.000e+00 
9.09750 	 0.000e+00 	 0.000e+00 	 0.000e+00 
9.10250 	 0.000e+00 	 0.000e+00 	 0.000e+00 
9.10750 	 0.000e+00 	 0.000e+00 	 0.000e+00 
9.11250 	 0.000e+00 	 0.000e+00 	 0.000e+00 
9.11750 	 0.000e+00 	 0.000e+00 	 0.000e+00 
9.12250 	 0.000e+00 	 0.000e+00 	 0.000e+00 
9.12750 	 0.000e+00 	 0.000e+00 	 0.000e+00 
9.13250 	 0.000e+00 	 0.000e+00 	 0.000e+00 
9.13750 	 0.000e+00 	 0.000e+00 	 0.000e+00 
9.14250 	 0.000e+00 	 0.000e+00 	 0.000e+00 
9.14750 	 0.000e+00 	 0.000e+00 	 0.000e+00 
9.15250 	 0.000e+00 	 0.000e+00 	 0.000e+00 
9.15750 	 0.000e+00 	 0.000e+00 	 0.000e+00 
9.16250 	 0.000e+00 	 0.000e+00 	 0.000e+00 
9.16750 	 0.000e+00 	 0.000e+00 	 0.000e+00 
9.17250 	 0.000e+00 	 0.000e+00 	 0.000e+00 
9.17750 	 0.000e+00 	 0.000e+00 	 0.000e+00 
9.18250 	 0.000e+00 	 0.000e+00 	 0.000e+00 
9.18750 	 0.000e+00 	 0.000e+00 	 0.000e+00 
9.19250 	 0.000e+00 	 0.000e+00 	 0.000e+00 
9.19750 	 0.000e+00 	 0.000e+00 	 0.000e+00 
9.20250 	 0.000e+00 	 0.000e+00 	 0.000e+00 
9.20750 	 0.000e+00 	 0.000e+00 	 0.000e+00 
9.21250 	 0.000e+00 	 0.000e+00 	 0.000e+00 
9.21750 	 0.000e+00 	 0.000e+00 	 0.000e+00 
9.22250 	 0.000e+00 	 0.000e+00 	 0.000e+00 
9.22750 	 0.000e+00 	 0.000e+00 	 0.000e+00 
9.23250 	 0.000e+00 	 0.000e+00 	 0.000e+00 
9.23750 	 0.000e+00 	 0.000e+00 	 0.000e+00 
9.24250 	 0.000e+00 	 0.000e+00 	 0.000e+00 
9.24750 	 0.000e+00 	 0.000e+00 	 0.000e+00 
9.25250 	 0.000e+00 	 0.000e+00 	 0.000e+00 
9.25750 	 0.000e+00 	 0.000e+00 	 0.000e+00 
9.26250 	 0.000e+00 	 0.000e+00 	 0.000e+00 
9.26750 	 0.000e+00 	 0.000e+00 	 0.000e+00 
9.27250 	 0.000e+00 	 0.000e+00 	 0.000e+00 
9.27750 	 0.000e+00 	 0.000e+00 	 0.000e+00 
9.28250 	 0.000e+00 	 0.000e+00 	 0.000e+00 
9.28750 	 0.000e+00 	 0.000e+00 	 0.000e+00 
9.29250 	 0.000e+00 	 0.000e+00 	 0.000e+00 
9.29750 	 0.000e+00 	 0.000e+00 	 0.000e+00 
9.30250 	 0.000e+00 	 0.000e+00 	 0.000e+00 
9.30750 	 0.000e+00 	 0.000e+00 	 0.000e+00 
9.31250 	 0.000e+00 	 0.000e+00 	 0.000e+00 
9.31750 	 0.000e+00 	 0.000e+00 	 0.000e+00 
9.32250 	 0.000e+00 	 0.000e+00 	 0.000e+00 
9.32750 	 0.000e+00 	 0.000e+00 	 0.000e+00 
9.33250 	 0.000e+00 	 0.000e+00 	 0.000e+00 
9.33750 	 0.000e+00 	 0.000e+00 	 0.000e+00 
9.34250 	 0.000e+00 	 0.000e+00 	 0.000e+00 
9.34750 	 0.000e+00 	 0.000e+00 	 0.000e+00 
9.35250 	 0.000e+00 	 0.000e+00 	 0.000e+00 
9.35750 	 0.000e+00 	 0.000e+00 	 0.000e+00 
9.36250 	 0.000e+00 	 0.000e+00 	 0.000e+00 
9.36750 	 0.000e+00 	 0.000e+00 	 0.000e+00 
9.37250 	 0.000e+00 	 0.000e+00 	 0.000e+00 
9.37750 	 0.000e+00 	 0.000e+00 	 0.000e+00 
9.38250 	 0.000e+00 	 0.000e+00 	 0.000e+00 
9.38750 	 0.000e+00 	 0.000e+00 	 0.000e+00 
9.39250 	 0.000e+00 	 0.000e+00 	 0.000e+00 
9.39750 	 0.000e+00 	 0.000e+00 	 0.000e+00 
9.40250 	 0.000e+00 	 0.000e+00 	 0.000e+00 
9.40750 	 0.000e+00 	 0.000e+00 	 0.000e+00 
9.41250 	 0.000e+00 	 0.000e+00 	 0.000e+00 
9.41750 	 0.000e+00 	 0.000e+00 	 0.000e+00 
9.42250 	 0.000e+00 	 0.000e+00 	 0.000e+00 
9.42750 	 0.000e+00 	 0.000e+00 	 0.000e+00 
9.43250 	 0.000e+00 	 0.000e+00 	 0.000e+00 
9.43750 	 0.000e+00 	 0.000e+00 	 0.000e+00 
9.44250 	 0.000e+00 	 0.000e+00 	 0.000e+00 
9.44750 	 0.000e+00 	 0.000e+00 	 0.000e+00 
9.45250 	 0.000e+00 	 0.000e+00 	 0.000e+00 
9.45750 	 0.000e+00 	 0.000e+00 	 0.000e+00 
9.46250 	 0.000e+00 	 0.000e+00 	 0.000e+00 
9.46750 	 0.000e+00 	 0.000e+00 	 0.000e+00 
9.47250 	 0.000e+00 	 0.000e+00 	 0.000e+00 
9.47750 	 0.000e+00 	 0.000e+00 	 0.000e+00 
9.48250 	 0.000e+00 	 0.000e+00 	 0.000e+00 
9.48750 	 0.000e+00 	 0.000e+00 	 0.000e+00 
9.49250 	 0.000e+00 	 0.000e+00 	 0.000e+00 
9.49750 	 0.000e+00 	 0.000e+00 	 0.000e+00 
9.50250 	 0.000e+00 	 0.000e+00 	 0.000e+00 
9.50750 	 0.000e+00 	 0.000e+00 	 0.000e+00 
9.51250 	 0.000e+00 	 0.000e+00 	 0.000e+00 
9.51750 	 0.000e+00 	 0.000e+00 	 0.000e+00 
9.52250 	 0.000e+00 	 0.000e+00 	 0.000e+00 
9.52750 	 0.000e+00 	 0.000e+00 	 0.000e+00 
9.53250 	 0.000e+00 	 0.000e+00 	 0.000e+00 
9.53750 	 0.000e+00 	 0.000e+00 	 0.000e+00 
9.54250 	 0.000e+00 	 0.000e+00 	 0.000e+00 
9.54750 	 0.000e+00 	 0.000e+00 	 0.000e+00 
9.55250 	 0.000e+00 	 0.000e+00 	 0.000e+00 
9.55750 	 0.000e+00 	 0.000e+00 	 0.000e+00 
9.56250 	 0.000e+00 	 0.000e+00 	 0.000e+00 
9.56750 	 0.000e+00 	 0.000e+00 	 0.000e+00 
9.57250 	 0.000e+00 	 0.000e+00 	 0.000e+00 
9.57750 	 0.000e+00 	 0.000e+00 	 0.000e+00 
9.58250 	 0.000e+00 	 0.000e+00 	 0.000e+00 
9.58750 	 0.000e+00 	 0.000e+00 	 0.000e+00 
9.59250 	 0.000e+00 	 0.000e+00 	 0.000e+00 
9.59750 	 0.000e+00 	 0.000e+00 	 0.000e+00 
9.60250 	 0.000e+00 	 0.000e+00 	 0.000e+00 
9.60750 	 0.000e+00 	 0.000e+00 	 0.000e+00 
9.61250 	 0.000e+00 	 0.000e+00 	 0.000e+00 
9.61750 	 0.000e+00 	 0.000e+00 	 0.000e+00 
9.62250 	 0.000e+00 	 0.000e+00 	 0.000e+00 
9.62750 	 0.000e+00 	 0.000e+00 	 0.000e+00 
9.63250 	 0.000e+00 	 0.000e+00 	 0.000e+00 
9.63750 	 0.000e+00 	 0.000e+00 	 0.000e+00 
9.64250 	 0.000e+00 	 0.000e+00 	 0.000e+00 
9.64750 	 0.000e+00 	 0.000e+00 	 0.000e+00 
9.65250 	 0.000e+00 	 0.000e+00 	 0.000e+00 
9.65750 	 0.000e+00 	 0.000e+00 	 0.000e+00 
9.66250 	 0.000e+00 	 0.000e+00 	 0.000e+00 
9.66750 	 0.000e+00 	 0.000e+00 	 0.000e+00 
9.67250 	 0.000e+00 	 0.000e+00 	 0.000e+00 
9.67750 	 0.000e+00 	 0.000e+00 	 0.000e+00 
9.68250 	 0.000e+00 	 0.000e+00 	 0.000e+00 
9.68750 	 0.000e+00 	 0.000e+00 	 0.000e+00 
9.69250 	 0.000e+00 	 0.000e+00 	 0.000e+00 
9.69750 	 0.000e+00 	 0.000e+00 	 0.000e+00 
9.70250 	 0.000e+00 	 0.000e+00 	 0.000e+00 
9.70750 	 0.000e+00 	 0.000e+00 	 0.000e+00 
9.71250 	 0.000e+00 	 0.000e+00 	 0.000e+00 
9.71750 	 0.000e+00 	 0.000e+00 	 0.000e+00 
9.72250 	 0.000e+00 	 0.000e+00 	 0.000e+00 
9.72750 	 0.000e+00 	 0.000e+00 	 0.000e+00 
9.73250 	 0.000e+00 	 0.000e+00 	 0.000e+00 
9.73750 	 0.000e+00 	 0.000e+00 	 0.000e+00 
9.74250 	 0.000e+00 	 0.000e+00 	 0.000e+00 
9.74750 	 0.000e+00 	 0.000e+00 	 0.000e+00 
9.75250 	 0.000e+00 	 0.000e+00 	 0.000e+00 
9.75750 	 0.000e+00 	 0.000e+00 	 0.000e+00 
9.76250 	 0.000e+00 	 0.000e+00 	 0.000e+00 
9.76750 	 0.000e+00 	 0.000e+00 	 0.000e+00 
9.77250 	 0.000e+00 	 0.000e+00 	 0.000e+00 
9.77750 	 0.000e+00 	 0.000e+00 	 0.000e+00 
9.78250 	 0.000e+00 	 0.000e+00 	 0.000e+00 
9.78750 	 0.000e+00 	 0.000e+00 	 0.000e+00 
9.79250 	 0.000e+00 	 0.000e+00 	 0.000e+00 
9.79750 	 0.000e+00 	 0.000e+00 	 0.000e+00 
9.80250 	 0.000e+00 	 0.000e+00 	 0.000e+00 
9.80750 	 0.000e+00 	 0.000e+00 	 0.000e+00 
9.81250 	 0.000e+00 	 0.000e+00 	 0.000e+00 
9.81750 	 0.000e+00 	 0.000e+00 	 0.000e+00 
9.82250 	 0.000e+00 	 0.000e+00 	 0.000e+00 
9.82750 	 0.000e+00 	 0.000e+00 	 0.000e+00 
9.83250 	 0.000e+00 	 0.000e+00 	 0.000e+00 
9.83750 	 0.000e+00 	 0.000e+00 	 0.000e+00 
9.84250 	 0.000e+00 	 0.000e+00 	 0.000e+00 
9.84750 	 0.000e+00 	 0.000e+00 	 0.000e+00 
9.85250 	 0.000e+00 	 0.000e+00 	 0.000e+00 
9.85750 	 0.000e+00 	 0.000e+00 	 0.000e+00 
9.86250 	 0.000e+00 	 0.000e+00 	 0.000e+00 
9.86750 	 0.000e+00 	 0.000e+00 	 0.000e+00 
9.87250 	 0.000e+00 	 0.000e+00 	 0.000e+00 
9.87750 	 0.000e+00 	 0.000e+00 	 0.000e+00 
9.88250 	 0.000e+00 	 0.000e+00 	 0.000e+00 
9.88750 	 0.000e+00 	 0.000e+00 	 0.000e+00 
9.89250 	 0.000e+00 	 0.000e+00 	 0.000e+00 
9.89750 	 0.000e+00 	 0.000e+00 	 0.000e+00 
9.90250 	 0.000e+00 	 0.000e+00 	 0.000e+00 
9.90750 	 0.000e+00 	 0.000e+00 	 0.000e+00 
9.91250 	 0.000e+00 	 0.000e+00 	 0.000e+00 
9.91750 	 0.000e+00 	 0.000e+00 	 0.000e+00 
9.92250 	 0.000e+00 	 0.000e+00 	 0.000e+00 
9.92750 	 0.000e+00 	 0.000e+00 	 0.000e+00 
9.93250 	 0.000e+00 	 0.000e+00 	 0.000e+00 
9.93750 	 0.000e+00 	 0.000e+00 	 0.000e+00 
9.94250 	 0.000e+00 	 0.000e+00 	 0.000e+00 
9.94750 	 0.000e+00 	 0.000e+00 	 0.000e+00 
9.95250 	 0.000e+00 	 0.000e+00 	 0.000e+00 
9.95750 	 0.000e+00 	 0.000e+00 	 0.000e+00 
9.96250 	 0.000e+00 	 0.000e+00 	 0.000e+00 
9.96750 	 0.000e+00 	 0.000e+00 	 0.000e+00 
9.97250 	 0.000e+00 	 0.000e+00 	 0.000e+00 
9.97750 	 0.000e+00 	 0.000e+00 	 0.000e+00 
9.98250 	 0.000e+00 	 0.000e+00 	 0.000e+00 
9.98750 	 0.000e+00 	 0.000e+00 	 0.000e+00 
9.99250 	 0.000e+00 	 0.000e+00 	 0.000e+00 
9.99750 	 0.000e+00 	 0.000e+00 	 0.000e+00 
10.00250 	 0.000e+00 	 0.000e+00 	 0.000e+00 
