 
Número de fotones = 100000.000000
Tamaño del paquete = 0.00250 [cm] 
***Parámetros del tejido*** 
Coef. de Absorcion: 12.200000
Coef. de Esparcimiento: 450.000000
Coef. de Anisotropia: 0.800000
Indice de Refracción: 1.330000
La última fila esta desbordada. Ignorarla
r [cm] 	 Fsph [1/cm2] 	 Fcyl [1/cm2] 	 Fpla [1/cm2]
0.00125 	 5.533e+04 	 2.329e+02 	 5.563e+00 
0.00375 	 7.168e+03 	 8.920e+01 	 3.995e+00 
0.00625 	 2.898e+03 	 5.629e+01 	 3.298e+00 
0.00875 	 1.624e+03 	 4.068e+01 	 2.789e+00 
0.01125 	 1.042e+03 	 3.095e+01 	 2.369e+00 
0.01375 	 7.200e+02 	 2.422e+01 	 2.044e+00 
0.01625 	 5.160e+02 	 1.951e+01 	 1.753e+00 
0.01875 	 3.838e+02 	 1.572e+01 	 1.511e+00 
0.02125 	 2.912e+02 	 1.280e+01 	 1.303e+00 
0.02375 	 2.238e+02 	 1.045e+01 	 1.125e+00 
0.02625 	 1.746e+02 	 8.629e+00 	 9.698e-01 
0.02875 	 1.372e+02 	 7.134e+00 	 8.347e-01 
0.03125 	 1.089e+02 	 5.935e+00 	 7.226e-01 
0.03375 	 8.717e+01 	 4.947e+00 	 6.233e-01 
0.03625 	 6.977e+01 	 4.101e+00 	 5.352e-01 
0.03875 	 5.602e+01 	 3.417e+00 	 4.580e-01 
0.04125 	 4.563e+01 	 2.860e+00 	 3.968e-01 
0.04375 	 3.697e+01 	 2.401e+00 	 3.444e-01 
0.04625 	 3.016e+01 	 2.026e+00 	 2.979e-01 
0.04875 	 2.453e+01 	 1.695e+00 	 2.562e-01 
0.05125 	 2.010e+01 	 1.434e+00 	 2.196e-01 
0.05375 	 1.656e+01 	 1.207e+00 	 1.884e-01 
0.05625 	 1.371e+01 	 1.018e+00 	 1.636e-01 
0.05875 	 1.128e+01 	 8.534e-01 	 1.406e-01 
0.06125 	 9.307e+00 	 7.240e-01 	 1.231e-01 
0.06375 	 7.698e+00 	 6.149e-01 	 1.050e-01 
0.06625 	 6.382e+00 	 5.199e-01 	 9.063e-02 
0.06875 	 5.315e+00 	 4.401e-01 	 7.784e-02 
0.07125 	 4.435e+00 	 3.733e-01 	 6.651e-02 
0.07375 	 3.677e+00 	 3.182e-01 	 5.757e-02 
0.07625 	 3.063e+00 	 2.706e-01 	 5.022e-02 
0.07875 	 2.567e+00 	 2.269e-01 	 4.369e-02 
0.08125 	 2.138e+00 	 1.911e-01 	 3.768e-02 
0.08375 	 1.796e+00 	 1.641e-01 	 3.232e-02 
0.08625 	 1.501e+00 	 1.397e-01 	 2.832e-02 
0.08875 	 1.273e+00 	 1.187e-01 	 2.428e-02 
0.09125 	 1.061e+00 	 1.025e-01 	 2.058e-02 
0.09375 	 8.886e-01 	 8.594e-02 	 1.784e-02 
0.09625 	 7.483e-01 	 7.303e-02 	 1.524e-02 
0.09875 	 6.291e-01 	 6.258e-02 	 1.325e-02 
0.10125 	 5.261e-01 	 5.390e-02 	 1.137e-02 
0.10375 	 4.407e-01 	 4.556e-02 	 9.461e-03 
0.10625 	 3.707e-01 	 3.889e-02 	 8.346e-03 
0.10875 	 3.125e-01 	 3.258e-02 	 7.041e-03 
0.11125 	 2.650e-01 	 2.782e-02 	 5.998e-03 
0.11375 	 2.231e-01 	 2.355e-02 	 5.285e-03 
0.11625 	 1.873e-01 	 2.009e-02 	 4.576e-03 
0.11875 	 1.559e-01 	 1.691e-02 	 3.912e-03 
0.12125 	 1.326e-01 	 1.440e-02 	 3.402e-03 
0.12375 	 1.113e-01 	 1.216e-02 	 2.792e-03 
0.12625 	 9.333e-02 	 1.052e-02 	 2.413e-03 
0.12875 	 7.854e-02 	 9.038e-03 	 2.144e-03 
0.13125 	 6.611e-02 	 7.848e-03 	 1.769e-03 
0.13375 	 5.628e-02 	 6.695e-03 	 1.548e-03 
0.13625 	 4.796e-02 	 5.671e-03 	 1.447e-03 
0.13875 	 3.980e-02 	 4.802e-03 	 1.270e-03 
0.14125 	 3.385e-02 	 4.164e-03 	 1.076e-03 
0.14375 	 2.992e-02 	 3.550e-03 	 9.088e-04 
0.14625 	 2.531e-02 	 2.999e-03 	 7.923e-04 
0.14875 	 2.171e-02 	 2.633e-03 	 6.899e-04 
0.15125 	 1.799e-02 	 2.277e-03 	 5.686e-04 
0.15375 	 1.547e-02 	 1.923e-03 	 4.858e-04 
0.15625 	 1.282e-02 	 1.685e-03 	 4.203e-04 
0.15875 	 1.111e-02 	 1.385e-03 	 3.794e-04 
0.16125 	 9.315e-03 	 1.162e-03 	 3.442e-04 
0.16375 	 7.851e-03 	 1.010e-03 	 2.754e-04 
0.16625 	 7.230e-03 	 9.459e-04 	 2.419e-04 
0.16875 	 5.952e-03 	 7.410e-04 	 2.048e-04 
0.17125 	 4.935e-03 	 6.455e-04 	 1.689e-04 
0.17375 	 4.226e-03 	 5.323e-04 	 1.135e-04 
0.17625 	 3.541e-03 	 4.265e-04 	 9.207e-05 
0.17875 	 2.763e-03 	 3.522e-04 	 9.176e-05 
0.18125 	 2.364e-03 	 3.297e-04 	 8.070e-05 
0.18375 	 2.006e-03 	 2.790e-04 	 5.332e-05 
0.18625 	 1.776e-03 	 2.650e-04 	 6.475e-05 
0.18875 	 1.439e-03 	 2.088e-04 	 4.042e-05 
0.19125 	 1.282e-03 	 1.770e-04 	 3.022e-05 
0.19375 	 1.053e-03 	 1.492e-04 	 2.683e-05 
0.19625 	 9.187e-04 	 1.268e-04 	 2.989e-05 
0.19875 	 7.392e-04 	 1.079e-04 	 3.004e-05 
0.20125 	 6.001e-04 	 9.793e-05 	 2.180e-05 
0.20375 	 5.530e-04 	 8.754e-05 	 2.276e-05 
0.20625 	 4.466e-04 	 5.725e-05 	 2.180e-05 
0.20875 	 3.750e-04 	 6.023e-05 	 1.599e-05 
0.21125 	 3.200e-04 	 4.607e-05 	 9.670e-06 
0.21375 	 2.685e-04 	 4.385e-05 	 9.237e-06 
0.21625 	 2.614e-04 	 4.093e-05 	 6.963e-06 
0.21875 	 1.833e-04 	 2.664e-05 	 7.143e-06 
0.22125 	 1.555e-04 	 2.161e-05 	 4.909e-06 
0.22375 	 1.424e-04 	 2.166e-05 	 3.216e-06 
0.22625 	 8.511e-05 	 1.613e-05 	 1.567e-06 
0.22875 	 8.495e-05 	 1.802e-05 	 3.075e-06 
0.23125 	 8.112e-05 	 1.655e-05 	 1.701e-06 
0.23375 	 5.531e-05 	 1.241e-05 	 1.501e-06 
0.23625 	 6.605e-05 	 1.218e-05 	 1.913e-06 
0.23875 	 4.704e-05 	 8.670e-06 	 1.303e-06 
0.24125 	 2.799e-05 	 9.802e-06 	 1.422e-06 
0.24375 	 4.581e-05 	 7.721e-06 	 1.330e-06 
0.24625 	 3.267e-05 	 3.409e-06 	 1.068e-06 
0.24875 	 2.044e-05 	 5.364e-06 	 1.032e-06 
0.25125 	 1.598e-05 	 4.735e-06 	 1.233e-06 
0.25375 	 1.497e-05 	 3.350e-06 	 8.981e-07 
0.25625 	 1.510e-05 	 2.994e-06 	 2.946e-07 
0.25875 	 1.497e-05 	 2.614e-06 	 1.397e-06 
0.26125 	 1.132e-05 	 4.842e-06 	 2.917e-07 
0.26375 	 1.403e-05 	 2.991e-06 	 2.802e-07 
0.26625 	 7.037e-06 	 2.137e-06 	 4.976e-07 
0.26875 	 1.051e-05 	 2.074e-06 	 3.102e-07 
0.27125 	 8.182e-06 	 1.369e-06 	 5.132e-07 
0.27375 	 5.917e-06 	 1.025e-06 	 2.787e-07 
0.27625 	 1.147e-05 	 4.074e-07 	 4.954e-07 
0.27875 	 6.455e-06 	 3.003e-07 	 3.708e-07 
0.28125 	 4.198e-06 	 9.403e-08 	 0.000e+00 
0.28375 	 5.516e-06 	 9.074e-08 	 0.000e+00 
0.28625 	 4.079e-06 	 1.728e-07 	 0.000e+00 
0.28875 	 1.217e-06 	 8.230e-08 	 0.000e+00 
0.29125 	 3.860e-07 	 2.321e-07 	 0.000e+00 
0.29375 	 6.089e-07 	 1.435e-07 	 0.000e+00 
0.29625 	 7.882e-07 	 0.000e+00 	 0.000e+00 
0.29875 	 7.111e-07 	 2.604e-07 	 0.000e+00 
0.30125 	 2.387e-07 	 1.191e-07 	 0.000e+00 
0.30375 	 5.524e-07 	 0.000e+00 	 0.000e+00 
0.30625 	 6.014e-07 	 5.629e-08 	 0.000e+00 
0.30875 	 1.059e-07 	 1.073e-07 	 0.000e+00 
0.31125 	 4.791e-07 	 5.111e-08 	 0.000e+00 
0.31375 	 8.525e-08 	 9.743e-08 	 0.000e+00 
0.31625 	 1.612e-07 	 0.000e+00 	 0.000e+00 
0.31875 	 1.504e-07 	 4.606e-08 	 0.000e+00 
0.32125 	 0.000e+00 	 8.782e-08 	 0.000e+00 
0.32375 	 7.004e-08 	 0.000e+00 	 0.000e+00 
0.32625 	 1.325e-07 	 0.000e+00 	 0.000e+00 
0.32875 	 0.000e+00 	 0.000e+00 	 0.000e+00 
0.33125 	 0.000e+00 	 0.000e+00 	 0.000e+00 
0.33375 	 0.000e+00 	 0.000e+00 	 0.000e+00 
0.33625 	 0.000e+00 	 0.000e+00 	 0.000e+00 
0.33875 	 0.000e+00 	 0.000e+00 	 0.000e+00 
0.34125 	 0.000e+00 	 0.000e+00 	 0.000e+00 
0.34375 	 0.000e+00 	 0.000e+00 	 0.000e+00 
0.34625 	 0.000e+00 	 0.000e+00 	 0.000e+00 
0.34875 	 0.000e+00 	 0.000e+00 	 0.000e+00 
0.35125 	 0.000e+00 	 0.000e+00 	 0.000e+00 
0.35375 	 0.000e+00 	 0.000e+00 	 0.000e+00 
0.35625 	 0.000e+00 	 0.000e+00 	 0.000e+00 
0.35875 	 0.000e+00 	 0.000e+00 	 0.000e+00 
0.36125 	 0.000e+00 	 0.000e+00 	 0.000e+00 
0.36375 	 0.000e+00 	 0.000e+00 	 0.000e+00 
0.36625 	 0.000e+00 	 0.000e+00 	 0.000e+00 
0.36875 	 0.000e+00 	 0.000e+00 	 0.000e+00 
0.37125 	 0.000e+00 	 0.000e+00 	 0.000e+00 
0.37375 	 0.000e+00 	 0.000e+00 	 0.000e+00 
0.37625 	 0.000e+00 	 0.000e+00 	 0.000e+00 
0.37875 	 0.000e+00 	 0.000e+00 	 0.000e+00 
0.38125 	 0.000e+00 	 0.000e+00 	 0.000e+00 
0.38375 	 0.000e+00 	 0.000e+00 	 0.000e+00 
0.38625 	 0.000e+00 	 0.000e+00 	 0.000e+00 
0.38875 	 0.000e+00 	 0.000e+00 	 0.000e+00 
0.39125 	 0.000e+00 	 0.000e+00 	 0.000e+00 
0.39375 	 0.000e+00 	 0.000e+00 	 0.000e+00 
0.39625 	 0.000e+00 	 0.000e+00 	 0.000e+00 
0.39875 	 0.000e+00 	 0.000e+00 	 0.000e+00 
0.40125 	 0.000e+00 	 0.000e+00 	 0.000e+00 
0.40375 	 0.000e+00 	 0.000e+00 	 0.000e+00 
0.40625 	 0.000e+00 	 0.000e+00 	 0.000e+00 
0.40875 	 0.000e+00 	 0.000e+00 	 0.000e+00 
0.41125 	 0.000e+00 	 0.000e+00 	 0.000e+00 
0.41375 	 0.000e+00 	 0.000e+00 	 0.000e+00 
0.41625 	 0.000e+00 	 0.000e+00 	 0.000e+00 
0.41875 	 0.000e+00 	 0.000e+00 	 0.000e+00 
0.42125 	 0.000e+00 	 0.000e+00 	 0.000e+00 
0.42375 	 0.000e+00 	 0.000e+00 	 0.000e+00 
0.42625 	 0.000e+00 	 0.000e+00 	 0.000e+00 
0.42875 	 0.000e+00 	 0.000e+00 	 0.000e+00 
0.43125 	 0.000e+00 	 0.000e+00 	 0.000e+00 
0.43375 	 0.000e+00 	 0.000e+00 	 0.000e+00 
0.43625 	 0.000e+00 	 0.000e+00 	 0.000e+00 
0.43875 	 0.000e+00 	 0.000e+00 	 0.000e+00 
0.44125 	 0.000e+00 	 0.000e+00 	 0.000e+00 
0.44375 	 0.000e+00 	 0.000e+00 	 0.000e+00 
0.44625 	 0.000e+00 	 0.000e+00 	 0.000e+00 
0.44875 	 0.000e+00 	 0.000e+00 	 0.000e+00 
0.45125 	 0.000e+00 	 0.000e+00 	 0.000e+00 
0.45375 	 0.000e+00 	 0.000e+00 	 0.000e+00 
0.45625 	 0.000e+00 	 0.000e+00 	 0.000e+00 
0.45875 	 0.000e+00 	 0.000e+00 	 0.000e+00 
0.46125 	 0.000e+00 	 0.000e+00 	 0.000e+00 
0.46375 	 0.000e+00 	 0.000e+00 	 0.000e+00 
0.46625 	 0.000e+00 	 0.000e+00 	 0.000e+00 
0.46875 	 0.000e+00 	 0.000e+00 	 0.000e+00 
0.47125 	 0.000e+00 	 0.000e+00 	 0.000e+00 
0.47375 	 0.000e+00 	 0.000e+00 	 0.000e+00 
0.47625 	 0.000e+00 	 0.000e+00 	 0.000e+00 
0.47875 	 0.000e+00 	 0.000e+00 	 0.000e+00 
0.48125 	 0.000e+00 	 0.000e+00 	 0.000e+00 
0.48375 	 0.000e+00 	 0.000e+00 	 0.000e+00 
0.48625 	 0.000e+00 	 0.000e+00 	 0.000e+00 
0.48875 	 0.000e+00 	 0.000e+00 	 0.000e+00 
0.49125 	 0.000e+00 	 0.000e+00 	 0.000e+00 
0.49375 	 0.000e+00 	 0.000e+00 	 0.000e+00 
0.49625 	 0.000e+00 	 0.000e+00 	 0.000e+00 
0.49875 	 0.000e+00 	 0.000e+00 	 0.000e+00 
0.50125 	 0.000e+00 	 0.000e+00 	 0.000e+00 
0.50375 	 0.000e+00 	 0.000e+00 	 0.000e+00 
0.50625 	 0.000e+00 	 0.000e+00 	 0.000e+00 
0.50875 	 0.000e+00 	 0.000e+00 	 0.000e+00 
0.51125 	 0.000e+00 	 0.000e+00 	 0.000e+00 
0.51375 	 0.000e+00 	 0.000e+00 	 0.000e+00 
0.51625 	 0.000e+00 	 0.000e+00 	 0.000e+00 
0.51875 	 0.000e+00 	 0.000e+00 	 0.000e+00 
0.52125 	 0.000e+00 	 0.000e+00 	 0.000e+00 
0.52375 	 0.000e+00 	 0.000e+00 	 0.000e+00 
0.52625 	 0.000e+00 	 0.000e+00 	 0.000e+00 
0.52875 	 0.000e+00 	 0.000e+00 	 0.000e+00 
0.53125 	 0.000e+00 	 0.000e+00 	 0.000e+00 
0.53375 	 0.000e+00 	 0.000e+00 	 0.000e+00 
0.53625 	 0.000e+00 	 0.000e+00 	 0.000e+00 
0.53875 	 0.000e+00 	 0.000e+00 	 0.000e+00 
0.54125 	 0.000e+00 	 0.000e+00 	 0.000e+00 
0.54375 	 0.000e+00 	 0.000e+00 	 0.000e+00 
0.54625 	 0.000e+00 	 0.000e+00 	 0.000e+00 
0.54875 	 0.000e+00 	 0.000e+00 	 0.000e+00 
0.55125 	 0.000e+00 	 0.000e+00 	 0.000e+00 
0.55375 	 0.000e+00 	 0.000e+00 	 0.000e+00 
0.55625 	 0.000e+00 	 0.000e+00 	 0.000e+00 
0.55875 	 0.000e+00 	 0.000e+00 	 0.000e+00 
0.56125 	 0.000e+00 	 0.000e+00 	 0.000e+00 
0.56375 	 0.000e+00 	 0.000e+00 	 0.000e+00 
0.56625 	 0.000e+00 	 0.000e+00 	 0.000e+00 
0.56875 	 0.000e+00 	 0.000e+00 	 0.000e+00 
0.57125 	 0.000e+00 	 0.000e+00 	 0.000e+00 
0.57375 	 0.000e+00 	 0.000e+00 	 0.000e+00 
0.57625 	 0.000e+00 	 0.000e+00 	 0.000e+00 
0.57875 	 0.000e+00 	 0.000e+00 	 0.000e+00 
0.58125 	 0.000e+00 	 0.000e+00 	 0.000e+00 
0.58375 	 0.000e+00 	 0.000e+00 	 0.000e+00 
0.58625 	 0.000e+00 	 0.000e+00 	 0.000e+00 
0.58875 	 0.000e+00 	 0.000e+00 	 0.000e+00 
0.59125 	 0.000e+00 	 0.000e+00 	 0.000e+00 
0.59375 	 0.000e+00 	 0.000e+00 	 0.000e+00 
0.59625 	 0.000e+00 	 0.000e+00 	 0.000e+00 
0.59875 	 0.000e+00 	 0.000e+00 	 0.000e+00 
0.60125 	 0.000e+00 	 0.000e+00 	 0.000e+00 
0.60375 	 0.000e+00 	 0.000e+00 	 0.000e+00 
0.60625 	 0.000e+00 	 0.000e+00 	 0.000e+00 
0.60875 	 0.000e+00 	 0.000e+00 	 0.000e+00 
0.61125 	 0.000e+00 	 0.000e+00 	 0.000e+00 
0.61375 	 0.000e+00 	 0.000e+00 	 0.000e+00 
0.61625 	 0.000e+00 	 0.000e+00 	 0.000e+00 
0.61875 	 0.000e+00 	 0.000e+00 	 0.000e+00 
0.62125 	 0.000e+00 	 0.000e+00 	 0.000e+00 
0.62375 	 0.000e+00 	 0.000e+00 	 0.000e+00 
0.62625 	 0.000e+00 	 0.000e+00 	 0.000e+00 
0.62875 	 0.000e+00 	 0.000e+00 	 0.000e+00 
0.63125 	 0.000e+00 	 0.000e+00 	 0.000e+00 
0.63375 	 0.000e+00 	 0.000e+00 	 0.000e+00 
0.63625 	 0.000e+00 	 0.000e+00 	 0.000e+00 
0.63875 	 0.000e+00 	 0.000e+00 	 0.000e+00 
0.64125 	 0.000e+00 	 0.000e+00 	 0.000e+00 
0.64375 	 0.000e+00 	 0.000e+00 	 0.000e+00 
0.64625 	 0.000e+00 	 0.000e+00 	 0.000e+00 
0.64875 	 0.000e+00 	 0.000e+00 	 0.000e+00 
0.65125 	 0.000e+00 	 0.000e+00 	 0.000e+00 
0.65375 	 0.000e+00 	 0.000e+00 	 0.000e+00 
0.65625 	 0.000e+00 	 0.000e+00 	 0.000e+00 
0.65875 	 0.000e+00 	 0.000e+00 	 0.000e+00 
0.66125 	 0.000e+00 	 0.000e+00 	 0.000e+00 
0.66375 	 0.000e+00 	 0.000e+00 	 0.000e+00 
0.66625 	 0.000e+00 	 0.000e+00 	 0.000e+00 
0.66875 	 0.000e+00 	 0.000e+00 	 0.000e+00 
0.67125 	 0.000e+00 	 0.000e+00 	 0.000e+00 
0.67375 	 0.000e+00 	 0.000e+00 	 0.000e+00 
0.67625 	 0.000e+00 	 0.000e+00 	 0.000e+00 
0.67875 	 0.000e+00 	 0.000e+00 	 0.000e+00 
0.68125 	 0.000e+00 	 0.000e+00 	 0.000e+00 
0.68375 	 0.000e+00 	 0.000e+00 	 0.000e+00 
0.68625 	 0.000e+00 	 0.000e+00 	 0.000e+00 
0.68875 	 0.000e+00 	 0.000e+00 	 0.000e+00 
0.69125 	 0.000e+00 	 0.000e+00 	 0.000e+00 
0.69375 	 0.000e+00 	 0.000e+00 	 0.000e+00 
0.69625 	 0.000e+00 	 0.000e+00 	 0.000e+00 
0.69875 	 0.000e+00 	 0.000e+00 	 0.000e+00 
0.70125 	 0.000e+00 	 0.000e+00 	 0.000e+00 
0.70375 	 0.000e+00 	 0.000e+00 	 0.000e+00 
0.70625 	 0.000e+00 	 0.000e+00 	 0.000e+00 
0.70875 	 0.000e+00 	 0.000e+00 	 0.000e+00 
0.71125 	 0.000e+00 	 0.000e+00 	 0.000e+00 
0.71375 	 0.000e+00 	 0.000e+00 	 0.000e+00 
0.71625 	 0.000e+00 	 0.000e+00 	 0.000e+00 
0.71875 	 0.000e+00 	 0.000e+00 	 0.000e+00 
0.72125 	 0.000e+00 	 0.000e+00 	 0.000e+00 
0.72375 	 0.000e+00 	 0.000e+00 	 0.000e+00 
0.72625 	 0.000e+00 	 0.000e+00 	 0.000e+00 
0.72875 	 0.000e+00 	 0.000e+00 	 0.000e+00 
0.73125 	 0.000e+00 	 0.000e+00 	 0.000e+00 
0.73375 	 0.000e+00 	 0.000e+00 	 0.000e+00 
0.73625 	 0.000e+00 	 0.000e+00 	 0.000e+00 
0.73875 	 0.000e+00 	 0.000e+00 	 0.000e+00 
0.74125 	 0.000e+00 	 0.000e+00 	 0.000e+00 
0.74375 	 0.000e+00 	 0.000e+00 	 0.000e+00 
0.74625 	 0.000e+00 	 0.000e+00 	 0.000e+00 
0.74875 	 0.000e+00 	 0.000e+00 	 0.000e+00 
0.75125 	 0.000e+00 	 0.000e+00 	 0.000e+00 
0.75375 	 0.000e+00 	 0.000e+00 	 0.000e+00 
0.75625 	 0.000e+00 	 0.000e+00 	 0.000e+00 
0.75875 	 0.000e+00 	 0.000e+00 	 0.000e+00 
0.76125 	 0.000e+00 	 0.000e+00 	 0.000e+00 
0.76375 	 0.000e+00 	 0.000e+00 	 0.000e+00 
0.76625 	 0.000e+00 	 0.000e+00 	 0.000e+00 
0.76875 	 0.000e+00 	 0.000e+00 	 0.000e+00 
0.77125 	 0.000e+00 	 0.000e+00 	 0.000e+00 
0.77375 	 0.000e+00 	 0.000e+00 	 0.000e+00 
0.77625 	 0.000e+00 	 0.000e+00 	 0.000e+00 
0.77875 	 0.000e+00 	 0.000e+00 	 0.000e+00 
0.78125 	 0.000e+00 	 0.000e+00 	 0.000e+00 
0.78375 	 0.000e+00 	 0.000e+00 	 0.000e+00 
0.78625 	 0.000e+00 	 0.000e+00 	 0.000e+00 
0.78875 	 0.000e+00 	 0.000e+00 	 0.000e+00 
0.79125 	 0.000e+00 	 0.000e+00 	 0.000e+00 
0.79375 	 0.000e+00 	 0.000e+00 	 0.000e+00 
0.79625 	 0.000e+00 	 0.000e+00 	 0.000e+00 
0.79875 	 0.000e+00 	 0.000e+00 	 0.000e+00 
0.80125 	 0.000e+00 	 0.000e+00 	 0.000e+00 
0.80375 	 0.000e+00 	 0.000e+00 	 0.000e+00 
0.80625 	 0.000e+00 	 0.000e+00 	 0.000e+00 
0.80875 	 0.000e+00 	 0.000e+00 	 0.000e+00 
0.81125 	 0.000e+00 	 0.000e+00 	 0.000e+00 
0.81375 	 0.000e+00 	 0.000e+00 	 0.000e+00 
0.81625 	 0.000e+00 	 0.000e+00 	 0.000e+00 
0.81875 	 0.000e+00 	 0.000e+00 	 0.000e+00 
0.82125 	 0.000e+00 	 0.000e+00 	 0.000e+00 
0.82375 	 0.000e+00 	 0.000e+00 	 0.000e+00 
0.82625 	 0.000e+00 	 0.000e+00 	 0.000e+00 
0.82875 	 0.000e+00 	 0.000e+00 	 0.000e+00 
0.83125 	 0.000e+00 	 0.000e+00 	 0.000e+00 
0.83375 	 0.000e+00 	 0.000e+00 	 0.000e+00 
0.83625 	 0.000e+00 	 0.000e+00 	 0.000e+00 
0.83875 	 0.000e+00 	 0.000e+00 	 0.000e+00 
0.84125 	 0.000e+00 	 0.000e+00 	 0.000e+00 
0.84375 	 0.000e+00 	 0.000e+00 	 0.000e+00 
0.84625 	 0.000e+00 	 0.000e+00 	 0.000e+00 
0.84875 	 0.000e+00 	 0.000e+00 	 0.000e+00 
0.85125 	 0.000e+00 	 0.000e+00 	 0.000e+00 
0.85375 	 0.000e+00 	 0.000e+00 	 0.000e+00 
0.85625 	 0.000e+00 	 0.000e+00 	 0.000e+00 
0.85875 	 0.000e+00 	 0.000e+00 	 0.000e+00 
0.86125 	 0.000e+00 	 0.000e+00 	 0.000e+00 
0.86375 	 0.000e+00 	 0.000e+00 	 0.000e+00 
0.86625 	 0.000e+00 	 0.000e+00 	 0.000e+00 
0.86875 	 0.000e+00 	 0.000e+00 	 0.000e+00 
0.87125 	 0.000e+00 	 0.000e+00 	 0.000e+00 
0.87375 	 0.000e+00 	 0.000e+00 	 0.000e+00 
0.87625 	 0.000e+00 	 0.000e+00 	 0.000e+00 
0.87875 	 0.000e+00 	 0.000e+00 	 0.000e+00 
0.88125 	 0.000e+00 	 0.000e+00 	 0.000e+00 
0.88375 	 0.000e+00 	 0.000e+00 	 0.000e+00 
0.88625 	 0.000e+00 	 0.000e+00 	 0.000e+00 
0.88875 	 0.000e+00 	 0.000e+00 	 0.000e+00 
0.89125 	 0.000e+00 	 0.000e+00 	 0.000e+00 
0.89375 	 0.000e+00 	 0.000e+00 	 0.000e+00 
0.89625 	 0.000e+00 	 0.000e+00 	 0.000e+00 
0.89875 	 0.000e+00 	 0.000e+00 	 0.000e+00 
0.90125 	 0.000e+00 	 0.000e+00 	 0.000e+00 
0.90375 	 0.000e+00 	 0.000e+00 	 0.000e+00 
0.90625 	 0.000e+00 	 0.000e+00 	 0.000e+00 
0.90875 	 0.000e+00 	 0.000e+00 	 0.000e+00 
0.91125 	 0.000e+00 	 0.000e+00 	 0.000e+00 
0.91375 	 0.000e+00 	 0.000e+00 	 0.000e+00 
0.91625 	 0.000e+00 	 0.000e+00 	 0.000e+00 
0.91875 	 0.000e+00 	 0.000e+00 	 0.000e+00 
0.92125 	 0.000e+00 	 0.000e+00 	 0.000e+00 
0.92375 	 0.000e+00 	 0.000e+00 	 0.000e+00 
0.92625 	 0.000e+00 	 0.000e+00 	 0.000e+00 
0.92875 	 0.000e+00 	 0.000e+00 	 0.000e+00 
0.93125 	 0.000e+00 	 0.000e+00 	 0.000e+00 
0.93375 	 0.000e+00 	 0.000e+00 	 0.000e+00 
0.93625 	 0.000e+00 	 0.000e+00 	 0.000e+00 
0.93875 	 0.000e+00 	 0.000e+00 	 0.000e+00 
0.94125 	 0.000e+00 	 0.000e+00 	 0.000e+00 
0.94375 	 0.000e+00 	 0.000e+00 	 0.000e+00 
0.94625 	 0.000e+00 	 0.000e+00 	 0.000e+00 
0.94875 	 0.000e+00 	 0.000e+00 	 0.000e+00 
0.95125 	 0.000e+00 	 0.000e+00 	 0.000e+00 
0.95375 	 0.000e+00 	 0.000e+00 	 0.000e+00 
0.95625 	 0.000e+00 	 0.000e+00 	 0.000e+00 
0.95875 	 0.000e+00 	 0.000e+00 	 0.000e+00 
0.96125 	 0.000e+00 	 0.000e+00 	 0.000e+00 
0.96375 	 0.000e+00 	 0.000e+00 	 0.000e+00 
0.96625 	 0.000e+00 	 0.000e+00 	 0.000e+00 
0.96875 	 0.000e+00 	 0.000e+00 	 0.000e+00 
0.97125 	 0.000e+00 	 0.000e+00 	 0.000e+00 
0.97375 	 0.000e+00 	 0.000e+00 	 0.000e+00 
0.97625 	 0.000e+00 	 0.000e+00 	 0.000e+00 
0.97875 	 0.000e+00 	 0.000e+00 	 0.000e+00 
0.98125 	 0.000e+00 	 0.000e+00 	 0.000e+00 
0.98375 	 0.000e+00 	 0.000e+00 	 0.000e+00 
0.98625 	 0.000e+00 	 0.000e+00 	 0.000e+00 
0.98875 	 0.000e+00 	 0.000e+00 	 0.000e+00 
0.99125 	 0.000e+00 	 0.000e+00 	 0.000e+00 
0.99375 	 0.000e+00 	 0.000e+00 	 0.000e+00 
0.99625 	 0.000e+00 	 0.000e+00 	 0.000e+00 
0.99875 	 0.000e+00 	 0.000e+00 	 0.000e+00 
1.00125 	 0.000e+00 	 0.000e+00 	 0.000e+00 
1.00375 	 0.000e+00 	 0.000e+00 	 0.000e+00 
1.00625 	 0.000e+00 	 0.000e+00 	 0.000e+00 
1.00875 	 0.000e+00 	 0.000e+00 	 0.000e+00 
1.01125 	 0.000e+00 	 0.000e+00 	 0.000e+00 
1.01375 	 0.000e+00 	 0.000e+00 	 0.000e+00 
1.01625 	 0.000e+00 	 0.000e+00 	 0.000e+00 
1.01875 	 0.000e+00 	 0.000e+00 	 0.000e+00 
1.02125 	 0.000e+00 	 0.000e+00 	 0.000e+00 
1.02375 	 0.000e+00 	 0.000e+00 	 0.000e+00 
1.02625 	 0.000e+00 	 0.000e+00 	 0.000e+00 
1.02875 	 0.000e+00 	 0.000e+00 	 0.000e+00 
1.03125 	 0.000e+00 	 0.000e+00 	 0.000e+00 
1.03375 	 0.000e+00 	 0.000e+00 	 0.000e+00 
1.03625 	 0.000e+00 	 0.000e+00 	 0.000e+00 
1.03875 	 0.000e+00 	 0.000e+00 	 0.000e+00 
1.04125 	 0.000e+00 	 0.000e+00 	 0.000e+00 
1.04375 	 0.000e+00 	 0.000e+00 	 0.000e+00 
1.04625 	 0.000e+00 	 0.000e+00 	 0.000e+00 
1.04875 	 0.000e+00 	 0.000e+00 	 0.000e+00 
1.05125 	 0.000e+00 	 0.000e+00 	 0.000e+00 
1.05375 	 0.000e+00 	 0.000e+00 	 0.000e+00 
1.05625 	 0.000e+00 	 0.000e+00 	 0.000e+00 
1.05875 	 0.000e+00 	 0.000e+00 	 0.000e+00 
1.06125 	 0.000e+00 	 0.000e+00 	 0.000e+00 
1.06375 	 0.000e+00 	 0.000e+00 	 0.000e+00 
1.06625 	 0.000e+00 	 0.000e+00 	 0.000e+00 
1.06875 	 0.000e+00 	 0.000e+00 	 0.000e+00 
1.07125 	 0.000e+00 	 0.000e+00 	 0.000e+00 
1.07375 	 0.000e+00 	 0.000e+00 	 0.000e+00 
1.07625 	 0.000e+00 	 0.000e+00 	 0.000e+00 
1.07875 	 0.000e+00 	 0.000e+00 	 0.000e+00 
1.08125 	 0.000e+00 	 0.000e+00 	 0.000e+00 
1.08375 	 0.000e+00 	 0.000e+00 	 0.000e+00 
1.08625 	 0.000e+00 	 0.000e+00 	 0.000e+00 
1.08875 	 0.000e+00 	 0.000e+00 	 0.000e+00 
1.09125 	 0.000e+00 	 0.000e+00 	 0.000e+00 
1.09375 	 0.000e+00 	 0.000e+00 	 0.000e+00 
1.09625 	 0.000e+00 	 0.000e+00 	 0.000e+00 
1.09875 	 0.000e+00 	 0.000e+00 	 0.000e+00 
1.10125 	 0.000e+00 	 0.000e+00 	 0.000e+00 
1.10375 	 0.000e+00 	 0.000e+00 	 0.000e+00 
1.10625 	 0.000e+00 	 0.000e+00 	 0.000e+00 
1.10875 	 0.000e+00 	 0.000e+00 	 0.000e+00 
1.11125 	 0.000e+00 	 0.000e+00 	 0.000e+00 
1.11375 	 0.000e+00 	 0.000e+00 	 0.000e+00 
1.11625 	 0.000e+00 	 0.000e+00 	 0.000e+00 
1.11875 	 0.000e+00 	 0.000e+00 	 0.000e+00 
1.12125 	 0.000e+00 	 0.000e+00 	 0.000e+00 
1.12375 	 0.000e+00 	 0.000e+00 	 0.000e+00 
1.12625 	 0.000e+00 	 0.000e+00 	 0.000e+00 
1.12875 	 0.000e+00 	 0.000e+00 	 0.000e+00 
1.13125 	 0.000e+00 	 0.000e+00 	 0.000e+00 
1.13375 	 0.000e+00 	 0.000e+00 	 0.000e+00 
1.13625 	 0.000e+00 	 0.000e+00 	 0.000e+00 
1.13875 	 0.000e+00 	 0.000e+00 	 0.000e+00 
1.14125 	 0.000e+00 	 0.000e+00 	 0.000e+00 
1.14375 	 0.000e+00 	 0.000e+00 	 0.000e+00 
1.14625 	 0.000e+00 	 0.000e+00 	 0.000e+00 
1.14875 	 0.000e+00 	 0.000e+00 	 0.000e+00 
1.15125 	 0.000e+00 	 0.000e+00 	 0.000e+00 
1.15375 	 0.000e+00 	 0.000e+00 	 0.000e+00 
1.15625 	 0.000e+00 	 0.000e+00 	 0.000e+00 
1.15875 	 0.000e+00 	 0.000e+00 	 0.000e+00 
1.16125 	 0.000e+00 	 0.000e+00 	 0.000e+00 
1.16375 	 0.000e+00 	 0.000e+00 	 0.000e+00 
1.16625 	 0.000e+00 	 0.000e+00 	 0.000e+00 
1.16875 	 0.000e+00 	 0.000e+00 	 0.000e+00 
1.17125 	 0.000e+00 	 0.000e+00 	 0.000e+00 
1.17375 	 0.000e+00 	 0.000e+00 	 0.000e+00 
1.17625 	 0.000e+00 	 0.000e+00 	 0.000e+00 
1.17875 	 0.000e+00 	 0.000e+00 	 0.000e+00 
1.18125 	 0.000e+00 	 0.000e+00 	 0.000e+00 
1.18375 	 0.000e+00 	 0.000e+00 	 0.000e+00 
1.18625 	 0.000e+00 	 0.000e+00 	 0.000e+00 
1.18875 	 0.000e+00 	 0.000e+00 	 0.000e+00 
1.19125 	 0.000e+00 	 0.000e+00 	 0.000e+00 
1.19375 	 0.000e+00 	 0.000e+00 	 0.000e+00 
1.19625 	 0.000e+00 	 0.000e+00 	 0.000e+00 
1.19875 	 0.000e+00 	 0.000e+00 	 0.000e+00 
1.20125 	 0.000e+00 	 0.000e+00 	 0.000e+00 
1.20375 	 0.000e+00 	 0.000e+00 	 0.000e+00 
1.20625 	 0.000e+00 	 0.000e+00 	 0.000e+00 
1.20875 	 0.000e+00 	 0.000e+00 	 0.000e+00 
1.21125 	 0.000e+00 	 0.000e+00 	 0.000e+00 
1.21375 	 0.000e+00 	 0.000e+00 	 0.000e+00 
1.21625 	 0.000e+00 	 0.000e+00 	 0.000e+00 
1.21875 	 0.000e+00 	 0.000e+00 	 0.000e+00 
1.22125 	 0.000e+00 	 0.000e+00 	 0.000e+00 
1.22375 	 0.000e+00 	 0.000e+00 	 0.000e+00 
1.22625 	 0.000e+00 	 0.000e+00 	 0.000e+00 
1.22875 	 0.000e+00 	 0.000e+00 	 0.000e+00 
1.23125 	 0.000e+00 	 0.000e+00 	 0.000e+00 
1.23375 	 0.000e+00 	 0.000e+00 	 0.000e+00 
1.23625 	 0.000e+00 	 0.000e+00 	 0.000e+00 
1.23875 	 0.000e+00 	 0.000e+00 	 0.000e+00 
1.24125 	 0.000e+00 	 0.000e+00 	 0.000e+00 
1.24375 	 0.000e+00 	 0.000e+00 	 0.000e+00 
1.24625 	 0.000e+00 	 0.000e+00 	 0.000e+00 
1.24875 	 0.000e+00 	 0.000e+00 	 0.000e+00 
1.25125 	 0.000e+00 	 0.000e+00 	 0.000e+00 
1.25375 	 0.000e+00 	 0.000e+00 	 0.000e+00 
1.25625 	 0.000e+00 	 0.000e+00 	 0.000e+00 
1.25875 	 0.000e+00 	 0.000e+00 	 0.000e+00 
1.26125 	 0.000e+00 	 0.000e+00 	 0.000e+00 
1.26375 	 0.000e+00 	 0.000e+00 	 0.000e+00 
1.26625 	 0.000e+00 	 0.000e+00 	 0.000e+00 
1.26875 	 0.000e+00 	 0.000e+00 	 0.000e+00 
1.27125 	 0.000e+00 	 0.000e+00 	 0.000e+00 
1.27375 	 0.000e+00 	 0.000e+00 	 0.000e+00 
1.27625 	 0.000e+00 	 0.000e+00 	 0.000e+00 
1.27875 	 0.000e+00 	 0.000e+00 	 0.000e+00 
1.28125 	 0.000e+00 	 0.000e+00 	 0.000e+00 
1.28375 	 0.000e+00 	 0.000e+00 	 0.000e+00 
1.28625 	 0.000e+00 	 0.000e+00 	 0.000e+00 
1.28875 	 0.000e+00 	 0.000e+00 	 0.000e+00 
1.29125 	 0.000e+00 	 0.000e+00 	 0.000e+00 
1.29375 	 0.000e+00 	 0.000e+00 	 0.000e+00 
1.29625 	 0.000e+00 	 0.000e+00 	 0.000e+00 
1.29875 	 0.000e+00 	 0.000e+00 	 0.000e+00 
1.30125 	 0.000e+00 	 0.000e+00 	 0.000e+00 
1.30375 	 0.000e+00 	 0.000e+00 	 0.000e+00 
1.30625 	 0.000e+00 	 0.000e+00 	 0.000e+00 
1.30875 	 0.000e+00 	 0.000e+00 	 0.000e+00 
1.31125 	 0.000e+00 	 0.000e+00 	 0.000e+00 
1.31375 	 0.000e+00 	 0.000e+00 	 0.000e+00 
1.31625 	 0.000e+00 	 0.000e+00 	 0.000e+00 
1.31875 	 0.000e+00 	 0.000e+00 	 0.000e+00 
1.32125 	 0.000e+00 	 0.000e+00 	 0.000e+00 
1.32375 	 0.000e+00 	 0.000e+00 	 0.000e+00 
1.32625 	 0.000e+00 	 0.000e+00 	 0.000e+00 
1.32875 	 0.000e+00 	 0.000e+00 	 0.000e+00 
1.33125 	 0.000e+00 	 0.000e+00 	 0.000e+00 
1.33375 	 0.000e+00 	 0.000e+00 	 0.000e+00 
1.33625 	 0.000e+00 	 0.000e+00 	 0.000e+00 
1.33875 	 0.000e+00 	 0.000e+00 	 0.000e+00 
1.34125 	 0.000e+00 	 0.000e+00 	 0.000e+00 
1.34375 	 0.000e+00 	 0.000e+00 	 0.000e+00 
1.34625 	 0.000e+00 	 0.000e+00 	 0.000e+00 
1.34875 	 0.000e+00 	 0.000e+00 	 0.000e+00 
1.35125 	 0.000e+00 	 0.000e+00 	 0.000e+00 
1.35375 	 0.000e+00 	 0.000e+00 	 0.000e+00 
1.35625 	 0.000e+00 	 0.000e+00 	 0.000e+00 
1.35875 	 0.000e+00 	 0.000e+00 	 0.000e+00 
1.36125 	 0.000e+00 	 0.000e+00 	 0.000e+00 
1.36375 	 0.000e+00 	 0.000e+00 	 0.000e+00 
1.36625 	 0.000e+00 	 0.000e+00 	 0.000e+00 
1.36875 	 0.000e+00 	 0.000e+00 	 0.000e+00 
1.37125 	 0.000e+00 	 0.000e+00 	 0.000e+00 
1.37375 	 0.000e+00 	 0.000e+00 	 0.000e+00 
1.37625 	 0.000e+00 	 0.000e+00 	 0.000e+00 
1.37875 	 0.000e+00 	 0.000e+00 	 0.000e+00 
1.38125 	 0.000e+00 	 0.000e+00 	 0.000e+00 
1.38375 	 0.000e+00 	 0.000e+00 	 0.000e+00 
1.38625 	 0.000e+00 	 0.000e+00 	 0.000e+00 
1.38875 	 0.000e+00 	 0.000e+00 	 0.000e+00 
1.39125 	 0.000e+00 	 0.000e+00 	 0.000e+00 
1.39375 	 0.000e+00 	 0.000e+00 	 0.000e+00 
1.39625 	 0.000e+00 	 0.000e+00 	 0.000e+00 
1.39875 	 0.000e+00 	 0.000e+00 	 0.000e+00 
1.40125 	 0.000e+00 	 0.000e+00 	 0.000e+00 
1.40375 	 0.000e+00 	 0.000e+00 	 0.000e+00 
1.40625 	 0.000e+00 	 0.000e+00 	 0.000e+00 
1.40875 	 0.000e+00 	 0.000e+00 	 0.000e+00 
1.41125 	 0.000e+00 	 0.000e+00 	 0.000e+00 
1.41375 	 0.000e+00 	 0.000e+00 	 0.000e+00 
1.41625 	 0.000e+00 	 0.000e+00 	 0.000e+00 
1.41875 	 0.000e+00 	 0.000e+00 	 0.000e+00 
1.42125 	 0.000e+00 	 0.000e+00 	 0.000e+00 
1.42375 	 0.000e+00 	 0.000e+00 	 0.000e+00 
1.42625 	 0.000e+00 	 0.000e+00 	 0.000e+00 
1.42875 	 0.000e+00 	 0.000e+00 	 0.000e+00 
1.43125 	 0.000e+00 	 0.000e+00 	 0.000e+00 
1.43375 	 0.000e+00 	 0.000e+00 	 0.000e+00 
1.43625 	 0.000e+00 	 0.000e+00 	 0.000e+00 
1.43875 	 0.000e+00 	 0.000e+00 	 0.000e+00 
1.44125 	 0.000e+00 	 0.000e+00 	 0.000e+00 
1.44375 	 0.000e+00 	 0.000e+00 	 0.000e+00 
1.44625 	 0.000e+00 	 0.000e+00 	 0.000e+00 
1.44875 	 0.000e+00 	 0.000e+00 	 0.000e+00 
1.45125 	 0.000e+00 	 0.000e+00 	 0.000e+00 
1.45375 	 0.000e+00 	 0.000e+00 	 0.000e+00 
1.45625 	 0.000e+00 	 0.000e+00 	 0.000e+00 
1.45875 	 0.000e+00 	 0.000e+00 	 0.000e+00 
1.46125 	 0.000e+00 	 0.000e+00 	 0.000e+00 
1.46375 	 0.000e+00 	 0.000e+00 	 0.000e+00 
1.46625 	 0.000e+00 	 0.000e+00 	 0.000e+00 
1.46875 	 0.000e+00 	 0.000e+00 	 0.000e+00 
1.47125 	 0.000e+00 	 0.000e+00 	 0.000e+00 
1.47375 	 0.000e+00 	 0.000e+00 	 0.000e+00 
1.47625 	 0.000e+00 	 0.000e+00 	 0.000e+00 
1.47875 	 0.000e+00 	 0.000e+00 	 0.000e+00 
1.48125 	 0.000e+00 	 0.000e+00 	 0.000e+00 
1.48375 	 0.000e+00 	 0.000e+00 	 0.000e+00 
1.48625 	 0.000e+00 	 0.000e+00 	 0.000e+00 
1.48875 	 0.000e+00 	 0.000e+00 	 0.000e+00 
1.49125 	 0.000e+00 	 0.000e+00 	 0.000e+00 
1.49375 	 0.000e+00 	 0.000e+00 	 0.000e+00 
1.49625 	 0.000e+00 	 0.000e+00 	 0.000e+00 
1.49875 	 0.000e+00 	 0.000e+00 	 0.000e+00 
1.50125 	 0.000e+00 	 0.000e+00 	 0.000e+00 
1.50375 	 0.000e+00 	 0.000e+00 	 0.000e+00 
1.50625 	 0.000e+00 	 0.000e+00 	 0.000e+00 
1.50875 	 0.000e+00 	 0.000e+00 	 0.000e+00 
1.51125 	 0.000e+00 	 0.000e+00 	 0.000e+00 
1.51375 	 0.000e+00 	 0.000e+00 	 0.000e+00 
1.51625 	 0.000e+00 	 0.000e+00 	 0.000e+00 
1.51875 	 0.000e+00 	 0.000e+00 	 0.000e+00 
1.52125 	 0.000e+00 	 0.000e+00 	 0.000e+00 
1.52375 	 0.000e+00 	 0.000e+00 	 0.000e+00 
1.52625 	 0.000e+00 	 0.000e+00 	 0.000e+00 
1.52875 	 0.000e+00 	 0.000e+00 	 0.000e+00 
1.53125 	 0.000e+00 	 0.000e+00 	 0.000e+00 
1.53375 	 0.000e+00 	 0.000e+00 	 0.000e+00 
1.53625 	 0.000e+00 	 0.000e+00 	 0.000e+00 
1.53875 	 0.000e+00 	 0.000e+00 	 0.000e+00 
1.54125 	 0.000e+00 	 0.000e+00 	 0.000e+00 
1.54375 	 0.000e+00 	 0.000e+00 	 0.000e+00 
1.54625 	 0.000e+00 	 0.000e+00 	 0.000e+00 
1.54875 	 0.000e+00 	 0.000e+00 	 0.000e+00 
1.55125 	 0.000e+00 	 0.000e+00 	 0.000e+00 
1.55375 	 0.000e+00 	 0.000e+00 	 0.000e+00 
1.55625 	 0.000e+00 	 0.000e+00 	 0.000e+00 
1.55875 	 0.000e+00 	 0.000e+00 	 0.000e+00 
1.56125 	 0.000e+00 	 0.000e+00 	 0.000e+00 
1.56375 	 0.000e+00 	 0.000e+00 	 0.000e+00 
1.56625 	 0.000e+00 	 0.000e+00 	 0.000e+00 
1.56875 	 0.000e+00 	 0.000e+00 	 0.000e+00 
1.57125 	 0.000e+00 	 0.000e+00 	 0.000e+00 
1.57375 	 0.000e+00 	 0.000e+00 	 0.000e+00 
1.57625 	 0.000e+00 	 0.000e+00 	 0.000e+00 
1.57875 	 0.000e+00 	 0.000e+00 	 0.000e+00 
1.58125 	 0.000e+00 	 0.000e+00 	 0.000e+00 
1.58375 	 0.000e+00 	 0.000e+00 	 0.000e+00 
1.58625 	 0.000e+00 	 0.000e+00 	 0.000e+00 
1.58875 	 0.000e+00 	 0.000e+00 	 0.000e+00 
1.59125 	 0.000e+00 	 0.000e+00 	 0.000e+00 
1.59375 	 0.000e+00 	 0.000e+00 	 0.000e+00 
1.59625 	 0.000e+00 	 0.000e+00 	 0.000e+00 
1.59875 	 0.000e+00 	 0.000e+00 	 0.000e+00 
1.60125 	 0.000e+00 	 0.000e+00 	 0.000e+00 
1.60375 	 0.000e+00 	 0.000e+00 	 0.000e+00 
1.60625 	 0.000e+00 	 0.000e+00 	 0.000e+00 
1.60875 	 0.000e+00 	 0.000e+00 	 0.000e+00 
1.61125 	 0.000e+00 	 0.000e+00 	 0.000e+00 
1.61375 	 0.000e+00 	 0.000e+00 	 0.000e+00 
1.61625 	 0.000e+00 	 0.000e+00 	 0.000e+00 
1.61875 	 0.000e+00 	 0.000e+00 	 0.000e+00 
1.62125 	 0.000e+00 	 0.000e+00 	 0.000e+00 
1.62375 	 0.000e+00 	 0.000e+00 	 0.000e+00 
1.62625 	 0.000e+00 	 0.000e+00 	 0.000e+00 
1.62875 	 0.000e+00 	 0.000e+00 	 0.000e+00 
1.63125 	 0.000e+00 	 0.000e+00 	 0.000e+00 
1.63375 	 0.000e+00 	 0.000e+00 	 0.000e+00 
1.63625 	 0.000e+00 	 0.000e+00 	 0.000e+00 
1.63875 	 0.000e+00 	 0.000e+00 	 0.000e+00 
1.64125 	 0.000e+00 	 0.000e+00 	 0.000e+00 
1.64375 	 0.000e+00 	 0.000e+00 	 0.000e+00 
1.64625 	 0.000e+00 	 0.000e+00 	 0.000e+00 
1.64875 	 0.000e+00 	 0.000e+00 	 0.000e+00 
1.65125 	 0.000e+00 	 0.000e+00 	 0.000e+00 
1.65375 	 0.000e+00 	 0.000e+00 	 0.000e+00 
1.65625 	 0.000e+00 	 0.000e+00 	 0.000e+00 
1.65875 	 0.000e+00 	 0.000e+00 	 0.000e+00 
1.66125 	 0.000e+00 	 0.000e+00 	 0.000e+00 
1.66375 	 0.000e+00 	 0.000e+00 	 0.000e+00 
1.66625 	 0.000e+00 	 0.000e+00 	 0.000e+00 
1.66875 	 0.000e+00 	 0.000e+00 	 0.000e+00 
1.67125 	 0.000e+00 	 0.000e+00 	 0.000e+00 
1.67375 	 0.000e+00 	 0.000e+00 	 0.000e+00 
1.67625 	 0.000e+00 	 0.000e+00 	 0.000e+00 
1.67875 	 0.000e+00 	 0.000e+00 	 0.000e+00 
1.68125 	 0.000e+00 	 0.000e+00 	 0.000e+00 
1.68375 	 0.000e+00 	 0.000e+00 	 0.000e+00 
1.68625 	 0.000e+00 	 0.000e+00 	 0.000e+00 
1.68875 	 0.000e+00 	 0.000e+00 	 0.000e+00 
1.69125 	 0.000e+00 	 0.000e+00 	 0.000e+00 
1.69375 	 0.000e+00 	 0.000e+00 	 0.000e+00 
1.69625 	 0.000e+00 	 0.000e+00 	 0.000e+00 
1.69875 	 0.000e+00 	 0.000e+00 	 0.000e+00 
1.70125 	 0.000e+00 	 0.000e+00 	 0.000e+00 
1.70375 	 0.000e+00 	 0.000e+00 	 0.000e+00 
1.70625 	 0.000e+00 	 0.000e+00 	 0.000e+00 
1.70875 	 0.000e+00 	 0.000e+00 	 0.000e+00 
1.71125 	 0.000e+00 	 0.000e+00 	 0.000e+00 
1.71375 	 0.000e+00 	 0.000e+00 	 0.000e+00 
1.71625 	 0.000e+00 	 0.000e+00 	 0.000e+00 
1.71875 	 0.000e+00 	 0.000e+00 	 0.000e+00 
1.72125 	 0.000e+00 	 0.000e+00 	 0.000e+00 
1.72375 	 0.000e+00 	 0.000e+00 	 0.000e+00 
1.72625 	 0.000e+00 	 0.000e+00 	 0.000e+00 
1.72875 	 0.000e+00 	 0.000e+00 	 0.000e+00 
1.73125 	 0.000e+00 	 0.000e+00 	 0.000e+00 
1.73375 	 0.000e+00 	 0.000e+00 	 0.000e+00 
1.73625 	 0.000e+00 	 0.000e+00 	 0.000e+00 
1.73875 	 0.000e+00 	 0.000e+00 	 0.000e+00 
1.74125 	 0.000e+00 	 0.000e+00 	 0.000e+00 
1.74375 	 0.000e+00 	 0.000e+00 	 0.000e+00 
1.74625 	 0.000e+00 	 0.000e+00 	 0.000e+00 
1.74875 	 0.000e+00 	 0.000e+00 	 0.000e+00 
1.75125 	 0.000e+00 	 0.000e+00 	 0.000e+00 
1.75375 	 0.000e+00 	 0.000e+00 	 0.000e+00 
1.75625 	 0.000e+00 	 0.000e+00 	 0.000e+00 
1.75875 	 0.000e+00 	 0.000e+00 	 0.000e+00 
1.76125 	 0.000e+00 	 0.000e+00 	 0.000e+00 
1.76375 	 0.000e+00 	 0.000e+00 	 0.000e+00 
1.76625 	 0.000e+00 	 0.000e+00 	 0.000e+00 
1.76875 	 0.000e+00 	 0.000e+00 	 0.000e+00 
1.77125 	 0.000e+00 	 0.000e+00 	 0.000e+00 
1.77375 	 0.000e+00 	 0.000e+00 	 0.000e+00 
1.77625 	 0.000e+00 	 0.000e+00 	 0.000e+00 
1.77875 	 0.000e+00 	 0.000e+00 	 0.000e+00 
1.78125 	 0.000e+00 	 0.000e+00 	 0.000e+00 
1.78375 	 0.000e+00 	 0.000e+00 	 0.000e+00 
1.78625 	 0.000e+00 	 0.000e+00 	 0.000e+00 
1.78875 	 0.000e+00 	 0.000e+00 	 0.000e+00 
1.79125 	 0.000e+00 	 0.000e+00 	 0.000e+00 
1.79375 	 0.000e+00 	 0.000e+00 	 0.000e+00 
1.79625 	 0.000e+00 	 0.000e+00 	 0.000e+00 
1.79875 	 0.000e+00 	 0.000e+00 	 0.000e+00 
1.80125 	 0.000e+00 	 0.000e+00 	 0.000e+00 
1.80375 	 0.000e+00 	 0.000e+00 	 0.000e+00 
1.80625 	 0.000e+00 	 0.000e+00 	 0.000e+00 
1.80875 	 0.000e+00 	 0.000e+00 	 0.000e+00 
1.81125 	 0.000e+00 	 0.000e+00 	 0.000e+00 
1.81375 	 0.000e+00 	 0.000e+00 	 0.000e+00 
1.81625 	 0.000e+00 	 0.000e+00 	 0.000e+00 
1.81875 	 0.000e+00 	 0.000e+00 	 0.000e+00 
1.82125 	 0.000e+00 	 0.000e+00 	 0.000e+00 
1.82375 	 0.000e+00 	 0.000e+00 	 0.000e+00 
1.82625 	 0.000e+00 	 0.000e+00 	 0.000e+00 
1.82875 	 0.000e+00 	 0.000e+00 	 0.000e+00 
1.83125 	 0.000e+00 	 0.000e+00 	 0.000e+00 
1.83375 	 0.000e+00 	 0.000e+00 	 0.000e+00 
1.83625 	 0.000e+00 	 0.000e+00 	 0.000e+00 
1.83875 	 0.000e+00 	 0.000e+00 	 0.000e+00 
1.84125 	 0.000e+00 	 0.000e+00 	 0.000e+00 
1.84375 	 0.000e+00 	 0.000e+00 	 0.000e+00 
1.84625 	 0.000e+00 	 0.000e+00 	 0.000e+00 
1.84875 	 0.000e+00 	 0.000e+00 	 0.000e+00 
1.85125 	 0.000e+00 	 0.000e+00 	 0.000e+00 
1.85375 	 0.000e+00 	 0.000e+00 	 0.000e+00 
1.85625 	 0.000e+00 	 0.000e+00 	 0.000e+00 
1.85875 	 0.000e+00 	 0.000e+00 	 0.000e+00 
1.86125 	 0.000e+00 	 0.000e+00 	 0.000e+00 
1.86375 	 0.000e+00 	 0.000e+00 	 0.000e+00 
1.86625 	 0.000e+00 	 0.000e+00 	 0.000e+00 
1.86875 	 0.000e+00 	 0.000e+00 	 0.000e+00 
1.87125 	 0.000e+00 	 0.000e+00 	 0.000e+00 
1.87375 	 0.000e+00 	 0.000e+00 	 0.000e+00 
1.87625 	 0.000e+00 	 0.000e+00 	 0.000e+00 
1.87875 	 0.000e+00 	 0.000e+00 	 0.000e+00 
1.88125 	 0.000e+00 	 0.000e+00 	 0.000e+00 
1.88375 	 0.000e+00 	 0.000e+00 	 0.000e+00 
1.88625 	 0.000e+00 	 0.000e+00 	 0.000e+00 
1.88875 	 0.000e+00 	 0.000e+00 	 0.000e+00 
1.89125 	 0.000e+00 	 0.000e+00 	 0.000e+00 
1.89375 	 0.000e+00 	 0.000e+00 	 0.000e+00 
1.89625 	 0.000e+00 	 0.000e+00 	 0.000e+00 
1.89875 	 0.000e+00 	 0.000e+00 	 0.000e+00 
1.90125 	 0.000e+00 	 0.000e+00 	 0.000e+00 
1.90375 	 0.000e+00 	 0.000e+00 	 0.000e+00 
1.90625 	 0.000e+00 	 0.000e+00 	 0.000e+00 
1.90875 	 0.000e+00 	 0.000e+00 	 0.000e+00 
1.91125 	 0.000e+00 	 0.000e+00 	 0.000e+00 
1.91375 	 0.000e+00 	 0.000e+00 	 0.000e+00 
1.91625 	 0.000e+00 	 0.000e+00 	 0.000e+00 
1.91875 	 0.000e+00 	 0.000e+00 	 0.000e+00 
1.92125 	 0.000e+00 	 0.000e+00 	 0.000e+00 
1.92375 	 0.000e+00 	 0.000e+00 	 0.000e+00 
1.92625 	 0.000e+00 	 0.000e+00 	 0.000e+00 
1.92875 	 0.000e+00 	 0.000e+00 	 0.000e+00 
1.93125 	 0.000e+00 	 0.000e+00 	 0.000e+00 
1.93375 	 0.000e+00 	 0.000e+00 	 0.000e+00 
1.93625 	 0.000e+00 	 0.000e+00 	 0.000e+00 
1.93875 	 0.000e+00 	 0.000e+00 	 0.000e+00 
1.94125 	 0.000e+00 	 0.000e+00 	 0.000e+00 
1.94375 	 0.000e+00 	 0.000e+00 	 0.000e+00 
1.94625 	 0.000e+00 	 0.000e+00 	 0.000e+00 
1.94875 	 0.000e+00 	 0.000e+00 	 0.000e+00 
1.95125 	 0.000e+00 	 0.000e+00 	 0.000e+00 
1.95375 	 0.000e+00 	 0.000e+00 	 0.000e+00 
1.95625 	 0.000e+00 	 0.000e+00 	 0.000e+00 
1.95875 	 0.000e+00 	 0.000e+00 	 0.000e+00 
1.96125 	 0.000e+00 	 0.000e+00 	 0.000e+00 
1.96375 	 0.000e+00 	 0.000e+00 	 0.000e+00 
1.96625 	 0.000e+00 	 0.000e+00 	 0.000e+00 
1.96875 	 0.000e+00 	 0.000e+00 	 0.000e+00 
1.97125 	 0.000e+00 	 0.000e+00 	 0.000e+00 
1.97375 	 0.000e+00 	 0.000e+00 	 0.000e+00 
1.97625 	 0.000e+00 	 0.000e+00 	 0.000e+00 
1.97875 	 0.000e+00 	 0.000e+00 	 0.000e+00 
1.98125 	 0.000e+00 	 0.000e+00 	 0.000e+00 
1.98375 	 0.000e+00 	 0.000e+00 	 0.000e+00 
1.98625 	 0.000e+00 	 0.000e+00 	 0.000e+00 
1.98875 	 0.000e+00 	 0.000e+00 	 0.000e+00 
1.99125 	 0.000e+00 	 0.000e+00 	 0.000e+00 
1.99375 	 0.000e+00 	 0.000e+00 	 0.000e+00 
1.99625 	 0.000e+00 	 0.000e+00 	 0.000e+00 
1.99875 	 0.000e+00 	 0.000e+00 	 0.000e+00 
2.00125 	 0.000e+00 	 0.000e+00 	 0.000e+00 
2.00375 	 0.000e+00 	 0.000e+00 	 0.000e+00 
2.00625 	 0.000e+00 	 0.000e+00 	 0.000e+00 
2.00875 	 0.000e+00 	 0.000e+00 	 0.000e+00 
2.01125 	 0.000e+00 	 0.000e+00 	 0.000e+00 
2.01375 	 0.000e+00 	 0.000e+00 	 0.000e+00 
2.01625 	 0.000e+00 	 0.000e+00 	 0.000e+00 
2.01875 	 0.000e+00 	 0.000e+00 	 0.000e+00 
2.02125 	 0.000e+00 	 0.000e+00 	 0.000e+00 
2.02375 	 0.000e+00 	 0.000e+00 	 0.000e+00 
2.02625 	 0.000e+00 	 0.000e+00 	 0.000e+00 
2.02875 	 0.000e+00 	 0.000e+00 	 0.000e+00 
2.03125 	 0.000e+00 	 0.000e+00 	 0.000e+00 
2.03375 	 0.000e+00 	 0.000e+00 	 0.000e+00 
2.03625 	 0.000e+00 	 0.000e+00 	 0.000e+00 
2.03875 	 0.000e+00 	 0.000e+00 	 0.000e+00 
2.04125 	 0.000e+00 	 0.000e+00 	 0.000e+00 
2.04375 	 0.000e+00 	 0.000e+00 	 0.000e+00 
2.04625 	 0.000e+00 	 0.000e+00 	 0.000e+00 
2.04875 	 0.000e+00 	 0.000e+00 	 0.000e+00 
2.05125 	 0.000e+00 	 0.000e+00 	 0.000e+00 
2.05375 	 0.000e+00 	 0.000e+00 	 0.000e+00 
2.05625 	 0.000e+00 	 0.000e+00 	 0.000e+00 
2.05875 	 0.000e+00 	 0.000e+00 	 0.000e+00 
2.06125 	 0.000e+00 	 0.000e+00 	 0.000e+00 
2.06375 	 0.000e+00 	 0.000e+00 	 0.000e+00 
2.06625 	 0.000e+00 	 0.000e+00 	 0.000e+00 
2.06875 	 0.000e+00 	 0.000e+00 	 0.000e+00 
2.07125 	 0.000e+00 	 0.000e+00 	 0.000e+00 
2.07375 	 0.000e+00 	 0.000e+00 	 0.000e+00 
2.07625 	 0.000e+00 	 0.000e+00 	 0.000e+00 
2.07875 	 0.000e+00 	 0.000e+00 	 0.000e+00 
2.08125 	 0.000e+00 	 0.000e+00 	 0.000e+00 
2.08375 	 0.000e+00 	 0.000e+00 	 0.000e+00 
2.08625 	 0.000e+00 	 0.000e+00 	 0.000e+00 
2.08875 	 0.000e+00 	 0.000e+00 	 0.000e+00 
2.09125 	 0.000e+00 	 0.000e+00 	 0.000e+00 
2.09375 	 0.000e+00 	 0.000e+00 	 0.000e+00 
2.09625 	 0.000e+00 	 0.000e+00 	 0.000e+00 
2.09875 	 0.000e+00 	 0.000e+00 	 0.000e+00 
2.10125 	 0.000e+00 	 0.000e+00 	 0.000e+00 
2.10375 	 0.000e+00 	 0.000e+00 	 0.000e+00 
2.10625 	 0.000e+00 	 0.000e+00 	 0.000e+00 
2.10875 	 0.000e+00 	 0.000e+00 	 0.000e+00 
2.11125 	 0.000e+00 	 0.000e+00 	 0.000e+00 
2.11375 	 0.000e+00 	 0.000e+00 	 0.000e+00 
2.11625 	 0.000e+00 	 0.000e+00 	 0.000e+00 
2.11875 	 0.000e+00 	 0.000e+00 	 0.000e+00 
2.12125 	 0.000e+00 	 0.000e+00 	 0.000e+00 
2.12375 	 0.000e+00 	 0.000e+00 	 0.000e+00 
2.12625 	 0.000e+00 	 0.000e+00 	 0.000e+00 
2.12875 	 0.000e+00 	 0.000e+00 	 0.000e+00 
2.13125 	 0.000e+00 	 0.000e+00 	 0.000e+00 
2.13375 	 0.000e+00 	 0.000e+00 	 0.000e+00 
2.13625 	 0.000e+00 	 0.000e+00 	 0.000e+00 
2.13875 	 0.000e+00 	 0.000e+00 	 0.000e+00 
2.14125 	 0.000e+00 	 0.000e+00 	 0.000e+00 
2.14375 	 0.000e+00 	 0.000e+00 	 0.000e+00 
2.14625 	 0.000e+00 	 0.000e+00 	 0.000e+00 
2.14875 	 0.000e+00 	 0.000e+00 	 0.000e+00 
2.15125 	 0.000e+00 	 0.000e+00 	 0.000e+00 
2.15375 	 0.000e+00 	 0.000e+00 	 0.000e+00 
2.15625 	 0.000e+00 	 0.000e+00 	 0.000e+00 
2.15875 	 0.000e+00 	 0.000e+00 	 0.000e+00 
2.16125 	 0.000e+00 	 0.000e+00 	 0.000e+00 
2.16375 	 0.000e+00 	 0.000e+00 	 0.000e+00 
2.16625 	 0.000e+00 	 0.000e+00 	 0.000e+00 
2.16875 	 0.000e+00 	 0.000e+00 	 0.000e+00 
2.17125 	 0.000e+00 	 0.000e+00 	 0.000e+00 
2.17375 	 0.000e+00 	 0.000e+00 	 0.000e+00 
2.17625 	 0.000e+00 	 0.000e+00 	 0.000e+00 
2.17875 	 0.000e+00 	 0.000e+00 	 0.000e+00 
2.18125 	 0.000e+00 	 0.000e+00 	 0.000e+00 
2.18375 	 0.000e+00 	 0.000e+00 	 0.000e+00 
2.18625 	 0.000e+00 	 0.000e+00 	 0.000e+00 
2.18875 	 0.000e+00 	 0.000e+00 	 0.000e+00 
2.19125 	 0.000e+00 	 0.000e+00 	 0.000e+00 
2.19375 	 0.000e+00 	 0.000e+00 	 0.000e+00 
2.19625 	 0.000e+00 	 0.000e+00 	 0.000e+00 
2.19875 	 0.000e+00 	 0.000e+00 	 0.000e+00 
2.20125 	 0.000e+00 	 0.000e+00 	 0.000e+00 
2.20375 	 0.000e+00 	 0.000e+00 	 0.000e+00 
2.20625 	 0.000e+00 	 0.000e+00 	 0.000e+00 
2.20875 	 0.000e+00 	 0.000e+00 	 0.000e+00 
2.21125 	 0.000e+00 	 0.000e+00 	 0.000e+00 
2.21375 	 0.000e+00 	 0.000e+00 	 0.000e+00 
2.21625 	 0.000e+00 	 0.000e+00 	 0.000e+00 
2.21875 	 0.000e+00 	 0.000e+00 	 0.000e+00 
2.22125 	 0.000e+00 	 0.000e+00 	 0.000e+00 
2.22375 	 0.000e+00 	 0.000e+00 	 0.000e+00 
2.22625 	 0.000e+00 	 0.000e+00 	 0.000e+00 
2.22875 	 0.000e+00 	 0.000e+00 	 0.000e+00 
2.23125 	 0.000e+00 	 0.000e+00 	 0.000e+00 
2.23375 	 0.000e+00 	 0.000e+00 	 0.000e+00 
2.23625 	 0.000e+00 	 0.000e+00 	 0.000e+00 
2.23875 	 0.000e+00 	 0.000e+00 	 0.000e+00 
2.24125 	 0.000e+00 	 0.000e+00 	 0.000e+00 
2.24375 	 0.000e+00 	 0.000e+00 	 0.000e+00 
2.24625 	 0.000e+00 	 0.000e+00 	 0.000e+00 
2.24875 	 0.000e+00 	 0.000e+00 	 0.000e+00 
2.25125 	 0.000e+00 	 0.000e+00 	 0.000e+00 
2.25375 	 0.000e+00 	 0.000e+00 	 0.000e+00 
2.25625 	 0.000e+00 	 0.000e+00 	 0.000e+00 
2.25875 	 0.000e+00 	 0.000e+00 	 0.000e+00 
2.26125 	 0.000e+00 	 0.000e+00 	 0.000e+00 
2.26375 	 0.000e+00 	 0.000e+00 	 0.000e+00 
2.26625 	 0.000e+00 	 0.000e+00 	 0.000e+00 
2.26875 	 0.000e+00 	 0.000e+00 	 0.000e+00 
2.27125 	 0.000e+00 	 0.000e+00 	 0.000e+00 
2.27375 	 0.000e+00 	 0.000e+00 	 0.000e+00 
2.27625 	 0.000e+00 	 0.000e+00 	 0.000e+00 
2.27875 	 0.000e+00 	 0.000e+00 	 0.000e+00 
2.28125 	 0.000e+00 	 0.000e+00 	 0.000e+00 
2.28375 	 0.000e+00 	 0.000e+00 	 0.000e+00 
2.28625 	 0.000e+00 	 0.000e+00 	 0.000e+00 
2.28875 	 0.000e+00 	 0.000e+00 	 0.000e+00 
2.29125 	 0.000e+00 	 0.000e+00 	 0.000e+00 
2.29375 	 0.000e+00 	 0.000e+00 	 0.000e+00 
2.29625 	 0.000e+00 	 0.000e+00 	 0.000e+00 
2.29875 	 0.000e+00 	 0.000e+00 	 0.000e+00 
2.30125 	 0.000e+00 	 0.000e+00 	 0.000e+00 
2.30375 	 0.000e+00 	 0.000e+00 	 0.000e+00 
2.30625 	 0.000e+00 	 0.000e+00 	 0.000e+00 
2.30875 	 0.000e+00 	 0.000e+00 	 0.000e+00 
2.31125 	 0.000e+00 	 0.000e+00 	 0.000e+00 
2.31375 	 0.000e+00 	 0.000e+00 	 0.000e+00 
2.31625 	 0.000e+00 	 0.000e+00 	 0.000e+00 
2.31875 	 0.000e+00 	 0.000e+00 	 0.000e+00 
2.32125 	 0.000e+00 	 0.000e+00 	 0.000e+00 
2.32375 	 0.000e+00 	 0.000e+00 	 0.000e+00 
2.32625 	 0.000e+00 	 0.000e+00 	 0.000e+00 
2.32875 	 0.000e+00 	 0.000e+00 	 0.000e+00 
2.33125 	 0.000e+00 	 0.000e+00 	 0.000e+00 
2.33375 	 0.000e+00 	 0.000e+00 	 0.000e+00 
2.33625 	 0.000e+00 	 0.000e+00 	 0.000e+00 
2.33875 	 0.000e+00 	 0.000e+00 	 0.000e+00 
2.34125 	 0.000e+00 	 0.000e+00 	 0.000e+00 
2.34375 	 0.000e+00 	 0.000e+00 	 0.000e+00 
2.34625 	 0.000e+00 	 0.000e+00 	 0.000e+00 
2.34875 	 0.000e+00 	 0.000e+00 	 0.000e+00 
2.35125 	 0.000e+00 	 0.000e+00 	 0.000e+00 
2.35375 	 0.000e+00 	 0.000e+00 	 0.000e+00 
2.35625 	 0.000e+00 	 0.000e+00 	 0.000e+00 
2.35875 	 0.000e+00 	 0.000e+00 	 0.000e+00 
2.36125 	 0.000e+00 	 0.000e+00 	 0.000e+00 
2.36375 	 0.000e+00 	 0.000e+00 	 0.000e+00 
2.36625 	 0.000e+00 	 0.000e+00 	 0.000e+00 
2.36875 	 0.000e+00 	 0.000e+00 	 0.000e+00 
2.37125 	 0.000e+00 	 0.000e+00 	 0.000e+00 
2.37375 	 0.000e+00 	 0.000e+00 	 0.000e+00 
2.37625 	 0.000e+00 	 0.000e+00 	 0.000e+00 
2.37875 	 0.000e+00 	 0.000e+00 	 0.000e+00 
2.38125 	 0.000e+00 	 0.000e+00 	 0.000e+00 
2.38375 	 0.000e+00 	 0.000e+00 	 0.000e+00 
2.38625 	 0.000e+00 	 0.000e+00 	 0.000e+00 
2.38875 	 0.000e+00 	 0.000e+00 	 0.000e+00 
2.39125 	 0.000e+00 	 0.000e+00 	 0.000e+00 
2.39375 	 0.000e+00 	 0.000e+00 	 0.000e+00 
2.39625 	 0.000e+00 	 0.000e+00 	 0.000e+00 
2.39875 	 0.000e+00 	 0.000e+00 	 0.000e+00 
2.40125 	 0.000e+00 	 0.000e+00 	 0.000e+00 
2.40375 	 0.000e+00 	 0.000e+00 	 0.000e+00 
2.40625 	 0.000e+00 	 0.000e+00 	 0.000e+00 
2.40875 	 0.000e+00 	 0.000e+00 	 0.000e+00 
2.41125 	 0.000e+00 	 0.000e+00 	 0.000e+00 
2.41375 	 0.000e+00 	 0.000e+00 	 0.000e+00 
2.41625 	 0.000e+00 	 0.000e+00 	 0.000e+00 
2.41875 	 0.000e+00 	 0.000e+00 	 0.000e+00 
2.42125 	 0.000e+00 	 0.000e+00 	 0.000e+00 
2.42375 	 0.000e+00 	 0.000e+00 	 0.000e+00 
2.42625 	 0.000e+00 	 0.000e+00 	 0.000e+00 
2.42875 	 0.000e+00 	 0.000e+00 	 0.000e+00 
2.43125 	 0.000e+00 	 0.000e+00 	 0.000e+00 
2.43375 	 0.000e+00 	 0.000e+00 	 0.000e+00 
2.43625 	 0.000e+00 	 0.000e+00 	 0.000e+00 
2.43875 	 0.000e+00 	 0.000e+00 	 0.000e+00 
2.44125 	 0.000e+00 	 0.000e+00 	 0.000e+00 
2.44375 	 0.000e+00 	 0.000e+00 	 0.000e+00 
2.44625 	 0.000e+00 	 0.000e+00 	 0.000e+00 
2.44875 	 0.000e+00 	 0.000e+00 	 0.000e+00 
2.45125 	 0.000e+00 	 0.000e+00 	 0.000e+00 
2.45375 	 0.000e+00 	 0.000e+00 	 0.000e+00 
2.45625 	 0.000e+00 	 0.000e+00 	 0.000e+00 
2.45875 	 0.000e+00 	 0.000e+00 	 0.000e+00 
2.46125 	 0.000e+00 	 0.000e+00 	 0.000e+00 
2.46375 	 0.000e+00 	 0.000e+00 	 0.000e+00 
2.46625 	 0.000e+00 	 0.000e+00 	 0.000e+00 
2.46875 	 0.000e+00 	 0.000e+00 	 0.000e+00 
2.47125 	 0.000e+00 	 0.000e+00 	 0.000e+00 
2.47375 	 0.000e+00 	 0.000e+00 	 0.000e+00 
2.47625 	 0.000e+00 	 0.000e+00 	 0.000e+00 
2.47875 	 0.000e+00 	 0.000e+00 	 0.000e+00 
2.48125 	 0.000e+00 	 0.000e+00 	 0.000e+00 
2.48375 	 0.000e+00 	 0.000e+00 	 0.000e+00 
2.48625 	 0.000e+00 	 0.000e+00 	 0.000e+00 
2.48875 	 0.000e+00 	 0.000e+00 	 0.000e+00 
2.49125 	 0.000e+00 	 0.000e+00 	 0.000e+00 
2.49375 	 0.000e+00 	 0.000e+00 	 0.000e+00 
2.49625 	 0.000e+00 	 0.000e+00 	 0.000e+00 
2.49875 	 0.000e+00 	 0.000e+00 	 0.000e+00 
2.50125 	 0.000e+00 	 0.000e+00 	 0.000e+00 
2.50375 	 0.000e+00 	 0.000e+00 	 0.000e+00 
2.50625 	 0.000e+00 	 0.000e+00 	 0.000e+00 
2.50875 	 0.000e+00 	 0.000e+00 	 0.000e+00 
2.51125 	 0.000e+00 	 0.000e+00 	 0.000e+00 
2.51375 	 0.000e+00 	 0.000e+00 	 0.000e+00 
2.51625 	 0.000e+00 	 0.000e+00 	 0.000e+00 
2.51875 	 0.000e+00 	 0.000e+00 	 0.000e+00 
2.52125 	 0.000e+00 	 0.000e+00 	 0.000e+00 
2.52375 	 0.000e+00 	 0.000e+00 	 0.000e+00 
2.52625 	 0.000e+00 	 0.000e+00 	 0.000e+00 
2.52875 	 0.000e+00 	 0.000e+00 	 0.000e+00 
2.53125 	 0.000e+00 	 0.000e+00 	 0.000e+00 
2.53375 	 0.000e+00 	 0.000e+00 	 0.000e+00 
2.53625 	 0.000e+00 	 0.000e+00 	 0.000e+00 
2.53875 	 0.000e+00 	 0.000e+00 	 0.000e+00 
2.54125 	 0.000e+00 	 0.000e+00 	 0.000e+00 
2.54375 	 0.000e+00 	 0.000e+00 	 0.000e+00 
2.54625 	 0.000e+00 	 0.000e+00 	 0.000e+00 
2.54875 	 0.000e+00 	 0.000e+00 	 0.000e+00 
2.55125 	 0.000e+00 	 0.000e+00 	 0.000e+00 
2.55375 	 0.000e+00 	 0.000e+00 	 0.000e+00 
2.55625 	 0.000e+00 	 0.000e+00 	 0.000e+00 
2.55875 	 0.000e+00 	 0.000e+00 	 0.000e+00 
2.56125 	 0.000e+00 	 0.000e+00 	 0.000e+00 
2.56375 	 0.000e+00 	 0.000e+00 	 0.000e+00 
2.56625 	 0.000e+00 	 0.000e+00 	 0.000e+00 
2.56875 	 0.000e+00 	 0.000e+00 	 0.000e+00 
2.57125 	 0.000e+00 	 0.000e+00 	 0.000e+00 
2.57375 	 0.000e+00 	 0.000e+00 	 0.000e+00 
2.57625 	 0.000e+00 	 0.000e+00 	 0.000e+00 
2.57875 	 0.000e+00 	 0.000e+00 	 0.000e+00 
2.58125 	 0.000e+00 	 0.000e+00 	 0.000e+00 
2.58375 	 0.000e+00 	 0.000e+00 	 0.000e+00 
2.58625 	 0.000e+00 	 0.000e+00 	 0.000e+00 
2.58875 	 0.000e+00 	 0.000e+00 	 0.000e+00 
2.59125 	 0.000e+00 	 0.000e+00 	 0.000e+00 
2.59375 	 0.000e+00 	 0.000e+00 	 0.000e+00 
2.59625 	 0.000e+00 	 0.000e+00 	 0.000e+00 
2.59875 	 0.000e+00 	 0.000e+00 	 0.000e+00 
2.60125 	 0.000e+00 	 0.000e+00 	 0.000e+00 
2.60375 	 0.000e+00 	 0.000e+00 	 0.000e+00 
2.60625 	 0.000e+00 	 0.000e+00 	 0.000e+00 
2.60875 	 0.000e+00 	 0.000e+00 	 0.000e+00 
2.61125 	 0.000e+00 	 0.000e+00 	 0.000e+00 
2.61375 	 0.000e+00 	 0.000e+00 	 0.000e+00 
2.61625 	 0.000e+00 	 0.000e+00 	 0.000e+00 
2.61875 	 0.000e+00 	 0.000e+00 	 0.000e+00 
2.62125 	 0.000e+00 	 0.000e+00 	 0.000e+00 
2.62375 	 0.000e+00 	 0.000e+00 	 0.000e+00 
2.62625 	 0.000e+00 	 0.000e+00 	 0.000e+00 
2.62875 	 0.000e+00 	 0.000e+00 	 0.000e+00 
2.63125 	 0.000e+00 	 0.000e+00 	 0.000e+00 
2.63375 	 0.000e+00 	 0.000e+00 	 0.000e+00 
2.63625 	 0.000e+00 	 0.000e+00 	 0.000e+00 
2.63875 	 0.000e+00 	 0.000e+00 	 0.000e+00 
2.64125 	 0.000e+00 	 0.000e+00 	 0.000e+00 
2.64375 	 0.000e+00 	 0.000e+00 	 0.000e+00 
2.64625 	 0.000e+00 	 0.000e+00 	 0.000e+00 
2.64875 	 0.000e+00 	 0.000e+00 	 0.000e+00 
2.65125 	 0.000e+00 	 0.000e+00 	 0.000e+00 
2.65375 	 0.000e+00 	 0.000e+00 	 0.000e+00 
2.65625 	 0.000e+00 	 0.000e+00 	 0.000e+00 
2.65875 	 0.000e+00 	 0.000e+00 	 0.000e+00 
2.66125 	 0.000e+00 	 0.000e+00 	 0.000e+00 
2.66375 	 0.000e+00 	 0.000e+00 	 0.000e+00 
2.66625 	 0.000e+00 	 0.000e+00 	 0.000e+00 
2.66875 	 0.000e+00 	 0.000e+00 	 0.000e+00 
2.67125 	 0.000e+00 	 0.000e+00 	 0.000e+00 
2.67375 	 0.000e+00 	 0.000e+00 	 0.000e+00 
2.67625 	 0.000e+00 	 0.000e+00 	 0.000e+00 
2.67875 	 0.000e+00 	 0.000e+00 	 0.000e+00 
2.68125 	 0.000e+00 	 0.000e+00 	 0.000e+00 
2.68375 	 0.000e+00 	 0.000e+00 	 0.000e+00 
2.68625 	 0.000e+00 	 0.000e+00 	 0.000e+00 
2.68875 	 0.000e+00 	 0.000e+00 	 0.000e+00 
2.69125 	 0.000e+00 	 0.000e+00 	 0.000e+00 
2.69375 	 0.000e+00 	 0.000e+00 	 0.000e+00 
2.69625 	 0.000e+00 	 0.000e+00 	 0.000e+00 
2.69875 	 0.000e+00 	 0.000e+00 	 0.000e+00 
2.70125 	 0.000e+00 	 0.000e+00 	 0.000e+00 
2.70375 	 0.000e+00 	 0.000e+00 	 0.000e+00 
2.70625 	 0.000e+00 	 0.000e+00 	 0.000e+00 
2.70875 	 0.000e+00 	 0.000e+00 	 0.000e+00 
2.71125 	 0.000e+00 	 0.000e+00 	 0.000e+00 
2.71375 	 0.000e+00 	 0.000e+00 	 0.000e+00 
2.71625 	 0.000e+00 	 0.000e+00 	 0.000e+00 
2.71875 	 0.000e+00 	 0.000e+00 	 0.000e+00 
2.72125 	 0.000e+00 	 0.000e+00 	 0.000e+00 
2.72375 	 0.000e+00 	 0.000e+00 	 0.000e+00 
2.72625 	 0.000e+00 	 0.000e+00 	 0.000e+00 
2.72875 	 0.000e+00 	 0.000e+00 	 0.000e+00 
2.73125 	 0.000e+00 	 0.000e+00 	 0.000e+00 
2.73375 	 0.000e+00 	 0.000e+00 	 0.000e+00 
2.73625 	 0.000e+00 	 0.000e+00 	 0.000e+00 
2.73875 	 0.000e+00 	 0.000e+00 	 0.000e+00 
2.74125 	 0.000e+00 	 0.000e+00 	 0.000e+00 
2.74375 	 0.000e+00 	 0.000e+00 	 0.000e+00 
2.74625 	 0.000e+00 	 0.000e+00 	 0.000e+00 
2.74875 	 0.000e+00 	 0.000e+00 	 0.000e+00 
2.75125 	 0.000e+00 	 0.000e+00 	 0.000e+00 
2.75375 	 0.000e+00 	 0.000e+00 	 0.000e+00 
2.75625 	 0.000e+00 	 0.000e+00 	 0.000e+00 
2.75875 	 0.000e+00 	 0.000e+00 	 0.000e+00 
2.76125 	 0.000e+00 	 0.000e+00 	 0.000e+00 
2.76375 	 0.000e+00 	 0.000e+00 	 0.000e+00 
2.76625 	 0.000e+00 	 0.000e+00 	 0.000e+00 
2.76875 	 0.000e+00 	 0.000e+00 	 0.000e+00 
2.77125 	 0.000e+00 	 0.000e+00 	 0.000e+00 
2.77375 	 0.000e+00 	 0.000e+00 	 0.000e+00 
2.77625 	 0.000e+00 	 0.000e+00 	 0.000e+00 
2.77875 	 0.000e+00 	 0.000e+00 	 0.000e+00 
2.78125 	 0.000e+00 	 0.000e+00 	 0.000e+00 
2.78375 	 0.000e+00 	 0.000e+00 	 0.000e+00 
2.78625 	 0.000e+00 	 0.000e+00 	 0.000e+00 
2.78875 	 0.000e+00 	 0.000e+00 	 0.000e+00 
2.79125 	 0.000e+00 	 0.000e+00 	 0.000e+00 
2.79375 	 0.000e+00 	 0.000e+00 	 0.000e+00 
2.79625 	 0.000e+00 	 0.000e+00 	 0.000e+00 
2.79875 	 0.000e+00 	 0.000e+00 	 0.000e+00 
2.80125 	 0.000e+00 	 0.000e+00 	 0.000e+00 
2.80375 	 0.000e+00 	 0.000e+00 	 0.000e+00 
2.80625 	 0.000e+00 	 0.000e+00 	 0.000e+00 
2.80875 	 0.000e+00 	 0.000e+00 	 0.000e+00 
2.81125 	 0.000e+00 	 0.000e+00 	 0.000e+00 
2.81375 	 0.000e+00 	 0.000e+00 	 0.000e+00 
2.81625 	 0.000e+00 	 0.000e+00 	 0.000e+00 
2.81875 	 0.000e+00 	 0.000e+00 	 0.000e+00 
2.82125 	 0.000e+00 	 0.000e+00 	 0.000e+00 
2.82375 	 0.000e+00 	 0.000e+00 	 0.000e+00 
2.82625 	 0.000e+00 	 0.000e+00 	 0.000e+00 
2.82875 	 0.000e+00 	 0.000e+00 	 0.000e+00 
2.83125 	 0.000e+00 	 0.000e+00 	 0.000e+00 
2.83375 	 0.000e+00 	 0.000e+00 	 0.000e+00 
2.83625 	 0.000e+00 	 0.000e+00 	 0.000e+00 
2.83875 	 0.000e+00 	 0.000e+00 	 0.000e+00 
2.84125 	 0.000e+00 	 0.000e+00 	 0.000e+00 
2.84375 	 0.000e+00 	 0.000e+00 	 0.000e+00 
2.84625 	 0.000e+00 	 0.000e+00 	 0.000e+00 
2.84875 	 0.000e+00 	 0.000e+00 	 0.000e+00 
2.85125 	 0.000e+00 	 0.000e+00 	 0.000e+00 
2.85375 	 0.000e+00 	 0.000e+00 	 0.000e+00 
2.85625 	 0.000e+00 	 0.000e+00 	 0.000e+00 
2.85875 	 0.000e+00 	 0.000e+00 	 0.000e+00 
2.86125 	 0.000e+00 	 0.000e+00 	 0.000e+00 
2.86375 	 0.000e+00 	 0.000e+00 	 0.000e+00 
2.86625 	 0.000e+00 	 0.000e+00 	 0.000e+00 
2.86875 	 0.000e+00 	 0.000e+00 	 0.000e+00 
2.87125 	 0.000e+00 	 0.000e+00 	 0.000e+00 
2.87375 	 0.000e+00 	 0.000e+00 	 0.000e+00 
2.87625 	 0.000e+00 	 0.000e+00 	 0.000e+00 
2.87875 	 0.000e+00 	 0.000e+00 	 0.000e+00 
2.88125 	 0.000e+00 	 0.000e+00 	 0.000e+00 
2.88375 	 0.000e+00 	 0.000e+00 	 0.000e+00 
2.88625 	 0.000e+00 	 0.000e+00 	 0.000e+00 
2.88875 	 0.000e+00 	 0.000e+00 	 0.000e+00 
2.89125 	 0.000e+00 	 0.000e+00 	 0.000e+00 
2.89375 	 0.000e+00 	 0.000e+00 	 0.000e+00 
2.89625 	 0.000e+00 	 0.000e+00 	 0.000e+00 
2.89875 	 0.000e+00 	 0.000e+00 	 0.000e+00 
2.90125 	 0.000e+00 	 0.000e+00 	 0.000e+00 
2.90375 	 0.000e+00 	 0.000e+00 	 0.000e+00 
2.90625 	 0.000e+00 	 0.000e+00 	 0.000e+00 
2.90875 	 0.000e+00 	 0.000e+00 	 0.000e+00 
2.91125 	 0.000e+00 	 0.000e+00 	 0.000e+00 
2.91375 	 0.000e+00 	 0.000e+00 	 0.000e+00 
2.91625 	 0.000e+00 	 0.000e+00 	 0.000e+00 
2.91875 	 0.000e+00 	 0.000e+00 	 0.000e+00 
2.92125 	 0.000e+00 	 0.000e+00 	 0.000e+00 
2.92375 	 0.000e+00 	 0.000e+00 	 0.000e+00 
2.92625 	 0.000e+00 	 0.000e+00 	 0.000e+00 
2.92875 	 0.000e+00 	 0.000e+00 	 0.000e+00 
2.93125 	 0.000e+00 	 0.000e+00 	 0.000e+00 
2.93375 	 0.000e+00 	 0.000e+00 	 0.000e+00 
2.93625 	 0.000e+00 	 0.000e+00 	 0.000e+00 
2.93875 	 0.000e+00 	 0.000e+00 	 0.000e+00 
2.94125 	 0.000e+00 	 0.000e+00 	 0.000e+00 
2.94375 	 0.000e+00 	 0.000e+00 	 0.000e+00 
2.94625 	 0.000e+00 	 0.000e+00 	 0.000e+00 
2.94875 	 0.000e+00 	 0.000e+00 	 0.000e+00 
2.95125 	 0.000e+00 	 0.000e+00 	 0.000e+00 
2.95375 	 0.000e+00 	 0.000e+00 	 0.000e+00 
2.95625 	 0.000e+00 	 0.000e+00 	 0.000e+00 
2.95875 	 0.000e+00 	 0.000e+00 	 0.000e+00 
2.96125 	 0.000e+00 	 0.000e+00 	 0.000e+00 
2.96375 	 0.000e+00 	 0.000e+00 	 0.000e+00 
2.96625 	 0.000e+00 	 0.000e+00 	 0.000e+00 
2.96875 	 0.000e+00 	 0.000e+00 	 0.000e+00 
2.97125 	 0.000e+00 	 0.000e+00 	 0.000e+00 
2.97375 	 0.000e+00 	 0.000e+00 	 0.000e+00 
2.97625 	 0.000e+00 	 0.000e+00 	 0.000e+00 
2.97875 	 0.000e+00 	 0.000e+00 	 0.000e+00 
2.98125 	 0.000e+00 	 0.000e+00 	 0.000e+00 
2.98375 	 0.000e+00 	 0.000e+00 	 0.000e+00 
2.98625 	 0.000e+00 	 0.000e+00 	 0.000e+00 
2.98875 	 0.000e+00 	 0.000e+00 	 0.000e+00 
2.99125 	 0.000e+00 	 0.000e+00 	 0.000e+00 
2.99375 	 0.000e+00 	 0.000e+00 	 0.000e+00 
2.99625 	 0.000e+00 	 0.000e+00 	 0.000e+00 
2.99875 	 0.000e+00 	 0.000e+00 	 0.000e+00 
3.00125 	 0.000e+00 	 0.000e+00 	 0.000e+00 
3.00375 	 0.000e+00 	 0.000e+00 	 0.000e+00 
3.00625 	 0.000e+00 	 0.000e+00 	 0.000e+00 
3.00875 	 0.000e+00 	 0.000e+00 	 0.000e+00 
3.01125 	 0.000e+00 	 0.000e+00 	 0.000e+00 
3.01375 	 0.000e+00 	 0.000e+00 	 0.000e+00 
3.01625 	 0.000e+00 	 0.000e+00 	 0.000e+00 
3.01875 	 0.000e+00 	 0.000e+00 	 0.000e+00 
3.02125 	 0.000e+00 	 0.000e+00 	 0.000e+00 
3.02375 	 0.000e+00 	 0.000e+00 	 0.000e+00 
3.02625 	 0.000e+00 	 0.000e+00 	 0.000e+00 
3.02875 	 0.000e+00 	 0.000e+00 	 0.000e+00 
3.03125 	 0.000e+00 	 0.000e+00 	 0.000e+00 
3.03375 	 0.000e+00 	 0.000e+00 	 0.000e+00 
3.03625 	 0.000e+00 	 0.000e+00 	 0.000e+00 
3.03875 	 0.000e+00 	 0.000e+00 	 0.000e+00 
3.04125 	 0.000e+00 	 0.000e+00 	 0.000e+00 
3.04375 	 0.000e+00 	 0.000e+00 	 0.000e+00 
3.04625 	 0.000e+00 	 0.000e+00 	 0.000e+00 
3.04875 	 0.000e+00 	 0.000e+00 	 0.000e+00 
3.05125 	 0.000e+00 	 0.000e+00 	 0.000e+00 
3.05375 	 0.000e+00 	 0.000e+00 	 0.000e+00 
3.05625 	 0.000e+00 	 0.000e+00 	 0.000e+00 
3.05875 	 0.000e+00 	 0.000e+00 	 0.000e+00 
3.06125 	 0.000e+00 	 0.000e+00 	 0.000e+00 
3.06375 	 0.000e+00 	 0.000e+00 	 0.000e+00 
3.06625 	 0.000e+00 	 0.000e+00 	 0.000e+00 
3.06875 	 0.000e+00 	 0.000e+00 	 0.000e+00 
3.07125 	 0.000e+00 	 0.000e+00 	 0.000e+00 
3.07375 	 0.000e+00 	 0.000e+00 	 0.000e+00 
3.07625 	 0.000e+00 	 0.000e+00 	 0.000e+00 
3.07875 	 0.000e+00 	 0.000e+00 	 0.000e+00 
3.08125 	 0.000e+00 	 0.000e+00 	 0.000e+00 
3.08375 	 0.000e+00 	 0.000e+00 	 0.000e+00 
3.08625 	 0.000e+00 	 0.000e+00 	 0.000e+00 
3.08875 	 0.000e+00 	 0.000e+00 	 0.000e+00 
3.09125 	 0.000e+00 	 0.000e+00 	 0.000e+00 
3.09375 	 0.000e+00 	 0.000e+00 	 0.000e+00 
3.09625 	 0.000e+00 	 0.000e+00 	 0.000e+00 
3.09875 	 0.000e+00 	 0.000e+00 	 0.000e+00 
3.10125 	 0.000e+00 	 0.000e+00 	 0.000e+00 
3.10375 	 0.000e+00 	 0.000e+00 	 0.000e+00 
3.10625 	 0.000e+00 	 0.000e+00 	 0.000e+00 
3.10875 	 0.000e+00 	 0.000e+00 	 0.000e+00 
3.11125 	 0.000e+00 	 0.000e+00 	 0.000e+00 
3.11375 	 0.000e+00 	 0.000e+00 	 0.000e+00 
3.11625 	 0.000e+00 	 0.000e+00 	 0.000e+00 
3.11875 	 0.000e+00 	 0.000e+00 	 0.000e+00 
3.12125 	 0.000e+00 	 0.000e+00 	 0.000e+00 
3.12375 	 0.000e+00 	 0.000e+00 	 0.000e+00 
3.12625 	 0.000e+00 	 0.000e+00 	 0.000e+00 
3.12875 	 0.000e+00 	 0.000e+00 	 0.000e+00 
3.13125 	 0.000e+00 	 0.000e+00 	 0.000e+00 
3.13375 	 0.000e+00 	 0.000e+00 	 0.000e+00 
3.13625 	 0.000e+00 	 0.000e+00 	 0.000e+00 
3.13875 	 0.000e+00 	 0.000e+00 	 0.000e+00 
3.14125 	 0.000e+00 	 0.000e+00 	 0.000e+00 
3.14375 	 0.000e+00 	 0.000e+00 	 0.000e+00 
3.14625 	 0.000e+00 	 0.000e+00 	 0.000e+00 
3.14875 	 0.000e+00 	 0.000e+00 	 0.000e+00 
3.15125 	 0.000e+00 	 0.000e+00 	 0.000e+00 
3.15375 	 0.000e+00 	 0.000e+00 	 0.000e+00 
3.15625 	 0.000e+00 	 0.000e+00 	 0.000e+00 
3.15875 	 0.000e+00 	 0.000e+00 	 0.000e+00 
3.16125 	 0.000e+00 	 0.000e+00 	 0.000e+00 
3.16375 	 0.000e+00 	 0.000e+00 	 0.000e+00 
3.16625 	 0.000e+00 	 0.000e+00 	 0.000e+00 
3.16875 	 0.000e+00 	 0.000e+00 	 0.000e+00 
3.17125 	 0.000e+00 	 0.000e+00 	 0.000e+00 
3.17375 	 0.000e+00 	 0.000e+00 	 0.000e+00 
3.17625 	 0.000e+00 	 0.000e+00 	 0.000e+00 
3.17875 	 0.000e+00 	 0.000e+00 	 0.000e+00 
3.18125 	 0.000e+00 	 0.000e+00 	 0.000e+00 
3.18375 	 0.000e+00 	 0.000e+00 	 0.000e+00 
3.18625 	 0.000e+00 	 0.000e+00 	 0.000e+00 
3.18875 	 0.000e+00 	 0.000e+00 	 0.000e+00 
3.19125 	 0.000e+00 	 0.000e+00 	 0.000e+00 
3.19375 	 0.000e+00 	 0.000e+00 	 0.000e+00 
3.19625 	 0.000e+00 	 0.000e+00 	 0.000e+00 
3.19875 	 0.000e+00 	 0.000e+00 	 0.000e+00 
3.20125 	 0.000e+00 	 0.000e+00 	 0.000e+00 
3.20375 	 0.000e+00 	 0.000e+00 	 0.000e+00 
3.20625 	 0.000e+00 	 0.000e+00 	 0.000e+00 
3.20875 	 0.000e+00 	 0.000e+00 	 0.000e+00 
3.21125 	 0.000e+00 	 0.000e+00 	 0.000e+00 
3.21375 	 0.000e+00 	 0.000e+00 	 0.000e+00 
3.21625 	 0.000e+00 	 0.000e+00 	 0.000e+00 
3.21875 	 0.000e+00 	 0.000e+00 	 0.000e+00 
3.22125 	 0.000e+00 	 0.000e+00 	 0.000e+00 
3.22375 	 0.000e+00 	 0.000e+00 	 0.000e+00 
3.22625 	 0.000e+00 	 0.000e+00 	 0.000e+00 
3.22875 	 0.000e+00 	 0.000e+00 	 0.000e+00 
3.23125 	 0.000e+00 	 0.000e+00 	 0.000e+00 
3.23375 	 0.000e+00 	 0.000e+00 	 0.000e+00 
3.23625 	 0.000e+00 	 0.000e+00 	 0.000e+00 
3.23875 	 0.000e+00 	 0.000e+00 	 0.000e+00 
3.24125 	 0.000e+00 	 0.000e+00 	 0.000e+00 
3.24375 	 0.000e+00 	 0.000e+00 	 0.000e+00 
3.24625 	 0.000e+00 	 0.000e+00 	 0.000e+00 
3.24875 	 0.000e+00 	 0.000e+00 	 0.000e+00 
3.25125 	 0.000e+00 	 0.000e+00 	 0.000e+00 
3.25375 	 0.000e+00 	 0.000e+00 	 0.000e+00 
3.25625 	 0.000e+00 	 0.000e+00 	 0.000e+00 
3.25875 	 0.000e+00 	 0.000e+00 	 0.000e+00 
3.26125 	 0.000e+00 	 0.000e+00 	 0.000e+00 
3.26375 	 0.000e+00 	 0.000e+00 	 0.000e+00 
3.26625 	 0.000e+00 	 0.000e+00 	 0.000e+00 
3.26875 	 0.000e+00 	 0.000e+00 	 0.000e+00 
3.27125 	 0.000e+00 	 0.000e+00 	 0.000e+00 
3.27375 	 0.000e+00 	 0.000e+00 	 0.000e+00 
3.27625 	 0.000e+00 	 0.000e+00 	 0.000e+00 
3.27875 	 0.000e+00 	 0.000e+00 	 0.000e+00 
3.28125 	 0.000e+00 	 0.000e+00 	 0.000e+00 
3.28375 	 0.000e+00 	 0.000e+00 	 0.000e+00 
3.28625 	 0.000e+00 	 0.000e+00 	 0.000e+00 
3.28875 	 0.000e+00 	 0.000e+00 	 0.000e+00 
3.29125 	 0.000e+00 	 0.000e+00 	 0.000e+00 
3.29375 	 0.000e+00 	 0.000e+00 	 0.000e+00 
3.29625 	 0.000e+00 	 0.000e+00 	 0.000e+00 
3.29875 	 0.000e+00 	 0.000e+00 	 0.000e+00 
3.30125 	 0.000e+00 	 0.000e+00 	 0.000e+00 
3.30375 	 0.000e+00 	 0.000e+00 	 0.000e+00 
3.30625 	 0.000e+00 	 0.000e+00 	 0.000e+00 
3.30875 	 0.000e+00 	 0.000e+00 	 0.000e+00 
3.31125 	 0.000e+00 	 0.000e+00 	 0.000e+00 
3.31375 	 0.000e+00 	 0.000e+00 	 0.000e+00 
3.31625 	 0.000e+00 	 0.000e+00 	 0.000e+00 
3.31875 	 0.000e+00 	 0.000e+00 	 0.000e+00 
3.32125 	 0.000e+00 	 0.000e+00 	 0.000e+00 
3.32375 	 0.000e+00 	 0.000e+00 	 0.000e+00 
3.32625 	 0.000e+00 	 0.000e+00 	 0.000e+00 
3.32875 	 0.000e+00 	 0.000e+00 	 0.000e+00 
3.33125 	 0.000e+00 	 0.000e+00 	 0.000e+00 
3.33375 	 0.000e+00 	 0.000e+00 	 0.000e+00 
3.33625 	 0.000e+00 	 0.000e+00 	 0.000e+00 
3.33875 	 0.000e+00 	 0.000e+00 	 0.000e+00 
3.34125 	 0.000e+00 	 0.000e+00 	 0.000e+00 
3.34375 	 0.000e+00 	 0.000e+00 	 0.000e+00 
3.34625 	 0.000e+00 	 0.000e+00 	 0.000e+00 
3.34875 	 0.000e+00 	 0.000e+00 	 0.000e+00 
3.35125 	 0.000e+00 	 0.000e+00 	 0.000e+00 
3.35375 	 0.000e+00 	 0.000e+00 	 0.000e+00 
3.35625 	 0.000e+00 	 0.000e+00 	 0.000e+00 
3.35875 	 0.000e+00 	 0.000e+00 	 0.000e+00 
3.36125 	 0.000e+00 	 0.000e+00 	 0.000e+00 
3.36375 	 0.000e+00 	 0.000e+00 	 0.000e+00 
3.36625 	 0.000e+00 	 0.000e+00 	 0.000e+00 
3.36875 	 0.000e+00 	 0.000e+00 	 0.000e+00 
3.37125 	 0.000e+00 	 0.000e+00 	 0.000e+00 
3.37375 	 0.000e+00 	 0.000e+00 	 0.000e+00 
3.37625 	 0.000e+00 	 0.000e+00 	 0.000e+00 
3.37875 	 0.000e+00 	 0.000e+00 	 0.000e+00 
3.38125 	 0.000e+00 	 0.000e+00 	 0.000e+00 
3.38375 	 0.000e+00 	 0.000e+00 	 0.000e+00 
3.38625 	 0.000e+00 	 0.000e+00 	 0.000e+00 
3.38875 	 0.000e+00 	 0.000e+00 	 0.000e+00 
3.39125 	 0.000e+00 	 0.000e+00 	 0.000e+00 
3.39375 	 0.000e+00 	 0.000e+00 	 0.000e+00 
3.39625 	 0.000e+00 	 0.000e+00 	 0.000e+00 
3.39875 	 0.000e+00 	 0.000e+00 	 0.000e+00 
3.40125 	 0.000e+00 	 0.000e+00 	 0.000e+00 
3.40375 	 0.000e+00 	 0.000e+00 	 0.000e+00 
3.40625 	 0.000e+00 	 0.000e+00 	 0.000e+00 
3.40875 	 0.000e+00 	 0.000e+00 	 0.000e+00 
3.41125 	 0.000e+00 	 0.000e+00 	 0.000e+00 
3.41375 	 0.000e+00 	 0.000e+00 	 0.000e+00 
3.41625 	 0.000e+00 	 0.000e+00 	 0.000e+00 
3.41875 	 0.000e+00 	 0.000e+00 	 0.000e+00 
3.42125 	 0.000e+00 	 0.000e+00 	 0.000e+00 
3.42375 	 0.000e+00 	 0.000e+00 	 0.000e+00 
3.42625 	 0.000e+00 	 0.000e+00 	 0.000e+00 
3.42875 	 0.000e+00 	 0.000e+00 	 0.000e+00 
3.43125 	 0.000e+00 	 0.000e+00 	 0.000e+00 
3.43375 	 0.000e+00 	 0.000e+00 	 0.000e+00 
3.43625 	 0.000e+00 	 0.000e+00 	 0.000e+00 
3.43875 	 0.000e+00 	 0.000e+00 	 0.000e+00 
3.44125 	 0.000e+00 	 0.000e+00 	 0.000e+00 
3.44375 	 0.000e+00 	 0.000e+00 	 0.000e+00 
3.44625 	 0.000e+00 	 0.000e+00 	 0.000e+00 
3.44875 	 0.000e+00 	 0.000e+00 	 0.000e+00 
3.45125 	 0.000e+00 	 0.000e+00 	 0.000e+00 
3.45375 	 0.000e+00 	 0.000e+00 	 0.000e+00 
3.45625 	 0.000e+00 	 0.000e+00 	 0.000e+00 
3.45875 	 0.000e+00 	 0.000e+00 	 0.000e+00 
3.46125 	 0.000e+00 	 0.000e+00 	 0.000e+00 
3.46375 	 0.000e+00 	 0.000e+00 	 0.000e+00 
3.46625 	 0.000e+00 	 0.000e+00 	 0.000e+00 
3.46875 	 0.000e+00 	 0.000e+00 	 0.000e+00 
3.47125 	 0.000e+00 	 0.000e+00 	 0.000e+00 
3.47375 	 0.000e+00 	 0.000e+00 	 0.000e+00 
3.47625 	 0.000e+00 	 0.000e+00 	 0.000e+00 
3.47875 	 0.000e+00 	 0.000e+00 	 0.000e+00 
3.48125 	 0.000e+00 	 0.000e+00 	 0.000e+00 
3.48375 	 0.000e+00 	 0.000e+00 	 0.000e+00 
3.48625 	 0.000e+00 	 0.000e+00 	 0.000e+00 
3.48875 	 0.000e+00 	 0.000e+00 	 0.000e+00 
3.49125 	 0.000e+00 	 0.000e+00 	 0.000e+00 
3.49375 	 0.000e+00 	 0.000e+00 	 0.000e+00 
3.49625 	 0.000e+00 	 0.000e+00 	 0.000e+00 
3.49875 	 0.000e+00 	 0.000e+00 	 0.000e+00 
3.50125 	 0.000e+00 	 0.000e+00 	 0.000e+00 
3.50375 	 0.000e+00 	 0.000e+00 	 0.000e+00 
3.50625 	 0.000e+00 	 0.000e+00 	 0.000e+00 
3.50875 	 0.000e+00 	 0.000e+00 	 0.000e+00 
3.51125 	 0.000e+00 	 0.000e+00 	 0.000e+00 
3.51375 	 0.000e+00 	 0.000e+00 	 0.000e+00 
3.51625 	 0.000e+00 	 0.000e+00 	 0.000e+00 
3.51875 	 0.000e+00 	 0.000e+00 	 0.000e+00 
3.52125 	 0.000e+00 	 0.000e+00 	 0.000e+00 
3.52375 	 0.000e+00 	 0.000e+00 	 0.000e+00 
3.52625 	 0.000e+00 	 0.000e+00 	 0.000e+00 
3.52875 	 0.000e+00 	 0.000e+00 	 0.000e+00 
3.53125 	 0.000e+00 	 0.000e+00 	 0.000e+00 
3.53375 	 0.000e+00 	 0.000e+00 	 0.000e+00 
3.53625 	 0.000e+00 	 0.000e+00 	 0.000e+00 
3.53875 	 0.000e+00 	 0.000e+00 	 0.000e+00 
3.54125 	 0.000e+00 	 0.000e+00 	 0.000e+00 
3.54375 	 0.000e+00 	 0.000e+00 	 0.000e+00 
3.54625 	 0.000e+00 	 0.000e+00 	 0.000e+00 
3.54875 	 0.000e+00 	 0.000e+00 	 0.000e+00 
3.55125 	 0.000e+00 	 0.000e+00 	 0.000e+00 
3.55375 	 0.000e+00 	 0.000e+00 	 0.000e+00 
3.55625 	 0.000e+00 	 0.000e+00 	 0.000e+00 
3.55875 	 0.000e+00 	 0.000e+00 	 0.000e+00 
3.56125 	 0.000e+00 	 0.000e+00 	 0.000e+00 
3.56375 	 0.000e+00 	 0.000e+00 	 0.000e+00 
3.56625 	 0.000e+00 	 0.000e+00 	 0.000e+00 
3.56875 	 0.000e+00 	 0.000e+00 	 0.000e+00 
3.57125 	 0.000e+00 	 0.000e+00 	 0.000e+00 
3.57375 	 0.000e+00 	 0.000e+00 	 0.000e+00 
3.57625 	 0.000e+00 	 0.000e+00 	 0.000e+00 
3.57875 	 0.000e+00 	 0.000e+00 	 0.000e+00 
3.58125 	 0.000e+00 	 0.000e+00 	 0.000e+00 
3.58375 	 0.000e+00 	 0.000e+00 	 0.000e+00 
3.58625 	 0.000e+00 	 0.000e+00 	 0.000e+00 
3.58875 	 0.000e+00 	 0.000e+00 	 0.000e+00 
3.59125 	 0.000e+00 	 0.000e+00 	 0.000e+00 
3.59375 	 0.000e+00 	 0.000e+00 	 0.000e+00 
3.59625 	 0.000e+00 	 0.000e+00 	 0.000e+00 
3.59875 	 0.000e+00 	 0.000e+00 	 0.000e+00 
3.60125 	 0.000e+00 	 0.000e+00 	 0.000e+00 
3.60375 	 0.000e+00 	 0.000e+00 	 0.000e+00 
3.60625 	 0.000e+00 	 0.000e+00 	 0.000e+00 
3.60875 	 0.000e+00 	 0.000e+00 	 0.000e+00 
3.61125 	 0.000e+00 	 0.000e+00 	 0.000e+00 
3.61375 	 0.000e+00 	 0.000e+00 	 0.000e+00 
3.61625 	 0.000e+00 	 0.000e+00 	 0.000e+00 
3.61875 	 0.000e+00 	 0.000e+00 	 0.000e+00 
3.62125 	 0.000e+00 	 0.000e+00 	 0.000e+00 
3.62375 	 0.000e+00 	 0.000e+00 	 0.000e+00 
3.62625 	 0.000e+00 	 0.000e+00 	 0.000e+00 
3.62875 	 0.000e+00 	 0.000e+00 	 0.000e+00 
3.63125 	 0.000e+00 	 0.000e+00 	 0.000e+00 
3.63375 	 0.000e+00 	 0.000e+00 	 0.000e+00 
3.63625 	 0.000e+00 	 0.000e+00 	 0.000e+00 
3.63875 	 0.000e+00 	 0.000e+00 	 0.000e+00 
3.64125 	 0.000e+00 	 0.000e+00 	 0.000e+00 
3.64375 	 0.000e+00 	 0.000e+00 	 0.000e+00 
3.64625 	 0.000e+00 	 0.000e+00 	 0.000e+00 
3.64875 	 0.000e+00 	 0.000e+00 	 0.000e+00 
3.65125 	 0.000e+00 	 0.000e+00 	 0.000e+00 
3.65375 	 0.000e+00 	 0.000e+00 	 0.000e+00 
3.65625 	 0.000e+00 	 0.000e+00 	 0.000e+00 
3.65875 	 0.000e+00 	 0.000e+00 	 0.000e+00 
3.66125 	 0.000e+00 	 0.000e+00 	 0.000e+00 
3.66375 	 0.000e+00 	 0.000e+00 	 0.000e+00 
3.66625 	 0.000e+00 	 0.000e+00 	 0.000e+00 
3.66875 	 0.000e+00 	 0.000e+00 	 0.000e+00 
3.67125 	 0.000e+00 	 0.000e+00 	 0.000e+00 
3.67375 	 0.000e+00 	 0.000e+00 	 0.000e+00 
3.67625 	 0.000e+00 	 0.000e+00 	 0.000e+00 
3.67875 	 0.000e+00 	 0.000e+00 	 0.000e+00 
3.68125 	 0.000e+00 	 0.000e+00 	 0.000e+00 
3.68375 	 0.000e+00 	 0.000e+00 	 0.000e+00 
3.68625 	 0.000e+00 	 0.000e+00 	 0.000e+00 
3.68875 	 0.000e+00 	 0.000e+00 	 0.000e+00 
3.69125 	 0.000e+00 	 0.000e+00 	 0.000e+00 
3.69375 	 0.000e+00 	 0.000e+00 	 0.000e+00 
3.69625 	 0.000e+00 	 0.000e+00 	 0.000e+00 
3.69875 	 0.000e+00 	 0.000e+00 	 0.000e+00 
3.70125 	 0.000e+00 	 0.000e+00 	 0.000e+00 
3.70375 	 0.000e+00 	 0.000e+00 	 0.000e+00 
3.70625 	 0.000e+00 	 0.000e+00 	 0.000e+00 
3.70875 	 0.000e+00 	 0.000e+00 	 0.000e+00 
3.71125 	 0.000e+00 	 0.000e+00 	 0.000e+00 
3.71375 	 0.000e+00 	 0.000e+00 	 0.000e+00 
3.71625 	 0.000e+00 	 0.000e+00 	 0.000e+00 
3.71875 	 0.000e+00 	 0.000e+00 	 0.000e+00 
3.72125 	 0.000e+00 	 0.000e+00 	 0.000e+00 
3.72375 	 0.000e+00 	 0.000e+00 	 0.000e+00 
3.72625 	 0.000e+00 	 0.000e+00 	 0.000e+00 
3.72875 	 0.000e+00 	 0.000e+00 	 0.000e+00 
3.73125 	 0.000e+00 	 0.000e+00 	 0.000e+00 
3.73375 	 0.000e+00 	 0.000e+00 	 0.000e+00 
3.73625 	 0.000e+00 	 0.000e+00 	 0.000e+00 
3.73875 	 0.000e+00 	 0.000e+00 	 0.000e+00 
3.74125 	 0.000e+00 	 0.000e+00 	 0.000e+00 
3.74375 	 0.000e+00 	 0.000e+00 	 0.000e+00 
3.74625 	 0.000e+00 	 0.000e+00 	 0.000e+00 
3.74875 	 0.000e+00 	 0.000e+00 	 0.000e+00 
3.75125 	 0.000e+00 	 0.000e+00 	 0.000e+00 
3.75375 	 0.000e+00 	 0.000e+00 	 0.000e+00 
3.75625 	 0.000e+00 	 0.000e+00 	 0.000e+00 
3.75875 	 0.000e+00 	 0.000e+00 	 0.000e+00 
3.76125 	 0.000e+00 	 0.000e+00 	 0.000e+00 
3.76375 	 0.000e+00 	 0.000e+00 	 0.000e+00 
3.76625 	 0.000e+00 	 0.000e+00 	 0.000e+00 
3.76875 	 0.000e+00 	 0.000e+00 	 0.000e+00 
3.77125 	 0.000e+00 	 0.000e+00 	 0.000e+00 
3.77375 	 0.000e+00 	 0.000e+00 	 0.000e+00 
3.77625 	 0.000e+00 	 0.000e+00 	 0.000e+00 
3.77875 	 0.000e+00 	 0.000e+00 	 0.000e+00 
3.78125 	 0.000e+00 	 0.000e+00 	 0.000e+00 
3.78375 	 0.000e+00 	 0.000e+00 	 0.000e+00 
3.78625 	 0.000e+00 	 0.000e+00 	 0.000e+00 
3.78875 	 0.000e+00 	 0.000e+00 	 0.000e+00 
3.79125 	 0.000e+00 	 0.000e+00 	 0.000e+00 
3.79375 	 0.000e+00 	 0.000e+00 	 0.000e+00 
3.79625 	 0.000e+00 	 0.000e+00 	 0.000e+00 
3.79875 	 0.000e+00 	 0.000e+00 	 0.000e+00 
3.80125 	 0.000e+00 	 0.000e+00 	 0.000e+00 
3.80375 	 0.000e+00 	 0.000e+00 	 0.000e+00 
3.80625 	 0.000e+00 	 0.000e+00 	 0.000e+00 
3.80875 	 0.000e+00 	 0.000e+00 	 0.000e+00 
3.81125 	 0.000e+00 	 0.000e+00 	 0.000e+00 
3.81375 	 0.000e+00 	 0.000e+00 	 0.000e+00 
3.81625 	 0.000e+00 	 0.000e+00 	 0.000e+00 
3.81875 	 0.000e+00 	 0.000e+00 	 0.000e+00 
3.82125 	 0.000e+00 	 0.000e+00 	 0.000e+00 
3.82375 	 0.000e+00 	 0.000e+00 	 0.000e+00 
3.82625 	 0.000e+00 	 0.000e+00 	 0.000e+00 
3.82875 	 0.000e+00 	 0.000e+00 	 0.000e+00 
3.83125 	 0.000e+00 	 0.000e+00 	 0.000e+00 
3.83375 	 0.000e+00 	 0.000e+00 	 0.000e+00 
3.83625 	 0.000e+00 	 0.000e+00 	 0.000e+00 
3.83875 	 0.000e+00 	 0.000e+00 	 0.000e+00 
3.84125 	 0.000e+00 	 0.000e+00 	 0.000e+00 
3.84375 	 0.000e+00 	 0.000e+00 	 0.000e+00 
3.84625 	 0.000e+00 	 0.000e+00 	 0.000e+00 
3.84875 	 0.000e+00 	 0.000e+00 	 0.000e+00 
3.85125 	 0.000e+00 	 0.000e+00 	 0.000e+00 
3.85375 	 0.000e+00 	 0.000e+00 	 0.000e+00 
3.85625 	 0.000e+00 	 0.000e+00 	 0.000e+00 
3.85875 	 0.000e+00 	 0.000e+00 	 0.000e+00 
3.86125 	 0.000e+00 	 0.000e+00 	 0.000e+00 
3.86375 	 0.000e+00 	 0.000e+00 	 0.000e+00 
3.86625 	 0.000e+00 	 0.000e+00 	 0.000e+00 
3.86875 	 0.000e+00 	 0.000e+00 	 0.000e+00 
3.87125 	 0.000e+00 	 0.000e+00 	 0.000e+00 
3.87375 	 0.000e+00 	 0.000e+00 	 0.000e+00 
3.87625 	 0.000e+00 	 0.000e+00 	 0.000e+00 
3.87875 	 0.000e+00 	 0.000e+00 	 0.000e+00 
3.88125 	 0.000e+00 	 0.000e+00 	 0.000e+00 
3.88375 	 0.000e+00 	 0.000e+00 	 0.000e+00 
3.88625 	 0.000e+00 	 0.000e+00 	 0.000e+00 
3.88875 	 0.000e+00 	 0.000e+00 	 0.000e+00 
3.89125 	 0.000e+00 	 0.000e+00 	 0.000e+00 
3.89375 	 0.000e+00 	 0.000e+00 	 0.000e+00 
3.89625 	 0.000e+00 	 0.000e+00 	 0.000e+00 
3.89875 	 0.000e+00 	 0.000e+00 	 0.000e+00 
3.90125 	 0.000e+00 	 0.000e+00 	 0.000e+00 
3.90375 	 0.000e+00 	 0.000e+00 	 0.000e+00 
3.90625 	 0.000e+00 	 0.000e+00 	 0.000e+00 
3.90875 	 0.000e+00 	 0.000e+00 	 0.000e+00 
3.91125 	 0.000e+00 	 0.000e+00 	 0.000e+00 
3.91375 	 0.000e+00 	 0.000e+00 	 0.000e+00 
3.91625 	 0.000e+00 	 0.000e+00 	 0.000e+00 
3.91875 	 0.000e+00 	 0.000e+00 	 0.000e+00 
3.92125 	 0.000e+00 	 0.000e+00 	 0.000e+00 
3.92375 	 0.000e+00 	 0.000e+00 	 0.000e+00 
3.92625 	 0.000e+00 	 0.000e+00 	 0.000e+00 
3.92875 	 0.000e+00 	 0.000e+00 	 0.000e+00 
3.93125 	 0.000e+00 	 0.000e+00 	 0.000e+00 
3.93375 	 0.000e+00 	 0.000e+00 	 0.000e+00 
3.93625 	 0.000e+00 	 0.000e+00 	 0.000e+00 
3.93875 	 0.000e+00 	 0.000e+00 	 0.000e+00 
3.94125 	 0.000e+00 	 0.000e+00 	 0.000e+00 
3.94375 	 0.000e+00 	 0.000e+00 	 0.000e+00 
3.94625 	 0.000e+00 	 0.000e+00 	 0.000e+00 
3.94875 	 0.000e+00 	 0.000e+00 	 0.000e+00 
3.95125 	 0.000e+00 	 0.000e+00 	 0.000e+00 
3.95375 	 0.000e+00 	 0.000e+00 	 0.000e+00 
3.95625 	 0.000e+00 	 0.000e+00 	 0.000e+00 
3.95875 	 0.000e+00 	 0.000e+00 	 0.000e+00 
3.96125 	 0.000e+00 	 0.000e+00 	 0.000e+00 
3.96375 	 0.000e+00 	 0.000e+00 	 0.000e+00 
3.96625 	 0.000e+00 	 0.000e+00 	 0.000e+00 
3.96875 	 0.000e+00 	 0.000e+00 	 0.000e+00 
3.97125 	 0.000e+00 	 0.000e+00 	 0.000e+00 
3.97375 	 0.000e+00 	 0.000e+00 	 0.000e+00 
3.97625 	 0.000e+00 	 0.000e+00 	 0.000e+00 
3.97875 	 0.000e+00 	 0.000e+00 	 0.000e+00 
3.98125 	 0.000e+00 	 0.000e+00 	 0.000e+00 
3.98375 	 0.000e+00 	 0.000e+00 	 0.000e+00 
3.98625 	 0.000e+00 	 0.000e+00 	 0.000e+00 
3.98875 	 0.000e+00 	 0.000e+00 	 0.000e+00 
3.99125 	 0.000e+00 	 0.000e+00 	 0.000e+00 
3.99375 	 0.000e+00 	 0.000e+00 	 0.000e+00 
3.99625 	 0.000e+00 	 0.000e+00 	 0.000e+00 
3.99875 	 0.000e+00 	 0.000e+00 	 0.000e+00 
4.00125 	 0.000e+00 	 0.000e+00 	 0.000e+00 
4.00375 	 0.000e+00 	 0.000e+00 	 0.000e+00 
4.00625 	 0.000e+00 	 0.000e+00 	 0.000e+00 
4.00875 	 0.000e+00 	 0.000e+00 	 0.000e+00 
4.01125 	 0.000e+00 	 0.000e+00 	 0.000e+00 
4.01375 	 0.000e+00 	 0.000e+00 	 0.000e+00 
4.01625 	 0.000e+00 	 0.000e+00 	 0.000e+00 
4.01875 	 0.000e+00 	 0.000e+00 	 0.000e+00 
4.02125 	 0.000e+00 	 0.000e+00 	 0.000e+00 
4.02375 	 0.000e+00 	 0.000e+00 	 0.000e+00 
4.02625 	 0.000e+00 	 0.000e+00 	 0.000e+00 
4.02875 	 0.000e+00 	 0.000e+00 	 0.000e+00 
4.03125 	 0.000e+00 	 0.000e+00 	 0.000e+00 
4.03375 	 0.000e+00 	 0.000e+00 	 0.000e+00 
4.03625 	 0.000e+00 	 0.000e+00 	 0.000e+00 
4.03875 	 0.000e+00 	 0.000e+00 	 0.000e+00 
4.04125 	 0.000e+00 	 0.000e+00 	 0.000e+00 
4.04375 	 0.000e+00 	 0.000e+00 	 0.000e+00 
4.04625 	 0.000e+00 	 0.000e+00 	 0.000e+00 
4.04875 	 0.000e+00 	 0.000e+00 	 0.000e+00 
4.05125 	 0.000e+00 	 0.000e+00 	 0.000e+00 
4.05375 	 0.000e+00 	 0.000e+00 	 0.000e+00 
4.05625 	 0.000e+00 	 0.000e+00 	 0.000e+00 
4.05875 	 0.000e+00 	 0.000e+00 	 0.000e+00 
4.06125 	 0.000e+00 	 0.000e+00 	 0.000e+00 
4.06375 	 0.000e+00 	 0.000e+00 	 0.000e+00 
4.06625 	 0.000e+00 	 0.000e+00 	 0.000e+00 
4.06875 	 0.000e+00 	 0.000e+00 	 0.000e+00 
4.07125 	 0.000e+00 	 0.000e+00 	 0.000e+00 
4.07375 	 0.000e+00 	 0.000e+00 	 0.000e+00 
4.07625 	 0.000e+00 	 0.000e+00 	 0.000e+00 
4.07875 	 0.000e+00 	 0.000e+00 	 0.000e+00 
4.08125 	 0.000e+00 	 0.000e+00 	 0.000e+00 
4.08375 	 0.000e+00 	 0.000e+00 	 0.000e+00 
4.08625 	 0.000e+00 	 0.000e+00 	 0.000e+00 
4.08875 	 0.000e+00 	 0.000e+00 	 0.000e+00 
4.09125 	 0.000e+00 	 0.000e+00 	 0.000e+00 
4.09375 	 0.000e+00 	 0.000e+00 	 0.000e+00 
4.09625 	 0.000e+00 	 0.000e+00 	 0.000e+00 
4.09875 	 0.000e+00 	 0.000e+00 	 0.000e+00 
4.10125 	 0.000e+00 	 0.000e+00 	 0.000e+00 
4.10375 	 0.000e+00 	 0.000e+00 	 0.000e+00 
4.10625 	 0.000e+00 	 0.000e+00 	 0.000e+00 
4.10875 	 0.000e+00 	 0.000e+00 	 0.000e+00 
4.11125 	 0.000e+00 	 0.000e+00 	 0.000e+00 
4.11375 	 0.000e+00 	 0.000e+00 	 0.000e+00 
4.11625 	 0.000e+00 	 0.000e+00 	 0.000e+00 
4.11875 	 0.000e+00 	 0.000e+00 	 0.000e+00 
4.12125 	 0.000e+00 	 0.000e+00 	 0.000e+00 
4.12375 	 0.000e+00 	 0.000e+00 	 0.000e+00 
4.12625 	 0.000e+00 	 0.000e+00 	 0.000e+00 
4.12875 	 0.000e+00 	 0.000e+00 	 0.000e+00 
4.13125 	 0.000e+00 	 0.000e+00 	 0.000e+00 
4.13375 	 0.000e+00 	 0.000e+00 	 0.000e+00 
4.13625 	 0.000e+00 	 0.000e+00 	 0.000e+00 
4.13875 	 0.000e+00 	 0.000e+00 	 0.000e+00 
4.14125 	 0.000e+00 	 0.000e+00 	 0.000e+00 
4.14375 	 0.000e+00 	 0.000e+00 	 0.000e+00 
4.14625 	 0.000e+00 	 0.000e+00 	 0.000e+00 
4.14875 	 0.000e+00 	 0.000e+00 	 0.000e+00 
4.15125 	 0.000e+00 	 0.000e+00 	 0.000e+00 
4.15375 	 0.000e+00 	 0.000e+00 	 0.000e+00 
4.15625 	 0.000e+00 	 0.000e+00 	 0.000e+00 
4.15875 	 0.000e+00 	 0.000e+00 	 0.000e+00 
4.16125 	 0.000e+00 	 0.000e+00 	 0.000e+00 
4.16375 	 0.000e+00 	 0.000e+00 	 0.000e+00 
4.16625 	 0.000e+00 	 0.000e+00 	 0.000e+00 
4.16875 	 0.000e+00 	 0.000e+00 	 0.000e+00 
4.17125 	 0.000e+00 	 0.000e+00 	 0.000e+00 
4.17375 	 0.000e+00 	 0.000e+00 	 0.000e+00 
4.17625 	 0.000e+00 	 0.000e+00 	 0.000e+00 
4.17875 	 0.000e+00 	 0.000e+00 	 0.000e+00 
4.18125 	 0.000e+00 	 0.000e+00 	 0.000e+00 
4.18375 	 0.000e+00 	 0.000e+00 	 0.000e+00 
4.18625 	 0.000e+00 	 0.000e+00 	 0.000e+00 
4.18875 	 0.000e+00 	 0.000e+00 	 0.000e+00 
4.19125 	 0.000e+00 	 0.000e+00 	 0.000e+00 
4.19375 	 0.000e+00 	 0.000e+00 	 0.000e+00 
4.19625 	 0.000e+00 	 0.000e+00 	 0.000e+00 
4.19875 	 0.000e+00 	 0.000e+00 	 0.000e+00 
4.20125 	 0.000e+00 	 0.000e+00 	 0.000e+00 
4.20375 	 0.000e+00 	 0.000e+00 	 0.000e+00 
4.20625 	 0.000e+00 	 0.000e+00 	 0.000e+00 
4.20875 	 0.000e+00 	 0.000e+00 	 0.000e+00 
4.21125 	 0.000e+00 	 0.000e+00 	 0.000e+00 
4.21375 	 0.000e+00 	 0.000e+00 	 0.000e+00 
4.21625 	 0.000e+00 	 0.000e+00 	 0.000e+00 
4.21875 	 0.000e+00 	 0.000e+00 	 0.000e+00 
4.22125 	 0.000e+00 	 0.000e+00 	 0.000e+00 
4.22375 	 0.000e+00 	 0.000e+00 	 0.000e+00 
4.22625 	 0.000e+00 	 0.000e+00 	 0.000e+00 
4.22875 	 0.000e+00 	 0.000e+00 	 0.000e+00 
4.23125 	 0.000e+00 	 0.000e+00 	 0.000e+00 
4.23375 	 0.000e+00 	 0.000e+00 	 0.000e+00 
4.23625 	 0.000e+00 	 0.000e+00 	 0.000e+00 
4.23875 	 0.000e+00 	 0.000e+00 	 0.000e+00 
4.24125 	 0.000e+00 	 0.000e+00 	 0.000e+00 
4.24375 	 0.000e+00 	 0.000e+00 	 0.000e+00 
4.24625 	 0.000e+00 	 0.000e+00 	 0.000e+00 
4.24875 	 0.000e+00 	 0.000e+00 	 0.000e+00 
4.25125 	 0.000e+00 	 0.000e+00 	 0.000e+00 
4.25375 	 0.000e+00 	 0.000e+00 	 0.000e+00 
4.25625 	 0.000e+00 	 0.000e+00 	 0.000e+00 
4.25875 	 0.000e+00 	 0.000e+00 	 0.000e+00 
4.26125 	 0.000e+00 	 0.000e+00 	 0.000e+00 
4.26375 	 0.000e+00 	 0.000e+00 	 0.000e+00 
4.26625 	 0.000e+00 	 0.000e+00 	 0.000e+00 
4.26875 	 0.000e+00 	 0.000e+00 	 0.000e+00 
4.27125 	 0.000e+00 	 0.000e+00 	 0.000e+00 
4.27375 	 0.000e+00 	 0.000e+00 	 0.000e+00 
4.27625 	 0.000e+00 	 0.000e+00 	 0.000e+00 
4.27875 	 0.000e+00 	 0.000e+00 	 0.000e+00 
4.28125 	 0.000e+00 	 0.000e+00 	 0.000e+00 
4.28375 	 0.000e+00 	 0.000e+00 	 0.000e+00 
4.28625 	 0.000e+00 	 0.000e+00 	 0.000e+00 
4.28875 	 0.000e+00 	 0.000e+00 	 0.000e+00 
4.29125 	 0.000e+00 	 0.000e+00 	 0.000e+00 
4.29375 	 0.000e+00 	 0.000e+00 	 0.000e+00 
4.29625 	 0.000e+00 	 0.000e+00 	 0.000e+00 
4.29875 	 0.000e+00 	 0.000e+00 	 0.000e+00 
4.30125 	 0.000e+00 	 0.000e+00 	 0.000e+00 
4.30375 	 0.000e+00 	 0.000e+00 	 0.000e+00 
4.30625 	 0.000e+00 	 0.000e+00 	 0.000e+00 
4.30875 	 0.000e+00 	 0.000e+00 	 0.000e+00 
4.31125 	 0.000e+00 	 0.000e+00 	 0.000e+00 
4.31375 	 0.000e+00 	 0.000e+00 	 0.000e+00 
4.31625 	 0.000e+00 	 0.000e+00 	 0.000e+00 
4.31875 	 0.000e+00 	 0.000e+00 	 0.000e+00 
4.32125 	 0.000e+00 	 0.000e+00 	 0.000e+00 
4.32375 	 0.000e+00 	 0.000e+00 	 0.000e+00 
4.32625 	 0.000e+00 	 0.000e+00 	 0.000e+00 
4.32875 	 0.000e+00 	 0.000e+00 	 0.000e+00 
4.33125 	 0.000e+00 	 0.000e+00 	 0.000e+00 
4.33375 	 0.000e+00 	 0.000e+00 	 0.000e+00 
4.33625 	 0.000e+00 	 0.000e+00 	 0.000e+00 
4.33875 	 0.000e+00 	 0.000e+00 	 0.000e+00 
4.34125 	 0.000e+00 	 0.000e+00 	 0.000e+00 
4.34375 	 0.000e+00 	 0.000e+00 	 0.000e+00 
4.34625 	 0.000e+00 	 0.000e+00 	 0.000e+00 
4.34875 	 0.000e+00 	 0.000e+00 	 0.000e+00 
4.35125 	 0.000e+00 	 0.000e+00 	 0.000e+00 
4.35375 	 0.000e+00 	 0.000e+00 	 0.000e+00 
4.35625 	 0.000e+00 	 0.000e+00 	 0.000e+00 
4.35875 	 0.000e+00 	 0.000e+00 	 0.000e+00 
4.36125 	 0.000e+00 	 0.000e+00 	 0.000e+00 
4.36375 	 0.000e+00 	 0.000e+00 	 0.000e+00 
4.36625 	 0.000e+00 	 0.000e+00 	 0.000e+00 
4.36875 	 0.000e+00 	 0.000e+00 	 0.000e+00 
4.37125 	 0.000e+00 	 0.000e+00 	 0.000e+00 
4.37375 	 0.000e+00 	 0.000e+00 	 0.000e+00 
4.37625 	 0.000e+00 	 0.000e+00 	 0.000e+00 
4.37875 	 0.000e+00 	 0.000e+00 	 0.000e+00 
4.38125 	 0.000e+00 	 0.000e+00 	 0.000e+00 
4.38375 	 0.000e+00 	 0.000e+00 	 0.000e+00 
4.38625 	 0.000e+00 	 0.000e+00 	 0.000e+00 
4.38875 	 0.000e+00 	 0.000e+00 	 0.000e+00 
4.39125 	 0.000e+00 	 0.000e+00 	 0.000e+00 
4.39375 	 0.000e+00 	 0.000e+00 	 0.000e+00 
4.39625 	 0.000e+00 	 0.000e+00 	 0.000e+00 
4.39875 	 0.000e+00 	 0.000e+00 	 0.000e+00 
4.40125 	 0.000e+00 	 0.000e+00 	 0.000e+00 
4.40375 	 0.000e+00 	 0.000e+00 	 0.000e+00 
4.40625 	 0.000e+00 	 0.000e+00 	 0.000e+00 
4.40875 	 0.000e+00 	 0.000e+00 	 0.000e+00 
4.41125 	 0.000e+00 	 0.000e+00 	 0.000e+00 
4.41375 	 0.000e+00 	 0.000e+00 	 0.000e+00 
4.41625 	 0.000e+00 	 0.000e+00 	 0.000e+00 
4.41875 	 0.000e+00 	 0.000e+00 	 0.000e+00 
4.42125 	 0.000e+00 	 0.000e+00 	 0.000e+00 
4.42375 	 0.000e+00 	 0.000e+00 	 0.000e+00 
4.42625 	 0.000e+00 	 0.000e+00 	 0.000e+00 
4.42875 	 0.000e+00 	 0.000e+00 	 0.000e+00 
4.43125 	 0.000e+00 	 0.000e+00 	 0.000e+00 
4.43375 	 0.000e+00 	 0.000e+00 	 0.000e+00 
4.43625 	 0.000e+00 	 0.000e+00 	 0.000e+00 
4.43875 	 0.000e+00 	 0.000e+00 	 0.000e+00 
4.44125 	 0.000e+00 	 0.000e+00 	 0.000e+00 
4.44375 	 0.000e+00 	 0.000e+00 	 0.000e+00 
4.44625 	 0.000e+00 	 0.000e+00 	 0.000e+00 
4.44875 	 0.000e+00 	 0.000e+00 	 0.000e+00 
4.45125 	 0.000e+00 	 0.000e+00 	 0.000e+00 
4.45375 	 0.000e+00 	 0.000e+00 	 0.000e+00 
4.45625 	 0.000e+00 	 0.000e+00 	 0.000e+00 
4.45875 	 0.000e+00 	 0.000e+00 	 0.000e+00 
4.46125 	 0.000e+00 	 0.000e+00 	 0.000e+00 
4.46375 	 0.000e+00 	 0.000e+00 	 0.000e+00 
4.46625 	 0.000e+00 	 0.000e+00 	 0.000e+00 
4.46875 	 0.000e+00 	 0.000e+00 	 0.000e+00 
4.47125 	 0.000e+00 	 0.000e+00 	 0.000e+00 
4.47375 	 0.000e+00 	 0.000e+00 	 0.000e+00 
4.47625 	 0.000e+00 	 0.000e+00 	 0.000e+00 
4.47875 	 0.000e+00 	 0.000e+00 	 0.000e+00 
4.48125 	 0.000e+00 	 0.000e+00 	 0.000e+00 
4.48375 	 0.000e+00 	 0.000e+00 	 0.000e+00 
4.48625 	 0.000e+00 	 0.000e+00 	 0.000e+00 
4.48875 	 0.000e+00 	 0.000e+00 	 0.000e+00 
4.49125 	 0.000e+00 	 0.000e+00 	 0.000e+00 
4.49375 	 0.000e+00 	 0.000e+00 	 0.000e+00 
4.49625 	 0.000e+00 	 0.000e+00 	 0.000e+00 
4.49875 	 0.000e+00 	 0.000e+00 	 0.000e+00 
4.50125 	 0.000e+00 	 0.000e+00 	 0.000e+00 
4.50375 	 0.000e+00 	 0.000e+00 	 0.000e+00 
4.50625 	 0.000e+00 	 0.000e+00 	 0.000e+00 
4.50875 	 0.000e+00 	 0.000e+00 	 0.000e+00 
4.51125 	 0.000e+00 	 0.000e+00 	 0.000e+00 
4.51375 	 0.000e+00 	 0.000e+00 	 0.000e+00 
4.51625 	 0.000e+00 	 0.000e+00 	 0.000e+00 
4.51875 	 0.000e+00 	 0.000e+00 	 0.000e+00 
4.52125 	 0.000e+00 	 0.000e+00 	 0.000e+00 
4.52375 	 0.000e+00 	 0.000e+00 	 0.000e+00 
4.52625 	 0.000e+00 	 0.000e+00 	 0.000e+00 
4.52875 	 0.000e+00 	 0.000e+00 	 0.000e+00 
4.53125 	 0.000e+00 	 0.000e+00 	 0.000e+00 
4.53375 	 0.000e+00 	 0.000e+00 	 0.000e+00 
4.53625 	 0.000e+00 	 0.000e+00 	 0.000e+00 
4.53875 	 0.000e+00 	 0.000e+00 	 0.000e+00 
4.54125 	 0.000e+00 	 0.000e+00 	 0.000e+00 
4.54375 	 0.000e+00 	 0.000e+00 	 0.000e+00 
4.54625 	 0.000e+00 	 0.000e+00 	 0.000e+00 
4.54875 	 0.000e+00 	 0.000e+00 	 0.000e+00 
4.55125 	 0.000e+00 	 0.000e+00 	 0.000e+00 
4.55375 	 0.000e+00 	 0.000e+00 	 0.000e+00 
4.55625 	 0.000e+00 	 0.000e+00 	 0.000e+00 
4.55875 	 0.000e+00 	 0.000e+00 	 0.000e+00 
4.56125 	 0.000e+00 	 0.000e+00 	 0.000e+00 
4.56375 	 0.000e+00 	 0.000e+00 	 0.000e+00 
4.56625 	 0.000e+00 	 0.000e+00 	 0.000e+00 
4.56875 	 0.000e+00 	 0.000e+00 	 0.000e+00 
4.57125 	 0.000e+00 	 0.000e+00 	 0.000e+00 
4.57375 	 0.000e+00 	 0.000e+00 	 0.000e+00 
4.57625 	 0.000e+00 	 0.000e+00 	 0.000e+00 
4.57875 	 0.000e+00 	 0.000e+00 	 0.000e+00 
4.58125 	 0.000e+00 	 0.000e+00 	 0.000e+00 
4.58375 	 0.000e+00 	 0.000e+00 	 0.000e+00 
4.58625 	 0.000e+00 	 0.000e+00 	 0.000e+00 
4.58875 	 0.000e+00 	 0.000e+00 	 0.000e+00 
4.59125 	 0.000e+00 	 0.000e+00 	 0.000e+00 
4.59375 	 0.000e+00 	 0.000e+00 	 0.000e+00 
4.59625 	 0.000e+00 	 0.000e+00 	 0.000e+00 
4.59875 	 0.000e+00 	 0.000e+00 	 0.000e+00 
4.60125 	 0.000e+00 	 0.000e+00 	 0.000e+00 
4.60375 	 0.000e+00 	 0.000e+00 	 0.000e+00 
4.60625 	 0.000e+00 	 0.000e+00 	 0.000e+00 
4.60875 	 0.000e+00 	 0.000e+00 	 0.000e+00 
4.61125 	 0.000e+00 	 0.000e+00 	 0.000e+00 
4.61375 	 0.000e+00 	 0.000e+00 	 0.000e+00 
4.61625 	 0.000e+00 	 0.000e+00 	 0.000e+00 
4.61875 	 0.000e+00 	 0.000e+00 	 0.000e+00 
4.62125 	 0.000e+00 	 0.000e+00 	 0.000e+00 
4.62375 	 0.000e+00 	 0.000e+00 	 0.000e+00 
4.62625 	 0.000e+00 	 0.000e+00 	 0.000e+00 
4.62875 	 0.000e+00 	 0.000e+00 	 0.000e+00 
4.63125 	 0.000e+00 	 0.000e+00 	 0.000e+00 
4.63375 	 0.000e+00 	 0.000e+00 	 0.000e+00 
4.63625 	 0.000e+00 	 0.000e+00 	 0.000e+00 
4.63875 	 0.000e+00 	 0.000e+00 	 0.000e+00 
4.64125 	 0.000e+00 	 0.000e+00 	 0.000e+00 
4.64375 	 0.000e+00 	 0.000e+00 	 0.000e+00 
4.64625 	 0.000e+00 	 0.000e+00 	 0.000e+00 
4.64875 	 0.000e+00 	 0.000e+00 	 0.000e+00 
4.65125 	 0.000e+00 	 0.000e+00 	 0.000e+00 
4.65375 	 0.000e+00 	 0.000e+00 	 0.000e+00 
4.65625 	 0.000e+00 	 0.000e+00 	 0.000e+00 
4.65875 	 0.000e+00 	 0.000e+00 	 0.000e+00 
4.66125 	 0.000e+00 	 0.000e+00 	 0.000e+00 
4.66375 	 0.000e+00 	 0.000e+00 	 0.000e+00 
4.66625 	 0.000e+00 	 0.000e+00 	 0.000e+00 
4.66875 	 0.000e+00 	 0.000e+00 	 0.000e+00 
4.67125 	 0.000e+00 	 0.000e+00 	 0.000e+00 
4.67375 	 0.000e+00 	 0.000e+00 	 0.000e+00 
4.67625 	 0.000e+00 	 0.000e+00 	 0.000e+00 
4.67875 	 0.000e+00 	 0.000e+00 	 0.000e+00 
4.68125 	 0.000e+00 	 0.000e+00 	 0.000e+00 
4.68375 	 0.000e+00 	 0.000e+00 	 0.000e+00 
4.68625 	 0.000e+00 	 0.000e+00 	 0.000e+00 
4.68875 	 0.000e+00 	 0.000e+00 	 0.000e+00 
4.69125 	 0.000e+00 	 0.000e+00 	 0.000e+00 
4.69375 	 0.000e+00 	 0.000e+00 	 0.000e+00 
4.69625 	 0.000e+00 	 0.000e+00 	 0.000e+00 
4.69875 	 0.000e+00 	 0.000e+00 	 0.000e+00 
4.70125 	 0.000e+00 	 0.000e+00 	 0.000e+00 
4.70375 	 0.000e+00 	 0.000e+00 	 0.000e+00 
4.70625 	 0.000e+00 	 0.000e+00 	 0.000e+00 
4.70875 	 0.000e+00 	 0.000e+00 	 0.000e+00 
4.71125 	 0.000e+00 	 0.000e+00 	 0.000e+00 
4.71375 	 0.000e+00 	 0.000e+00 	 0.000e+00 
4.71625 	 0.000e+00 	 0.000e+00 	 0.000e+00 
4.71875 	 0.000e+00 	 0.000e+00 	 0.000e+00 
4.72125 	 0.000e+00 	 0.000e+00 	 0.000e+00 
4.72375 	 0.000e+00 	 0.000e+00 	 0.000e+00 
4.72625 	 0.000e+00 	 0.000e+00 	 0.000e+00 
4.72875 	 0.000e+00 	 0.000e+00 	 0.000e+00 
4.73125 	 0.000e+00 	 0.000e+00 	 0.000e+00 
4.73375 	 0.000e+00 	 0.000e+00 	 0.000e+00 
4.73625 	 0.000e+00 	 0.000e+00 	 0.000e+00 
4.73875 	 0.000e+00 	 0.000e+00 	 0.000e+00 
4.74125 	 0.000e+00 	 0.000e+00 	 0.000e+00 
4.74375 	 0.000e+00 	 0.000e+00 	 0.000e+00 
4.74625 	 0.000e+00 	 0.000e+00 	 0.000e+00 
4.74875 	 0.000e+00 	 0.000e+00 	 0.000e+00 
4.75125 	 0.000e+00 	 0.000e+00 	 0.000e+00 
4.75375 	 0.000e+00 	 0.000e+00 	 0.000e+00 
4.75625 	 0.000e+00 	 0.000e+00 	 0.000e+00 
4.75875 	 0.000e+00 	 0.000e+00 	 0.000e+00 
4.76125 	 0.000e+00 	 0.000e+00 	 0.000e+00 
4.76375 	 0.000e+00 	 0.000e+00 	 0.000e+00 
4.76625 	 0.000e+00 	 0.000e+00 	 0.000e+00 
4.76875 	 0.000e+00 	 0.000e+00 	 0.000e+00 
4.77125 	 0.000e+00 	 0.000e+00 	 0.000e+00 
4.77375 	 0.000e+00 	 0.000e+00 	 0.000e+00 
4.77625 	 0.000e+00 	 0.000e+00 	 0.000e+00 
4.77875 	 0.000e+00 	 0.000e+00 	 0.000e+00 
4.78125 	 0.000e+00 	 0.000e+00 	 0.000e+00 
4.78375 	 0.000e+00 	 0.000e+00 	 0.000e+00 
4.78625 	 0.000e+00 	 0.000e+00 	 0.000e+00 
4.78875 	 0.000e+00 	 0.000e+00 	 0.000e+00 
4.79125 	 0.000e+00 	 0.000e+00 	 0.000e+00 
4.79375 	 0.000e+00 	 0.000e+00 	 0.000e+00 
4.79625 	 0.000e+00 	 0.000e+00 	 0.000e+00 
4.79875 	 0.000e+00 	 0.000e+00 	 0.000e+00 
4.80125 	 0.000e+00 	 0.000e+00 	 0.000e+00 
4.80375 	 0.000e+00 	 0.000e+00 	 0.000e+00 
4.80625 	 0.000e+00 	 0.000e+00 	 0.000e+00 
4.80875 	 0.000e+00 	 0.000e+00 	 0.000e+00 
4.81125 	 0.000e+00 	 0.000e+00 	 0.000e+00 
4.81375 	 0.000e+00 	 0.000e+00 	 0.000e+00 
4.81625 	 0.000e+00 	 0.000e+00 	 0.000e+00 
4.81875 	 0.000e+00 	 0.000e+00 	 0.000e+00 
4.82125 	 0.000e+00 	 0.000e+00 	 0.000e+00 
4.82375 	 0.000e+00 	 0.000e+00 	 0.000e+00 
4.82625 	 0.000e+00 	 0.000e+00 	 0.000e+00 
4.82875 	 0.000e+00 	 0.000e+00 	 0.000e+00 
4.83125 	 0.000e+00 	 0.000e+00 	 0.000e+00 
4.83375 	 0.000e+00 	 0.000e+00 	 0.000e+00 
4.83625 	 0.000e+00 	 0.000e+00 	 0.000e+00 
4.83875 	 0.000e+00 	 0.000e+00 	 0.000e+00 
4.84125 	 0.000e+00 	 0.000e+00 	 0.000e+00 
4.84375 	 0.000e+00 	 0.000e+00 	 0.000e+00 
4.84625 	 0.000e+00 	 0.000e+00 	 0.000e+00 
4.84875 	 0.000e+00 	 0.000e+00 	 0.000e+00 
4.85125 	 0.000e+00 	 0.000e+00 	 0.000e+00 
4.85375 	 0.000e+00 	 0.000e+00 	 0.000e+00 
4.85625 	 0.000e+00 	 0.000e+00 	 0.000e+00 
4.85875 	 0.000e+00 	 0.000e+00 	 0.000e+00 
4.86125 	 0.000e+00 	 0.000e+00 	 0.000e+00 
4.86375 	 0.000e+00 	 0.000e+00 	 0.000e+00 
4.86625 	 0.000e+00 	 0.000e+00 	 0.000e+00 
4.86875 	 0.000e+00 	 0.000e+00 	 0.000e+00 
4.87125 	 0.000e+00 	 0.000e+00 	 0.000e+00 
4.87375 	 0.000e+00 	 0.000e+00 	 0.000e+00 
4.87625 	 0.000e+00 	 0.000e+00 	 0.000e+00 
4.87875 	 0.000e+00 	 0.000e+00 	 0.000e+00 
4.88125 	 0.000e+00 	 0.000e+00 	 0.000e+00 
4.88375 	 0.000e+00 	 0.000e+00 	 0.000e+00 
4.88625 	 0.000e+00 	 0.000e+00 	 0.000e+00 
4.88875 	 0.000e+00 	 0.000e+00 	 0.000e+00 
4.89125 	 0.000e+00 	 0.000e+00 	 0.000e+00 
4.89375 	 0.000e+00 	 0.000e+00 	 0.000e+00 
4.89625 	 0.000e+00 	 0.000e+00 	 0.000e+00 
4.89875 	 0.000e+00 	 0.000e+00 	 0.000e+00 
4.90125 	 0.000e+00 	 0.000e+00 	 0.000e+00 
4.90375 	 0.000e+00 	 0.000e+00 	 0.000e+00 
4.90625 	 0.000e+00 	 0.000e+00 	 0.000e+00 
4.90875 	 0.000e+00 	 0.000e+00 	 0.000e+00 
4.91125 	 0.000e+00 	 0.000e+00 	 0.000e+00 
4.91375 	 0.000e+00 	 0.000e+00 	 0.000e+00 
4.91625 	 0.000e+00 	 0.000e+00 	 0.000e+00 
4.91875 	 0.000e+00 	 0.000e+00 	 0.000e+00 
4.92125 	 0.000e+00 	 0.000e+00 	 0.000e+00 
4.92375 	 0.000e+00 	 0.000e+00 	 0.000e+00 
4.92625 	 0.000e+00 	 0.000e+00 	 0.000e+00 
4.92875 	 0.000e+00 	 0.000e+00 	 0.000e+00 
4.93125 	 0.000e+00 	 0.000e+00 	 0.000e+00 
4.93375 	 0.000e+00 	 0.000e+00 	 0.000e+00 
4.93625 	 0.000e+00 	 0.000e+00 	 0.000e+00 
4.93875 	 0.000e+00 	 0.000e+00 	 0.000e+00 
4.94125 	 0.000e+00 	 0.000e+00 	 0.000e+00 
4.94375 	 0.000e+00 	 0.000e+00 	 0.000e+00 
4.94625 	 0.000e+00 	 0.000e+00 	 0.000e+00 
4.94875 	 0.000e+00 	 0.000e+00 	 0.000e+00 
4.95125 	 0.000e+00 	 0.000e+00 	 0.000e+00 
4.95375 	 0.000e+00 	 0.000e+00 	 0.000e+00 
4.95625 	 0.000e+00 	 0.000e+00 	 0.000e+00 
4.95875 	 0.000e+00 	 0.000e+00 	 0.000e+00 
4.96125 	 0.000e+00 	 0.000e+00 	 0.000e+00 
4.96375 	 0.000e+00 	 0.000e+00 	 0.000e+00 
4.96625 	 0.000e+00 	 0.000e+00 	 0.000e+00 
4.96875 	 0.000e+00 	 0.000e+00 	 0.000e+00 
4.97125 	 0.000e+00 	 0.000e+00 	 0.000e+00 
4.97375 	 0.000e+00 	 0.000e+00 	 0.000e+00 
4.97625 	 0.000e+00 	 0.000e+00 	 0.000e+00 
4.97875 	 0.000e+00 	 0.000e+00 	 0.000e+00 
4.98125 	 0.000e+00 	 0.000e+00 	 0.000e+00 
4.98375 	 0.000e+00 	 0.000e+00 	 0.000e+00 
4.98625 	 0.000e+00 	 0.000e+00 	 0.000e+00 
4.98875 	 0.000e+00 	 0.000e+00 	 0.000e+00 
4.99125 	 0.000e+00 	 0.000e+00 	 0.000e+00 
4.99375 	 0.000e+00 	 0.000e+00 	 0.000e+00 
4.99625 	 0.000e+00 	 0.000e+00 	 0.000e+00 
4.99875 	 0.000e+00 	 0.000e+00 	 0.000e+00 
5.00125 	 0.000e+00 	 0.000e+00 	 0.000e+00 
