 
Número de fotones = 100000.000000
Tamaño del paquete = 0.00250 [cm] 
***Parámetros del tejido*** 
Coef. de Absorcion: 12.200000
Coef. de Esparcimiento: 173.500000
Coef. de Anisotropia: 0.930000
Indice de Refracción: 1.500000
La última fila esta desbordada. Ignorarla
r [cm] 	 Fsph [1/cm2] 	 Fcyl [1/cm2] 	 Fpla [1/cm2]
0.00125 	 5.054e+04 	 1.945e+02 	 4.172e+00 
0.00375 	 5.537e+03 	 6.160e+01 	 2.805e+00 
0.00625 	 1.979e+03 	 3.534e+01 	 2.279e+00 
0.00875 	 1.000e+03 	 2.432e+01 	 1.951e+00 
0.01125 	 5.968e+02 	 1.811e+01 	 1.718e+00 
0.01375 	 3.910e+02 	 1.409e+01 	 1.527e+00 
0.01625 	 2.784e+02 	 1.155e+01 	 1.368e+00 
0.01875 	 2.031e+02 	 9.517e+00 	 1.230e+00 
0.02125 	 1.553e+02 	 7.977e+00 	 1.134e+00 
0.02375 	 1.219e+02 	 6.828e+00 	 1.035e+00 
0.02625 	 9.791e+01 	 5.988e+00 	 9.428e-01 
0.02875 	 7.959e+01 	 5.211e+00 	 8.750e-01 
0.03125 	 6.595e+01 	 4.592e+00 	 8.003e-01 
0.03375 	 5.451e+01 	 4.030e+00 	 7.477e-01 
0.03625 	 4.610e+01 	 3.578e+00 	 6.865e-01 
0.03875 	 3.949e+01 	 3.202e+00 	 6.364e-01 
0.04125 	 3.357e+01 	 2.884e+00 	 5.910e-01 
0.04375 	 2.910e+01 	 2.584e+00 	 5.464e-01 
0.04625 	 2.560e+01 	 2.347e+00 	 5.110e-01 
0.04875 	 2.213e+01 	 2.108e+00 	 4.691e-01 
0.05125 	 1.949e+01 	 1.921e+00 	 4.423e-01 
0.05375 	 1.730e+01 	 1.734e+00 	 4.109e-01 
0.05625 	 1.513e+01 	 1.588e+00 	 3.806e-01 
0.05875 	 1.337e+01 	 1.452e+00 	 3.593e-01 
0.06125 	 1.198e+01 	 1.329e+00 	 3.343e-01 
0.06375 	 1.080e+01 	 1.210e+00 	 3.115e-01 
0.06625 	 9.623e+00 	 1.110e+00 	 2.915e-01 
0.06875 	 8.550e+00 	 1.018e+00 	 2.733e-01 
0.07125 	 7.729e+00 	 9.449e-01 	 2.537e-01 
0.07375 	 6.944e+00 	 8.628e-01 	 2.375e-01 
0.07625 	 6.182e+00 	 7.941e-01 	 2.231e-01 
0.07875 	 5.617e+00 	 7.229e-01 	 2.056e-01 
0.08125 	 5.107e+00 	 6.675e-01 	 1.923e-01 
0.08375 	 4.620e+00 	 6.131e-01 	 1.779e-01 
0.08625 	 4.152e+00 	 5.662e-01 	 1.687e-01 
0.08875 	 3.791e+00 	 5.156e-01 	 1.593e-01 
0.09125 	 3.423e+00 	 4.837e-01 	 1.471e-01 
0.09375 	 3.130e+00 	 4.441e-01 	 1.382e-01 
0.09625 	 2.828e+00 	 4.095e-01 	 1.303e-01 
0.09875 	 2.575e+00 	 3.788e-01 	 1.225e-01 
0.10125 	 2.374e+00 	 3.516e-01 	 1.143e-01 
0.10375 	 2.176e+00 	 3.281e-01 	 1.063e-01 
0.10625 	 1.974e+00 	 3.005e-01 	 1.001e-01 
0.10875 	 1.810e+00 	 2.775e-01 	 9.378e-02 
0.11125 	 1.640e+00 	 2.589e-01 	 8.657e-02 
0.11375 	 1.501e+00 	 2.374e-01 	 8.229e-02 
0.11625 	 1.366e+00 	 2.199e-01 	 7.640e-02 
0.11875 	 1.261e+00 	 2.055e-01 	 7.212e-02 
0.12125 	 1.150e+00 	 1.891e-01 	 6.717e-02 
0.12375 	 1.062e+00 	 1.766e-01 	 6.187e-02 
0.12625 	 9.731e-01 	 1.628e-01 	 5.806e-02 
0.12875 	 9.033e-01 	 1.517e-01 	 5.502e-02 
0.13125 	 8.162e-01 	 1.400e-01 	 5.170e-02 
0.13375 	 7.557e-01 	 1.316e-01 	 4.827e-02 
0.13625 	 6.943e-01 	 1.216e-01 	 4.503e-02 
0.13875 	 6.361e-01 	 1.123e-01 	 4.190e-02 
0.14125 	 5.873e-01 	 1.045e-01 	 3.964e-02 
0.14375 	 5.420e-01 	 9.752e-02 	 3.787e-02 
0.14625 	 5.033e-01 	 8.992e-02 	 3.540e-02 
0.14875 	 4.595e-01 	 8.311e-02 	 3.237e-02 
0.15125 	 4.185e-01 	 7.747e-02 	 3.029e-02 
0.15375 	 3.873e-01 	 7.124e-02 	 2.867e-02 
0.15625 	 3.548e-01 	 6.680e-02 	 2.726e-02 
0.15875 	 3.268e-01 	 6.090e-02 	 2.545e-02 
0.16125 	 3.011e-01 	 5.719e-02 	 2.355e-02 
0.16375 	 2.785e-01 	 5.338e-02 	 2.235e-02 
0.16625 	 2.568e-01 	 5.021e-02 	 2.083e-02 
0.16875 	 2.379e-01 	 4.646e-02 	 1.945e-02 
0.17125 	 2.173e-01 	 4.294e-02 	 1.806e-02 
0.17375 	 2.037e-01 	 4.054e-02 	 1.699e-02 
0.17625 	 1.880e-01 	 3.761e-02 	 1.640e-02 
0.17875 	 1.734e-01 	 3.455e-02 	 1.516e-02 
0.18125 	 1.592e-01 	 3.238e-02 	 1.430e-02 
0.18375 	 1.469e-01 	 3.027e-02 	 1.333e-02 
0.18625 	 1.364e-01 	 2.840e-02 	 1.265e-02 
0.18875 	 1.262e-01 	 2.626e-02 	 1.160e-02 
0.19125 	 1.176e-01 	 2.405e-02 	 1.110e-02 
0.19375 	 1.070e-01 	 2.298e-02 	 1.030e-02 
0.19625 	 1.011e-01 	 2.149e-02 	 9.634e-03 
0.19875 	 9.125e-02 	 1.964e-02 	 8.924e-03 
0.20125 	 8.504e-02 	 1.844e-02 	 8.322e-03 
0.20375 	 7.896e-02 	 1.694e-02 	 7.829e-03 
0.20625 	 7.326e-02 	 1.590e-02 	 7.482e-03 
0.20875 	 6.769e-02 	 1.452e-02 	 7.004e-03 
0.21125 	 6.305e-02 	 1.361e-02 	 6.527e-03 
0.21375 	 5.762e-02 	 1.266e-02 	 6.019e-03 
0.21625 	 5.416e-02 	 1.184e-02 	 5.547e-03 
0.21875 	 4.998e-02 	 1.111e-02 	 5.423e-03 
0.22125 	 4.613e-02 	 1.028e-02 	 4.940e-03 
0.22375 	 4.271e-02 	 9.801e-03 	 4.572e-03 
0.22625 	 3.968e-02 	 9.134e-03 	 4.139e-03 
0.22875 	 3.676e-02 	 8.484e-03 	 3.961e-03 
0.23125 	 3.384e-02 	 7.992e-03 	 3.683e-03 
0.23375 	 3.145e-02 	 7.223e-03 	 3.607e-03 
0.23625 	 2.937e-02 	 6.640e-03 	 3.247e-03 
0.23875 	 2.645e-02 	 6.105e-03 	 3.274e-03 
0.24125 	 2.472e-02 	 5.825e-03 	 3.093e-03 
0.24375 	 2.295e-02 	 5.461e-03 	 2.920e-03 
0.24625 	 2.146e-02 	 5.076e-03 	 2.656e-03 
0.24875 	 2.006e-02 	 4.796e-03 	 2.442e-03 
0.25125 	 1.860e-02 	 4.464e-03 	 2.292e-03 
0.25375 	 1.713e-02 	 4.156e-03 	 2.130e-03 
0.25625 	 1.583e-02 	 3.925e-03 	 2.055e-03 
0.25875 	 1.470e-02 	 3.720e-03 	 1.750e-03 
0.26125 	 1.362e-02 	 3.367e-03 	 1.680e-03 
0.26375 	 1.273e-02 	 3.131e-03 	 1.581e-03 
0.26625 	 1.181e-02 	 2.907e-03 	 1.596e-03 
0.26875 	 1.084e-02 	 2.688e-03 	 1.424e-03 
0.27125 	 1.006e-02 	 2.601e-03 	 1.261e-03 
0.27375 	 9.369e-03 	 2.306e-03 	 1.218e-03 
0.27625 	 8.806e-03 	 2.217e-03 	 1.209e-03 
0.27875 	 8.038e-03 	 2.059e-03 	 1.122e-03 
0.28125 	 7.752e-03 	 1.906e-03 	 9.797e-04 
0.28375 	 7.173e-03 	 1.806e-03 	 9.250e-04 
0.28625 	 6.437e-03 	 1.663e-03 	 9.032e-04 
0.28875 	 5.987e-03 	 1.572e-03 	 8.398e-04 
0.29125 	 5.803e-03 	 1.512e-03 	 7.857e-04 
0.29375 	 5.339e-03 	 1.377e-03 	 7.523e-04 
0.29625 	 4.761e-03 	 1.254e-03 	 6.914e-04 
0.29875 	 4.486e-03 	 1.207e-03 	 6.582e-04 
0.30125 	 4.157e-03 	 1.061e-03 	 5.849e-04 
0.30375 	 3.934e-03 	 1.071e-03 	 5.587e-04 
0.30625 	 3.642e-03 	 9.659e-04 	 5.178e-04 
0.30875 	 3.374e-03 	 8.677e-04 	 4.997e-04 
0.31125 	 3.179e-03 	 8.427e-04 	 5.058e-04 
0.31375 	 2.907e-03 	 7.821e-04 	 4.413e-04 
0.31625 	 2.662e-03 	 7.268e-04 	 3.841e-04 
0.31875 	 2.513e-03 	 6.617e-04 	 3.868e-04 
0.32125 	 2.380e-03 	 6.436e-04 	 3.426e-04 
0.32375 	 2.190e-03 	 6.000e-04 	 3.594e-04 
0.32625 	 2.021e-03 	 5.450e-04 	 3.063e-04 
0.32875 	 1.817e-03 	 5.073e-04 	 3.087e-04 
0.33125 	 1.693e-03 	 4.442e-04 	 2.853e-04 
0.33375 	 1.616e-03 	 4.216e-04 	 2.787e-04 
0.33625 	 1.521e-03 	 4.144e-04 	 2.480e-04 
0.33875 	 1.353e-03 	 3.468e-04 	 1.956e-04 
0.34125 	 1.327e-03 	 3.480e-04 	 1.720e-04 
0.34375 	 1.186e-03 	 3.340e-04 	 1.843e-04 
0.34625 	 1.139e-03 	 3.063e-04 	 1.498e-04 
0.34875 	 1.043e-03 	 3.037e-04 	 1.678e-04 
0.35125 	 9.674e-04 	 2.974e-04 	 1.340e-04 
0.35375 	 8.986e-04 	 2.627e-04 	 1.425e-04 
0.35625 	 8.412e-04 	 2.476e-04 	 1.372e-04 
0.35875 	 7.589e-04 	 2.108e-04 	 1.110e-04 
0.36125 	 6.966e-04 	 1.927e-04 	 9.622e-05 
0.36375 	 6.676e-04 	 1.825e-04 	 9.232e-05 
0.36625 	 6.240e-04 	 1.764e-04 	 1.038e-04 
0.36875 	 5.755e-04 	 1.787e-04 	 9.572e-05 
0.37125 	 5.345e-04 	 1.441e-04 	 1.029e-04 
0.37375 	 4.788e-04 	 1.453e-04 	 6.912e-05 
0.37625 	 4.798e-04 	 1.409e-04 	 7.355e-05 
0.37875 	 4.151e-04 	 1.214e-04 	 7.992e-05 
0.38125 	 3.978e-04 	 1.100e-04 	 6.566e-05 
0.38375 	 3.776e-04 	 1.034e-04 	 6.881e-05 
0.38625 	 3.772e-04 	 1.137e-04 	 7.188e-05 
0.38875 	 3.189e-04 	 1.008e-04 	 5.150e-05 
0.39125 	 2.918e-04 	 9.984e-05 	 6.038e-05 
0.39375 	 2.975e-04 	 7.978e-05 	 6.001e-05 
0.39625 	 2.379e-04 	 8.140e-05 	 5.300e-05 
0.39875 	 2.310e-04 	 7.428e-05 	 5.617e-05 
0.40125 	 2.338e-04 	 7.772e-05 	 3.880e-05 
0.40375 	 1.923e-04 	 7.294e-05 	 3.541e-05 
0.40625 	 1.880e-04 	 5.813e-05 	 3.697e-05 
0.40875 	 1.675e-04 	 6.215e-05 	 2.364e-05 
0.41125 	 1.535e-04 	 5.285e-05 	 2.218e-05 
0.41375 	 1.462e-04 	 4.868e-05 	 1.703e-05 
0.41625 	 1.271e-04 	 4.791e-05 	 1.371e-05 
0.41875 	 1.390e-04 	 4.637e-05 	 2.965e-05 
0.42125 	 1.193e-04 	 3.621e-05 	 1.463e-05 
0.42375 	 1.096e-04 	 4.391e-05 	 1.702e-05 
0.42625 	 1.155e-04 	 3.494e-05 	 2.842e-05 
0.42875 	 1.041e-04 	 3.900e-05 	 3.248e-05 
0.43125 	 8.738e-05 	 2.466e-05 	 1.922e-05 
0.43375 	 9.269e-05 	 2.939e-05 	 1.210e-05 
0.43625 	 8.064e-05 	 2.326e-05 	 1.691e-05 
0.43875 	 7.104e-05 	 2.680e-05 	 2.900e-05 
0.44125 	 7.124e-05 	 2.080e-05 	 1.350e-05 
0.44375 	 6.364e-05 	 1.778e-05 	 1.376e-05 
0.44625 	 4.805e-05 	 1.853e-05 	 9.148e-06 
0.44875 	 5.231e-05 	 1.841e-05 	 6.435e-06 
0.45125 	 5.285e-05 	 1.371e-05 	 2.677e-06 
0.45375 	 4.546e-05 	 1.296e-05 	 1.683e-06 
0.45625 	 4.681e-05 	 1.793e-05 	 5.538e-06 
0.45875 	 4.152e-05 	 1.332e-05 	 2.027e-06 
0.46125 	 4.259e-05 	 1.042e-05 	 6.071e-06 
0.46375 	 2.985e-05 	 1.150e-05 	 5.484e-06 
0.46625 	 2.958e-05 	 9.637e-06 	 2.557e-06 
0.46875 	 2.766e-05 	 8.381e-06 	 1.816e-06 
0.47125 	 2.714e-05 	 6.203e-06 	 1.317e-06 
0.47375 	 1.799e-05 	 7.212e-06 	 1.078e-06 
0.47625 	 2.137e-05 	 4.045e-06 	 9.714e-07 
0.47875 	 1.934e-05 	 4.091e-06 	 3.663e-06 
0.48125 	 1.944e-05 	 5.714e-06 	 0.000e+00 
0.48375 	 1.477e-05 	 5.098e-06 	 1.515e-06 
0.48625 	 1.469e-05 	 5.751e-06 	 2.155e-06 
0.48875 	 1.476e-05 	 1.046e-05 	 3.353e-06 
0.49125 	 1.441e-05 	 5.506e-06 	 2.559e-07 
0.49375 	 1.181e-05 	 4.331e-06 	 1.337e-06 
0.49625 	 1.403e-05 	 7.581e-06 	 3.444e-06 
0.49875 	 1.401e-05 	 5.709e-06 	 2.739e-07 
0.50125 	 1.132e-05 	 6.934e-06 	 2.559e-07 
0.50375 	 9.791e-06 	 9.485e-06 	 4.643e-07 
0.50625 	 1.146e-05 	 3.615e-06 	 8.860e-07 
0.50875 	 6.668e-06 	 4.048e-06 	 0.000e+00 
0.51125 	 7.808e-06 	 1.839e-06 	 6.191e-07 
0.51375 	 5.297e-06 	 3.775e-06 	 0.000e+00 
0.51625 	 4.826e-06 	 4.740e-06 	 1.119e-06 
0.51875 	 6.468e-06 	 3.707e-06 	 1.417e-06 
0.52125 	 5.890e-06 	 5.567e-06 	 4.118e-07 
0.52375 	 6.699e-06 	 2.885e-06 	 7.442e-07 
0.52625 	 6.850e-06 	 2.905e-06 	 0.000e+00 
0.52875 	 5.410e-06 	 9.041e-07 	 0.000e+00 
0.53125 	 4.991e-06 	 1.077e-06 	 3.358e-07 
0.53375 	 5.349e-06 	 1.024e-06 	 0.000e+00 
0.53625 	 3.591e-06 	 1.447e-06 	 0.000e+00 
0.53875 	 3.411e-06 	 2.036e-06 	 6.070e-07 
0.54125 	 4.390e-06 	 3.908e-06 	 0.000e+00 
0.54375 	 5.652e-06 	 1.287e-06 	 0.000e+00 
0.54625 	 5.469e-06 	 1.176e-06 	 0.000e+00 
0.54875 	 3.801e-06 	 2.095e-06 	 0.000e+00 
0.55125 	 5.442e-06 	 1.379e-06 	 2.739e-07 
0.55375 	 1.136e-06 	 1.236e-06 	 0.000e+00 
0.55625 	 3.464e-06 	 5.415e-07 	 2.559e-07 
0.55875 	 3.224e-06 	 6.363e-08 	 4.625e-07 
0.56125 	 2.254e-06 	 1.416e-06 	 0.000e+00 
0.56375 	 1.173e-06 	 8.025e-07 	 0.000e+00 
0.56625 	 8.638e-07 	 4.518e-07 	 0.000e+00 
0.56875 	 5.930e-07 	 4.664e-07 	 0.000e+00 
0.57125 	 1.417e-06 	 9.028e-07 	 0.000e+00 
0.57375 	 9.287e-07 	 2.661e-07 	 0.000e+00 
0.57625 	 1.232e-06 	 3.656e-07 	 0.000e+00 
0.57875 	 1.431e-06 	 9.302e-07 	 0.000e+00 
0.58125 	 9.656e-07 	 9.843e-08 	 0.000e+00 
0.58375 	 3.760e-07 	 1.121e-06 	 0.000e+00 
0.58625 	 4.737e-06 	 9.682e-08 	 0.000e+00 
0.58875 	 1.707e-06 	 0.000e+00 	 0.000e+00 
0.59125 	 6.865e-07 	 1.013e-06 	 0.000e+00 
0.59375 	 7.522e-08 	 5.156e-07 	 0.000e+00 
0.59625 	 7.814e-07 	 4.797e-07 	 0.000e+00 
0.59875 	 1.658e-07 	 0.000e+00 	 0.000e+00 
0.60125 	 6.975e-07 	 3.675e-07 	 0.000e+00 
0.60375 	 3.602e-07 	 1.356e-07 	 0.000e+00 
0.60625 	 2.836e-07 	 1.380e-07 	 0.000e+00 
0.60875 	 5.730e-07 	 4.591e-07 	 0.000e+00 
0.61125 	 9.210e-07 	 6.104e-07 	 0.000e+00 
0.61375 	 6.109e-07 	 2.743e-07 	 0.000e+00 
0.61625 	 9.885e-08 	 7.166e-07 	 0.000e+00 
0.61875 	 3.089e-07 	 2.073e-07 	 0.000e+00 
0.62125 	 1.758e-07 	 1.929e-07 	 0.000e+00 
0.62375 	 4.362e-07 	 1.795e-07 	 0.000e+00 
0.62625 	 6.815e-08 	 0.000e+00 	 0.000e+00 
0.62875 	 0.000e+00 	 0.000e+00 	 0.000e+00 
0.63125 	 1.212e-07 	 0.000e+00 	 0.000e+00 
0.63375 	 2.570e-07 	 0.000e+00 	 0.000e+00 
0.63625 	 5.384e-08 	 4.617e-07 	 0.000e+00 
0.63875 	 5.071e-07 	 2.584e-07 	 0.000e+00 
0.64125 	 2.942e-07 	 1.162e-07 	 0.000e+00 
0.64375 	 0.000e+00 	 1.081e-07 	 0.000e+00 
0.64625 	 5.287e-07 	 1.006e-07 	 0.000e+00 
0.64875 	 0.000e+00 	 0.000e+00 	 0.000e+00 
0.65125 	 2.926e-07 	 0.000e+00 	 0.000e+00 
0.65375 	 0.000e+00 	 0.000e+00 	 0.000e+00 
0.65625 	 1.300e-07 	 1.791e-07 	 0.000e+00 
0.65875 	 0.000e+00 	 0.000e+00 	 0.000e+00 
0.66125 	 0.000e+00 	 8.020e-08 	 0.000e+00 
0.66375 	 0.000e+00 	 0.000e+00 	 0.000e+00 
0.66625 	 0.000e+00 	 7.437e-08 	 0.000e+00 
0.66875 	 3.284e-07 	 6.922e-08 	 0.000e+00 
0.67125 	 9.470e-08 	 1.246e-07 	 0.000e+00 
0.67375 	 8.782e-08 	 5.604e-08 	 0.000e+00 
0.67625 	 1.575e-07 	 0.000e+00 	 0.000e+00 
0.67875 	 7.057e-08 	 5.197e-08 	 0.000e+00 
0.68125 	 0.000e+00 	 0.000e+00 	 0.000e+00 
0.68375 	 0.000e+00 	 0.000e+00 	 0.000e+00 
0.68625 	 0.000e+00 	 0.000e+00 	 0.000e+00 
0.68875 	 0.000e+00 	 0.000e+00 	 0.000e+00 
0.69125 	 1.230e-07 	 0.000e+00 	 0.000e+00 
0.69375 	 0.000e+00 	 0.000e+00 	 0.000e+00 
0.69625 	 5.470e-08 	 0.000e+00 	 0.000e+00 
0.69875 	 0.000e+00 	 0.000e+00 	 0.000e+00 
0.70125 	 0.000e+00 	 0.000e+00 	 0.000e+00 
0.70375 	 5.002e-08 	 0.000e+00 	 0.000e+00 
0.70625 	 4.641e-08 	 0.000e+00 	 0.000e+00 
0.70875 	 8.327e-08 	 0.000e+00 	 0.000e+00 
0.71125 	 3.732e-08 	 0.000e+00 	 0.000e+00 
0.71375 	 0.000e+00 	 0.000e+00 	 0.000e+00 
0.71625 	 3.438e-08 	 0.000e+00 	 0.000e+00 
0.71875 	 0.000e+00 	 0.000e+00 	 0.000e+00 
0.72125 	 0.000e+00 	 0.000e+00 	 0.000e+00 
0.72375 	 0.000e+00 	 0.000e+00 	 0.000e+00 
0.72625 	 0.000e+00 	 0.000e+00 	 0.000e+00 
0.72875 	 0.000e+00 	 0.000e+00 	 0.000e+00 
0.73125 	 0.000e+00 	 0.000e+00 	 0.000e+00 
0.73375 	 0.000e+00 	 0.000e+00 	 0.000e+00 
0.73625 	 0.000e+00 	 0.000e+00 	 0.000e+00 
0.73875 	 0.000e+00 	 0.000e+00 	 0.000e+00 
0.74125 	 0.000e+00 	 0.000e+00 	 0.000e+00 
0.74375 	 0.000e+00 	 0.000e+00 	 0.000e+00 
0.74625 	 0.000e+00 	 0.000e+00 	 0.000e+00 
0.74875 	 0.000e+00 	 0.000e+00 	 0.000e+00 
0.75125 	 0.000e+00 	 0.000e+00 	 0.000e+00 
0.75375 	 0.000e+00 	 0.000e+00 	 0.000e+00 
0.75625 	 0.000e+00 	 0.000e+00 	 0.000e+00 
0.75875 	 0.000e+00 	 0.000e+00 	 0.000e+00 
0.76125 	 0.000e+00 	 0.000e+00 	 0.000e+00 
0.76375 	 0.000e+00 	 0.000e+00 	 0.000e+00 
0.76625 	 0.000e+00 	 0.000e+00 	 0.000e+00 
0.76875 	 0.000e+00 	 0.000e+00 	 0.000e+00 
0.77125 	 0.000e+00 	 0.000e+00 	 0.000e+00 
0.77375 	 0.000e+00 	 0.000e+00 	 0.000e+00 
0.77625 	 0.000e+00 	 0.000e+00 	 0.000e+00 
0.77875 	 0.000e+00 	 0.000e+00 	 0.000e+00 
0.78125 	 0.000e+00 	 0.000e+00 	 0.000e+00 
0.78375 	 0.000e+00 	 0.000e+00 	 0.000e+00 
0.78625 	 0.000e+00 	 0.000e+00 	 0.000e+00 
0.78875 	 0.000e+00 	 0.000e+00 	 0.000e+00 
0.79125 	 0.000e+00 	 0.000e+00 	 0.000e+00 
0.79375 	 0.000e+00 	 0.000e+00 	 0.000e+00 
0.79625 	 0.000e+00 	 0.000e+00 	 0.000e+00 
0.79875 	 0.000e+00 	 0.000e+00 	 0.000e+00 
0.80125 	 0.000e+00 	 0.000e+00 	 0.000e+00 
0.80375 	 0.000e+00 	 0.000e+00 	 0.000e+00 
0.80625 	 0.000e+00 	 0.000e+00 	 0.000e+00 
0.80875 	 0.000e+00 	 0.000e+00 	 0.000e+00 
0.81125 	 0.000e+00 	 0.000e+00 	 0.000e+00 
0.81375 	 0.000e+00 	 0.000e+00 	 0.000e+00 
0.81625 	 0.000e+00 	 0.000e+00 	 0.000e+00 
0.81875 	 0.000e+00 	 0.000e+00 	 0.000e+00 
0.82125 	 0.000e+00 	 0.000e+00 	 0.000e+00 
0.82375 	 0.000e+00 	 0.000e+00 	 0.000e+00 
0.82625 	 0.000e+00 	 0.000e+00 	 0.000e+00 
0.82875 	 0.000e+00 	 0.000e+00 	 0.000e+00 
0.83125 	 0.000e+00 	 0.000e+00 	 0.000e+00 
0.83375 	 0.000e+00 	 0.000e+00 	 0.000e+00 
0.83625 	 0.000e+00 	 0.000e+00 	 0.000e+00 
0.83875 	 0.000e+00 	 0.000e+00 	 0.000e+00 
0.84125 	 0.000e+00 	 0.000e+00 	 0.000e+00 
0.84375 	 0.000e+00 	 0.000e+00 	 0.000e+00 
0.84625 	 0.000e+00 	 0.000e+00 	 0.000e+00 
0.84875 	 0.000e+00 	 0.000e+00 	 0.000e+00 
0.85125 	 0.000e+00 	 0.000e+00 	 0.000e+00 
0.85375 	 0.000e+00 	 0.000e+00 	 0.000e+00 
0.85625 	 0.000e+00 	 0.000e+00 	 0.000e+00 
0.85875 	 0.000e+00 	 0.000e+00 	 0.000e+00 
0.86125 	 0.000e+00 	 0.000e+00 	 0.000e+00 
0.86375 	 0.000e+00 	 0.000e+00 	 0.000e+00 
0.86625 	 0.000e+00 	 0.000e+00 	 0.000e+00 
0.86875 	 0.000e+00 	 0.000e+00 	 0.000e+00 
0.87125 	 0.000e+00 	 0.000e+00 	 0.000e+00 
0.87375 	 0.000e+00 	 0.000e+00 	 0.000e+00 
0.87625 	 0.000e+00 	 0.000e+00 	 0.000e+00 
0.87875 	 0.000e+00 	 0.000e+00 	 0.000e+00 
0.88125 	 0.000e+00 	 0.000e+00 	 0.000e+00 
0.88375 	 0.000e+00 	 0.000e+00 	 0.000e+00 
0.88625 	 0.000e+00 	 0.000e+00 	 0.000e+00 
0.88875 	 0.000e+00 	 0.000e+00 	 0.000e+00 
0.89125 	 0.000e+00 	 0.000e+00 	 0.000e+00 
0.89375 	 0.000e+00 	 0.000e+00 	 0.000e+00 
0.89625 	 0.000e+00 	 0.000e+00 	 0.000e+00 
0.89875 	 0.000e+00 	 0.000e+00 	 0.000e+00 
0.90125 	 0.000e+00 	 0.000e+00 	 0.000e+00 
0.90375 	 0.000e+00 	 0.000e+00 	 0.000e+00 
0.90625 	 0.000e+00 	 0.000e+00 	 0.000e+00 
0.90875 	 0.000e+00 	 0.000e+00 	 0.000e+00 
0.91125 	 0.000e+00 	 0.000e+00 	 0.000e+00 
0.91375 	 0.000e+00 	 0.000e+00 	 0.000e+00 
0.91625 	 0.000e+00 	 0.000e+00 	 0.000e+00 
0.91875 	 0.000e+00 	 0.000e+00 	 0.000e+00 
0.92125 	 0.000e+00 	 0.000e+00 	 0.000e+00 
0.92375 	 0.000e+00 	 0.000e+00 	 0.000e+00 
0.92625 	 0.000e+00 	 0.000e+00 	 0.000e+00 
0.92875 	 0.000e+00 	 0.000e+00 	 0.000e+00 
0.93125 	 0.000e+00 	 0.000e+00 	 0.000e+00 
0.93375 	 0.000e+00 	 0.000e+00 	 0.000e+00 
0.93625 	 0.000e+00 	 0.000e+00 	 0.000e+00 
0.93875 	 0.000e+00 	 0.000e+00 	 0.000e+00 
0.94125 	 0.000e+00 	 0.000e+00 	 0.000e+00 
0.94375 	 0.000e+00 	 0.000e+00 	 0.000e+00 
0.94625 	 0.000e+00 	 0.000e+00 	 0.000e+00 
0.94875 	 0.000e+00 	 0.000e+00 	 0.000e+00 
0.95125 	 0.000e+00 	 0.000e+00 	 0.000e+00 
0.95375 	 0.000e+00 	 0.000e+00 	 0.000e+00 
0.95625 	 0.000e+00 	 0.000e+00 	 0.000e+00 
0.95875 	 0.000e+00 	 0.000e+00 	 0.000e+00 
0.96125 	 0.000e+00 	 0.000e+00 	 0.000e+00 
0.96375 	 0.000e+00 	 0.000e+00 	 0.000e+00 
0.96625 	 0.000e+00 	 0.000e+00 	 0.000e+00 
0.96875 	 0.000e+00 	 0.000e+00 	 0.000e+00 
0.97125 	 0.000e+00 	 0.000e+00 	 0.000e+00 
0.97375 	 0.000e+00 	 0.000e+00 	 0.000e+00 
0.97625 	 0.000e+00 	 0.000e+00 	 0.000e+00 
0.97875 	 0.000e+00 	 0.000e+00 	 0.000e+00 
0.98125 	 0.000e+00 	 0.000e+00 	 0.000e+00 
0.98375 	 0.000e+00 	 0.000e+00 	 0.000e+00 
0.98625 	 0.000e+00 	 0.000e+00 	 0.000e+00 
0.98875 	 0.000e+00 	 0.000e+00 	 0.000e+00 
0.99125 	 0.000e+00 	 0.000e+00 	 0.000e+00 
0.99375 	 0.000e+00 	 0.000e+00 	 0.000e+00 
0.99625 	 0.000e+00 	 0.000e+00 	 0.000e+00 
0.99875 	 0.000e+00 	 0.000e+00 	 0.000e+00 
1.00125 	 0.000e+00 	 0.000e+00 	 0.000e+00 
1.00375 	 0.000e+00 	 0.000e+00 	 0.000e+00 
1.00625 	 0.000e+00 	 0.000e+00 	 0.000e+00 
1.00875 	 0.000e+00 	 0.000e+00 	 0.000e+00 
1.01125 	 0.000e+00 	 0.000e+00 	 0.000e+00 
1.01375 	 0.000e+00 	 0.000e+00 	 0.000e+00 
1.01625 	 0.000e+00 	 0.000e+00 	 0.000e+00 
1.01875 	 0.000e+00 	 0.000e+00 	 0.000e+00 
1.02125 	 0.000e+00 	 0.000e+00 	 0.000e+00 
1.02375 	 0.000e+00 	 0.000e+00 	 0.000e+00 
1.02625 	 0.000e+00 	 0.000e+00 	 0.000e+00 
1.02875 	 0.000e+00 	 0.000e+00 	 0.000e+00 
1.03125 	 0.000e+00 	 0.000e+00 	 0.000e+00 
1.03375 	 0.000e+00 	 0.000e+00 	 0.000e+00 
1.03625 	 0.000e+00 	 0.000e+00 	 0.000e+00 
1.03875 	 0.000e+00 	 0.000e+00 	 0.000e+00 
1.04125 	 0.000e+00 	 0.000e+00 	 0.000e+00 
1.04375 	 0.000e+00 	 0.000e+00 	 0.000e+00 
1.04625 	 0.000e+00 	 0.000e+00 	 0.000e+00 
1.04875 	 0.000e+00 	 0.000e+00 	 0.000e+00 
1.05125 	 0.000e+00 	 0.000e+00 	 0.000e+00 
1.05375 	 0.000e+00 	 0.000e+00 	 0.000e+00 
1.05625 	 0.000e+00 	 0.000e+00 	 0.000e+00 
1.05875 	 0.000e+00 	 0.000e+00 	 0.000e+00 
1.06125 	 0.000e+00 	 0.000e+00 	 0.000e+00 
1.06375 	 0.000e+00 	 0.000e+00 	 0.000e+00 
1.06625 	 0.000e+00 	 0.000e+00 	 0.000e+00 
1.06875 	 0.000e+00 	 0.000e+00 	 0.000e+00 
1.07125 	 0.000e+00 	 0.000e+00 	 0.000e+00 
1.07375 	 0.000e+00 	 0.000e+00 	 0.000e+00 
1.07625 	 0.000e+00 	 0.000e+00 	 0.000e+00 
1.07875 	 0.000e+00 	 0.000e+00 	 0.000e+00 
1.08125 	 0.000e+00 	 0.000e+00 	 0.000e+00 
1.08375 	 0.000e+00 	 0.000e+00 	 0.000e+00 
1.08625 	 0.000e+00 	 0.000e+00 	 0.000e+00 
1.08875 	 0.000e+00 	 0.000e+00 	 0.000e+00 
1.09125 	 0.000e+00 	 0.000e+00 	 0.000e+00 
1.09375 	 0.000e+00 	 0.000e+00 	 0.000e+00 
1.09625 	 0.000e+00 	 0.000e+00 	 0.000e+00 
1.09875 	 0.000e+00 	 0.000e+00 	 0.000e+00 
1.10125 	 0.000e+00 	 0.000e+00 	 0.000e+00 
1.10375 	 0.000e+00 	 0.000e+00 	 0.000e+00 
1.10625 	 0.000e+00 	 0.000e+00 	 0.000e+00 
1.10875 	 0.000e+00 	 0.000e+00 	 0.000e+00 
1.11125 	 0.000e+00 	 0.000e+00 	 0.000e+00 
1.11375 	 0.000e+00 	 0.000e+00 	 0.000e+00 
1.11625 	 0.000e+00 	 0.000e+00 	 0.000e+00 
1.11875 	 0.000e+00 	 0.000e+00 	 0.000e+00 
1.12125 	 0.000e+00 	 0.000e+00 	 0.000e+00 
1.12375 	 0.000e+00 	 0.000e+00 	 0.000e+00 
1.12625 	 0.000e+00 	 0.000e+00 	 0.000e+00 
1.12875 	 0.000e+00 	 0.000e+00 	 0.000e+00 
1.13125 	 0.000e+00 	 0.000e+00 	 0.000e+00 
1.13375 	 0.000e+00 	 0.000e+00 	 0.000e+00 
1.13625 	 0.000e+00 	 0.000e+00 	 0.000e+00 
1.13875 	 0.000e+00 	 0.000e+00 	 0.000e+00 
1.14125 	 0.000e+00 	 0.000e+00 	 0.000e+00 
1.14375 	 0.000e+00 	 0.000e+00 	 0.000e+00 
1.14625 	 0.000e+00 	 0.000e+00 	 0.000e+00 
1.14875 	 0.000e+00 	 0.000e+00 	 0.000e+00 
1.15125 	 0.000e+00 	 0.000e+00 	 0.000e+00 
1.15375 	 0.000e+00 	 0.000e+00 	 0.000e+00 
1.15625 	 0.000e+00 	 0.000e+00 	 0.000e+00 
1.15875 	 0.000e+00 	 0.000e+00 	 0.000e+00 
1.16125 	 0.000e+00 	 0.000e+00 	 0.000e+00 
1.16375 	 0.000e+00 	 0.000e+00 	 0.000e+00 
1.16625 	 0.000e+00 	 0.000e+00 	 0.000e+00 
1.16875 	 0.000e+00 	 0.000e+00 	 0.000e+00 
1.17125 	 0.000e+00 	 0.000e+00 	 0.000e+00 
1.17375 	 0.000e+00 	 0.000e+00 	 0.000e+00 
1.17625 	 0.000e+00 	 0.000e+00 	 0.000e+00 
1.17875 	 0.000e+00 	 0.000e+00 	 0.000e+00 
1.18125 	 0.000e+00 	 0.000e+00 	 0.000e+00 
1.18375 	 0.000e+00 	 0.000e+00 	 0.000e+00 
1.18625 	 0.000e+00 	 0.000e+00 	 0.000e+00 
1.18875 	 0.000e+00 	 0.000e+00 	 0.000e+00 
1.19125 	 0.000e+00 	 0.000e+00 	 0.000e+00 
1.19375 	 0.000e+00 	 0.000e+00 	 0.000e+00 
1.19625 	 0.000e+00 	 0.000e+00 	 0.000e+00 
1.19875 	 0.000e+00 	 0.000e+00 	 0.000e+00 
1.20125 	 0.000e+00 	 0.000e+00 	 0.000e+00 
1.20375 	 0.000e+00 	 0.000e+00 	 0.000e+00 
1.20625 	 0.000e+00 	 0.000e+00 	 0.000e+00 
1.20875 	 0.000e+00 	 0.000e+00 	 0.000e+00 
1.21125 	 0.000e+00 	 0.000e+00 	 0.000e+00 
1.21375 	 0.000e+00 	 0.000e+00 	 0.000e+00 
1.21625 	 0.000e+00 	 0.000e+00 	 0.000e+00 
1.21875 	 0.000e+00 	 0.000e+00 	 0.000e+00 
1.22125 	 0.000e+00 	 0.000e+00 	 0.000e+00 
1.22375 	 0.000e+00 	 0.000e+00 	 0.000e+00 
1.22625 	 0.000e+00 	 0.000e+00 	 0.000e+00 
1.22875 	 0.000e+00 	 0.000e+00 	 0.000e+00 
1.23125 	 0.000e+00 	 0.000e+00 	 0.000e+00 
1.23375 	 0.000e+00 	 0.000e+00 	 0.000e+00 
1.23625 	 0.000e+00 	 0.000e+00 	 0.000e+00 
1.23875 	 0.000e+00 	 0.000e+00 	 0.000e+00 
1.24125 	 0.000e+00 	 0.000e+00 	 0.000e+00 
1.24375 	 0.000e+00 	 0.000e+00 	 0.000e+00 
1.24625 	 0.000e+00 	 0.000e+00 	 0.000e+00 
1.24875 	 0.000e+00 	 0.000e+00 	 0.000e+00 
1.25125 	 0.000e+00 	 0.000e+00 	 0.000e+00 
1.25375 	 0.000e+00 	 0.000e+00 	 0.000e+00 
1.25625 	 0.000e+00 	 0.000e+00 	 0.000e+00 
1.25875 	 0.000e+00 	 0.000e+00 	 0.000e+00 
1.26125 	 0.000e+00 	 0.000e+00 	 0.000e+00 
1.26375 	 0.000e+00 	 0.000e+00 	 0.000e+00 
1.26625 	 0.000e+00 	 0.000e+00 	 0.000e+00 
1.26875 	 0.000e+00 	 0.000e+00 	 0.000e+00 
1.27125 	 0.000e+00 	 0.000e+00 	 0.000e+00 
1.27375 	 0.000e+00 	 0.000e+00 	 0.000e+00 
1.27625 	 0.000e+00 	 0.000e+00 	 0.000e+00 
1.27875 	 0.000e+00 	 0.000e+00 	 0.000e+00 
1.28125 	 0.000e+00 	 0.000e+00 	 0.000e+00 
1.28375 	 0.000e+00 	 0.000e+00 	 0.000e+00 
1.28625 	 0.000e+00 	 0.000e+00 	 0.000e+00 
1.28875 	 0.000e+00 	 0.000e+00 	 0.000e+00 
1.29125 	 0.000e+00 	 0.000e+00 	 0.000e+00 
1.29375 	 0.000e+00 	 0.000e+00 	 0.000e+00 
1.29625 	 0.000e+00 	 0.000e+00 	 0.000e+00 
1.29875 	 0.000e+00 	 0.000e+00 	 0.000e+00 
1.30125 	 0.000e+00 	 0.000e+00 	 0.000e+00 
1.30375 	 0.000e+00 	 0.000e+00 	 0.000e+00 
1.30625 	 0.000e+00 	 0.000e+00 	 0.000e+00 
1.30875 	 0.000e+00 	 0.000e+00 	 0.000e+00 
1.31125 	 0.000e+00 	 0.000e+00 	 0.000e+00 
1.31375 	 0.000e+00 	 0.000e+00 	 0.000e+00 
1.31625 	 0.000e+00 	 0.000e+00 	 0.000e+00 
1.31875 	 0.000e+00 	 0.000e+00 	 0.000e+00 
1.32125 	 0.000e+00 	 0.000e+00 	 0.000e+00 
1.32375 	 0.000e+00 	 0.000e+00 	 0.000e+00 
1.32625 	 0.000e+00 	 0.000e+00 	 0.000e+00 
1.32875 	 0.000e+00 	 0.000e+00 	 0.000e+00 
1.33125 	 0.000e+00 	 0.000e+00 	 0.000e+00 
1.33375 	 0.000e+00 	 0.000e+00 	 0.000e+00 
1.33625 	 0.000e+00 	 0.000e+00 	 0.000e+00 
1.33875 	 0.000e+00 	 0.000e+00 	 0.000e+00 
1.34125 	 0.000e+00 	 0.000e+00 	 0.000e+00 
1.34375 	 0.000e+00 	 0.000e+00 	 0.000e+00 
1.34625 	 0.000e+00 	 0.000e+00 	 0.000e+00 
1.34875 	 0.000e+00 	 0.000e+00 	 0.000e+00 
1.35125 	 0.000e+00 	 0.000e+00 	 0.000e+00 
1.35375 	 0.000e+00 	 0.000e+00 	 0.000e+00 
1.35625 	 0.000e+00 	 0.000e+00 	 0.000e+00 
1.35875 	 0.000e+00 	 0.000e+00 	 0.000e+00 
1.36125 	 0.000e+00 	 0.000e+00 	 0.000e+00 
1.36375 	 0.000e+00 	 0.000e+00 	 0.000e+00 
1.36625 	 0.000e+00 	 0.000e+00 	 0.000e+00 
1.36875 	 0.000e+00 	 0.000e+00 	 0.000e+00 
1.37125 	 0.000e+00 	 0.000e+00 	 0.000e+00 
1.37375 	 0.000e+00 	 0.000e+00 	 0.000e+00 
1.37625 	 0.000e+00 	 0.000e+00 	 0.000e+00 
1.37875 	 0.000e+00 	 0.000e+00 	 0.000e+00 
1.38125 	 0.000e+00 	 0.000e+00 	 0.000e+00 
1.38375 	 0.000e+00 	 0.000e+00 	 0.000e+00 
1.38625 	 0.000e+00 	 0.000e+00 	 0.000e+00 
1.38875 	 0.000e+00 	 0.000e+00 	 0.000e+00 
1.39125 	 0.000e+00 	 0.000e+00 	 0.000e+00 
1.39375 	 0.000e+00 	 0.000e+00 	 0.000e+00 
1.39625 	 0.000e+00 	 0.000e+00 	 0.000e+00 
1.39875 	 0.000e+00 	 0.000e+00 	 0.000e+00 
1.40125 	 0.000e+00 	 0.000e+00 	 0.000e+00 
1.40375 	 0.000e+00 	 0.000e+00 	 0.000e+00 
1.40625 	 0.000e+00 	 0.000e+00 	 0.000e+00 
1.40875 	 0.000e+00 	 0.000e+00 	 0.000e+00 
1.41125 	 0.000e+00 	 0.000e+00 	 0.000e+00 
1.41375 	 0.000e+00 	 0.000e+00 	 0.000e+00 
1.41625 	 0.000e+00 	 0.000e+00 	 0.000e+00 
1.41875 	 0.000e+00 	 0.000e+00 	 0.000e+00 
1.42125 	 0.000e+00 	 0.000e+00 	 0.000e+00 
1.42375 	 0.000e+00 	 0.000e+00 	 0.000e+00 
1.42625 	 0.000e+00 	 0.000e+00 	 0.000e+00 
1.42875 	 0.000e+00 	 0.000e+00 	 0.000e+00 
1.43125 	 0.000e+00 	 0.000e+00 	 0.000e+00 
1.43375 	 0.000e+00 	 0.000e+00 	 0.000e+00 
1.43625 	 0.000e+00 	 0.000e+00 	 0.000e+00 
1.43875 	 0.000e+00 	 0.000e+00 	 0.000e+00 
1.44125 	 0.000e+00 	 0.000e+00 	 0.000e+00 
1.44375 	 0.000e+00 	 0.000e+00 	 0.000e+00 
1.44625 	 0.000e+00 	 0.000e+00 	 0.000e+00 
1.44875 	 0.000e+00 	 0.000e+00 	 0.000e+00 
1.45125 	 0.000e+00 	 0.000e+00 	 0.000e+00 
1.45375 	 0.000e+00 	 0.000e+00 	 0.000e+00 
1.45625 	 0.000e+00 	 0.000e+00 	 0.000e+00 
1.45875 	 0.000e+00 	 0.000e+00 	 0.000e+00 
1.46125 	 0.000e+00 	 0.000e+00 	 0.000e+00 
1.46375 	 0.000e+00 	 0.000e+00 	 0.000e+00 
1.46625 	 0.000e+00 	 0.000e+00 	 0.000e+00 
1.46875 	 0.000e+00 	 0.000e+00 	 0.000e+00 
1.47125 	 0.000e+00 	 0.000e+00 	 0.000e+00 
1.47375 	 0.000e+00 	 0.000e+00 	 0.000e+00 
1.47625 	 0.000e+00 	 0.000e+00 	 0.000e+00 
1.47875 	 0.000e+00 	 0.000e+00 	 0.000e+00 
1.48125 	 0.000e+00 	 0.000e+00 	 0.000e+00 
1.48375 	 0.000e+00 	 0.000e+00 	 0.000e+00 
1.48625 	 0.000e+00 	 0.000e+00 	 0.000e+00 
1.48875 	 0.000e+00 	 0.000e+00 	 0.000e+00 
1.49125 	 0.000e+00 	 0.000e+00 	 0.000e+00 
1.49375 	 0.000e+00 	 0.000e+00 	 0.000e+00 
1.49625 	 0.000e+00 	 0.000e+00 	 0.000e+00 
1.49875 	 0.000e+00 	 0.000e+00 	 0.000e+00 
1.50125 	 0.000e+00 	 0.000e+00 	 0.000e+00 
1.50375 	 0.000e+00 	 0.000e+00 	 0.000e+00 
1.50625 	 0.000e+00 	 0.000e+00 	 0.000e+00 
1.50875 	 0.000e+00 	 0.000e+00 	 0.000e+00 
1.51125 	 0.000e+00 	 0.000e+00 	 0.000e+00 
1.51375 	 0.000e+00 	 0.000e+00 	 0.000e+00 
1.51625 	 0.000e+00 	 0.000e+00 	 0.000e+00 
1.51875 	 0.000e+00 	 0.000e+00 	 0.000e+00 
1.52125 	 0.000e+00 	 0.000e+00 	 0.000e+00 
1.52375 	 0.000e+00 	 0.000e+00 	 0.000e+00 
1.52625 	 0.000e+00 	 0.000e+00 	 0.000e+00 
1.52875 	 0.000e+00 	 0.000e+00 	 0.000e+00 
1.53125 	 0.000e+00 	 0.000e+00 	 0.000e+00 
1.53375 	 0.000e+00 	 0.000e+00 	 0.000e+00 
1.53625 	 0.000e+00 	 0.000e+00 	 0.000e+00 
1.53875 	 0.000e+00 	 0.000e+00 	 0.000e+00 
1.54125 	 0.000e+00 	 0.000e+00 	 0.000e+00 
1.54375 	 0.000e+00 	 0.000e+00 	 0.000e+00 
1.54625 	 0.000e+00 	 0.000e+00 	 0.000e+00 
1.54875 	 0.000e+00 	 0.000e+00 	 0.000e+00 
1.55125 	 0.000e+00 	 0.000e+00 	 0.000e+00 
1.55375 	 0.000e+00 	 0.000e+00 	 0.000e+00 
1.55625 	 0.000e+00 	 0.000e+00 	 0.000e+00 
1.55875 	 0.000e+00 	 0.000e+00 	 0.000e+00 
1.56125 	 0.000e+00 	 0.000e+00 	 0.000e+00 
1.56375 	 0.000e+00 	 0.000e+00 	 0.000e+00 
1.56625 	 0.000e+00 	 0.000e+00 	 0.000e+00 
1.56875 	 0.000e+00 	 0.000e+00 	 0.000e+00 
1.57125 	 0.000e+00 	 0.000e+00 	 0.000e+00 
1.57375 	 0.000e+00 	 0.000e+00 	 0.000e+00 
1.57625 	 0.000e+00 	 0.000e+00 	 0.000e+00 
1.57875 	 0.000e+00 	 0.000e+00 	 0.000e+00 
1.58125 	 0.000e+00 	 0.000e+00 	 0.000e+00 
1.58375 	 0.000e+00 	 0.000e+00 	 0.000e+00 
1.58625 	 0.000e+00 	 0.000e+00 	 0.000e+00 
1.58875 	 0.000e+00 	 0.000e+00 	 0.000e+00 
1.59125 	 0.000e+00 	 0.000e+00 	 0.000e+00 
1.59375 	 0.000e+00 	 0.000e+00 	 0.000e+00 
1.59625 	 0.000e+00 	 0.000e+00 	 0.000e+00 
1.59875 	 0.000e+00 	 0.000e+00 	 0.000e+00 
1.60125 	 0.000e+00 	 0.000e+00 	 0.000e+00 
1.60375 	 0.000e+00 	 0.000e+00 	 0.000e+00 
1.60625 	 0.000e+00 	 0.000e+00 	 0.000e+00 
1.60875 	 0.000e+00 	 0.000e+00 	 0.000e+00 
1.61125 	 0.000e+00 	 0.000e+00 	 0.000e+00 
1.61375 	 0.000e+00 	 0.000e+00 	 0.000e+00 
1.61625 	 0.000e+00 	 0.000e+00 	 0.000e+00 
1.61875 	 0.000e+00 	 0.000e+00 	 0.000e+00 
1.62125 	 0.000e+00 	 0.000e+00 	 0.000e+00 
1.62375 	 0.000e+00 	 0.000e+00 	 0.000e+00 
1.62625 	 0.000e+00 	 0.000e+00 	 0.000e+00 
1.62875 	 0.000e+00 	 0.000e+00 	 0.000e+00 
1.63125 	 0.000e+00 	 0.000e+00 	 0.000e+00 
1.63375 	 0.000e+00 	 0.000e+00 	 0.000e+00 
1.63625 	 0.000e+00 	 0.000e+00 	 0.000e+00 
1.63875 	 0.000e+00 	 0.000e+00 	 0.000e+00 
1.64125 	 0.000e+00 	 0.000e+00 	 0.000e+00 
1.64375 	 0.000e+00 	 0.000e+00 	 0.000e+00 
1.64625 	 0.000e+00 	 0.000e+00 	 0.000e+00 
1.64875 	 0.000e+00 	 0.000e+00 	 0.000e+00 
1.65125 	 0.000e+00 	 0.000e+00 	 0.000e+00 
1.65375 	 0.000e+00 	 0.000e+00 	 0.000e+00 
1.65625 	 0.000e+00 	 0.000e+00 	 0.000e+00 
1.65875 	 0.000e+00 	 0.000e+00 	 0.000e+00 
1.66125 	 0.000e+00 	 0.000e+00 	 0.000e+00 
1.66375 	 0.000e+00 	 0.000e+00 	 0.000e+00 
1.66625 	 0.000e+00 	 0.000e+00 	 0.000e+00 
1.66875 	 0.000e+00 	 0.000e+00 	 0.000e+00 
1.67125 	 0.000e+00 	 0.000e+00 	 0.000e+00 
1.67375 	 0.000e+00 	 0.000e+00 	 0.000e+00 
1.67625 	 0.000e+00 	 0.000e+00 	 0.000e+00 
1.67875 	 0.000e+00 	 0.000e+00 	 0.000e+00 
1.68125 	 0.000e+00 	 0.000e+00 	 0.000e+00 
1.68375 	 0.000e+00 	 0.000e+00 	 0.000e+00 
1.68625 	 0.000e+00 	 0.000e+00 	 0.000e+00 
1.68875 	 0.000e+00 	 0.000e+00 	 0.000e+00 
1.69125 	 0.000e+00 	 0.000e+00 	 0.000e+00 
1.69375 	 0.000e+00 	 0.000e+00 	 0.000e+00 
1.69625 	 0.000e+00 	 0.000e+00 	 0.000e+00 
1.69875 	 0.000e+00 	 0.000e+00 	 0.000e+00 
1.70125 	 0.000e+00 	 0.000e+00 	 0.000e+00 
1.70375 	 0.000e+00 	 0.000e+00 	 0.000e+00 
1.70625 	 0.000e+00 	 0.000e+00 	 0.000e+00 
1.70875 	 0.000e+00 	 0.000e+00 	 0.000e+00 
1.71125 	 0.000e+00 	 0.000e+00 	 0.000e+00 
1.71375 	 0.000e+00 	 0.000e+00 	 0.000e+00 
1.71625 	 0.000e+00 	 0.000e+00 	 0.000e+00 
1.71875 	 0.000e+00 	 0.000e+00 	 0.000e+00 
1.72125 	 0.000e+00 	 0.000e+00 	 0.000e+00 
1.72375 	 0.000e+00 	 0.000e+00 	 0.000e+00 
1.72625 	 0.000e+00 	 0.000e+00 	 0.000e+00 
1.72875 	 0.000e+00 	 0.000e+00 	 0.000e+00 
1.73125 	 0.000e+00 	 0.000e+00 	 0.000e+00 
1.73375 	 0.000e+00 	 0.000e+00 	 0.000e+00 
1.73625 	 0.000e+00 	 0.000e+00 	 0.000e+00 
1.73875 	 0.000e+00 	 0.000e+00 	 0.000e+00 
1.74125 	 0.000e+00 	 0.000e+00 	 0.000e+00 
1.74375 	 0.000e+00 	 0.000e+00 	 0.000e+00 
1.74625 	 0.000e+00 	 0.000e+00 	 0.000e+00 
1.74875 	 0.000e+00 	 0.000e+00 	 0.000e+00 
1.75125 	 0.000e+00 	 0.000e+00 	 0.000e+00 
1.75375 	 0.000e+00 	 0.000e+00 	 0.000e+00 
1.75625 	 0.000e+00 	 0.000e+00 	 0.000e+00 
1.75875 	 0.000e+00 	 0.000e+00 	 0.000e+00 
1.76125 	 0.000e+00 	 0.000e+00 	 0.000e+00 
1.76375 	 0.000e+00 	 0.000e+00 	 0.000e+00 
1.76625 	 0.000e+00 	 0.000e+00 	 0.000e+00 
1.76875 	 0.000e+00 	 0.000e+00 	 0.000e+00 
1.77125 	 0.000e+00 	 0.000e+00 	 0.000e+00 
1.77375 	 0.000e+00 	 0.000e+00 	 0.000e+00 
1.77625 	 0.000e+00 	 0.000e+00 	 0.000e+00 
1.77875 	 0.000e+00 	 0.000e+00 	 0.000e+00 
1.78125 	 0.000e+00 	 0.000e+00 	 0.000e+00 
1.78375 	 0.000e+00 	 0.000e+00 	 0.000e+00 
1.78625 	 0.000e+00 	 0.000e+00 	 0.000e+00 
1.78875 	 0.000e+00 	 0.000e+00 	 0.000e+00 
1.79125 	 0.000e+00 	 0.000e+00 	 0.000e+00 
1.79375 	 0.000e+00 	 0.000e+00 	 0.000e+00 
1.79625 	 0.000e+00 	 0.000e+00 	 0.000e+00 
1.79875 	 0.000e+00 	 0.000e+00 	 0.000e+00 
1.80125 	 0.000e+00 	 0.000e+00 	 0.000e+00 
1.80375 	 0.000e+00 	 0.000e+00 	 0.000e+00 
1.80625 	 0.000e+00 	 0.000e+00 	 0.000e+00 
1.80875 	 0.000e+00 	 0.000e+00 	 0.000e+00 
1.81125 	 0.000e+00 	 0.000e+00 	 0.000e+00 
1.81375 	 0.000e+00 	 0.000e+00 	 0.000e+00 
1.81625 	 0.000e+00 	 0.000e+00 	 0.000e+00 
1.81875 	 0.000e+00 	 0.000e+00 	 0.000e+00 
1.82125 	 0.000e+00 	 0.000e+00 	 0.000e+00 
1.82375 	 0.000e+00 	 0.000e+00 	 0.000e+00 
1.82625 	 0.000e+00 	 0.000e+00 	 0.000e+00 
1.82875 	 0.000e+00 	 0.000e+00 	 0.000e+00 
1.83125 	 0.000e+00 	 0.000e+00 	 0.000e+00 
1.83375 	 0.000e+00 	 0.000e+00 	 0.000e+00 
1.83625 	 0.000e+00 	 0.000e+00 	 0.000e+00 
1.83875 	 0.000e+00 	 0.000e+00 	 0.000e+00 
1.84125 	 0.000e+00 	 0.000e+00 	 0.000e+00 
1.84375 	 0.000e+00 	 0.000e+00 	 0.000e+00 
1.84625 	 0.000e+00 	 0.000e+00 	 0.000e+00 
1.84875 	 0.000e+00 	 0.000e+00 	 0.000e+00 
1.85125 	 0.000e+00 	 0.000e+00 	 0.000e+00 
1.85375 	 0.000e+00 	 0.000e+00 	 0.000e+00 
1.85625 	 0.000e+00 	 0.000e+00 	 0.000e+00 
1.85875 	 0.000e+00 	 0.000e+00 	 0.000e+00 
1.86125 	 0.000e+00 	 0.000e+00 	 0.000e+00 
1.86375 	 0.000e+00 	 0.000e+00 	 0.000e+00 
1.86625 	 0.000e+00 	 0.000e+00 	 0.000e+00 
1.86875 	 0.000e+00 	 0.000e+00 	 0.000e+00 
1.87125 	 0.000e+00 	 0.000e+00 	 0.000e+00 
1.87375 	 0.000e+00 	 0.000e+00 	 0.000e+00 
1.87625 	 0.000e+00 	 0.000e+00 	 0.000e+00 
1.87875 	 0.000e+00 	 0.000e+00 	 0.000e+00 
1.88125 	 0.000e+00 	 0.000e+00 	 0.000e+00 
1.88375 	 0.000e+00 	 0.000e+00 	 0.000e+00 
1.88625 	 0.000e+00 	 0.000e+00 	 0.000e+00 
1.88875 	 0.000e+00 	 0.000e+00 	 0.000e+00 
1.89125 	 0.000e+00 	 0.000e+00 	 0.000e+00 
1.89375 	 0.000e+00 	 0.000e+00 	 0.000e+00 
1.89625 	 0.000e+00 	 0.000e+00 	 0.000e+00 
1.89875 	 0.000e+00 	 0.000e+00 	 0.000e+00 
1.90125 	 0.000e+00 	 0.000e+00 	 0.000e+00 
1.90375 	 0.000e+00 	 0.000e+00 	 0.000e+00 
1.90625 	 0.000e+00 	 0.000e+00 	 0.000e+00 
1.90875 	 0.000e+00 	 0.000e+00 	 0.000e+00 
1.91125 	 0.000e+00 	 0.000e+00 	 0.000e+00 
1.91375 	 0.000e+00 	 0.000e+00 	 0.000e+00 
1.91625 	 0.000e+00 	 0.000e+00 	 0.000e+00 
1.91875 	 0.000e+00 	 0.000e+00 	 0.000e+00 
1.92125 	 0.000e+00 	 0.000e+00 	 0.000e+00 
1.92375 	 0.000e+00 	 0.000e+00 	 0.000e+00 
1.92625 	 0.000e+00 	 0.000e+00 	 0.000e+00 
1.92875 	 0.000e+00 	 0.000e+00 	 0.000e+00 
1.93125 	 0.000e+00 	 0.000e+00 	 0.000e+00 
1.93375 	 0.000e+00 	 0.000e+00 	 0.000e+00 
1.93625 	 0.000e+00 	 0.000e+00 	 0.000e+00 
1.93875 	 0.000e+00 	 0.000e+00 	 0.000e+00 
1.94125 	 0.000e+00 	 0.000e+00 	 0.000e+00 
1.94375 	 0.000e+00 	 0.000e+00 	 0.000e+00 
1.94625 	 0.000e+00 	 0.000e+00 	 0.000e+00 
1.94875 	 0.000e+00 	 0.000e+00 	 0.000e+00 
1.95125 	 0.000e+00 	 0.000e+00 	 0.000e+00 
1.95375 	 0.000e+00 	 0.000e+00 	 0.000e+00 
1.95625 	 0.000e+00 	 0.000e+00 	 0.000e+00 
1.95875 	 0.000e+00 	 0.000e+00 	 0.000e+00 
1.96125 	 0.000e+00 	 0.000e+00 	 0.000e+00 
1.96375 	 0.000e+00 	 0.000e+00 	 0.000e+00 
1.96625 	 0.000e+00 	 0.000e+00 	 0.000e+00 
1.96875 	 0.000e+00 	 0.000e+00 	 0.000e+00 
1.97125 	 0.000e+00 	 0.000e+00 	 0.000e+00 
1.97375 	 0.000e+00 	 0.000e+00 	 0.000e+00 
1.97625 	 0.000e+00 	 0.000e+00 	 0.000e+00 
1.97875 	 0.000e+00 	 0.000e+00 	 0.000e+00 
1.98125 	 0.000e+00 	 0.000e+00 	 0.000e+00 
1.98375 	 0.000e+00 	 0.000e+00 	 0.000e+00 
1.98625 	 0.000e+00 	 0.000e+00 	 0.000e+00 
1.98875 	 0.000e+00 	 0.000e+00 	 0.000e+00 
1.99125 	 0.000e+00 	 0.000e+00 	 0.000e+00 
1.99375 	 0.000e+00 	 0.000e+00 	 0.000e+00 
1.99625 	 0.000e+00 	 0.000e+00 	 0.000e+00 
1.99875 	 0.000e+00 	 0.000e+00 	 0.000e+00 
2.00125 	 0.000e+00 	 0.000e+00 	 0.000e+00 
2.00375 	 0.000e+00 	 0.000e+00 	 0.000e+00 
2.00625 	 0.000e+00 	 0.000e+00 	 0.000e+00 
2.00875 	 0.000e+00 	 0.000e+00 	 0.000e+00 
2.01125 	 0.000e+00 	 0.000e+00 	 0.000e+00 
2.01375 	 0.000e+00 	 0.000e+00 	 0.000e+00 
2.01625 	 0.000e+00 	 0.000e+00 	 0.000e+00 
2.01875 	 0.000e+00 	 0.000e+00 	 0.000e+00 
2.02125 	 0.000e+00 	 0.000e+00 	 0.000e+00 
2.02375 	 0.000e+00 	 0.000e+00 	 0.000e+00 
2.02625 	 0.000e+00 	 0.000e+00 	 0.000e+00 
2.02875 	 0.000e+00 	 0.000e+00 	 0.000e+00 
2.03125 	 0.000e+00 	 0.000e+00 	 0.000e+00 
2.03375 	 0.000e+00 	 0.000e+00 	 0.000e+00 
2.03625 	 0.000e+00 	 0.000e+00 	 0.000e+00 
2.03875 	 0.000e+00 	 0.000e+00 	 0.000e+00 
2.04125 	 0.000e+00 	 0.000e+00 	 0.000e+00 
2.04375 	 0.000e+00 	 0.000e+00 	 0.000e+00 
2.04625 	 0.000e+00 	 0.000e+00 	 0.000e+00 
2.04875 	 0.000e+00 	 0.000e+00 	 0.000e+00 
2.05125 	 0.000e+00 	 0.000e+00 	 0.000e+00 
2.05375 	 0.000e+00 	 0.000e+00 	 0.000e+00 
2.05625 	 0.000e+00 	 0.000e+00 	 0.000e+00 
2.05875 	 0.000e+00 	 0.000e+00 	 0.000e+00 
2.06125 	 0.000e+00 	 0.000e+00 	 0.000e+00 
2.06375 	 0.000e+00 	 0.000e+00 	 0.000e+00 
2.06625 	 0.000e+00 	 0.000e+00 	 0.000e+00 
2.06875 	 0.000e+00 	 0.000e+00 	 0.000e+00 
2.07125 	 0.000e+00 	 0.000e+00 	 0.000e+00 
2.07375 	 0.000e+00 	 0.000e+00 	 0.000e+00 
2.07625 	 0.000e+00 	 0.000e+00 	 0.000e+00 
2.07875 	 0.000e+00 	 0.000e+00 	 0.000e+00 
2.08125 	 0.000e+00 	 0.000e+00 	 0.000e+00 
2.08375 	 0.000e+00 	 0.000e+00 	 0.000e+00 
2.08625 	 0.000e+00 	 0.000e+00 	 0.000e+00 
2.08875 	 0.000e+00 	 0.000e+00 	 0.000e+00 
2.09125 	 0.000e+00 	 0.000e+00 	 0.000e+00 
2.09375 	 0.000e+00 	 0.000e+00 	 0.000e+00 
2.09625 	 0.000e+00 	 0.000e+00 	 0.000e+00 
2.09875 	 0.000e+00 	 0.000e+00 	 0.000e+00 
2.10125 	 0.000e+00 	 0.000e+00 	 0.000e+00 
2.10375 	 0.000e+00 	 0.000e+00 	 0.000e+00 
2.10625 	 0.000e+00 	 0.000e+00 	 0.000e+00 
2.10875 	 0.000e+00 	 0.000e+00 	 0.000e+00 
2.11125 	 0.000e+00 	 0.000e+00 	 0.000e+00 
2.11375 	 0.000e+00 	 0.000e+00 	 0.000e+00 
2.11625 	 0.000e+00 	 0.000e+00 	 0.000e+00 
2.11875 	 0.000e+00 	 0.000e+00 	 0.000e+00 
2.12125 	 0.000e+00 	 0.000e+00 	 0.000e+00 
2.12375 	 0.000e+00 	 0.000e+00 	 0.000e+00 
2.12625 	 0.000e+00 	 0.000e+00 	 0.000e+00 
2.12875 	 0.000e+00 	 0.000e+00 	 0.000e+00 
2.13125 	 0.000e+00 	 0.000e+00 	 0.000e+00 
2.13375 	 0.000e+00 	 0.000e+00 	 0.000e+00 
2.13625 	 0.000e+00 	 0.000e+00 	 0.000e+00 
2.13875 	 0.000e+00 	 0.000e+00 	 0.000e+00 
2.14125 	 0.000e+00 	 0.000e+00 	 0.000e+00 
2.14375 	 0.000e+00 	 0.000e+00 	 0.000e+00 
2.14625 	 0.000e+00 	 0.000e+00 	 0.000e+00 
2.14875 	 0.000e+00 	 0.000e+00 	 0.000e+00 
2.15125 	 0.000e+00 	 0.000e+00 	 0.000e+00 
2.15375 	 0.000e+00 	 0.000e+00 	 0.000e+00 
2.15625 	 0.000e+00 	 0.000e+00 	 0.000e+00 
2.15875 	 0.000e+00 	 0.000e+00 	 0.000e+00 
2.16125 	 0.000e+00 	 0.000e+00 	 0.000e+00 
2.16375 	 0.000e+00 	 0.000e+00 	 0.000e+00 
2.16625 	 0.000e+00 	 0.000e+00 	 0.000e+00 
2.16875 	 0.000e+00 	 0.000e+00 	 0.000e+00 
2.17125 	 0.000e+00 	 0.000e+00 	 0.000e+00 
2.17375 	 0.000e+00 	 0.000e+00 	 0.000e+00 
2.17625 	 0.000e+00 	 0.000e+00 	 0.000e+00 
2.17875 	 0.000e+00 	 0.000e+00 	 0.000e+00 
2.18125 	 0.000e+00 	 0.000e+00 	 0.000e+00 
2.18375 	 0.000e+00 	 0.000e+00 	 0.000e+00 
2.18625 	 0.000e+00 	 0.000e+00 	 0.000e+00 
2.18875 	 0.000e+00 	 0.000e+00 	 0.000e+00 
2.19125 	 0.000e+00 	 0.000e+00 	 0.000e+00 
2.19375 	 0.000e+00 	 0.000e+00 	 0.000e+00 
2.19625 	 0.000e+00 	 0.000e+00 	 0.000e+00 
2.19875 	 0.000e+00 	 0.000e+00 	 0.000e+00 
2.20125 	 0.000e+00 	 0.000e+00 	 0.000e+00 
2.20375 	 0.000e+00 	 0.000e+00 	 0.000e+00 
2.20625 	 0.000e+00 	 0.000e+00 	 0.000e+00 
2.20875 	 0.000e+00 	 0.000e+00 	 0.000e+00 
2.21125 	 0.000e+00 	 0.000e+00 	 0.000e+00 
2.21375 	 0.000e+00 	 0.000e+00 	 0.000e+00 
2.21625 	 0.000e+00 	 0.000e+00 	 0.000e+00 
2.21875 	 0.000e+00 	 0.000e+00 	 0.000e+00 
2.22125 	 0.000e+00 	 0.000e+00 	 0.000e+00 
2.22375 	 0.000e+00 	 0.000e+00 	 0.000e+00 
2.22625 	 0.000e+00 	 0.000e+00 	 0.000e+00 
2.22875 	 0.000e+00 	 0.000e+00 	 0.000e+00 
2.23125 	 0.000e+00 	 0.000e+00 	 0.000e+00 
2.23375 	 0.000e+00 	 0.000e+00 	 0.000e+00 
2.23625 	 0.000e+00 	 0.000e+00 	 0.000e+00 
2.23875 	 0.000e+00 	 0.000e+00 	 0.000e+00 
2.24125 	 0.000e+00 	 0.000e+00 	 0.000e+00 
2.24375 	 0.000e+00 	 0.000e+00 	 0.000e+00 
2.24625 	 0.000e+00 	 0.000e+00 	 0.000e+00 
2.24875 	 0.000e+00 	 0.000e+00 	 0.000e+00 
2.25125 	 0.000e+00 	 0.000e+00 	 0.000e+00 
2.25375 	 0.000e+00 	 0.000e+00 	 0.000e+00 
2.25625 	 0.000e+00 	 0.000e+00 	 0.000e+00 
2.25875 	 0.000e+00 	 0.000e+00 	 0.000e+00 
2.26125 	 0.000e+00 	 0.000e+00 	 0.000e+00 
2.26375 	 0.000e+00 	 0.000e+00 	 0.000e+00 
2.26625 	 0.000e+00 	 0.000e+00 	 0.000e+00 
2.26875 	 0.000e+00 	 0.000e+00 	 0.000e+00 
2.27125 	 0.000e+00 	 0.000e+00 	 0.000e+00 
2.27375 	 0.000e+00 	 0.000e+00 	 0.000e+00 
2.27625 	 0.000e+00 	 0.000e+00 	 0.000e+00 
2.27875 	 0.000e+00 	 0.000e+00 	 0.000e+00 
2.28125 	 0.000e+00 	 0.000e+00 	 0.000e+00 
2.28375 	 0.000e+00 	 0.000e+00 	 0.000e+00 
2.28625 	 0.000e+00 	 0.000e+00 	 0.000e+00 
2.28875 	 0.000e+00 	 0.000e+00 	 0.000e+00 
2.29125 	 0.000e+00 	 0.000e+00 	 0.000e+00 
2.29375 	 0.000e+00 	 0.000e+00 	 0.000e+00 
2.29625 	 0.000e+00 	 0.000e+00 	 0.000e+00 
2.29875 	 0.000e+00 	 0.000e+00 	 0.000e+00 
2.30125 	 0.000e+00 	 0.000e+00 	 0.000e+00 
2.30375 	 0.000e+00 	 0.000e+00 	 0.000e+00 
2.30625 	 0.000e+00 	 0.000e+00 	 0.000e+00 
2.30875 	 0.000e+00 	 0.000e+00 	 0.000e+00 
2.31125 	 0.000e+00 	 0.000e+00 	 0.000e+00 
2.31375 	 0.000e+00 	 0.000e+00 	 0.000e+00 
2.31625 	 0.000e+00 	 0.000e+00 	 0.000e+00 
2.31875 	 0.000e+00 	 0.000e+00 	 0.000e+00 
2.32125 	 0.000e+00 	 0.000e+00 	 0.000e+00 
2.32375 	 0.000e+00 	 0.000e+00 	 0.000e+00 
2.32625 	 0.000e+00 	 0.000e+00 	 0.000e+00 
2.32875 	 0.000e+00 	 0.000e+00 	 0.000e+00 
2.33125 	 0.000e+00 	 0.000e+00 	 0.000e+00 
2.33375 	 0.000e+00 	 0.000e+00 	 0.000e+00 
2.33625 	 0.000e+00 	 0.000e+00 	 0.000e+00 
2.33875 	 0.000e+00 	 0.000e+00 	 0.000e+00 
2.34125 	 0.000e+00 	 0.000e+00 	 0.000e+00 
2.34375 	 0.000e+00 	 0.000e+00 	 0.000e+00 
2.34625 	 0.000e+00 	 0.000e+00 	 0.000e+00 
2.34875 	 0.000e+00 	 0.000e+00 	 0.000e+00 
2.35125 	 0.000e+00 	 0.000e+00 	 0.000e+00 
2.35375 	 0.000e+00 	 0.000e+00 	 0.000e+00 
2.35625 	 0.000e+00 	 0.000e+00 	 0.000e+00 
2.35875 	 0.000e+00 	 0.000e+00 	 0.000e+00 
2.36125 	 0.000e+00 	 0.000e+00 	 0.000e+00 
2.36375 	 0.000e+00 	 0.000e+00 	 0.000e+00 
2.36625 	 0.000e+00 	 0.000e+00 	 0.000e+00 
2.36875 	 0.000e+00 	 0.000e+00 	 0.000e+00 
2.37125 	 0.000e+00 	 0.000e+00 	 0.000e+00 
2.37375 	 0.000e+00 	 0.000e+00 	 0.000e+00 
2.37625 	 0.000e+00 	 0.000e+00 	 0.000e+00 
2.37875 	 0.000e+00 	 0.000e+00 	 0.000e+00 
2.38125 	 0.000e+00 	 0.000e+00 	 0.000e+00 
2.38375 	 0.000e+00 	 0.000e+00 	 0.000e+00 
2.38625 	 0.000e+00 	 0.000e+00 	 0.000e+00 
2.38875 	 0.000e+00 	 0.000e+00 	 0.000e+00 
2.39125 	 0.000e+00 	 0.000e+00 	 0.000e+00 
2.39375 	 0.000e+00 	 0.000e+00 	 0.000e+00 
2.39625 	 0.000e+00 	 0.000e+00 	 0.000e+00 
2.39875 	 0.000e+00 	 0.000e+00 	 0.000e+00 
2.40125 	 0.000e+00 	 0.000e+00 	 0.000e+00 
2.40375 	 0.000e+00 	 0.000e+00 	 0.000e+00 
2.40625 	 0.000e+00 	 0.000e+00 	 0.000e+00 
2.40875 	 0.000e+00 	 0.000e+00 	 0.000e+00 
2.41125 	 0.000e+00 	 0.000e+00 	 0.000e+00 
2.41375 	 0.000e+00 	 0.000e+00 	 0.000e+00 
2.41625 	 0.000e+00 	 0.000e+00 	 0.000e+00 
2.41875 	 0.000e+00 	 0.000e+00 	 0.000e+00 
2.42125 	 0.000e+00 	 0.000e+00 	 0.000e+00 
2.42375 	 0.000e+00 	 0.000e+00 	 0.000e+00 
2.42625 	 0.000e+00 	 0.000e+00 	 0.000e+00 
2.42875 	 0.000e+00 	 0.000e+00 	 0.000e+00 
2.43125 	 0.000e+00 	 0.000e+00 	 0.000e+00 
2.43375 	 0.000e+00 	 0.000e+00 	 0.000e+00 
2.43625 	 0.000e+00 	 0.000e+00 	 0.000e+00 
2.43875 	 0.000e+00 	 0.000e+00 	 0.000e+00 
2.44125 	 0.000e+00 	 0.000e+00 	 0.000e+00 
2.44375 	 0.000e+00 	 0.000e+00 	 0.000e+00 
2.44625 	 0.000e+00 	 0.000e+00 	 0.000e+00 
2.44875 	 0.000e+00 	 0.000e+00 	 0.000e+00 
2.45125 	 0.000e+00 	 0.000e+00 	 0.000e+00 
2.45375 	 0.000e+00 	 0.000e+00 	 0.000e+00 
2.45625 	 0.000e+00 	 0.000e+00 	 0.000e+00 
2.45875 	 0.000e+00 	 0.000e+00 	 0.000e+00 
2.46125 	 0.000e+00 	 0.000e+00 	 0.000e+00 
2.46375 	 0.000e+00 	 0.000e+00 	 0.000e+00 
2.46625 	 0.000e+00 	 0.000e+00 	 0.000e+00 
2.46875 	 0.000e+00 	 0.000e+00 	 0.000e+00 
2.47125 	 0.000e+00 	 0.000e+00 	 0.000e+00 
2.47375 	 0.000e+00 	 0.000e+00 	 0.000e+00 
2.47625 	 0.000e+00 	 0.000e+00 	 0.000e+00 
2.47875 	 0.000e+00 	 0.000e+00 	 0.000e+00 
2.48125 	 0.000e+00 	 0.000e+00 	 0.000e+00 
2.48375 	 0.000e+00 	 0.000e+00 	 0.000e+00 
2.48625 	 0.000e+00 	 0.000e+00 	 0.000e+00 
2.48875 	 0.000e+00 	 0.000e+00 	 0.000e+00 
2.49125 	 0.000e+00 	 0.000e+00 	 0.000e+00 
2.49375 	 0.000e+00 	 0.000e+00 	 0.000e+00 
2.49625 	 0.000e+00 	 0.000e+00 	 0.000e+00 
2.49875 	 0.000e+00 	 0.000e+00 	 0.000e+00 
2.50125 	 0.000e+00 	 0.000e+00 	 0.000e+00 
2.50375 	 0.000e+00 	 0.000e+00 	 0.000e+00 
2.50625 	 0.000e+00 	 0.000e+00 	 0.000e+00 
2.50875 	 0.000e+00 	 0.000e+00 	 0.000e+00 
2.51125 	 0.000e+00 	 0.000e+00 	 0.000e+00 
2.51375 	 0.000e+00 	 0.000e+00 	 0.000e+00 
2.51625 	 0.000e+00 	 0.000e+00 	 0.000e+00 
2.51875 	 0.000e+00 	 0.000e+00 	 0.000e+00 
2.52125 	 0.000e+00 	 0.000e+00 	 0.000e+00 
2.52375 	 0.000e+00 	 0.000e+00 	 0.000e+00 
2.52625 	 0.000e+00 	 0.000e+00 	 0.000e+00 
2.52875 	 0.000e+00 	 0.000e+00 	 0.000e+00 
2.53125 	 0.000e+00 	 0.000e+00 	 0.000e+00 
2.53375 	 0.000e+00 	 0.000e+00 	 0.000e+00 
2.53625 	 0.000e+00 	 0.000e+00 	 0.000e+00 
2.53875 	 0.000e+00 	 0.000e+00 	 0.000e+00 
2.54125 	 0.000e+00 	 0.000e+00 	 0.000e+00 
2.54375 	 0.000e+00 	 0.000e+00 	 0.000e+00 
2.54625 	 0.000e+00 	 0.000e+00 	 0.000e+00 
2.54875 	 0.000e+00 	 0.000e+00 	 0.000e+00 
2.55125 	 0.000e+00 	 0.000e+00 	 0.000e+00 
2.55375 	 0.000e+00 	 0.000e+00 	 0.000e+00 
2.55625 	 0.000e+00 	 0.000e+00 	 0.000e+00 
2.55875 	 0.000e+00 	 0.000e+00 	 0.000e+00 
2.56125 	 0.000e+00 	 0.000e+00 	 0.000e+00 
2.56375 	 0.000e+00 	 0.000e+00 	 0.000e+00 
2.56625 	 0.000e+00 	 0.000e+00 	 0.000e+00 
2.56875 	 0.000e+00 	 0.000e+00 	 0.000e+00 
2.57125 	 0.000e+00 	 0.000e+00 	 0.000e+00 
2.57375 	 0.000e+00 	 0.000e+00 	 0.000e+00 
2.57625 	 0.000e+00 	 0.000e+00 	 0.000e+00 
2.57875 	 0.000e+00 	 0.000e+00 	 0.000e+00 
2.58125 	 0.000e+00 	 0.000e+00 	 0.000e+00 
2.58375 	 0.000e+00 	 0.000e+00 	 0.000e+00 
2.58625 	 0.000e+00 	 0.000e+00 	 0.000e+00 
2.58875 	 0.000e+00 	 0.000e+00 	 0.000e+00 
2.59125 	 0.000e+00 	 0.000e+00 	 0.000e+00 
2.59375 	 0.000e+00 	 0.000e+00 	 0.000e+00 
2.59625 	 0.000e+00 	 0.000e+00 	 0.000e+00 
2.59875 	 0.000e+00 	 0.000e+00 	 0.000e+00 
2.60125 	 0.000e+00 	 0.000e+00 	 0.000e+00 
2.60375 	 0.000e+00 	 0.000e+00 	 0.000e+00 
2.60625 	 0.000e+00 	 0.000e+00 	 0.000e+00 
2.60875 	 0.000e+00 	 0.000e+00 	 0.000e+00 
2.61125 	 0.000e+00 	 0.000e+00 	 0.000e+00 
2.61375 	 0.000e+00 	 0.000e+00 	 0.000e+00 
2.61625 	 0.000e+00 	 0.000e+00 	 0.000e+00 
2.61875 	 0.000e+00 	 0.000e+00 	 0.000e+00 
2.62125 	 0.000e+00 	 0.000e+00 	 0.000e+00 
2.62375 	 0.000e+00 	 0.000e+00 	 0.000e+00 
2.62625 	 0.000e+00 	 0.000e+00 	 0.000e+00 
2.62875 	 0.000e+00 	 0.000e+00 	 0.000e+00 
2.63125 	 0.000e+00 	 0.000e+00 	 0.000e+00 
2.63375 	 0.000e+00 	 0.000e+00 	 0.000e+00 
2.63625 	 0.000e+00 	 0.000e+00 	 0.000e+00 
2.63875 	 0.000e+00 	 0.000e+00 	 0.000e+00 
2.64125 	 0.000e+00 	 0.000e+00 	 0.000e+00 
2.64375 	 0.000e+00 	 0.000e+00 	 0.000e+00 
2.64625 	 0.000e+00 	 0.000e+00 	 0.000e+00 
2.64875 	 0.000e+00 	 0.000e+00 	 0.000e+00 
2.65125 	 0.000e+00 	 0.000e+00 	 0.000e+00 
2.65375 	 0.000e+00 	 0.000e+00 	 0.000e+00 
2.65625 	 0.000e+00 	 0.000e+00 	 0.000e+00 
2.65875 	 0.000e+00 	 0.000e+00 	 0.000e+00 
2.66125 	 0.000e+00 	 0.000e+00 	 0.000e+00 
2.66375 	 0.000e+00 	 0.000e+00 	 0.000e+00 
2.66625 	 0.000e+00 	 0.000e+00 	 0.000e+00 
2.66875 	 0.000e+00 	 0.000e+00 	 0.000e+00 
2.67125 	 0.000e+00 	 0.000e+00 	 0.000e+00 
2.67375 	 0.000e+00 	 0.000e+00 	 0.000e+00 
2.67625 	 0.000e+00 	 0.000e+00 	 0.000e+00 
2.67875 	 0.000e+00 	 0.000e+00 	 0.000e+00 
2.68125 	 0.000e+00 	 0.000e+00 	 0.000e+00 
2.68375 	 0.000e+00 	 0.000e+00 	 0.000e+00 
2.68625 	 0.000e+00 	 0.000e+00 	 0.000e+00 
2.68875 	 0.000e+00 	 0.000e+00 	 0.000e+00 
2.69125 	 0.000e+00 	 0.000e+00 	 0.000e+00 
2.69375 	 0.000e+00 	 0.000e+00 	 0.000e+00 
2.69625 	 0.000e+00 	 0.000e+00 	 0.000e+00 
2.69875 	 0.000e+00 	 0.000e+00 	 0.000e+00 
2.70125 	 0.000e+00 	 0.000e+00 	 0.000e+00 
2.70375 	 0.000e+00 	 0.000e+00 	 0.000e+00 
2.70625 	 0.000e+00 	 0.000e+00 	 0.000e+00 
2.70875 	 0.000e+00 	 0.000e+00 	 0.000e+00 
2.71125 	 0.000e+00 	 0.000e+00 	 0.000e+00 
2.71375 	 0.000e+00 	 0.000e+00 	 0.000e+00 
2.71625 	 0.000e+00 	 0.000e+00 	 0.000e+00 
2.71875 	 0.000e+00 	 0.000e+00 	 0.000e+00 
2.72125 	 0.000e+00 	 0.000e+00 	 0.000e+00 
2.72375 	 0.000e+00 	 0.000e+00 	 0.000e+00 
2.72625 	 0.000e+00 	 0.000e+00 	 0.000e+00 
2.72875 	 0.000e+00 	 0.000e+00 	 0.000e+00 
2.73125 	 0.000e+00 	 0.000e+00 	 0.000e+00 
2.73375 	 0.000e+00 	 0.000e+00 	 0.000e+00 
2.73625 	 0.000e+00 	 0.000e+00 	 0.000e+00 
2.73875 	 0.000e+00 	 0.000e+00 	 0.000e+00 
2.74125 	 0.000e+00 	 0.000e+00 	 0.000e+00 
2.74375 	 0.000e+00 	 0.000e+00 	 0.000e+00 
2.74625 	 0.000e+00 	 0.000e+00 	 0.000e+00 
2.74875 	 0.000e+00 	 0.000e+00 	 0.000e+00 
2.75125 	 0.000e+00 	 0.000e+00 	 0.000e+00 
2.75375 	 0.000e+00 	 0.000e+00 	 0.000e+00 
2.75625 	 0.000e+00 	 0.000e+00 	 0.000e+00 
2.75875 	 0.000e+00 	 0.000e+00 	 0.000e+00 
2.76125 	 0.000e+00 	 0.000e+00 	 0.000e+00 
2.76375 	 0.000e+00 	 0.000e+00 	 0.000e+00 
2.76625 	 0.000e+00 	 0.000e+00 	 0.000e+00 
2.76875 	 0.000e+00 	 0.000e+00 	 0.000e+00 
2.77125 	 0.000e+00 	 0.000e+00 	 0.000e+00 
2.77375 	 0.000e+00 	 0.000e+00 	 0.000e+00 
2.77625 	 0.000e+00 	 0.000e+00 	 0.000e+00 
2.77875 	 0.000e+00 	 0.000e+00 	 0.000e+00 
2.78125 	 0.000e+00 	 0.000e+00 	 0.000e+00 
2.78375 	 0.000e+00 	 0.000e+00 	 0.000e+00 
2.78625 	 0.000e+00 	 0.000e+00 	 0.000e+00 
2.78875 	 0.000e+00 	 0.000e+00 	 0.000e+00 
2.79125 	 0.000e+00 	 0.000e+00 	 0.000e+00 
2.79375 	 0.000e+00 	 0.000e+00 	 0.000e+00 
2.79625 	 0.000e+00 	 0.000e+00 	 0.000e+00 
2.79875 	 0.000e+00 	 0.000e+00 	 0.000e+00 
2.80125 	 0.000e+00 	 0.000e+00 	 0.000e+00 
2.80375 	 0.000e+00 	 0.000e+00 	 0.000e+00 
2.80625 	 0.000e+00 	 0.000e+00 	 0.000e+00 
2.80875 	 0.000e+00 	 0.000e+00 	 0.000e+00 
2.81125 	 0.000e+00 	 0.000e+00 	 0.000e+00 
2.81375 	 0.000e+00 	 0.000e+00 	 0.000e+00 
2.81625 	 0.000e+00 	 0.000e+00 	 0.000e+00 
2.81875 	 0.000e+00 	 0.000e+00 	 0.000e+00 
2.82125 	 0.000e+00 	 0.000e+00 	 0.000e+00 
2.82375 	 0.000e+00 	 0.000e+00 	 0.000e+00 
2.82625 	 0.000e+00 	 0.000e+00 	 0.000e+00 
2.82875 	 0.000e+00 	 0.000e+00 	 0.000e+00 
2.83125 	 0.000e+00 	 0.000e+00 	 0.000e+00 
2.83375 	 0.000e+00 	 0.000e+00 	 0.000e+00 
2.83625 	 0.000e+00 	 0.000e+00 	 0.000e+00 
2.83875 	 0.000e+00 	 0.000e+00 	 0.000e+00 
2.84125 	 0.000e+00 	 0.000e+00 	 0.000e+00 
2.84375 	 0.000e+00 	 0.000e+00 	 0.000e+00 
2.84625 	 0.000e+00 	 0.000e+00 	 0.000e+00 
2.84875 	 0.000e+00 	 0.000e+00 	 0.000e+00 
2.85125 	 0.000e+00 	 0.000e+00 	 0.000e+00 
2.85375 	 0.000e+00 	 0.000e+00 	 0.000e+00 
2.85625 	 0.000e+00 	 0.000e+00 	 0.000e+00 
2.85875 	 0.000e+00 	 0.000e+00 	 0.000e+00 
2.86125 	 0.000e+00 	 0.000e+00 	 0.000e+00 
2.86375 	 0.000e+00 	 0.000e+00 	 0.000e+00 
2.86625 	 0.000e+00 	 0.000e+00 	 0.000e+00 
2.86875 	 0.000e+00 	 0.000e+00 	 0.000e+00 
2.87125 	 0.000e+00 	 0.000e+00 	 0.000e+00 
2.87375 	 0.000e+00 	 0.000e+00 	 0.000e+00 
2.87625 	 0.000e+00 	 0.000e+00 	 0.000e+00 
2.87875 	 0.000e+00 	 0.000e+00 	 0.000e+00 
2.88125 	 0.000e+00 	 0.000e+00 	 0.000e+00 
2.88375 	 0.000e+00 	 0.000e+00 	 0.000e+00 
2.88625 	 0.000e+00 	 0.000e+00 	 0.000e+00 
2.88875 	 0.000e+00 	 0.000e+00 	 0.000e+00 
2.89125 	 0.000e+00 	 0.000e+00 	 0.000e+00 
2.89375 	 0.000e+00 	 0.000e+00 	 0.000e+00 
2.89625 	 0.000e+00 	 0.000e+00 	 0.000e+00 
2.89875 	 0.000e+00 	 0.000e+00 	 0.000e+00 
2.90125 	 0.000e+00 	 0.000e+00 	 0.000e+00 
2.90375 	 0.000e+00 	 0.000e+00 	 0.000e+00 
2.90625 	 0.000e+00 	 0.000e+00 	 0.000e+00 
2.90875 	 0.000e+00 	 0.000e+00 	 0.000e+00 
2.91125 	 0.000e+00 	 0.000e+00 	 0.000e+00 
2.91375 	 0.000e+00 	 0.000e+00 	 0.000e+00 
2.91625 	 0.000e+00 	 0.000e+00 	 0.000e+00 
2.91875 	 0.000e+00 	 0.000e+00 	 0.000e+00 
2.92125 	 0.000e+00 	 0.000e+00 	 0.000e+00 
2.92375 	 0.000e+00 	 0.000e+00 	 0.000e+00 
2.92625 	 0.000e+00 	 0.000e+00 	 0.000e+00 
2.92875 	 0.000e+00 	 0.000e+00 	 0.000e+00 
2.93125 	 0.000e+00 	 0.000e+00 	 0.000e+00 
2.93375 	 0.000e+00 	 0.000e+00 	 0.000e+00 
2.93625 	 0.000e+00 	 0.000e+00 	 0.000e+00 
2.93875 	 0.000e+00 	 0.000e+00 	 0.000e+00 
2.94125 	 0.000e+00 	 0.000e+00 	 0.000e+00 
2.94375 	 0.000e+00 	 0.000e+00 	 0.000e+00 
2.94625 	 0.000e+00 	 0.000e+00 	 0.000e+00 
2.94875 	 0.000e+00 	 0.000e+00 	 0.000e+00 
2.95125 	 0.000e+00 	 0.000e+00 	 0.000e+00 
2.95375 	 0.000e+00 	 0.000e+00 	 0.000e+00 
2.95625 	 0.000e+00 	 0.000e+00 	 0.000e+00 
2.95875 	 0.000e+00 	 0.000e+00 	 0.000e+00 
2.96125 	 0.000e+00 	 0.000e+00 	 0.000e+00 
2.96375 	 0.000e+00 	 0.000e+00 	 0.000e+00 
2.96625 	 0.000e+00 	 0.000e+00 	 0.000e+00 
2.96875 	 0.000e+00 	 0.000e+00 	 0.000e+00 
2.97125 	 0.000e+00 	 0.000e+00 	 0.000e+00 
2.97375 	 0.000e+00 	 0.000e+00 	 0.000e+00 
2.97625 	 0.000e+00 	 0.000e+00 	 0.000e+00 
2.97875 	 0.000e+00 	 0.000e+00 	 0.000e+00 
2.98125 	 0.000e+00 	 0.000e+00 	 0.000e+00 
2.98375 	 0.000e+00 	 0.000e+00 	 0.000e+00 
2.98625 	 0.000e+00 	 0.000e+00 	 0.000e+00 
2.98875 	 0.000e+00 	 0.000e+00 	 0.000e+00 
2.99125 	 0.000e+00 	 0.000e+00 	 0.000e+00 
2.99375 	 0.000e+00 	 0.000e+00 	 0.000e+00 
2.99625 	 0.000e+00 	 0.000e+00 	 0.000e+00 
2.99875 	 0.000e+00 	 0.000e+00 	 0.000e+00 
3.00125 	 0.000e+00 	 0.000e+00 	 0.000e+00 
3.00375 	 0.000e+00 	 0.000e+00 	 0.000e+00 
3.00625 	 0.000e+00 	 0.000e+00 	 0.000e+00 
3.00875 	 0.000e+00 	 0.000e+00 	 0.000e+00 
3.01125 	 0.000e+00 	 0.000e+00 	 0.000e+00 
3.01375 	 0.000e+00 	 0.000e+00 	 0.000e+00 
3.01625 	 0.000e+00 	 0.000e+00 	 0.000e+00 
3.01875 	 0.000e+00 	 0.000e+00 	 0.000e+00 
3.02125 	 0.000e+00 	 0.000e+00 	 0.000e+00 
3.02375 	 0.000e+00 	 0.000e+00 	 0.000e+00 
3.02625 	 0.000e+00 	 0.000e+00 	 0.000e+00 
3.02875 	 0.000e+00 	 0.000e+00 	 0.000e+00 
3.03125 	 0.000e+00 	 0.000e+00 	 0.000e+00 
3.03375 	 0.000e+00 	 0.000e+00 	 0.000e+00 
3.03625 	 0.000e+00 	 0.000e+00 	 0.000e+00 
3.03875 	 0.000e+00 	 0.000e+00 	 0.000e+00 
3.04125 	 0.000e+00 	 0.000e+00 	 0.000e+00 
3.04375 	 0.000e+00 	 0.000e+00 	 0.000e+00 
3.04625 	 0.000e+00 	 0.000e+00 	 0.000e+00 
3.04875 	 0.000e+00 	 0.000e+00 	 0.000e+00 
3.05125 	 0.000e+00 	 0.000e+00 	 0.000e+00 
3.05375 	 0.000e+00 	 0.000e+00 	 0.000e+00 
3.05625 	 0.000e+00 	 0.000e+00 	 0.000e+00 
3.05875 	 0.000e+00 	 0.000e+00 	 0.000e+00 
3.06125 	 0.000e+00 	 0.000e+00 	 0.000e+00 
3.06375 	 0.000e+00 	 0.000e+00 	 0.000e+00 
3.06625 	 0.000e+00 	 0.000e+00 	 0.000e+00 
3.06875 	 0.000e+00 	 0.000e+00 	 0.000e+00 
3.07125 	 0.000e+00 	 0.000e+00 	 0.000e+00 
3.07375 	 0.000e+00 	 0.000e+00 	 0.000e+00 
3.07625 	 0.000e+00 	 0.000e+00 	 0.000e+00 
3.07875 	 0.000e+00 	 0.000e+00 	 0.000e+00 
3.08125 	 0.000e+00 	 0.000e+00 	 0.000e+00 
3.08375 	 0.000e+00 	 0.000e+00 	 0.000e+00 
3.08625 	 0.000e+00 	 0.000e+00 	 0.000e+00 
3.08875 	 0.000e+00 	 0.000e+00 	 0.000e+00 
3.09125 	 0.000e+00 	 0.000e+00 	 0.000e+00 
3.09375 	 0.000e+00 	 0.000e+00 	 0.000e+00 
3.09625 	 0.000e+00 	 0.000e+00 	 0.000e+00 
3.09875 	 0.000e+00 	 0.000e+00 	 0.000e+00 
3.10125 	 0.000e+00 	 0.000e+00 	 0.000e+00 
3.10375 	 0.000e+00 	 0.000e+00 	 0.000e+00 
3.10625 	 0.000e+00 	 0.000e+00 	 0.000e+00 
3.10875 	 0.000e+00 	 0.000e+00 	 0.000e+00 
3.11125 	 0.000e+00 	 0.000e+00 	 0.000e+00 
3.11375 	 0.000e+00 	 0.000e+00 	 0.000e+00 
3.11625 	 0.000e+00 	 0.000e+00 	 0.000e+00 
3.11875 	 0.000e+00 	 0.000e+00 	 0.000e+00 
3.12125 	 0.000e+00 	 0.000e+00 	 0.000e+00 
3.12375 	 0.000e+00 	 0.000e+00 	 0.000e+00 
3.12625 	 0.000e+00 	 0.000e+00 	 0.000e+00 
3.12875 	 0.000e+00 	 0.000e+00 	 0.000e+00 
3.13125 	 0.000e+00 	 0.000e+00 	 0.000e+00 
3.13375 	 0.000e+00 	 0.000e+00 	 0.000e+00 
3.13625 	 0.000e+00 	 0.000e+00 	 0.000e+00 
3.13875 	 0.000e+00 	 0.000e+00 	 0.000e+00 
3.14125 	 0.000e+00 	 0.000e+00 	 0.000e+00 
3.14375 	 0.000e+00 	 0.000e+00 	 0.000e+00 
3.14625 	 0.000e+00 	 0.000e+00 	 0.000e+00 
3.14875 	 0.000e+00 	 0.000e+00 	 0.000e+00 
3.15125 	 0.000e+00 	 0.000e+00 	 0.000e+00 
3.15375 	 0.000e+00 	 0.000e+00 	 0.000e+00 
3.15625 	 0.000e+00 	 0.000e+00 	 0.000e+00 
3.15875 	 0.000e+00 	 0.000e+00 	 0.000e+00 
3.16125 	 0.000e+00 	 0.000e+00 	 0.000e+00 
3.16375 	 0.000e+00 	 0.000e+00 	 0.000e+00 
3.16625 	 0.000e+00 	 0.000e+00 	 0.000e+00 
3.16875 	 0.000e+00 	 0.000e+00 	 0.000e+00 
3.17125 	 0.000e+00 	 0.000e+00 	 0.000e+00 
3.17375 	 0.000e+00 	 0.000e+00 	 0.000e+00 
3.17625 	 0.000e+00 	 0.000e+00 	 0.000e+00 
3.17875 	 0.000e+00 	 0.000e+00 	 0.000e+00 
3.18125 	 0.000e+00 	 0.000e+00 	 0.000e+00 
3.18375 	 0.000e+00 	 0.000e+00 	 0.000e+00 
3.18625 	 0.000e+00 	 0.000e+00 	 0.000e+00 
3.18875 	 0.000e+00 	 0.000e+00 	 0.000e+00 
3.19125 	 0.000e+00 	 0.000e+00 	 0.000e+00 
3.19375 	 0.000e+00 	 0.000e+00 	 0.000e+00 
3.19625 	 0.000e+00 	 0.000e+00 	 0.000e+00 
3.19875 	 0.000e+00 	 0.000e+00 	 0.000e+00 
3.20125 	 0.000e+00 	 0.000e+00 	 0.000e+00 
3.20375 	 0.000e+00 	 0.000e+00 	 0.000e+00 
3.20625 	 0.000e+00 	 0.000e+00 	 0.000e+00 
3.20875 	 0.000e+00 	 0.000e+00 	 0.000e+00 
3.21125 	 0.000e+00 	 0.000e+00 	 0.000e+00 
3.21375 	 0.000e+00 	 0.000e+00 	 0.000e+00 
3.21625 	 0.000e+00 	 0.000e+00 	 0.000e+00 
3.21875 	 0.000e+00 	 0.000e+00 	 0.000e+00 
3.22125 	 0.000e+00 	 0.000e+00 	 0.000e+00 
3.22375 	 0.000e+00 	 0.000e+00 	 0.000e+00 
3.22625 	 0.000e+00 	 0.000e+00 	 0.000e+00 
3.22875 	 0.000e+00 	 0.000e+00 	 0.000e+00 
3.23125 	 0.000e+00 	 0.000e+00 	 0.000e+00 
3.23375 	 0.000e+00 	 0.000e+00 	 0.000e+00 
3.23625 	 0.000e+00 	 0.000e+00 	 0.000e+00 
3.23875 	 0.000e+00 	 0.000e+00 	 0.000e+00 
3.24125 	 0.000e+00 	 0.000e+00 	 0.000e+00 
3.24375 	 0.000e+00 	 0.000e+00 	 0.000e+00 
3.24625 	 0.000e+00 	 0.000e+00 	 0.000e+00 
3.24875 	 0.000e+00 	 0.000e+00 	 0.000e+00 
3.25125 	 0.000e+00 	 0.000e+00 	 0.000e+00 
3.25375 	 0.000e+00 	 0.000e+00 	 0.000e+00 
3.25625 	 0.000e+00 	 0.000e+00 	 0.000e+00 
3.25875 	 0.000e+00 	 0.000e+00 	 0.000e+00 
3.26125 	 0.000e+00 	 0.000e+00 	 0.000e+00 
3.26375 	 0.000e+00 	 0.000e+00 	 0.000e+00 
3.26625 	 0.000e+00 	 0.000e+00 	 0.000e+00 
3.26875 	 0.000e+00 	 0.000e+00 	 0.000e+00 
3.27125 	 0.000e+00 	 0.000e+00 	 0.000e+00 
3.27375 	 0.000e+00 	 0.000e+00 	 0.000e+00 
3.27625 	 0.000e+00 	 0.000e+00 	 0.000e+00 
3.27875 	 0.000e+00 	 0.000e+00 	 0.000e+00 
3.28125 	 0.000e+00 	 0.000e+00 	 0.000e+00 
3.28375 	 0.000e+00 	 0.000e+00 	 0.000e+00 
3.28625 	 0.000e+00 	 0.000e+00 	 0.000e+00 
3.28875 	 0.000e+00 	 0.000e+00 	 0.000e+00 
3.29125 	 0.000e+00 	 0.000e+00 	 0.000e+00 
3.29375 	 0.000e+00 	 0.000e+00 	 0.000e+00 
3.29625 	 0.000e+00 	 0.000e+00 	 0.000e+00 
3.29875 	 0.000e+00 	 0.000e+00 	 0.000e+00 
3.30125 	 0.000e+00 	 0.000e+00 	 0.000e+00 
3.30375 	 0.000e+00 	 0.000e+00 	 0.000e+00 
3.30625 	 0.000e+00 	 0.000e+00 	 0.000e+00 
3.30875 	 0.000e+00 	 0.000e+00 	 0.000e+00 
3.31125 	 0.000e+00 	 0.000e+00 	 0.000e+00 
3.31375 	 0.000e+00 	 0.000e+00 	 0.000e+00 
3.31625 	 0.000e+00 	 0.000e+00 	 0.000e+00 
3.31875 	 0.000e+00 	 0.000e+00 	 0.000e+00 
3.32125 	 0.000e+00 	 0.000e+00 	 0.000e+00 
3.32375 	 0.000e+00 	 0.000e+00 	 0.000e+00 
3.32625 	 0.000e+00 	 0.000e+00 	 0.000e+00 
3.32875 	 0.000e+00 	 0.000e+00 	 0.000e+00 
3.33125 	 0.000e+00 	 0.000e+00 	 0.000e+00 
3.33375 	 0.000e+00 	 0.000e+00 	 0.000e+00 
3.33625 	 0.000e+00 	 0.000e+00 	 0.000e+00 
3.33875 	 0.000e+00 	 0.000e+00 	 0.000e+00 
3.34125 	 0.000e+00 	 0.000e+00 	 0.000e+00 
3.34375 	 0.000e+00 	 0.000e+00 	 0.000e+00 
3.34625 	 0.000e+00 	 0.000e+00 	 0.000e+00 
3.34875 	 0.000e+00 	 0.000e+00 	 0.000e+00 
3.35125 	 0.000e+00 	 0.000e+00 	 0.000e+00 
3.35375 	 0.000e+00 	 0.000e+00 	 0.000e+00 
3.35625 	 0.000e+00 	 0.000e+00 	 0.000e+00 
3.35875 	 0.000e+00 	 0.000e+00 	 0.000e+00 
3.36125 	 0.000e+00 	 0.000e+00 	 0.000e+00 
3.36375 	 0.000e+00 	 0.000e+00 	 0.000e+00 
3.36625 	 0.000e+00 	 0.000e+00 	 0.000e+00 
3.36875 	 0.000e+00 	 0.000e+00 	 0.000e+00 
3.37125 	 0.000e+00 	 0.000e+00 	 0.000e+00 
3.37375 	 0.000e+00 	 0.000e+00 	 0.000e+00 
3.37625 	 0.000e+00 	 0.000e+00 	 0.000e+00 
3.37875 	 0.000e+00 	 0.000e+00 	 0.000e+00 
3.38125 	 0.000e+00 	 0.000e+00 	 0.000e+00 
3.38375 	 0.000e+00 	 0.000e+00 	 0.000e+00 
3.38625 	 0.000e+00 	 0.000e+00 	 0.000e+00 
3.38875 	 0.000e+00 	 0.000e+00 	 0.000e+00 
3.39125 	 0.000e+00 	 0.000e+00 	 0.000e+00 
3.39375 	 0.000e+00 	 0.000e+00 	 0.000e+00 
3.39625 	 0.000e+00 	 0.000e+00 	 0.000e+00 
3.39875 	 0.000e+00 	 0.000e+00 	 0.000e+00 
3.40125 	 0.000e+00 	 0.000e+00 	 0.000e+00 
3.40375 	 0.000e+00 	 0.000e+00 	 0.000e+00 
3.40625 	 0.000e+00 	 0.000e+00 	 0.000e+00 
3.40875 	 0.000e+00 	 0.000e+00 	 0.000e+00 
3.41125 	 0.000e+00 	 0.000e+00 	 0.000e+00 
3.41375 	 0.000e+00 	 0.000e+00 	 0.000e+00 
3.41625 	 0.000e+00 	 0.000e+00 	 0.000e+00 
3.41875 	 0.000e+00 	 0.000e+00 	 0.000e+00 
3.42125 	 0.000e+00 	 0.000e+00 	 0.000e+00 
3.42375 	 0.000e+00 	 0.000e+00 	 0.000e+00 
3.42625 	 0.000e+00 	 0.000e+00 	 0.000e+00 
3.42875 	 0.000e+00 	 0.000e+00 	 0.000e+00 
3.43125 	 0.000e+00 	 0.000e+00 	 0.000e+00 
3.43375 	 0.000e+00 	 0.000e+00 	 0.000e+00 
3.43625 	 0.000e+00 	 0.000e+00 	 0.000e+00 
3.43875 	 0.000e+00 	 0.000e+00 	 0.000e+00 
3.44125 	 0.000e+00 	 0.000e+00 	 0.000e+00 
3.44375 	 0.000e+00 	 0.000e+00 	 0.000e+00 
3.44625 	 0.000e+00 	 0.000e+00 	 0.000e+00 
3.44875 	 0.000e+00 	 0.000e+00 	 0.000e+00 
3.45125 	 0.000e+00 	 0.000e+00 	 0.000e+00 
3.45375 	 0.000e+00 	 0.000e+00 	 0.000e+00 
3.45625 	 0.000e+00 	 0.000e+00 	 0.000e+00 
3.45875 	 0.000e+00 	 0.000e+00 	 0.000e+00 
3.46125 	 0.000e+00 	 0.000e+00 	 0.000e+00 
3.46375 	 0.000e+00 	 0.000e+00 	 0.000e+00 
3.46625 	 0.000e+00 	 0.000e+00 	 0.000e+00 
3.46875 	 0.000e+00 	 0.000e+00 	 0.000e+00 
3.47125 	 0.000e+00 	 0.000e+00 	 0.000e+00 
3.47375 	 0.000e+00 	 0.000e+00 	 0.000e+00 
3.47625 	 0.000e+00 	 0.000e+00 	 0.000e+00 
3.47875 	 0.000e+00 	 0.000e+00 	 0.000e+00 
3.48125 	 0.000e+00 	 0.000e+00 	 0.000e+00 
3.48375 	 0.000e+00 	 0.000e+00 	 0.000e+00 
3.48625 	 0.000e+00 	 0.000e+00 	 0.000e+00 
3.48875 	 0.000e+00 	 0.000e+00 	 0.000e+00 
3.49125 	 0.000e+00 	 0.000e+00 	 0.000e+00 
3.49375 	 0.000e+00 	 0.000e+00 	 0.000e+00 
3.49625 	 0.000e+00 	 0.000e+00 	 0.000e+00 
3.49875 	 0.000e+00 	 0.000e+00 	 0.000e+00 
3.50125 	 0.000e+00 	 0.000e+00 	 0.000e+00 
3.50375 	 0.000e+00 	 0.000e+00 	 0.000e+00 
3.50625 	 0.000e+00 	 0.000e+00 	 0.000e+00 
3.50875 	 0.000e+00 	 0.000e+00 	 0.000e+00 
3.51125 	 0.000e+00 	 0.000e+00 	 0.000e+00 
3.51375 	 0.000e+00 	 0.000e+00 	 0.000e+00 
3.51625 	 0.000e+00 	 0.000e+00 	 0.000e+00 
3.51875 	 0.000e+00 	 0.000e+00 	 0.000e+00 
3.52125 	 0.000e+00 	 0.000e+00 	 0.000e+00 
3.52375 	 0.000e+00 	 0.000e+00 	 0.000e+00 
3.52625 	 0.000e+00 	 0.000e+00 	 0.000e+00 
3.52875 	 0.000e+00 	 0.000e+00 	 0.000e+00 
3.53125 	 0.000e+00 	 0.000e+00 	 0.000e+00 
3.53375 	 0.000e+00 	 0.000e+00 	 0.000e+00 
3.53625 	 0.000e+00 	 0.000e+00 	 0.000e+00 
3.53875 	 0.000e+00 	 0.000e+00 	 0.000e+00 
3.54125 	 0.000e+00 	 0.000e+00 	 0.000e+00 
3.54375 	 0.000e+00 	 0.000e+00 	 0.000e+00 
3.54625 	 0.000e+00 	 0.000e+00 	 0.000e+00 
3.54875 	 0.000e+00 	 0.000e+00 	 0.000e+00 
3.55125 	 0.000e+00 	 0.000e+00 	 0.000e+00 
3.55375 	 0.000e+00 	 0.000e+00 	 0.000e+00 
3.55625 	 0.000e+00 	 0.000e+00 	 0.000e+00 
3.55875 	 0.000e+00 	 0.000e+00 	 0.000e+00 
3.56125 	 0.000e+00 	 0.000e+00 	 0.000e+00 
3.56375 	 0.000e+00 	 0.000e+00 	 0.000e+00 
3.56625 	 0.000e+00 	 0.000e+00 	 0.000e+00 
3.56875 	 0.000e+00 	 0.000e+00 	 0.000e+00 
3.57125 	 0.000e+00 	 0.000e+00 	 0.000e+00 
3.57375 	 0.000e+00 	 0.000e+00 	 0.000e+00 
3.57625 	 0.000e+00 	 0.000e+00 	 0.000e+00 
3.57875 	 0.000e+00 	 0.000e+00 	 0.000e+00 
3.58125 	 0.000e+00 	 0.000e+00 	 0.000e+00 
3.58375 	 0.000e+00 	 0.000e+00 	 0.000e+00 
3.58625 	 0.000e+00 	 0.000e+00 	 0.000e+00 
3.58875 	 0.000e+00 	 0.000e+00 	 0.000e+00 
3.59125 	 0.000e+00 	 0.000e+00 	 0.000e+00 
3.59375 	 0.000e+00 	 0.000e+00 	 0.000e+00 
3.59625 	 0.000e+00 	 0.000e+00 	 0.000e+00 
3.59875 	 0.000e+00 	 0.000e+00 	 0.000e+00 
3.60125 	 0.000e+00 	 0.000e+00 	 0.000e+00 
3.60375 	 0.000e+00 	 0.000e+00 	 0.000e+00 
3.60625 	 0.000e+00 	 0.000e+00 	 0.000e+00 
3.60875 	 0.000e+00 	 0.000e+00 	 0.000e+00 
3.61125 	 0.000e+00 	 0.000e+00 	 0.000e+00 
3.61375 	 0.000e+00 	 0.000e+00 	 0.000e+00 
3.61625 	 0.000e+00 	 0.000e+00 	 0.000e+00 
3.61875 	 0.000e+00 	 0.000e+00 	 0.000e+00 
3.62125 	 0.000e+00 	 0.000e+00 	 0.000e+00 
3.62375 	 0.000e+00 	 0.000e+00 	 0.000e+00 
3.62625 	 0.000e+00 	 0.000e+00 	 0.000e+00 
3.62875 	 0.000e+00 	 0.000e+00 	 0.000e+00 
3.63125 	 0.000e+00 	 0.000e+00 	 0.000e+00 
3.63375 	 0.000e+00 	 0.000e+00 	 0.000e+00 
3.63625 	 0.000e+00 	 0.000e+00 	 0.000e+00 
3.63875 	 0.000e+00 	 0.000e+00 	 0.000e+00 
3.64125 	 0.000e+00 	 0.000e+00 	 0.000e+00 
3.64375 	 0.000e+00 	 0.000e+00 	 0.000e+00 
3.64625 	 0.000e+00 	 0.000e+00 	 0.000e+00 
3.64875 	 0.000e+00 	 0.000e+00 	 0.000e+00 
3.65125 	 0.000e+00 	 0.000e+00 	 0.000e+00 
3.65375 	 0.000e+00 	 0.000e+00 	 0.000e+00 
3.65625 	 0.000e+00 	 0.000e+00 	 0.000e+00 
3.65875 	 0.000e+00 	 0.000e+00 	 0.000e+00 
3.66125 	 0.000e+00 	 0.000e+00 	 0.000e+00 
3.66375 	 0.000e+00 	 0.000e+00 	 0.000e+00 
3.66625 	 0.000e+00 	 0.000e+00 	 0.000e+00 
3.66875 	 0.000e+00 	 0.000e+00 	 0.000e+00 
3.67125 	 0.000e+00 	 0.000e+00 	 0.000e+00 
3.67375 	 0.000e+00 	 0.000e+00 	 0.000e+00 
3.67625 	 0.000e+00 	 0.000e+00 	 0.000e+00 
3.67875 	 0.000e+00 	 0.000e+00 	 0.000e+00 
3.68125 	 0.000e+00 	 0.000e+00 	 0.000e+00 
3.68375 	 0.000e+00 	 0.000e+00 	 0.000e+00 
3.68625 	 0.000e+00 	 0.000e+00 	 0.000e+00 
3.68875 	 0.000e+00 	 0.000e+00 	 0.000e+00 
3.69125 	 0.000e+00 	 0.000e+00 	 0.000e+00 
3.69375 	 0.000e+00 	 0.000e+00 	 0.000e+00 
3.69625 	 0.000e+00 	 0.000e+00 	 0.000e+00 
3.69875 	 0.000e+00 	 0.000e+00 	 0.000e+00 
3.70125 	 0.000e+00 	 0.000e+00 	 0.000e+00 
3.70375 	 0.000e+00 	 0.000e+00 	 0.000e+00 
3.70625 	 0.000e+00 	 0.000e+00 	 0.000e+00 
3.70875 	 0.000e+00 	 0.000e+00 	 0.000e+00 
3.71125 	 0.000e+00 	 0.000e+00 	 0.000e+00 
3.71375 	 0.000e+00 	 0.000e+00 	 0.000e+00 
3.71625 	 0.000e+00 	 0.000e+00 	 0.000e+00 
3.71875 	 0.000e+00 	 0.000e+00 	 0.000e+00 
3.72125 	 0.000e+00 	 0.000e+00 	 0.000e+00 
3.72375 	 0.000e+00 	 0.000e+00 	 0.000e+00 
3.72625 	 0.000e+00 	 0.000e+00 	 0.000e+00 
3.72875 	 0.000e+00 	 0.000e+00 	 0.000e+00 
3.73125 	 0.000e+00 	 0.000e+00 	 0.000e+00 
3.73375 	 0.000e+00 	 0.000e+00 	 0.000e+00 
3.73625 	 0.000e+00 	 0.000e+00 	 0.000e+00 
3.73875 	 0.000e+00 	 0.000e+00 	 0.000e+00 
3.74125 	 0.000e+00 	 0.000e+00 	 0.000e+00 
3.74375 	 0.000e+00 	 0.000e+00 	 0.000e+00 
3.74625 	 0.000e+00 	 0.000e+00 	 0.000e+00 
3.74875 	 0.000e+00 	 0.000e+00 	 0.000e+00 
3.75125 	 0.000e+00 	 0.000e+00 	 0.000e+00 
3.75375 	 0.000e+00 	 0.000e+00 	 0.000e+00 
3.75625 	 0.000e+00 	 0.000e+00 	 0.000e+00 
3.75875 	 0.000e+00 	 0.000e+00 	 0.000e+00 
3.76125 	 0.000e+00 	 0.000e+00 	 0.000e+00 
3.76375 	 0.000e+00 	 0.000e+00 	 0.000e+00 
3.76625 	 0.000e+00 	 0.000e+00 	 0.000e+00 
3.76875 	 0.000e+00 	 0.000e+00 	 0.000e+00 
3.77125 	 0.000e+00 	 0.000e+00 	 0.000e+00 
3.77375 	 0.000e+00 	 0.000e+00 	 0.000e+00 
3.77625 	 0.000e+00 	 0.000e+00 	 0.000e+00 
3.77875 	 0.000e+00 	 0.000e+00 	 0.000e+00 
3.78125 	 0.000e+00 	 0.000e+00 	 0.000e+00 
3.78375 	 0.000e+00 	 0.000e+00 	 0.000e+00 
3.78625 	 0.000e+00 	 0.000e+00 	 0.000e+00 
3.78875 	 0.000e+00 	 0.000e+00 	 0.000e+00 
3.79125 	 0.000e+00 	 0.000e+00 	 0.000e+00 
3.79375 	 0.000e+00 	 0.000e+00 	 0.000e+00 
3.79625 	 0.000e+00 	 0.000e+00 	 0.000e+00 
3.79875 	 0.000e+00 	 0.000e+00 	 0.000e+00 
3.80125 	 0.000e+00 	 0.000e+00 	 0.000e+00 
3.80375 	 0.000e+00 	 0.000e+00 	 0.000e+00 
3.80625 	 0.000e+00 	 0.000e+00 	 0.000e+00 
3.80875 	 0.000e+00 	 0.000e+00 	 0.000e+00 
3.81125 	 0.000e+00 	 0.000e+00 	 0.000e+00 
3.81375 	 0.000e+00 	 0.000e+00 	 0.000e+00 
3.81625 	 0.000e+00 	 0.000e+00 	 0.000e+00 
3.81875 	 0.000e+00 	 0.000e+00 	 0.000e+00 
3.82125 	 0.000e+00 	 0.000e+00 	 0.000e+00 
3.82375 	 0.000e+00 	 0.000e+00 	 0.000e+00 
3.82625 	 0.000e+00 	 0.000e+00 	 0.000e+00 
3.82875 	 0.000e+00 	 0.000e+00 	 0.000e+00 
3.83125 	 0.000e+00 	 0.000e+00 	 0.000e+00 
3.83375 	 0.000e+00 	 0.000e+00 	 0.000e+00 
3.83625 	 0.000e+00 	 0.000e+00 	 0.000e+00 
3.83875 	 0.000e+00 	 0.000e+00 	 0.000e+00 
3.84125 	 0.000e+00 	 0.000e+00 	 0.000e+00 
3.84375 	 0.000e+00 	 0.000e+00 	 0.000e+00 
3.84625 	 0.000e+00 	 0.000e+00 	 0.000e+00 
3.84875 	 0.000e+00 	 0.000e+00 	 0.000e+00 
3.85125 	 0.000e+00 	 0.000e+00 	 0.000e+00 
3.85375 	 0.000e+00 	 0.000e+00 	 0.000e+00 
3.85625 	 0.000e+00 	 0.000e+00 	 0.000e+00 
3.85875 	 0.000e+00 	 0.000e+00 	 0.000e+00 
3.86125 	 0.000e+00 	 0.000e+00 	 0.000e+00 
3.86375 	 0.000e+00 	 0.000e+00 	 0.000e+00 
3.86625 	 0.000e+00 	 0.000e+00 	 0.000e+00 
3.86875 	 0.000e+00 	 0.000e+00 	 0.000e+00 
3.87125 	 0.000e+00 	 0.000e+00 	 0.000e+00 
3.87375 	 0.000e+00 	 0.000e+00 	 0.000e+00 
3.87625 	 0.000e+00 	 0.000e+00 	 0.000e+00 
3.87875 	 0.000e+00 	 0.000e+00 	 0.000e+00 
3.88125 	 0.000e+00 	 0.000e+00 	 0.000e+00 
3.88375 	 0.000e+00 	 0.000e+00 	 0.000e+00 
3.88625 	 0.000e+00 	 0.000e+00 	 0.000e+00 
3.88875 	 0.000e+00 	 0.000e+00 	 0.000e+00 
3.89125 	 0.000e+00 	 0.000e+00 	 0.000e+00 
3.89375 	 0.000e+00 	 0.000e+00 	 0.000e+00 
3.89625 	 0.000e+00 	 0.000e+00 	 0.000e+00 
3.89875 	 0.000e+00 	 0.000e+00 	 0.000e+00 
3.90125 	 0.000e+00 	 0.000e+00 	 0.000e+00 
3.90375 	 0.000e+00 	 0.000e+00 	 0.000e+00 
3.90625 	 0.000e+00 	 0.000e+00 	 0.000e+00 
3.90875 	 0.000e+00 	 0.000e+00 	 0.000e+00 
3.91125 	 0.000e+00 	 0.000e+00 	 0.000e+00 
3.91375 	 0.000e+00 	 0.000e+00 	 0.000e+00 
3.91625 	 0.000e+00 	 0.000e+00 	 0.000e+00 
3.91875 	 0.000e+00 	 0.000e+00 	 0.000e+00 
3.92125 	 0.000e+00 	 0.000e+00 	 0.000e+00 
3.92375 	 0.000e+00 	 0.000e+00 	 0.000e+00 
3.92625 	 0.000e+00 	 0.000e+00 	 0.000e+00 
3.92875 	 0.000e+00 	 0.000e+00 	 0.000e+00 
3.93125 	 0.000e+00 	 0.000e+00 	 0.000e+00 
3.93375 	 0.000e+00 	 0.000e+00 	 0.000e+00 
3.93625 	 0.000e+00 	 0.000e+00 	 0.000e+00 
3.93875 	 0.000e+00 	 0.000e+00 	 0.000e+00 
3.94125 	 0.000e+00 	 0.000e+00 	 0.000e+00 
3.94375 	 0.000e+00 	 0.000e+00 	 0.000e+00 
3.94625 	 0.000e+00 	 0.000e+00 	 0.000e+00 
3.94875 	 0.000e+00 	 0.000e+00 	 0.000e+00 
3.95125 	 0.000e+00 	 0.000e+00 	 0.000e+00 
3.95375 	 0.000e+00 	 0.000e+00 	 0.000e+00 
3.95625 	 0.000e+00 	 0.000e+00 	 0.000e+00 
3.95875 	 0.000e+00 	 0.000e+00 	 0.000e+00 
3.96125 	 0.000e+00 	 0.000e+00 	 0.000e+00 
3.96375 	 0.000e+00 	 0.000e+00 	 0.000e+00 
3.96625 	 0.000e+00 	 0.000e+00 	 0.000e+00 
3.96875 	 0.000e+00 	 0.000e+00 	 0.000e+00 
3.97125 	 0.000e+00 	 0.000e+00 	 0.000e+00 
3.97375 	 0.000e+00 	 0.000e+00 	 0.000e+00 
3.97625 	 0.000e+00 	 0.000e+00 	 0.000e+00 
3.97875 	 0.000e+00 	 0.000e+00 	 0.000e+00 
3.98125 	 0.000e+00 	 0.000e+00 	 0.000e+00 
3.98375 	 0.000e+00 	 0.000e+00 	 0.000e+00 
3.98625 	 0.000e+00 	 0.000e+00 	 0.000e+00 
3.98875 	 0.000e+00 	 0.000e+00 	 0.000e+00 
3.99125 	 0.000e+00 	 0.000e+00 	 0.000e+00 
3.99375 	 0.000e+00 	 0.000e+00 	 0.000e+00 
3.99625 	 0.000e+00 	 0.000e+00 	 0.000e+00 
3.99875 	 0.000e+00 	 0.000e+00 	 0.000e+00 
4.00125 	 0.000e+00 	 0.000e+00 	 0.000e+00 
4.00375 	 0.000e+00 	 0.000e+00 	 0.000e+00 
4.00625 	 0.000e+00 	 0.000e+00 	 0.000e+00 
4.00875 	 0.000e+00 	 0.000e+00 	 0.000e+00 
4.01125 	 0.000e+00 	 0.000e+00 	 0.000e+00 
4.01375 	 0.000e+00 	 0.000e+00 	 0.000e+00 
4.01625 	 0.000e+00 	 0.000e+00 	 0.000e+00 
4.01875 	 0.000e+00 	 0.000e+00 	 0.000e+00 
4.02125 	 0.000e+00 	 0.000e+00 	 0.000e+00 
4.02375 	 0.000e+00 	 0.000e+00 	 0.000e+00 
4.02625 	 0.000e+00 	 0.000e+00 	 0.000e+00 
4.02875 	 0.000e+00 	 0.000e+00 	 0.000e+00 
4.03125 	 0.000e+00 	 0.000e+00 	 0.000e+00 
4.03375 	 0.000e+00 	 0.000e+00 	 0.000e+00 
4.03625 	 0.000e+00 	 0.000e+00 	 0.000e+00 
4.03875 	 0.000e+00 	 0.000e+00 	 0.000e+00 
4.04125 	 0.000e+00 	 0.000e+00 	 0.000e+00 
4.04375 	 0.000e+00 	 0.000e+00 	 0.000e+00 
4.04625 	 0.000e+00 	 0.000e+00 	 0.000e+00 
4.04875 	 0.000e+00 	 0.000e+00 	 0.000e+00 
4.05125 	 0.000e+00 	 0.000e+00 	 0.000e+00 
4.05375 	 0.000e+00 	 0.000e+00 	 0.000e+00 
4.05625 	 0.000e+00 	 0.000e+00 	 0.000e+00 
4.05875 	 0.000e+00 	 0.000e+00 	 0.000e+00 
4.06125 	 0.000e+00 	 0.000e+00 	 0.000e+00 
4.06375 	 0.000e+00 	 0.000e+00 	 0.000e+00 
4.06625 	 0.000e+00 	 0.000e+00 	 0.000e+00 
4.06875 	 0.000e+00 	 0.000e+00 	 0.000e+00 
4.07125 	 0.000e+00 	 0.000e+00 	 0.000e+00 
4.07375 	 0.000e+00 	 0.000e+00 	 0.000e+00 
4.07625 	 0.000e+00 	 0.000e+00 	 0.000e+00 
4.07875 	 0.000e+00 	 0.000e+00 	 0.000e+00 
4.08125 	 0.000e+00 	 0.000e+00 	 0.000e+00 
4.08375 	 0.000e+00 	 0.000e+00 	 0.000e+00 
4.08625 	 0.000e+00 	 0.000e+00 	 0.000e+00 
4.08875 	 0.000e+00 	 0.000e+00 	 0.000e+00 
4.09125 	 0.000e+00 	 0.000e+00 	 0.000e+00 
4.09375 	 0.000e+00 	 0.000e+00 	 0.000e+00 
4.09625 	 0.000e+00 	 0.000e+00 	 0.000e+00 
4.09875 	 0.000e+00 	 0.000e+00 	 0.000e+00 
4.10125 	 0.000e+00 	 0.000e+00 	 0.000e+00 
4.10375 	 0.000e+00 	 0.000e+00 	 0.000e+00 
4.10625 	 0.000e+00 	 0.000e+00 	 0.000e+00 
4.10875 	 0.000e+00 	 0.000e+00 	 0.000e+00 
4.11125 	 0.000e+00 	 0.000e+00 	 0.000e+00 
4.11375 	 0.000e+00 	 0.000e+00 	 0.000e+00 
4.11625 	 0.000e+00 	 0.000e+00 	 0.000e+00 
4.11875 	 0.000e+00 	 0.000e+00 	 0.000e+00 
4.12125 	 0.000e+00 	 0.000e+00 	 0.000e+00 
4.12375 	 0.000e+00 	 0.000e+00 	 0.000e+00 
4.12625 	 0.000e+00 	 0.000e+00 	 0.000e+00 
4.12875 	 0.000e+00 	 0.000e+00 	 0.000e+00 
4.13125 	 0.000e+00 	 0.000e+00 	 0.000e+00 
4.13375 	 0.000e+00 	 0.000e+00 	 0.000e+00 
4.13625 	 0.000e+00 	 0.000e+00 	 0.000e+00 
4.13875 	 0.000e+00 	 0.000e+00 	 0.000e+00 
4.14125 	 0.000e+00 	 0.000e+00 	 0.000e+00 
4.14375 	 0.000e+00 	 0.000e+00 	 0.000e+00 
4.14625 	 0.000e+00 	 0.000e+00 	 0.000e+00 
4.14875 	 0.000e+00 	 0.000e+00 	 0.000e+00 
4.15125 	 0.000e+00 	 0.000e+00 	 0.000e+00 
4.15375 	 0.000e+00 	 0.000e+00 	 0.000e+00 
4.15625 	 0.000e+00 	 0.000e+00 	 0.000e+00 
4.15875 	 0.000e+00 	 0.000e+00 	 0.000e+00 
4.16125 	 0.000e+00 	 0.000e+00 	 0.000e+00 
4.16375 	 0.000e+00 	 0.000e+00 	 0.000e+00 
4.16625 	 0.000e+00 	 0.000e+00 	 0.000e+00 
4.16875 	 0.000e+00 	 0.000e+00 	 0.000e+00 
4.17125 	 0.000e+00 	 0.000e+00 	 0.000e+00 
4.17375 	 0.000e+00 	 0.000e+00 	 0.000e+00 
4.17625 	 0.000e+00 	 0.000e+00 	 0.000e+00 
4.17875 	 0.000e+00 	 0.000e+00 	 0.000e+00 
4.18125 	 0.000e+00 	 0.000e+00 	 0.000e+00 
4.18375 	 0.000e+00 	 0.000e+00 	 0.000e+00 
4.18625 	 0.000e+00 	 0.000e+00 	 0.000e+00 
4.18875 	 0.000e+00 	 0.000e+00 	 0.000e+00 
4.19125 	 0.000e+00 	 0.000e+00 	 0.000e+00 
4.19375 	 0.000e+00 	 0.000e+00 	 0.000e+00 
4.19625 	 0.000e+00 	 0.000e+00 	 0.000e+00 
4.19875 	 0.000e+00 	 0.000e+00 	 0.000e+00 
4.20125 	 0.000e+00 	 0.000e+00 	 0.000e+00 
4.20375 	 0.000e+00 	 0.000e+00 	 0.000e+00 
4.20625 	 0.000e+00 	 0.000e+00 	 0.000e+00 
4.20875 	 0.000e+00 	 0.000e+00 	 0.000e+00 
4.21125 	 0.000e+00 	 0.000e+00 	 0.000e+00 
4.21375 	 0.000e+00 	 0.000e+00 	 0.000e+00 
4.21625 	 0.000e+00 	 0.000e+00 	 0.000e+00 
4.21875 	 0.000e+00 	 0.000e+00 	 0.000e+00 
4.22125 	 0.000e+00 	 0.000e+00 	 0.000e+00 
4.22375 	 0.000e+00 	 0.000e+00 	 0.000e+00 
4.22625 	 0.000e+00 	 0.000e+00 	 0.000e+00 
4.22875 	 0.000e+00 	 0.000e+00 	 0.000e+00 
4.23125 	 0.000e+00 	 0.000e+00 	 0.000e+00 
4.23375 	 0.000e+00 	 0.000e+00 	 0.000e+00 
4.23625 	 0.000e+00 	 0.000e+00 	 0.000e+00 
4.23875 	 0.000e+00 	 0.000e+00 	 0.000e+00 
4.24125 	 0.000e+00 	 0.000e+00 	 0.000e+00 
4.24375 	 0.000e+00 	 0.000e+00 	 0.000e+00 
4.24625 	 0.000e+00 	 0.000e+00 	 0.000e+00 
4.24875 	 0.000e+00 	 0.000e+00 	 0.000e+00 
4.25125 	 0.000e+00 	 0.000e+00 	 0.000e+00 
4.25375 	 0.000e+00 	 0.000e+00 	 0.000e+00 
4.25625 	 0.000e+00 	 0.000e+00 	 0.000e+00 
4.25875 	 0.000e+00 	 0.000e+00 	 0.000e+00 
4.26125 	 0.000e+00 	 0.000e+00 	 0.000e+00 
4.26375 	 0.000e+00 	 0.000e+00 	 0.000e+00 
4.26625 	 0.000e+00 	 0.000e+00 	 0.000e+00 
4.26875 	 0.000e+00 	 0.000e+00 	 0.000e+00 
4.27125 	 0.000e+00 	 0.000e+00 	 0.000e+00 
4.27375 	 0.000e+00 	 0.000e+00 	 0.000e+00 
4.27625 	 0.000e+00 	 0.000e+00 	 0.000e+00 
4.27875 	 0.000e+00 	 0.000e+00 	 0.000e+00 
4.28125 	 0.000e+00 	 0.000e+00 	 0.000e+00 
4.28375 	 0.000e+00 	 0.000e+00 	 0.000e+00 
4.28625 	 0.000e+00 	 0.000e+00 	 0.000e+00 
4.28875 	 0.000e+00 	 0.000e+00 	 0.000e+00 
4.29125 	 0.000e+00 	 0.000e+00 	 0.000e+00 
4.29375 	 0.000e+00 	 0.000e+00 	 0.000e+00 
4.29625 	 0.000e+00 	 0.000e+00 	 0.000e+00 
4.29875 	 0.000e+00 	 0.000e+00 	 0.000e+00 
4.30125 	 0.000e+00 	 0.000e+00 	 0.000e+00 
4.30375 	 0.000e+00 	 0.000e+00 	 0.000e+00 
4.30625 	 0.000e+00 	 0.000e+00 	 0.000e+00 
4.30875 	 0.000e+00 	 0.000e+00 	 0.000e+00 
4.31125 	 0.000e+00 	 0.000e+00 	 0.000e+00 
4.31375 	 0.000e+00 	 0.000e+00 	 0.000e+00 
4.31625 	 0.000e+00 	 0.000e+00 	 0.000e+00 
4.31875 	 0.000e+00 	 0.000e+00 	 0.000e+00 
4.32125 	 0.000e+00 	 0.000e+00 	 0.000e+00 
4.32375 	 0.000e+00 	 0.000e+00 	 0.000e+00 
4.32625 	 0.000e+00 	 0.000e+00 	 0.000e+00 
4.32875 	 0.000e+00 	 0.000e+00 	 0.000e+00 
4.33125 	 0.000e+00 	 0.000e+00 	 0.000e+00 
4.33375 	 0.000e+00 	 0.000e+00 	 0.000e+00 
4.33625 	 0.000e+00 	 0.000e+00 	 0.000e+00 
4.33875 	 0.000e+00 	 0.000e+00 	 0.000e+00 
4.34125 	 0.000e+00 	 0.000e+00 	 0.000e+00 
4.34375 	 0.000e+00 	 0.000e+00 	 0.000e+00 
4.34625 	 0.000e+00 	 0.000e+00 	 0.000e+00 
4.34875 	 0.000e+00 	 0.000e+00 	 0.000e+00 
4.35125 	 0.000e+00 	 0.000e+00 	 0.000e+00 
4.35375 	 0.000e+00 	 0.000e+00 	 0.000e+00 
4.35625 	 0.000e+00 	 0.000e+00 	 0.000e+00 
4.35875 	 0.000e+00 	 0.000e+00 	 0.000e+00 
4.36125 	 0.000e+00 	 0.000e+00 	 0.000e+00 
4.36375 	 0.000e+00 	 0.000e+00 	 0.000e+00 
4.36625 	 0.000e+00 	 0.000e+00 	 0.000e+00 
4.36875 	 0.000e+00 	 0.000e+00 	 0.000e+00 
4.37125 	 0.000e+00 	 0.000e+00 	 0.000e+00 
4.37375 	 0.000e+00 	 0.000e+00 	 0.000e+00 
4.37625 	 0.000e+00 	 0.000e+00 	 0.000e+00 
4.37875 	 0.000e+00 	 0.000e+00 	 0.000e+00 
4.38125 	 0.000e+00 	 0.000e+00 	 0.000e+00 
4.38375 	 0.000e+00 	 0.000e+00 	 0.000e+00 
4.38625 	 0.000e+00 	 0.000e+00 	 0.000e+00 
4.38875 	 0.000e+00 	 0.000e+00 	 0.000e+00 
4.39125 	 0.000e+00 	 0.000e+00 	 0.000e+00 
4.39375 	 0.000e+00 	 0.000e+00 	 0.000e+00 
4.39625 	 0.000e+00 	 0.000e+00 	 0.000e+00 
4.39875 	 0.000e+00 	 0.000e+00 	 0.000e+00 
4.40125 	 0.000e+00 	 0.000e+00 	 0.000e+00 
4.40375 	 0.000e+00 	 0.000e+00 	 0.000e+00 
4.40625 	 0.000e+00 	 0.000e+00 	 0.000e+00 
4.40875 	 0.000e+00 	 0.000e+00 	 0.000e+00 
4.41125 	 0.000e+00 	 0.000e+00 	 0.000e+00 
4.41375 	 0.000e+00 	 0.000e+00 	 0.000e+00 
4.41625 	 0.000e+00 	 0.000e+00 	 0.000e+00 
4.41875 	 0.000e+00 	 0.000e+00 	 0.000e+00 
4.42125 	 0.000e+00 	 0.000e+00 	 0.000e+00 
4.42375 	 0.000e+00 	 0.000e+00 	 0.000e+00 
4.42625 	 0.000e+00 	 0.000e+00 	 0.000e+00 
4.42875 	 0.000e+00 	 0.000e+00 	 0.000e+00 
4.43125 	 0.000e+00 	 0.000e+00 	 0.000e+00 
4.43375 	 0.000e+00 	 0.000e+00 	 0.000e+00 
4.43625 	 0.000e+00 	 0.000e+00 	 0.000e+00 
4.43875 	 0.000e+00 	 0.000e+00 	 0.000e+00 
4.44125 	 0.000e+00 	 0.000e+00 	 0.000e+00 
4.44375 	 0.000e+00 	 0.000e+00 	 0.000e+00 
4.44625 	 0.000e+00 	 0.000e+00 	 0.000e+00 
4.44875 	 0.000e+00 	 0.000e+00 	 0.000e+00 
4.45125 	 0.000e+00 	 0.000e+00 	 0.000e+00 
4.45375 	 0.000e+00 	 0.000e+00 	 0.000e+00 
4.45625 	 0.000e+00 	 0.000e+00 	 0.000e+00 
4.45875 	 0.000e+00 	 0.000e+00 	 0.000e+00 
4.46125 	 0.000e+00 	 0.000e+00 	 0.000e+00 
4.46375 	 0.000e+00 	 0.000e+00 	 0.000e+00 
4.46625 	 0.000e+00 	 0.000e+00 	 0.000e+00 
4.46875 	 0.000e+00 	 0.000e+00 	 0.000e+00 
4.47125 	 0.000e+00 	 0.000e+00 	 0.000e+00 
4.47375 	 0.000e+00 	 0.000e+00 	 0.000e+00 
4.47625 	 0.000e+00 	 0.000e+00 	 0.000e+00 
4.47875 	 0.000e+00 	 0.000e+00 	 0.000e+00 
4.48125 	 0.000e+00 	 0.000e+00 	 0.000e+00 
4.48375 	 0.000e+00 	 0.000e+00 	 0.000e+00 
4.48625 	 0.000e+00 	 0.000e+00 	 0.000e+00 
4.48875 	 0.000e+00 	 0.000e+00 	 0.000e+00 
4.49125 	 0.000e+00 	 0.000e+00 	 0.000e+00 
4.49375 	 0.000e+00 	 0.000e+00 	 0.000e+00 
4.49625 	 0.000e+00 	 0.000e+00 	 0.000e+00 
4.49875 	 0.000e+00 	 0.000e+00 	 0.000e+00 
4.50125 	 0.000e+00 	 0.000e+00 	 0.000e+00 
4.50375 	 0.000e+00 	 0.000e+00 	 0.000e+00 
4.50625 	 0.000e+00 	 0.000e+00 	 0.000e+00 
4.50875 	 0.000e+00 	 0.000e+00 	 0.000e+00 
4.51125 	 0.000e+00 	 0.000e+00 	 0.000e+00 
4.51375 	 0.000e+00 	 0.000e+00 	 0.000e+00 
4.51625 	 0.000e+00 	 0.000e+00 	 0.000e+00 
4.51875 	 0.000e+00 	 0.000e+00 	 0.000e+00 
4.52125 	 0.000e+00 	 0.000e+00 	 0.000e+00 
4.52375 	 0.000e+00 	 0.000e+00 	 0.000e+00 
4.52625 	 0.000e+00 	 0.000e+00 	 0.000e+00 
4.52875 	 0.000e+00 	 0.000e+00 	 0.000e+00 
4.53125 	 0.000e+00 	 0.000e+00 	 0.000e+00 
4.53375 	 0.000e+00 	 0.000e+00 	 0.000e+00 
4.53625 	 0.000e+00 	 0.000e+00 	 0.000e+00 
4.53875 	 0.000e+00 	 0.000e+00 	 0.000e+00 
4.54125 	 0.000e+00 	 0.000e+00 	 0.000e+00 
4.54375 	 0.000e+00 	 0.000e+00 	 0.000e+00 
4.54625 	 0.000e+00 	 0.000e+00 	 0.000e+00 
4.54875 	 0.000e+00 	 0.000e+00 	 0.000e+00 
4.55125 	 0.000e+00 	 0.000e+00 	 0.000e+00 
4.55375 	 0.000e+00 	 0.000e+00 	 0.000e+00 
4.55625 	 0.000e+00 	 0.000e+00 	 0.000e+00 
4.55875 	 0.000e+00 	 0.000e+00 	 0.000e+00 
4.56125 	 0.000e+00 	 0.000e+00 	 0.000e+00 
4.56375 	 0.000e+00 	 0.000e+00 	 0.000e+00 
4.56625 	 0.000e+00 	 0.000e+00 	 0.000e+00 
4.56875 	 0.000e+00 	 0.000e+00 	 0.000e+00 
4.57125 	 0.000e+00 	 0.000e+00 	 0.000e+00 
4.57375 	 0.000e+00 	 0.000e+00 	 0.000e+00 
4.57625 	 0.000e+00 	 0.000e+00 	 0.000e+00 
4.57875 	 0.000e+00 	 0.000e+00 	 0.000e+00 
4.58125 	 0.000e+00 	 0.000e+00 	 0.000e+00 
4.58375 	 0.000e+00 	 0.000e+00 	 0.000e+00 
4.58625 	 0.000e+00 	 0.000e+00 	 0.000e+00 
4.58875 	 0.000e+00 	 0.000e+00 	 0.000e+00 
4.59125 	 0.000e+00 	 0.000e+00 	 0.000e+00 
4.59375 	 0.000e+00 	 0.000e+00 	 0.000e+00 
4.59625 	 0.000e+00 	 0.000e+00 	 0.000e+00 
4.59875 	 0.000e+00 	 0.000e+00 	 0.000e+00 
4.60125 	 0.000e+00 	 0.000e+00 	 0.000e+00 
4.60375 	 0.000e+00 	 0.000e+00 	 0.000e+00 
4.60625 	 0.000e+00 	 0.000e+00 	 0.000e+00 
4.60875 	 0.000e+00 	 0.000e+00 	 0.000e+00 
4.61125 	 0.000e+00 	 0.000e+00 	 0.000e+00 
4.61375 	 0.000e+00 	 0.000e+00 	 0.000e+00 
4.61625 	 0.000e+00 	 0.000e+00 	 0.000e+00 
4.61875 	 0.000e+00 	 0.000e+00 	 0.000e+00 
4.62125 	 0.000e+00 	 0.000e+00 	 0.000e+00 
4.62375 	 0.000e+00 	 0.000e+00 	 0.000e+00 
4.62625 	 0.000e+00 	 0.000e+00 	 0.000e+00 
4.62875 	 0.000e+00 	 0.000e+00 	 0.000e+00 
4.63125 	 0.000e+00 	 0.000e+00 	 0.000e+00 
4.63375 	 0.000e+00 	 0.000e+00 	 0.000e+00 
4.63625 	 0.000e+00 	 0.000e+00 	 0.000e+00 
4.63875 	 0.000e+00 	 0.000e+00 	 0.000e+00 
4.64125 	 0.000e+00 	 0.000e+00 	 0.000e+00 
4.64375 	 0.000e+00 	 0.000e+00 	 0.000e+00 
4.64625 	 0.000e+00 	 0.000e+00 	 0.000e+00 
4.64875 	 0.000e+00 	 0.000e+00 	 0.000e+00 
4.65125 	 0.000e+00 	 0.000e+00 	 0.000e+00 
4.65375 	 0.000e+00 	 0.000e+00 	 0.000e+00 
4.65625 	 0.000e+00 	 0.000e+00 	 0.000e+00 
4.65875 	 0.000e+00 	 0.000e+00 	 0.000e+00 
4.66125 	 0.000e+00 	 0.000e+00 	 0.000e+00 
4.66375 	 0.000e+00 	 0.000e+00 	 0.000e+00 
4.66625 	 0.000e+00 	 0.000e+00 	 0.000e+00 
4.66875 	 0.000e+00 	 0.000e+00 	 0.000e+00 
4.67125 	 0.000e+00 	 0.000e+00 	 0.000e+00 
4.67375 	 0.000e+00 	 0.000e+00 	 0.000e+00 
4.67625 	 0.000e+00 	 0.000e+00 	 0.000e+00 
4.67875 	 0.000e+00 	 0.000e+00 	 0.000e+00 
4.68125 	 0.000e+00 	 0.000e+00 	 0.000e+00 
4.68375 	 0.000e+00 	 0.000e+00 	 0.000e+00 
4.68625 	 0.000e+00 	 0.000e+00 	 0.000e+00 
4.68875 	 0.000e+00 	 0.000e+00 	 0.000e+00 
4.69125 	 0.000e+00 	 0.000e+00 	 0.000e+00 
4.69375 	 0.000e+00 	 0.000e+00 	 0.000e+00 
4.69625 	 0.000e+00 	 0.000e+00 	 0.000e+00 
4.69875 	 0.000e+00 	 0.000e+00 	 0.000e+00 
4.70125 	 0.000e+00 	 0.000e+00 	 0.000e+00 
4.70375 	 0.000e+00 	 0.000e+00 	 0.000e+00 
4.70625 	 0.000e+00 	 0.000e+00 	 0.000e+00 
4.70875 	 0.000e+00 	 0.000e+00 	 0.000e+00 
4.71125 	 0.000e+00 	 0.000e+00 	 0.000e+00 
4.71375 	 0.000e+00 	 0.000e+00 	 0.000e+00 
4.71625 	 0.000e+00 	 0.000e+00 	 0.000e+00 
4.71875 	 0.000e+00 	 0.000e+00 	 0.000e+00 
4.72125 	 0.000e+00 	 0.000e+00 	 0.000e+00 
4.72375 	 0.000e+00 	 0.000e+00 	 0.000e+00 
4.72625 	 0.000e+00 	 0.000e+00 	 0.000e+00 
4.72875 	 0.000e+00 	 0.000e+00 	 0.000e+00 
4.73125 	 0.000e+00 	 0.000e+00 	 0.000e+00 
4.73375 	 0.000e+00 	 0.000e+00 	 0.000e+00 
4.73625 	 0.000e+00 	 0.000e+00 	 0.000e+00 
4.73875 	 0.000e+00 	 0.000e+00 	 0.000e+00 
4.74125 	 0.000e+00 	 0.000e+00 	 0.000e+00 
4.74375 	 0.000e+00 	 0.000e+00 	 0.000e+00 
4.74625 	 0.000e+00 	 0.000e+00 	 0.000e+00 
4.74875 	 0.000e+00 	 0.000e+00 	 0.000e+00 
4.75125 	 0.000e+00 	 0.000e+00 	 0.000e+00 
4.75375 	 0.000e+00 	 0.000e+00 	 0.000e+00 
4.75625 	 0.000e+00 	 0.000e+00 	 0.000e+00 
4.75875 	 0.000e+00 	 0.000e+00 	 0.000e+00 
4.76125 	 0.000e+00 	 0.000e+00 	 0.000e+00 
4.76375 	 0.000e+00 	 0.000e+00 	 0.000e+00 
4.76625 	 0.000e+00 	 0.000e+00 	 0.000e+00 
4.76875 	 0.000e+00 	 0.000e+00 	 0.000e+00 
4.77125 	 0.000e+00 	 0.000e+00 	 0.000e+00 
4.77375 	 0.000e+00 	 0.000e+00 	 0.000e+00 
4.77625 	 0.000e+00 	 0.000e+00 	 0.000e+00 
4.77875 	 0.000e+00 	 0.000e+00 	 0.000e+00 
4.78125 	 0.000e+00 	 0.000e+00 	 0.000e+00 
4.78375 	 0.000e+00 	 0.000e+00 	 0.000e+00 
4.78625 	 0.000e+00 	 0.000e+00 	 0.000e+00 
4.78875 	 0.000e+00 	 0.000e+00 	 0.000e+00 
4.79125 	 0.000e+00 	 0.000e+00 	 0.000e+00 
4.79375 	 0.000e+00 	 0.000e+00 	 0.000e+00 
4.79625 	 0.000e+00 	 0.000e+00 	 0.000e+00 
4.79875 	 0.000e+00 	 0.000e+00 	 0.000e+00 
4.80125 	 0.000e+00 	 0.000e+00 	 0.000e+00 
4.80375 	 0.000e+00 	 0.000e+00 	 0.000e+00 
4.80625 	 0.000e+00 	 0.000e+00 	 0.000e+00 
4.80875 	 0.000e+00 	 0.000e+00 	 0.000e+00 
4.81125 	 0.000e+00 	 0.000e+00 	 0.000e+00 
4.81375 	 0.000e+00 	 0.000e+00 	 0.000e+00 
4.81625 	 0.000e+00 	 0.000e+00 	 0.000e+00 
4.81875 	 0.000e+00 	 0.000e+00 	 0.000e+00 
4.82125 	 0.000e+00 	 0.000e+00 	 0.000e+00 
4.82375 	 0.000e+00 	 0.000e+00 	 0.000e+00 
4.82625 	 0.000e+00 	 0.000e+00 	 0.000e+00 
4.82875 	 0.000e+00 	 0.000e+00 	 0.000e+00 
4.83125 	 0.000e+00 	 0.000e+00 	 0.000e+00 
4.83375 	 0.000e+00 	 0.000e+00 	 0.000e+00 
4.83625 	 0.000e+00 	 0.000e+00 	 0.000e+00 
4.83875 	 0.000e+00 	 0.000e+00 	 0.000e+00 
4.84125 	 0.000e+00 	 0.000e+00 	 0.000e+00 
4.84375 	 0.000e+00 	 0.000e+00 	 0.000e+00 
4.84625 	 0.000e+00 	 0.000e+00 	 0.000e+00 
4.84875 	 0.000e+00 	 0.000e+00 	 0.000e+00 
4.85125 	 0.000e+00 	 0.000e+00 	 0.000e+00 
4.85375 	 0.000e+00 	 0.000e+00 	 0.000e+00 
4.85625 	 0.000e+00 	 0.000e+00 	 0.000e+00 
4.85875 	 0.000e+00 	 0.000e+00 	 0.000e+00 
4.86125 	 0.000e+00 	 0.000e+00 	 0.000e+00 
4.86375 	 0.000e+00 	 0.000e+00 	 0.000e+00 
4.86625 	 0.000e+00 	 0.000e+00 	 0.000e+00 
4.86875 	 0.000e+00 	 0.000e+00 	 0.000e+00 
4.87125 	 0.000e+00 	 0.000e+00 	 0.000e+00 
4.87375 	 0.000e+00 	 0.000e+00 	 0.000e+00 
4.87625 	 0.000e+00 	 0.000e+00 	 0.000e+00 
4.87875 	 0.000e+00 	 0.000e+00 	 0.000e+00 
4.88125 	 0.000e+00 	 0.000e+00 	 0.000e+00 
4.88375 	 0.000e+00 	 0.000e+00 	 0.000e+00 
4.88625 	 0.000e+00 	 0.000e+00 	 0.000e+00 
4.88875 	 0.000e+00 	 0.000e+00 	 0.000e+00 
4.89125 	 0.000e+00 	 0.000e+00 	 0.000e+00 
4.89375 	 0.000e+00 	 0.000e+00 	 0.000e+00 
4.89625 	 0.000e+00 	 0.000e+00 	 0.000e+00 
4.89875 	 0.000e+00 	 0.000e+00 	 0.000e+00 
4.90125 	 0.000e+00 	 0.000e+00 	 0.000e+00 
4.90375 	 0.000e+00 	 0.000e+00 	 0.000e+00 
4.90625 	 0.000e+00 	 0.000e+00 	 0.000e+00 
4.90875 	 0.000e+00 	 0.000e+00 	 0.000e+00 
4.91125 	 0.000e+00 	 0.000e+00 	 0.000e+00 
4.91375 	 0.000e+00 	 0.000e+00 	 0.000e+00 
4.91625 	 0.000e+00 	 0.000e+00 	 0.000e+00 
4.91875 	 0.000e+00 	 0.000e+00 	 0.000e+00 
4.92125 	 0.000e+00 	 0.000e+00 	 0.000e+00 
4.92375 	 0.000e+00 	 0.000e+00 	 0.000e+00 
4.92625 	 0.000e+00 	 0.000e+00 	 0.000e+00 
4.92875 	 0.000e+00 	 0.000e+00 	 0.000e+00 
4.93125 	 0.000e+00 	 0.000e+00 	 0.000e+00 
4.93375 	 0.000e+00 	 0.000e+00 	 0.000e+00 
4.93625 	 0.000e+00 	 0.000e+00 	 0.000e+00 
4.93875 	 0.000e+00 	 0.000e+00 	 0.000e+00 
4.94125 	 0.000e+00 	 0.000e+00 	 0.000e+00 
4.94375 	 0.000e+00 	 0.000e+00 	 0.000e+00 
4.94625 	 0.000e+00 	 0.000e+00 	 0.000e+00 
4.94875 	 0.000e+00 	 0.000e+00 	 0.000e+00 
4.95125 	 0.000e+00 	 0.000e+00 	 0.000e+00 
4.95375 	 0.000e+00 	 0.000e+00 	 0.000e+00 
4.95625 	 0.000e+00 	 0.000e+00 	 0.000e+00 
4.95875 	 0.000e+00 	 0.000e+00 	 0.000e+00 
4.96125 	 0.000e+00 	 0.000e+00 	 0.000e+00 
4.96375 	 0.000e+00 	 0.000e+00 	 0.000e+00 
4.96625 	 0.000e+00 	 0.000e+00 	 0.000e+00 
4.96875 	 0.000e+00 	 0.000e+00 	 0.000e+00 
4.97125 	 0.000e+00 	 0.000e+00 	 0.000e+00 
4.97375 	 0.000e+00 	 0.000e+00 	 0.000e+00 
4.97625 	 0.000e+00 	 0.000e+00 	 0.000e+00 
4.97875 	 0.000e+00 	 0.000e+00 	 0.000e+00 
4.98125 	 0.000e+00 	 0.000e+00 	 0.000e+00 
4.98375 	 0.000e+00 	 0.000e+00 	 0.000e+00 
4.98625 	 0.000e+00 	 0.000e+00 	 0.000e+00 
4.98875 	 0.000e+00 	 0.000e+00 	 0.000e+00 
4.99125 	 0.000e+00 	 0.000e+00 	 0.000e+00 
4.99375 	 0.000e+00 	 0.000e+00 	 0.000e+00 
4.99625 	 0.000e+00 	 0.000e+00 	 0.000e+00 
4.99875 	 0.000e+00 	 0.000e+00 	 0.000e+00 
5.00125 	 0.000e+00 	 0.000e+00 	 0.000e+00 
