 
Número de fotones = 100000.000000
Tamaño del paquete = 0.00250 [cm] 
***Parámetros del tejido*** 
Coef. de Absorcion: 12.200000
Coef. de Esparcimiento: 173.500000
Coef. de Anisotropia: 0.930000
Indice de Refracción: 1.500000
La última fila esta desbordada. Ignorarla
r [cm] 	 Fsph [1/cm2] 	 Fcyl [1/cm2] 	 Fpla [1/cm2]
0.00125 	 5.116e+04 	 1.963e+02 	 4.200e+00 
0.00375 	 5.610e+03 	 6.203e+01 	 2.816e+00 
0.00625 	 1.973e+03 	 3.516e+01 	 2.284e+00 
0.00875 	 1.000e+03 	 2.438e+01 	 1.951e+00 
0.01125 	 5.934e+02 	 1.799e+01 	 1.709e+00 
0.01375 	 3.895e+02 	 1.401e+01 	 1.525e+00 
0.01625 	 2.764e+02 	 1.150e+01 	 1.369e+00 
0.01875 	 2.032e+02 	 9.530e+00 	 1.231e+00 
0.02125 	 1.547e+02 	 8.013e+00 	 1.127e+00 
0.02375 	 1.217e+02 	 6.869e+00 	 1.033e+00 
0.02625 	 9.726e+01 	 5.913e+00 	 9.376e-01 
0.02875 	 7.935e+01 	 5.173e+00 	 8.728e-01 
0.03125 	 6.572e+01 	 4.578e+00 	 8.017e-01 
0.03375 	 5.522e+01 	 4.053e+00 	 7.392e-01 
0.03625 	 4.632e+01 	 3.584e+00 	 6.823e-01 
0.03875 	 3.931e+01 	 3.205e+00 	 6.323e-01 
0.04125 	 3.357e+01 	 2.859e+00 	 5.916e-01 
0.04375 	 2.936e+01 	 2.584e+00 	 5.510e-01 
0.04625 	 2.549e+01 	 2.342e+00 	 5.117e-01 
0.04875 	 2.221e+01 	 2.117e+00 	 4.771e-01 
0.05125 	 1.948e+01 	 1.934e+00 	 4.463e-01 
0.05375 	 1.724e+01 	 1.761e+00 	 4.112e-01 
0.05625 	 1.526e+01 	 1.594e+00 	 3.824e-01 
0.05875 	 1.347e+01 	 1.448e+00 	 3.604e-01 
0.06125 	 1.203e+01 	 1.315e+00 	 3.323e-01 
0.06375 	 1.075e+01 	 1.220e+00 	 3.110e-01 
0.06625 	 9.608e+00 	 1.107e+00 	 2.891e-01 
0.06875 	 8.581e+00 	 1.017e+00 	 2.705e-01 
0.07125 	 7.684e+00 	 9.446e-01 	 2.543e-01 
0.07375 	 6.892e+00 	 8.515e-01 	 2.352e-01 
0.07625 	 6.272e+00 	 7.930e-01 	 2.214e-01 
0.07875 	 5.669e+00 	 7.226e-01 	 2.067e-01 
0.08125 	 5.091e+00 	 6.678e-01 	 1.917e-01 
0.08375 	 4.591e+00 	 6.160e-01 	 1.804e-01 
0.08625 	 4.155e+00 	 5.672e-01 	 1.690e-01 
0.08875 	 3.745e+00 	 5.213e-01 	 1.566e-01 
0.09125 	 3.413e+00 	 4.805e-01 	 1.467e-01 
0.09375 	 3.114e+00 	 4.446e-01 	 1.394e-01 
0.09625 	 2.828e+00 	 4.137e-01 	 1.306e-01 
0.09875 	 2.579e+00 	 3.783e-01 	 1.219e-01 
0.10125 	 2.366e+00 	 3.493e-01 	 1.131e-01 
0.10375 	 2.168e+00 	 3.235e-01 	 1.067e-01 
0.10625 	 1.963e+00 	 2.998e-01 	 9.942e-02 
0.10875 	 1.782e+00 	 2.769e-01 	 9.299e-02 
0.11125 	 1.630e+00 	 2.571e-01 	 8.767e-02 
0.11375 	 1.512e+00 	 2.381e-01 	 8.157e-02 
0.11625 	 1.377e+00 	 2.213e-01 	 7.656e-02 
0.11875 	 1.265e+00 	 2.052e-01 	 7.185e-02 
0.12125 	 1.160e+00 	 1.893e-01 	 6.642e-02 
0.12375 	 1.050e+00 	 1.755e-01 	 6.228e-02 
0.12625 	 9.703e-01 	 1.628e-01 	 5.820e-02 
0.12875 	 8.960e-01 	 1.502e-01 	 5.517e-02 
0.13125 	 8.149e-01 	 1.395e-01 	 5.105e-02 
0.13375 	 7.462e-01 	 1.300e-01 	 4.842e-02 
0.13625 	 6.907e-01 	 1.215e-01 	 4.468e-02 
0.13875 	 6.338e-01 	 1.122e-01 	 4.245e-02 
0.14125 	 5.876e-01 	 1.049e-01 	 3.978e-02 
0.14375 	 5.419e-01 	 9.655e-02 	 3.668e-02 
0.14625 	 4.949e-01 	 9.021e-02 	 3.414e-02 
0.14875 	 4.566e-01 	 8.383e-02 	 3.244e-02 
0.15125 	 4.170e-01 	 7.773e-02 	 3.072e-02 
0.15375 	 3.840e-01 	 7.157e-02 	 2.864e-02 
0.15625 	 3.550e-01 	 6.754e-02 	 2.704e-02 
0.15875 	 3.316e-01 	 6.248e-02 	 2.559e-02 
0.16125 	 3.024e-01 	 5.747e-02 	 2.394e-02 
0.16375 	 2.800e-01 	 5.370e-02 	 2.210e-02 
0.16625 	 2.586e-01 	 4.998e-02 	 2.089e-02 
0.16875 	 2.397e-01 	 4.686e-02 	 1.938e-02 
0.17125 	 2.212e-01 	 4.343e-02 	 1.854e-02 
0.17375 	 2.021e-01 	 4.039e-02 	 1.712e-02 
0.17625 	 1.850e-01 	 3.824e-02 	 1.581e-02 
0.17875 	 1.724e-01 	 3.504e-02 	 1.504e-02 
0.18125 	 1.620e-01 	 3.248e-02 	 1.405e-02 
0.18375 	 1.489e-01 	 3.059e-02 	 1.341e-02 
0.18625 	 1.371e-01 	 2.831e-02 	 1.243e-02 
0.18875 	 1.271e-01 	 2.655e-02 	 1.159e-02 
0.19125 	 1.175e-01 	 2.480e-02 	 1.075e-02 
0.19375 	 1.084e-01 	 2.312e-02 	 1.008e-02 
0.19625 	 1.011e-01 	 2.131e-02 	 9.341e-03 
0.19875 	 9.364e-02 	 2.005e-02 	 9.040e-03 
0.20125 	 8.600e-02 	 1.869e-02 	 8.379e-03 
0.20375 	 7.988e-02 	 1.729e-02 	 7.643e-03 
0.20625 	 7.392e-02 	 1.598e-02 	 7.458e-03 
0.20875 	 6.931e-02 	 1.481e-02 	 6.777e-03 
0.21125 	 6.327e-02 	 1.413e-02 	 6.437e-03 
0.21375 	 5.850e-02 	 1.310e-02 	 6.096e-03 
0.21625 	 5.394e-02 	 1.225e-02 	 5.677e-03 
0.21875 	 5.069e-02 	 1.136e-02 	 5.374e-03 
0.22125 	 4.594e-02 	 1.043e-02 	 5.094e-03 
0.22375 	 4.227e-02 	 9.596e-03 	 4.495e-03 
0.22625 	 3.999e-02 	 9.149e-03 	 4.264e-03 
0.22875 	 3.681e-02 	 8.387e-03 	 4.090e-03 
0.23125 	 3.396e-02 	 7.823e-03 	 3.955e-03 
0.23375 	 3.127e-02 	 7.473e-03 	 3.572e-03 
0.23625 	 2.930e-02 	 6.931e-03 	 3.226e-03 
0.23875 	 2.759e-02 	 6.409e-03 	 3.095e-03 
0.24125 	 2.508e-02 	 5.912e-03 	 2.887e-03 
0.24375 	 2.352e-02 	 5.569e-03 	 2.744e-03 
0.24625 	 2.143e-02 	 5.137e-03 	 2.527e-03 
0.24875 	 1.995e-02 	 4.829e-03 	 2.363e-03 
0.25125 	 1.871e-02 	 4.442e-03 	 2.337e-03 
0.25375 	 1.719e-02 	 4.258e-03 	 2.211e-03 
0.25625 	 1.589e-02 	 3.953e-03 	 2.021e-03 
0.25875 	 1.464e-02 	 3.616e-03 	 1.883e-03 
0.26125 	 1.399e-02 	 3.456e-03 	 1.750e-03 
0.26375 	 1.273e-02 	 3.187e-03 	 1.640e-03 
0.26625 	 1.212e-02 	 2.950e-03 	 1.470e-03 
0.26875 	 1.108e-02 	 2.623e-03 	 1.546e-03 
0.27125 	 1.021e-02 	 2.520e-03 	 1.418e-03 
0.27375 	 9.182e-03 	 2.298e-03 	 1.264e-03 
0.27625 	 8.667e-03 	 2.162e-03 	 1.180e-03 
0.27875 	 8.009e-03 	 2.064e-03 	 1.075e-03 
0.28125 	 7.601e-03 	 2.007e-03 	 1.036e-03 
0.28375 	 6.969e-03 	 1.801e-03 	 1.016e-03 
0.28625 	 6.454e-03 	 1.719e-03 	 9.525e-04 
0.28875 	 6.204e-03 	 1.616e-03 	 8.592e-04 
0.29125 	 5.665e-03 	 1.480e-03 	 8.736e-04 
0.29375 	 5.353e-03 	 1.395e-03 	 7.718e-04 
0.29625 	 5.016e-03 	 1.305e-03 	 7.509e-04 
0.29875 	 4.660e-03 	 1.220e-03 	 7.010e-04 
0.30125 	 4.276e-03 	 1.080e-03 	 6.690e-04 
0.30375 	 3.982e-03 	 1.069e-03 	 6.542e-04 
0.30625 	 3.760e-03 	 9.371e-04 	 5.613e-04 
0.30875 	 3.377e-03 	 8.970e-04 	 4.520e-04 
0.31125 	 3.123e-03 	 8.281e-04 	 4.420e-04 
0.31375 	 2.973e-03 	 7.754e-04 	 4.337e-04 
0.31625 	 2.770e-03 	 7.128e-04 	 3.858e-04 
0.31875 	 2.554e-03 	 6.838e-04 	 3.576e-04 
0.32125 	 2.369e-03 	 6.030e-04 	 3.596e-04 
0.32375 	 2.177e-03 	 5.315e-04 	 3.515e-04 
0.32625 	 2.098e-03 	 5.371e-04 	 3.591e-04 
0.32875 	 1.849e-03 	 4.883e-04 	 3.094e-04 
0.33125 	 1.758e-03 	 4.339e-04 	 2.868e-04 
0.33375 	 1.594e-03 	 4.343e-04 	 2.672e-04 
0.33625 	 1.457e-03 	 3.728e-04 	 2.468e-04 
0.33875 	 1.389e-03 	 3.535e-04 	 2.247e-04 
0.34125 	 1.290e-03 	 3.743e-04 	 1.749e-04 
0.34375 	 1.245e-03 	 3.645e-04 	 1.863e-04 
0.34625 	 1.114e-03 	 3.113e-04 	 1.916e-04 
0.34875 	 9.974e-04 	 2.983e-04 	 1.549e-04 
0.35125 	 9.232e-04 	 2.836e-04 	 1.628e-04 
0.35375 	 8.876e-04 	 2.400e-04 	 1.324e-04 
0.35625 	 8.355e-04 	 2.221e-04 	 1.283e-04 
0.35875 	 7.797e-04 	 2.269e-04 	 1.457e-04 
0.36125 	 6.869e-04 	 2.087e-04 	 1.041e-04 
0.36375 	 6.476e-04 	 1.940e-04 	 1.008e-04 
0.36625 	 6.134e-04 	 1.969e-04 	 1.273e-04 
0.36875 	 5.698e-04 	 1.889e-04 	 9.393e-05 
0.37125 	 5.232e-04 	 1.575e-04 	 7.282e-05 
0.37375 	 5.311e-04 	 1.501e-04 	 7.863e-05 
0.37625 	 4.461e-04 	 1.326e-04 	 8.289e-05 
0.37875 	 4.357e-04 	 1.133e-04 	 7.629e-05 
0.38125 	 3.941e-04 	 1.345e-04 	 7.346e-05 
0.38375 	 3.515e-04 	 1.107e-04 	 7.371e-05 
0.38625 	 3.458e-04 	 1.062e-04 	 6.090e-05 
0.38875 	 3.089e-04 	 9.985e-05 	 5.735e-05 
0.39125 	 3.025e-04 	 9.915e-05 	 8.413e-05 
0.39375 	 3.077e-04 	 9.621e-05 	 4.615e-05 
0.39625 	 2.842e-04 	 8.326e-05 	 5.657e-05 
0.39875 	 2.534e-04 	 7.070e-05 	 4.496e-05 
0.40125 	 2.301e-04 	 6.341e-05 	 3.687e-05 
0.40375 	 2.067e-04 	 7.517e-05 	 4.381e-05 
0.40625 	 1.979e-04 	 5.970e-05 	 3.927e-05 
0.40875 	 1.790e-04 	 5.461e-05 	 3.542e-05 
0.41125 	 1.642e-04 	 5.833e-05 	 2.846e-05 
0.41375 	 1.590e-04 	 4.581e-05 	 2.983e-05 
0.41625 	 1.407e-04 	 5.590e-05 	 3.707e-05 
0.41875 	 1.536e-04 	 4.481e-05 	 2.364e-05 
0.42125 	 1.367e-04 	 4.727e-05 	 3.056e-05 
0.42375 	 1.248e-04 	 3.787e-05 	 2.312e-05 
0.42625 	 1.021e-04 	 5.294e-05 	 2.483e-05 
0.42875 	 9.832e-05 	 3.755e-05 	 2.566e-05 
0.43125 	 1.015e-04 	 3.869e-05 	 2.680e-05 
0.43375 	 8.263e-05 	 2.978e-05 	 1.544e-05 
0.43625 	 8.672e-05 	 2.498e-05 	 1.159e-05 
0.43875 	 7.728e-05 	 2.314e-05 	 1.176e-05 
0.44125 	 7.145e-05 	 2.195e-05 	 1.568e-05 
0.44375 	 6.566e-05 	 1.940e-05 	 1.744e-05 
0.44625 	 5.482e-05 	 2.206e-05 	 1.126e-05 
0.44875 	 6.273e-05 	 1.835e-05 	 1.359e-05 
0.45125 	 5.361e-05 	 1.818e-05 	 9.238e-06 
0.45375 	 4.964e-05 	 1.928e-05 	 1.313e-05 
0.45625 	 4.721e-05 	 2.057e-05 	 2.453e-06 
0.45875 	 5.132e-05 	 1.133e-05 	 1.147e-05 
0.46125 	 3.647e-05 	 1.194e-05 	 7.605e-06 
0.46375 	 3.320e-05 	 1.279e-05 	 1.221e-05 
0.46625 	 3.836e-05 	 9.613e-06 	 4.724e-06 
0.46875 	 3.494e-05 	 7.824e-06 	 5.240e-06 
0.47125 	 3.722e-05 	 1.230e-05 	 5.929e-06 
0.47375 	 3.927e-05 	 1.480e-05 	 4.319e-06 
0.47625 	 3.343e-05 	 1.414e-05 	 4.515e-06 
0.47875 	 2.710e-05 	 7.545e-06 	 4.494e-06 
0.48125 	 2.298e-05 	 5.239e-06 	 3.318e-06 
0.48375 	 2.130e-05 	 7.493e-06 	 2.807e-06 
0.48625 	 2.127e-05 	 7.788e-06 	 1.823e-06 
0.48875 	 1.598e-05 	 4.965e-06 	 1.718e-06 
0.49125 	 1.630e-05 	 6.787e-06 	 7.368e-06 
0.49375 	 1.496e-05 	 4.075e-06 	 4.320e-06 
0.49625 	 1.254e-05 	 2.440e-06 	 6.496e-06 
0.49875 	 9.424e-06 	 5.318e-06 	 2.842e-06 
0.50125 	 1.257e-05 	 5.441e-06 	 3.096e-06 
0.50375 	 7.262e-06 	 3.471e-06 	 1.573e-06 
0.50625 	 1.031e-05 	 3.037e-06 	 5.987e-06 
0.50875 	 1.290e-05 	 2.486e-06 	 3.765e-06 
0.51125 	 8.363e-06 	 4.460e-06 	 1.853e-06 
0.51375 	 5.707e-06 	 3.692e-06 	 0.000e+00 
0.51625 	 3.705e-06 	 3.175e-06 	 0.000e+00 
0.51875 	 7.006e-06 	 3.164e-06 	 1.969e-06 
0.52125 	 6.505e-06 	 3.008e-06 	 1.464e-06 
0.52375 	 5.143e-06 	 2.055e-06 	 2.585e-06 
0.52625 	 5.233e-06 	 1.653e-06 	 2.114e-06 
0.52875 	 5.890e-06 	 2.177e-06 	 4.717e-07 
0.53125 	 3.579e-06 	 1.993e-06 	 3.294e-06 
0.53375 	 2.422e-06 	 2.285e-06 	 3.042e-06 
0.53625 	 2.920e-06 	 1.527e-06 	 5.739e-07 
0.53875 	 2.547e-06 	 4.789e-07 	 4.950e-07 
0.54125 	 4.007e-06 	 4.921e-07 	 2.234e-07 
0.54375 	 3.417e-06 	 1.036e-06 	 5.362e-07 
0.54625 	 1.633e-06 	 4.515e-06 	 1.667e-06 
0.54875 	 4.507e-06 	 4.505e-06 	 4.373e-07 
0.55125 	 1.442e-06 	 1.035e-06 	 4.086e-07 
0.55375 	 4.847e-06 	 5.753e-07 	 6.523e-07 
0.55625 	 4.731e-06 	 1.532e-06 	 1.211e-06 
0.55875 	 2.845e-06 	 1.532e-06 	 2.854e-06 
0.56125 	 1.133e-06 	 1.530e-06 	 2.465e-06 
0.56375 	 1.532e-06 	 7.853e-07 	 0.000e+00 
0.56625 	 1.175e-06 	 5.316e-07 	 0.000e+00 
0.56875 	 2.404e-06 	 6.541e-07 	 6.899e-07 
0.57125 	 1.108e-06 	 4.335e-07 	 0.000e+00 
0.57375 	 2.775e-06 	 1.845e-06 	 0.000e+00 
0.57625 	 1.810e-06 	 2.185e-06 	 3.113e-07 
0.57875 	 1.263e-06 	 8.138e-07 	 0.000e+00 
0.58125 	 1.897e-06 	 3.021e-07 	 1.054e-06 
0.58375 	 1.537e-06 	 5.221e-07 	 2.216e-07 
0.58625 	 8.043e-07 	 6.893e-08 	 0.000e+00 
0.58875 	 1.814e-07 	 3.723e-07 	 0.000e+00 
0.59125 	 7.436e-07 	 5.930e-07 	 0.000e+00 
0.59375 	 1.122e-06 	 6.234e-07 	 0.000e+00 
0.59625 	 1.167e-06 	 8.965e-08 	 0.000e+00 
0.59875 	 1.246e-06 	 4.071e-07 	 0.000e+00 
0.60125 	 7.341e-07 	 4.866e-07 	 0.000e+00 
0.60375 	 1.122e-06 	 0.000e+00 	 0.000e+00 
0.60625 	 5.396e-07 	 1.597e-07 	 0.000e+00 
0.60875 	 3.686e-07 	 2.234e-07 	 0.000e+00 
0.61125 	 3.094e-07 	 6.226e-08 	 0.000e+00 
0.61375 	 4.479e-07 	 2.134e-07 	 0.000e+00 
0.61625 	 1.434e-07 	 2.255e-07 	 0.000e+00 
0.61875 	 4.643e-08 	 0.000e+00 	 0.000e+00 
0.62125 	 2.054e-07 	 0.000e+00 	 0.000e+00 
0.62375 	 1.904e-07 	 0.000e+00 	 0.000e+00 
0.62625 	 0.000e+00 	 0.000e+00 	 0.000e+00 
0.62875 	 0.000e+00 	 0.000e+00 	 0.000e+00 
0.63125 	 0.000e+00 	 0.000e+00 	 0.000e+00 
0.63375 	 6.242e-07 	 0.000e+00 	 0.000e+00 
0.63625 	 0.000e+00 	 0.000e+00 	 0.000e+00 
0.63875 	 0.000e+00 	 0.000e+00 	 0.000e+00 
0.64125 	 1.282e-07 	 0.000e+00 	 0.000e+00 
0.64375 	 3.337e-07 	 0.000e+00 	 0.000e+00 
0.64625 	 0.000e+00 	 0.000e+00 	 0.000e+00 
0.64875 	 1.847e-07 	 0.000e+00 	 0.000e+00 
0.65125 	 8.270e-08 	 0.000e+00 	 0.000e+00 
0.65375 	 7.667e-08 	 0.000e+00 	 0.000e+00 
0.65625 	 0.000e+00 	 0.000e+00 	 0.000e+00 
0.65875 	 0.000e+00 	 0.000e+00 	 0.000e+00 
0.66125 	 0.000e+00 	 0.000e+00 	 0.000e+00 
0.66375 	 0.000e+00 	 0.000e+00 	 0.000e+00 
0.66625 	 0.000e+00 	 0.000e+00 	 0.000e+00 
0.66875 	 0.000e+00 	 0.000e+00 	 0.000e+00 
0.67125 	 0.000e+00 	 0.000e+00 	 0.000e+00 
0.67375 	 0.000e+00 	 0.000e+00 	 0.000e+00 
0.67625 	 1.684e-07 	 0.000e+00 	 0.000e+00 
0.67875 	 1.835e-07 	 0.000e+00 	 0.000e+00 
0.68125 	 5.759e-08 	 0.000e+00 	 0.000e+00 
0.68375 	 5.341e-08 	 0.000e+00 	 0.000e+00 
0.68625 	 0.000e+00 	 0.000e+00 	 0.000e+00 
0.68875 	 0.000e+00 	 0.000e+00 	 0.000e+00 
0.69125 	 0.000e+00 	 0.000e+00 	 0.000e+00 
0.69375 	 0.000e+00 	 0.000e+00 	 0.000e+00 
0.69625 	 0.000e+00 	 0.000e+00 	 0.000e+00 
0.69875 	 0.000e+00 	 0.000e+00 	 0.000e+00 
0.70125 	 0.000e+00 	 0.000e+00 	 0.000e+00 
0.70375 	 0.000e+00 	 0.000e+00 	 0.000e+00 
0.70625 	 0.000e+00 	 0.000e+00 	 0.000e+00 
0.70875 	 0.000e+00 	 0.000e+00 	 0.000e+00 
0.71125 	 0.000e+00 	 0.000e+00 	 0.000e+00 
0.71375 	 0.000e+00 	 0.000e+00 	 0.000e+00 
0.71625 	 0.000e+00 	 0.000e+00 	 0.000e+00 
0.71875 	 0.000e+00 	 0.000e+00 	 0.000e+00 
0.72125 	 0.000e+00 	 0.000e+00 	 0.000e+00 
0.72375 	 0.000e+00 	 0.000e+00 	 0.000e+00 
0.72625 	 0.000e+00 	 0.000e+00 	 0.000e+00 
0.72875 	 0.000e+00 	 0.000e+00 	 0.000e+00 
0.73125 	 0.000e+00 	 0.000e+00 	 0.000e+00 
0.73375 	 0.000e+00 	 0.000e+00 	 0.000e+00 
0.73625 	 0.000e+00 	 0.000e+00 	 0.000e+00 
0.73875 	 0.000e+00 	 0.000e+00 	 0.000e+00 
0.74125 	 0.000e+00 	 0.000e+00 	 0.000e+00 
0.74375 	 0.000e+00 	 0.000e+00 	 0.000e+00 
0.74625 	 0.000e+00 	 0.000e+00 	 0.000e+00 
0.74875 	 0.000e+00 	 0.000e+00 	 0.000e+00 
0.75125 	 0.000e+00 	 0.000e+00 	 0.000e+00 
0.75375 	 0.000e+00 	 0.000e+00 	 0.000e+00 
0.75625 	 0.000e+00 	 0.000e+00 	 0.000e+00 
0.75875 	 0.000e+00 	 0.000e+00 	 0.000e+00 
0.76125 	 0.000e+00 	 0.000e+00 	 0.000e+00 
0.76375 	 0.000e+00 	 0.000e+00 	 0.000e+00 
0.76625 	 0.000e+00 	 0.000e+00 	 0.000e+00 
0.76875 	 0.000e+00 	 0.000e+00 	 0.000e+00 
0.77125 	 0.000e+00 	 0.000e+00 	 0.000e+00 
0.77375 	 0.000e+00 	 0.000e+00 	 0.000e+00 
0.77625 	 0.000e+00 	 0.000e+00 	 0.000e+00 
0.77875 	 0.000e+00 	 0.000e+00 	 0.000e+00 
0.78125 	 0.000e+00 	 0.000e+00 	 0.000e+00 
0.78375 	 0.000e+00 	 0.000e+00 	 0.000e+00 
0.78625 	 0.000e+00 	 0.000e+00 	 0.000e+00 
0.78875 	 0.000e+00 	 0.000e+00 	 0.000e+00 
0.79125 	 0.000e+00 	 0.000e+00 	 0.000e+00 
0.79375 	 0.000e+00 	 0.000e+00 	 0.000e+00 
0.79625 	 0.000e+00 	 0.000e+00 	 0.000e+00 
0.79875 	 0.000e+00 	 0.000e+00 	 0.000e+00 
0.80125 	 0.000e+00 	 0.000e+00 	 0.000e+00 
0.80375 	 0.000e+00 	 0.000e+00 	 0.000e+00 
0.80625 	 0.000e+00 	 0.000e+00 	 0.000e+00 
0.80875 	 0.000e+00 	 0.000e+00 	 0.000e+00 
0.81125 	 0.000e+00 	 0.000e+00 	 0.000e+00 
0.81375 	 0.000e+00 	 0.000e+00 	 0.000e+00 
0.81625 	 0.000e+00 	 0.000e+00 	 0.000e+00 
0.81875 	 0.000e+00 	 0.000e+00 	 0.000e+00 
0.82125 	 0.000e+00 	 0.000e+00 	 0.000e+00 
0.82375 	 0.000e+00 	 0.000e+00 	 0.000e+00 
0.82625 	 0.000e+00 	 0.000e+00 	 0.000e+00 
0.82875 	 0.000e+00 	 0.000e+00 	 0.000e+00 
0.83125 	 0.000e+00 	 0.000e+00 	 0.000e+00 
0.83375 	 0.000e+00 	 0.000e+00 	 0.000e+00 
0.83625 	 0.000e+00 	 0.000e+00 	 0.000e+00 
0.83875 	 0.000e+00 	 0.000e+00 	 0.000e+00 
0.84125 	 0.000e+00 	 0.000e+00 	 0.000e+00 
0.84375 	 0.000e+00 	 0.000e+00 	 0.000e+00 
0.84625 	 0.000e+00 	 0.000e+00 	 0.000e+00 
0.84875 	 0.000e+00 	 0.000e+00 	 0.000e+00 
0.85125 	 0.000e+00 	 0.000e+00 	 0.000e+00 
0.85375 	 0.000e+00 	 0.000e+00 	 0.000e+00 
0.85625 	 0.000e+00 	 0.000e+00 	 0.000e+00 
0.85875 	 0.000e+00 	 0.000e+00 	 0.000e+00 
0.86125 	 0.000e+00 	 0.000e+00 	 0.000e+00 
0.86375 	 0.000e+00 	 0.000e+00 	 0.000e+00 
0.86625 	 0.000e+00 	 0.000e+00 	 0.000e+00 
0.86875 	 0.000e+00 	 0.000e+00 	 0.000e+00 
0.87125 	 0.000e+00 	 0.000e+00 	 0.000e+00 
0.87375 	 0.000e+00 	 0.000e+00 	 0.000e+00 
0.87625 	 0.000e+00 	 0.000e+00 	 0.000e+00 
0.87875 	 0.000e+00 	 0.000e+00 	 0.000e+00 
0.88125 	 0.000e+00 	 0.000e+00 	 0.000e+00 
0.88375 	 0.000e+00 	 0.000e+00 	 0.000e+00 
0.88625 	 0.000e+00 	 0.000e+00 	 0.000e+00 
0.88875 	 0.000e+00 	 0.000e+00 	 0.000e+00 
0.89125 	 0.000e+00 	 0.000e+00 	 0.000e+00 
0.89375 	 0.000e+00 	 0.000e+00 	 0.000e+00 
0.89625 	 0.000e+00 	 0.000e+00 	 0.000e+00 
0.89875 	 0.000e+00 	 0.000e+00 	 0.000e+00 
0.90125 	 0.000e+00 	 0.000e+00 	 0.000e+00 
0.90375 	 0.000e+00 	 0.000e+00 	 0.000e+00 
0.90625 	 0.000e+00 	 0.000e+00 	 0.000e+00 
0.90875 	 0.000e+00 	 0.000e+00 	 0.000e+00 
0.91125 	 0.000e+00 	 0.000e+00 	 0.000e+00 
0.91375 	 0.000e+00 	 0.000e+00 	 0.000e+00 
0.91625 	 0.000e+00 	 0.000e+00 	 0.000e+00 
0.91875 	 0.000e+00 	 0.000e+00 	 0.000e+00 
0.92125 	 0.000e+00 	 0.000e+00 	 0.000e+00 
0.92375 	 0.000e+00 	 0.000e+00 	 0.000e+00 
0.92625 	 0.000e+00 	 0.000e+00 	 0.000e+00 
0.92875 	 0.000e+00 	 0.000e+00 	 0.000e+00 
0.93125 	 0.000e+00 	 0.000e+00 	 0.000e+00 
0.93375 	 0.000e+00 	 0.000e+00 	 0.000e+00 
0.93625 	 0.000e+00 	 0.000e+00 	 0.000e+00 
0.93875 	 0.000e+00 	 0.000e+00 	 0.000e+00 
0.94125 	 0.000e+00 	 0.000e+00 	 0.000e+00 
0.94375 	 0.000e+00 	 0.000e+00 	 0.000e+00 
0.94625 	 0.000e+00 	 0.000e+00 	 0.000e+00 
0.94875 	 0.000e+00 	 0.000e+00 	 0.000e+00 
0.95125 	 0.000e+00 	 0.000e+00 	 0.000e+00 
0.95375 	 0.000e+00 	 0.000e+00 	 0.000e+00 
0.95625 	 0.000e+00 	 0.000e+00 	 0.000e+00 
0.95875 	 0.000e+00 	 0.000e+00 	 0.000e+00 
0.96125 	 0.000e+00 	 0.000e+00 	 0.000e+00 
0.96375 	 0.000e+00 	 0.000e+00 	 0.000e+00 
0.96625 	 0.000e+00 	 0.000e+00 	 0.000e+00 
0.96875 	 0.000e+00 	 0.000e+00 	 0.000e+00 
0.97125 	 0.000e+00 	 0.000e+00 	 0.000e+00 
0.97375 	 0.000e+00 	 0.000e+00 	 0.000e+00 
0.97625 	 0.000e+00 	 0.000e+00 	 0.000e+00 
0.97875 	 0.000e+00 	 0.000e+00 	 0.000e+00 
0.98125 	 0.000e+00 	 0.000e+00 	 0.000e+00 
0.98375 	 0.000e+00 	 0.000e+00 	 0.000e+00 
0.98625 	 0.000e+00 	 0.000e+00 	 0.000e+00 
0.98875 	 0.000e+00 	 0.000e+00 	 0.000e+00 
0.99125 	 0.000e+00 	 0.000e+00 	 0.000e+00 
0.99375 	 0.000e+00 	 0.000e+00 	 0.000e+00 
0.99625 	 0.000e+00 	 0.000e+00 	 0.000e+00 
0.99875 	 0.000e+00 	 0.000e+00 	 0.000e+00 
1.00125 	 0.000e+00 	 0.000e+00 	 0.000e+00 
1.00375 	 0.000e+00 	 0.000e+00 	 0.000e+00 
1.00625 	 0.000e+00 	 0.000e+00 	 0.000e+00 
1.00875 	 0.000e+00 	 0.000e+00 	 0.000e+00 
1.01125 	 0.000e+00 	 0.000e+00 	 0.000e+00 
1.01375 	 0.000e+00 	 0.000e+00 	 0.000e+00 
1.01625 	 0.000e+00 	 0.000e+00 	 0.000e+00 
1.01875 	 0.000e+00 	 0.000e+00 	 0.000e+00 
1.02125 	 0.000e+00 	 0.000e+00 	 0.000e+00 
1.02375 	 0.000e+00 	 0.000e+00 	 0.000e+00 
1.02625 	 0.000e+00 	 0.000e+00 	 0.000e+00 
1.02875 	 0.000e+00 	 0.000e+00 	 0.000e+00 
1.03125 	 0.000e+00 	 0.000e+00 	 0.000e+00 
1.03375 	 0.000e+00 	 0.000e+00 	 0.000e+00 
1.03625 	 0.000e+00 	 0.000e+00 	 0.000e+00 
1.03875 	 0.000e+00 	 0.000e+00 	 0.000e+00 
1.04125 	 0.000e+00 	 0.000e+00 	 0.000e+00 
1.04375 	 0.000e+00 	 0.000e+00 	 0.000e+00 
1.04625 	 0.000e+00 	 0.000e+00 	 0.000e+00 
1.04875 	 0.000e+00 	 0.000e+00 	 0.000e+00 
1.05125 	 0.000e+00 	 0.000e+00 	 0.000e+00 
1.05375 	 0.000e+00 	 0.000e+00 	 0.000e+00 
1.05625 	 0.000e+00 	 0.000e+00 	 0.000e+00 
1.05875 	 0.000e+00 	 0.000e+00 	 0.000e+00 
1.06125 	 0.000e+00 	 0.000e+00 	 0.000e+00 
1.06375 	 0.000e+00 	 0.000e+00 	 0.000e+00 
1.06625 	 0.000e+00 	 0.000e+00 	 0.000e+00 
1.06875 	 0.000e+00 	 0.000e+00 	 0.000e+00 
1.07125 	 0.000e+00 	 0.000e+00 	 0.000e+00 
1.07375 	 0.000e+00 	 0.000e+00 	 0.000e+00 
1.07625 	 0.000e+00 	 0.000e+00 	 0.000e+00 
1.07875 	 0.000e+00 	 0.000e+00 	 0.000e+00 
1.08125 	 0.000e+00 	 0.000e+00 	 0.000e+00 
1.08375 	 0.000e+00 	 0.000e+00 	 0.000e+00 
1.08625 	 0.000e+00 	 0.000e+00 	 0.000e+00 
1.08875 	 0.000e+00 	 0.000e+00 	 0.000e+00 
1.09125 	 0.000e+00 	 0.000e+00 	 0.000e+00 
1.09375 	 0.000e+00 	 0.000e+00 	 0.000e+00 
1.09625 	 0.000e+00 	 0.000e+00 	 0.000e+00 
1.09875 	 0.000e+00 	 0.000e+00 	 0.000e+00 
1.10125 	 0.000e+00 	 0.000e+00 	 0.000e+00 
1.10375 	 0.000e+00 	 0.000e+00 	 0.000e+00 
1.10625 	 0.000e+00 	 0.000e+00 	 0.000e+00 
1.10875 	 0.000e+00 	 0.000e+00 	 0.000e+00 
1.11125 	 0.000e+00 	 0.000e+00 	 0.000e+00 
1.11375 	 0.000e+00 	 0.000e+00 	 0.000e+00 
1.11625 	 0.000e+00 	 0.000e+00 	 0.000e+00 
1.11875 	 0.000e+00 	 0.000e+00 	 0.000e+00 
1.12125 	 0.000e+00 	 0.000e+00 	 0.000e+00 
1.12375 	 0.000e+00 	 0.000e+00 	 0.000e+00 
1.12625 	 0.000e+00 	 0.000e+00 	 0.000e+00 
1.12875 	 0.000e+00 	 0.000e+00 	 0.000e+00 
1.13125 	 0.000e+00 	 0.000e+00 	 0.000e+00 
1.13375 	 0.000e+00 	 0.000e+00 	 0.000e+00 
1.13625 	 0.000e+00 	 0.000e+00 	 0.000e+00 
1.13875 	 0.000e+00 	 0.000e+00 	 0.000e+00 
1.14125 	 0.000e+00 	 0.000e+00 	 0.000e+00 
1.14375 	 0.000e+00 	 0.000e+00 	 0.000e+00 
1.14625 	 0.000e+00 	 0.000e+00 	 0.000e+00 
1.14875 	 0.000e+00 	 0.000e+00 	 0.000e+00 
1.15125 	 0.000e+00 	 0.000e+00 	 0.000e+00 
1.15375 	 0.000e+00 	 0.000e+00 	 0.000e+00 
1.15625 	 0.000e+00 	 0.000e+00 	 0.000e+00 
1.15875 	 0.000e+00 	 0.000e+00 	 0.000e+00 
1.16125 	 0.000e+00 	 0.000e+00 	 0.000e+00 
1.16375 	 0.000e+00 	 0.000e+00 	 0.000e+00 
1.16625 	 0.000e+00 	 0.000e+00 	 0.000e+00 
1.16875 	 0.000e+00 	 0.000e+00 	 0.000e+00 
1.17125 	 0.000e+00 	 0.000e+00 	 0.000e+00 
1.17375 	 0.000e+00 	 0.000e+00 	 0.000e+00 
1.17625 	 0.000e+00 	 0.000e+00 	 0.000e+00 
1.17875 	 0.000e+00 	 0.000e+00 	 0.000e+00 
1.18125 	 0.000e+00 	 0.000e+00 	 0.000e+00 
1.18375 	 0.000e+00 	 0.000e+00 	 0.000e+00 
1.18625 	 0.000e+00 	 0.000e+00 	 0.000e+00 
1.18875 	 0.000e+00 	 0.000e+00 	 0.000e+00 
1.19125 	 0.000e+00 	 0.000e+00 	 0.000e+00 
1.19375 	 0.000e+00 	 0.000e+00 	 0.000e+00 
1.19625 	 0.000e+00 	 0.000e+00 	 0.000e+00 
1.19875 	 0.000e+00 	 0.000e+00 	 0.000e+00 
1.20125 	 0.000e+00 	 0.000e+00 	 0.000e+00 
1.20375 	 0.000e+00 	 0.000e+00 	 0.000e+00 
1.20625 	 0.000e+00 	 0.000e+00 	 0.000e+00 
1.20875 	 0.000e+00 	 0.000e+00 	 0.000e+00 
1.21125 	 0.000e+00 	 0.000e+00 	 0.000e+00 
1.21375 	 0.000e+00 	 0.000e+00 	 0.000e+00 
1.21625 	 0.000e+00 	 0.000e+00 	 0.000e+00 
1.21875 	 0.000e+00 	 0.000e+00 	 0.000e+00 
1.22125 	 0.000e+00 	 0.000e+00 	 0.000e+00 
1.22375 	 0.000e+00 	 0.000e+00 	 0.000e+00 
1.22625 	 0.000e+00 	 0.000e+00 	 0.000e+00 
1.22875 	 0.000e+00 	 0.000e+00 	 0.000e+00 
1.23125 	 0.000e+00 	 0.000e+00 	 0.000e+00 
1.23375 	 0.000e+00 	 0.000e+00 	 0.000e+00 
1.23625 	 0.000e+00 	 0.000e+00 	 0.000e+00 
1.23875 	 0.000e+00 	 0.000e+00 	 0.000e+00 
1.24125 	 0.000e+00 	 0.000e+00 	 0.000e+00 
1.24375 	 0.000e+00 	 0.000e+00 	 0.000e+00 
1.24625 	 0.000e+00 	 0.000e+00 	 0.000e+00 
1.24875 	 0.000e+00 	 0.000e+00 	 0.000e+00 
1.25125 	 0.000e+00 	 0.000e+00 	 0.000e+00 
1.25375 	 0.000e+00 	 0.000e+00 	 0.000e+00 
1.25625 	 0.000e+00 	 0.000e+00 	 0.000e+00 
1.25875 	 0.000e+00 	 0.000e+00 	 0.000e+00 
1.26125 	 0.000e+00 	 0.000e+00 	 0.000e+00 
1.26375 	 0.000e+00 	 0.000e+00 	 0.000e+00 
1.26625 	 0.000e+00 	 0.000e+00 	 0.000e+00 
1.26875 	 0.000e+00 	 0.000e+00 	 0.000e+00 
1.27125 	 0.000e+00 	 0.000e+00 	 0.000e+00 
1.27375 	 0.000e+00 	 0.000e+00 	 0.000e+00 
1.27625 	 0.000e+00 	 0.000e+00 	 0.000e+00 
1.27875 	 0.000e+00 	 0.000e+00 	 0.000e+00 
1.28125 	 0.000e+00 	 0.000e+00 	 0.000e+00 
1.28375 	 0.000e+00 	 0.000e+00 	 0.000e+00 
1.28625 	 0.000e+00 	 0.000e+00 	 0.000e+00 
1.28875 	 0.000e+00 	 0.000e+00 	 0.000e+00 
1.29125 	 0.000e+00 	 0.000e+00 	 0.000e+00 
1.29375 	 0.000e+00 	 0.000e+00 	 0.000e+00 
1.29625 	 0.000e+00 	 0.000e+00 	 0.000e+00 
1.29875 	 0.000e+00 	 0.000e+00 	 0.000e+00 
1.30125 	 0.000e+00 	 0.000e+00 	 0.000e+00 
1.30375 	 0.000e+00 	 0.000e+00 	 0.000e+00 
1.30625 	 0.000e+00 	 0.000e+00 	 0.000e+00 
1.30875 	 0.000e+00 	 0.000e+00 	 0.000e+00 
1.31125 	 0.000e+00 	 0.000e+00 	 0.000e+00 
1.31375 	 0.000e+00 	 0.000e+00 	 0.000e+00 
1.31625 	 0.000e+00 	 0.000e+00 	 0.000e+00 
1.31875 	 0.000e+00 	 0.000e+00 	 0.000e+00 
1.32125 	 0.000e+00 	 0.000e+00 	 0.000e+00 
1.32375 	 0.000e+00 	 0.000e+00 	 0.000e+00 
1.32625 	 0.000e+00 	 0.000e+00 	 0.000e+00 
1.32875 	 0.000e+00 	 0.000e+00 	 0.000e+00 
1.33125 	 0.000e+00 	 0.000e+00 	 0.000e+00 
1.33375 	 0.000e+00 	 0.000e+00 	 0.000e+00 
1.33625 	 0.000e+00 	 0.000e+00 	 0.000e+00 
1.33875 	 0.000e+00 	 0.000e+00 	 0.000e+00 
1.34125 	 0.000e+00 	 0.000e+00 	 0.000e+00 
1.34375 	 0.000e+00 	 0.000e+00 	 0.000e+00 
1.34625 	 0.000e+00 	 0.000e+00 	 0.000e+00 
1.34875 	 0.000e+00 	 0.000e+00 	 0.000e+00 
1.35125 	 0.000e+00 	 0.000e+00 	 0.000e+00 
1.35375 	 0.000e+00 	 0.000e+00 	 0.000e+00 
1.35625 	 0.000e+00 	 0.000e+00 	 0.000e+00 
1.35875 	 0.000e+00 	 0.000e+00 	 0.000e+00 
1.36125 	 0.000e+00 	 0.000e+00 	 0.000e+00 
1.36375 	 0.000e+00 	 0.000e+00 	 0.000e+00 
1.36625 	 0.000e+00 	 0.000e+00 	 0.000e+00 
1.36875 	 0.000e+00 	 0.000e+00 	 0.000e+00 
1.37125 	 0.000e+00 	 0.000e+00 	 0.000e+00 
1.37375 	 0.000e+00 	 0.000e+00 	 0.000e+00 
1.37625 	 0.000e+00 	 0.000e+00 	 0.000e+00 
1.37875 	 0.000e+00 	 0.000e+00 	 0.000e+00 
1.38125 	 0.000e+00 	 0.000e+00 	 0.000e+00 
1.38375 	 0.000e+00 	 0.000e+00 	 0.000e+00 
1.38625 	 0.000e+00 	 0.000e+00 	 0.000e+00 
1.38875 	 0.000e+00 	 0.000e+00 	 0.000e+00 
1.39125 	 0.000e+00 	 0.000e+00 	 0.000e+00 
1.39375 	 0.000e+00 	 0.000e+00 	 0.000e+00 
1.39625 	 0.000e+00 	 0.000e+00 	 0.000e+00 
1.39875 	 0.000e+00 	 0.000e+00 	 0.000e+00 
1.40125 	 0.000e+00 	 0.000e+00 	 0.000e+00 
1.40375 	 0.000e+00 	 0.000e+00 	 0.000e+00 
1.40625 	 0.000e+00 	 0.000e+00 	 0.000e+00 
1.40875 	 0.000e+00 	 0.000e+00 	 0.000e+00 
1.41125 	 0.000e+00 	 0.000e+00 	 0.000e+00 
1.41375 	 0.000e+00 	 0.000e+00 	 0.000e+00 
1.41625 	 0.000e+00 	 0.000e+00 	 0.000e+00 
1.41875 	 0.000e+00 	 0.000e+00 	 0.000e+00 
1.42125 	 0.000e+00 	 0.000e+00 	 0.000e+00 
1.42375 	 0.000e+00 	 0.000e+00 	 0.000e+00 
1.42625 	 0.000e+00 	 0.000e+00 	 0.000e+00 
1.42875 	 0.000e+00 	 0.000e+00 	 0.000e+00 
1.43125 	 0.000e+00 	 0.000e+00 	 0.000e+00 
1.43375 	 0.000e+00 	 0.000e+00 	 0.000e+00 
1.43625 	 0.000e+00 	 0.000e+00 	 0.000e+00 
1.43875 	 0.000e+00 	 0.000e+00 	 0.000e+00 
1.44125 	 0.000e+00 	 0.000e+00 	 0.000e+00 
1.44375 	 0.000e+00 	 0.000e+00 	 0.000e+00 
1.44625 	 0.000e+00 	 0.000e+00 	 0.000e+00 
1.44875 	 0.000e+00 	 0.000e+00 	 0.000e+00 
1.45125 	 0.000e+00 	 0.000e+00 	 0.000e+00 
1.45375 	 0.000e+00 	 0.000e+00 	 0.000e+00 
1.45625 	 0.000e+00 	 0.000e+00 	 0.000e+00 
1.45875 	 0.000e+00 	 0.000e+00 	 0.000e+00 
1.46125 	 0.000e+00 	 0.000e+00 	 0.000e+00 
1.46375 	 0.000e+00 	 0.000e+00 	 0.000e+00 
1.46625 	 0.000e+00 	 0.000e+00 	 0.000e+00 
1.46875 	 0.000e+00 	 0.000e+00 	 0.000e+00 
1.47125 	 0.000e+00 	 0.000e+00 	 0.000e+00 
1.47375 	 0.000e+00 	 0.000e+00 	 0.000e+00 
1.47625 	 0.000e+00 	 0.000e+00 	 0.000e+00 
1.47875 	 0.000e+00 	 0.000e+00 	 0.000e+00 
1.48125 	 0.000e+00 	 0.000e+00 	 0.000e+00 
1.48375 	 0.000e+00 	 0.000e+00 	 0.000e+00 
1.48625 	 0.000e+00 	 0.000e+00 	 0.000e+00 
1.48875 	 0.000e+00 	 0.000e+00 	 0.000e+00 
1.49125 	 0.000e+00 	 0.000e+00 	 0.000e+00 
1.49375 	 0.000e+00 	 0.000e+00 	 0.000e+00 
1.49625 	 0.000e+00 	 0.000e+00 	 0.000e+00 
1.49875 	 0.000e+00 	 0.000e+00 	 0.000e+00 
1.50125 	 0.000e+00 	 0.000e+00 	 0.000e+00 
1.50375 	 0.000e+00 	 0.000e+00 	 0.000e+00 
1.50625 	 0.000e+00 	 0.000e+00 	 0.000e+00 
1.50875 	 0.000e+00 	 0.000e+00 	 0.000e+00 
1.51125 	 0.000e+00 	 0.000e+00 	 0.000e+00 
1.51375 	 0.000e+00 	 0.000e+00 	 0.000e+00 
1.51625 	 0.000e+00 	 0.000e+00 	 0.000e+00 
1.51875 	 0.000e+00 	 0.000e+00 	 0.000e+00 
1.52125 	 0.000e+00 	 0.000e+00 	 0.000e+00 
1.52375 	 0.000e+00 	 0.000e+00 	 0.000e+00 
1.52625 	 0.000e+00 	 0.000e+00 	 0.000e+00 
1.52875 	 0.000e+00 	 0.000e+00 	 0.000e+00 
1.53125 	 0.000e+00 	 0.000e+00 	 0.000e+00 
1.53375 	 0.000e+00 	 0.000e+00 	 0.000e+00 
1.53625 	 0.000e+00 	 0.000e+00 	 0.000e+00 
1.53875 	 0.000e+00 	 0.000e+00 	 0.000e+00 
1.54125 	 0.000e+00 	 0.000e+00 	 0.000e+00 
1.54375 	 0.000e+00 	 0.000e+00 	 0.000e+00 
1.54625 	 0.000e+00 	 0.000e+00 	 0.000e+00 
1.54875 	 0.000e+00 	 0.000e+00 	 0.000e+00 
1.55125 	 0.000e+00 	 0.000e+00 	 0.000e+00 
1.55375 	 0.000e+00 	 0.000e+00 	 0.000e+00 
1.55625 	 0.000e+00 	 0.000e+00 	 0.000e+00 
1.55875 	 0.000e+00 	 0.000e+00 	 0.000e+00 
1.56125 	 0.000e+00 	 0.000e+00 	 0.000e+00 
1.56375 	 0.000e+00 	 0.000e+00 	 0.000e+00 
1.56625 	 0.000e+00 	 0.000e+00 	 0.000e+00 
1.56875 	 0.000e+00 	 0.000e+00 	 0.000e+00 
1.57125 	 0.000e+00 	 0.000e+00 	 0.000e+00 
1.57375 	 0.000e+00 	 0.000e+00 	 0.000e+00 
1.57625 	 0.000e+00 	 0.000e+00 	 0.000e+00 
1.57875 	 0.000e+00 	 0.000e+00 	 0.000e+00 
1.58125 	 0.000e+00 	 0.000e+00 	 0.000e+00 
1.58375 	 0.000e+00 	 0.000e+00 	 0.000e+00 
1.58625 	 0.000e+00 	 0.000e+00 	 0.000e+00 
1.58875 	 0.000e+00 	 0.000e+00 	 0.000e+00 
1.59125 	 0.000e+00 	 0.000e+00 	 0.000e+00 
1.59375 	 0.000e+00 	 0.000e+00 	 0.000e+00 
1.59625 	 0.000e+00 	 0.000e+00 	 0.000e+00 
1.59875 	 0.000e+00 	 0.000e+00 	 0.000e+00 
1.60125 	 0.000e+00 	 0.000e+00 	 0.000e+00 
1.60375 	 0.000e+00 	 0.000e+00 	 0.000e+00 
1.60625 	 0.000e+00 	 0.000e+00 	 0.000e+00 
1.60875 	 0.000e+00 	 0.000e+00 	 0.000e+00 
1.61125 	 0.000e+00 	 0.000e+00 	 0.000e+00 
1.61375 	 0.000e+00 	 0.000e+00 	 0.000e+00 
1.61625 	 0.000e+00 	 0.000e+00 	 0.000e+00 
1.61875 	 0.000e+00 	 0.000e+00 	 0.000e+00 
1.62125 	 0.000e+00 	 0.000e+00 	 0.000e+00 
1.62375 	 0.000e+00 	 0.000e+00 	 0.000e+00 
1.62625 	 0.000e+00 	 0.000e+00 	 0.000e+00 
1.62875 	 0.000e+00 	 0.000e+00 	 0.000e+00 
1.63125 	 0.000e+00 	 0.000e+00 	 0.000e+00 
1.63375 	 0.000e+00 	 0.000e+00 	 0.000e+00 
1.63625 	 0.000e+00 	 0.000e+00 	 0.000e+00 
1.63875 	 0.000e+00 	 0.000e+00 	 0.000e+00 
1.64125 	 0.000e+00 	 0.000e+00 	 0.000e+00 
1.64375 	 0.000e+00 	 0.000e+00 	 0.000e+00 
1.64625 	 0.000e+00 	 0.000e+00 	 0.000e+00 
1.64875 	 0.000e+00 	 0.000e+00 	 0.000e+00 
1.65125 	 0.000e+00 	 0.000e+00 	 0.000e+00 
1.65375 	 0.000e+00 	 0.000e+00 	 0.000e+00 
1.65625 	 0.000e+00 	 0.000e+00 	 0.000e+00 
1.65875 	 0.000e+00 	 0.000e+00 	 0.000e+00 
1.66125 	 0.000e+00 	 0.000e+00 	 0.000e+00 
1.66375 	 0.000e+00 	 0.000e+00 	 0.000e+00 
1.66625 	 0.000e+00 	 0.000e+00 	 0.000e+00 
1.66875 	 0.000e+00 	 0.000e+00 	 0.000e+00 
1.67125 	 0.000e+00 	 0.000e+00 	 0.000e+00 
1.67375 	 0.000e+00 	 0.000e+00 	 0.000e+00 
1.67625 	 0.000e+00 	 0.000e+00 	 0.000e+00 
1.67875 	 0.000e+00 	 0.000e+00 	 0.000e+00 
1.68125 	 0.000e+00 	 0.000e+00 	 0.000e+00 
1.68375 	 0.000e+00 	 0.000e+00 	 0.000e+00 
1.68625 	 0.000e+00 	 0.000e+00 	 0.000e+00 
1.68875 	 0.000e+00 	 0.000e+00 	 0.000e+00 
1.69125 	 0.000e+00 	 0.000e+00 	 0.000e+00 
1.69375 	 0.000e+00 	 0.000e+00 	 0.000e+00 
1.69625 	 0.000e+00 	 0.000e+00 	 0.000e+00 
1.69875 	 0.000e+00 	 0.000e+00 	 0.000e+00 
1.70125 	 0.000e+00 	 0.000e+00 	 0.000e+00 
1.70375 	 0.000e+00 	 0.000e+00 	 0.000e+00 
1.70625 	 0.000e+00 	 0.000e+00 	 0.000e+00 
1.70875 	 0.000e+00 	 0.000e+00 	 0.000e+00 
1.71125 	 0.000e+00 	 0.000e+00 	 0.000e+00 
1.71375 	 0.000e+00 	 0.000e+00 	 0.000e+00 
1.71625 	 0.000e+00 	 0.000e+00 	 0.000e+00 
1.71875 	 0.000e+00 	 0.000e+00 	 0.000e+00 
1.72125 	 0.000e+00 	 0.000e+00 	 0.000e+00 
1.72375 	 0.000e+00 	 0.000e+00 	 0.000e+00 
1.72625 	 0.000e+00 	 0.000e+00 	 0.000e+00 
1.72875 	 0.000e+00 	 0.000e+00 	 0.000e+00 
1.73125 	 0.000e+00 	 0.000e+00 	 0.000e+00 
1.73375 	 0.000e+00 	 0.000e+00 	 0.000e+00 
1.73625 	 0.000e+00 	 0.000e+00 	 0.000e+00 
1.73875 	 0.000e+00 	 0.000e+00 	 0.000e+00 
1.74125 	 0.000e+00 	 0.000e+00 	 0.000e+00 
1.74375 	 0.000e+00 	 0.000e+00 	 0.000e+00 
1.74625 	 0.000e+00 	 0.000e+00 	 0.000e+00 
1.74875 	 0.000e+00 	 0.000e+00 	 0.000e+00 
1.75125 	 0.000e+00 	 0.000e+00 	 0.000e+00 
1.75375 	 0.000e+00 	 0.000e+00 	 0.000e+00 
1.75625 	 0.000e+00 	 0.000e+00 	 0.000e+00 
1.75875 	 0.000e+00 	 0.000e+00 	 0.000e+00 
1.76125 	 0.000e+00 	 0.000e+00 	 0.000e+00 
1.76375 	 0.000e+00 	 0.000e+00 	 0.000e+00 
1.76625 	 0.000e+00 	 0.000e+00 	 0.000e+00 
1.76875 	 0.000e+00 	 0.000e+00 	 0.000e+00 
1.77125 	 0.000e+00 	 0.000e+00 	 0.000e+00 
1.77375 	 0.000e+00 	 0.000e+00 	 0.000e+00 
1.77625 	 0.000e+00 	 0.000e+00 	 0.000e+00 
1.77875 	 0.000e+00 	 0.000e+00 	 0.000e+00 
1.78125 	 0.000e+00 	 0.000e+00 	 0.000e+00 
1.78375 	 0.000e+00 	 0.000e+00 	 0.000e+00 
1.78625 	 0.000e+00 	 0.000e+00 	 0.000e+00 
1.78875 	 0.000e+00 	 0.000e+00 	 0.000e+00 
1.79125 	 0.000e+00 	 0.000e+00 	 0.000e+00 
1.79375 	 0.000e+00 	 0.000e+00 	 0.000e+00 
1.79625 	 0.000e+00 	 0.000e+00 	 0.000e+00 
1.79875 	 0.000e+00 	 0.000e+00 	 0.000e+00 
1.80125 	 0.000e+00 	 0.000e+00 	 0.000e+00 
1.80375 	 0.000e+00 	 0.000e+00 	 0.000e+00 
1.80625 	 0.000e+00 	 0.000e+00 	 0.000e+00 
1.80875 	 0.000e+00 	 0.000e+00 	 0.000e+00 
1.81125 	 0.000e+00 	 0.000e+00 	 0.000e+00 
1.81375 	 0.000e+00 	 0.000e+00 	 0.000e+00 
1.81625 	 0.000e+00 	 0.000e+00 	 0.000e+00 
1.81875 	 0.000e+00 	 0.000e+00 	 0.000e+00 
1.82125 	 0.000e+00 	 0.000e+00 	 0.000e+00 
1.82375 	 0.000e+00 	 0.000e+00 	 0.000e+00 
1.82625 	 0.000e+00 	 0.000e+00 	 0.000e+00 
1.82875 	 0.000e+00 	 0.000e+00 	 0.000e+00 
1.83125 	 0.000e+00 	 0.000e+00 	 0.000e+00 
1.83375 	 0.000e+00 	 0.000e+00 	 0.000e+00 
1.83625 	 0.000e+00 	 0.000e+00 	 0.000e+00 
1.83875 	 0.000e+00 	 0.000e+00 	 0.000e+00 
1.84125 	 0.000e+00 	 0.000e+00 	 0.000e+00 
1.84375 	 0.000e+00 	 0.000e+00 	 0.000e+00 
1.84625 	 0.000e+00 	 0.000e+00 	 0.000e+00 
1.84875 	 0.000e+00 	 0.000e+00 	 0.000e+00 
1.85125 	 0.000e+00 	 0.000e+00 	 0.000e+00 
1.85375 	 0.000e+00 	 0.000e+00 	 0.000e+00 
1.85625 	 0.000e+00 	 0.000e+00 	 0.000e+00 
1.85875 	 0.000e+00 	 0.000e+00 	 0.000e+00 
1.86125 	 0.000e+00 	 0.000e+00 	 0.000e+00 
1.86375 	 0.000e+00 	 0.000e+00 	 0.000e+00 
1.86625 	 0.000e+00 	 0.000e+00 	 0.000e+00 
1.86875 	 0.000e+00 	 0.000e+00 	 0.000e+00 
1.87125 	 0.000e+00 	 0.000e+00 	 0.000e+00 
1.87375 	 0.000e+00 	 0.000e+00 	 0.000e+00 
1.87625 	 0.000e+00 	 0.000e+00 	 0.000e+00 
1.87875 	 0.000e+00 	 0.000e+00 	 0.000e+00 
1.88125 	 0.000e+00 	 0.000e+00 	 0.000e+00 
1.88375 	 0.000e+00 	 0.000e+00 	 0.000e+00 
1.88625 	 0.000e+00 	 0.000e+00 	 0.000e+00 
1.88875 	 0.000e+00 	 0.000e+00 	 0.000e+00 
1.89125 	 0.000e+00 	 0.000e+00 	 0.000e+00 
1.89375 	 0.000e+00 	 0.000e+00 	 0.000e+00 
1.89625 	 0.000e+00 	 0.000e+00 	 0.000e+00 
1.89875 	 0.000e+00 	 0.000e+00 	 0.000e+00 
1.90125 	 0.000e+00 	 0.000e+00 	 0.000e+00 
1.90375 	 0.000e+00 	 0.000e+00 	 0.000e+00 
1.90625 	 0.000e+00 	 0.000e+00 	 0.000e+00 
1.90875 	 0.000e+00 	 0.000e+00 	 0.000e+00 
1.91125 	 0.000e+00 	 0.000e+00 	 0.000e+00 
1.91375 	 0.000e+00 	 0.000e+00 	 0.000e+00 
1.91625 	 0.000e+00 	 0.000e+00 	 0.000e+00 
1.91875 	 0.000e+00 	 0.000e+00 	 0.000e+00 
1.92125 	 0.000e+00 	 0.000e+00 	 0.000e+00 
1.92375 	 0.000e+00 	 0.000e+00 	 0.000e+00 
1.92625 	 0.000e+00 	 0.000e+00 	 0.000e+00 
1.92875 	 0.000e+00 	 0.000e+00 	 0.000e+00 
1.93125 	 0.000e+00 	 0.000e+00 	 0.000e+00 
1.93375 	 0.000e+00 	 0.000e+00 	 0.000e+00 
1.93625 	 0.000e+00 	 0.000e+00 	 0.000e+00 
1.93875 	 0.000e+00 	 0.000e+00 	 0.000e+00 
1.94125 	 0.000e+00 	 0.000e+00 	 0.000e+00 
1.94375 	 0.000e+00 	 0.000e+00 	 0.000e+00 
1.94625 	 0.000e+00 	 0.000e+00 	 0.000e+00 
1.94875 	 0.000e+00 	 0.000e+00 	 0.000e+00 
1.95125 	 0.000e+00 	 0.000e+00 	 0.000e+00 
1.95375 	 0.000e+00 	 0.000e+00 	 0.000e+00 
1.95625 	 0.000e+00 	 0.000e+00 	 0.000e+00 
1.95875 	 0.000e+00 	 0.000e+00 	 0.000e+00 
1.96125 	 0.000e+00 	 0.000e+00 	 0.000e+00 
1.96375 	 0.000e+00 	 0.000e+00 	 0.000e+00 
1.96625 	 0.000e+00 	 0.000e+00 	 0.000e+00 
1.96875 	 0.000e+00 	 0.000e+00 	 0.000e+00 
1.97125 	 0.000e+00 	 0.000e+00 	 0.000e+00 
1.97375 	 0.000e+00 	 0.000e+00 	 0.000e+00 
1.97625 	 0.000e+00 	 0.000e+00 	 0.000e+00 
1.97875 	 0.000e+00 	 0.000e+00 	 0.000e+00 
1.98125 	 0.000e+00 	 0.000e+00 	 0.000e+00 
1.98375 	 0.000e+00 	 0.000e+00 	 0.000e+00 
1.98625 	 0.000e+00 	 0.000e+00 	 0.000e+00 
1.98875 	 0.000e+00 	 0.000e+00 	 0.000e+00 
1.99125 	 0.000e+00 	 0.000e+00 	 0.000e+00 
1.99375 	 0.000e+00 	 0.000e+00 	 0.000e+00 
1.99625 	 0.000e+00 	 0.000e+00 	 0.000e+00 
1.99875 	 0.000e+00 	 0.000e+00 	 0.000e+00 
2.00125 	 0.000e+00 	 0.000e+00 	 0.000e+00 
2.00375 	 0.000e+00 	 0.000e+00 	 0.000e+00 
2.00625 	 0.000e+00 	 0.000e+00 	 0.000e+00 
2.00875 	 0.000e+00 	 0.000e+00 	 0.000e+00 
2.01125 	 0.000e+00 	 0.000e+00 	 0.000e+00 
2.01375 	 0.000e+00 	 0.000e+00 	 0.000e+00 
2.01625 	 0.000e+00 	 0.000e+00 	 0.000e+00 
2.01875 	 0.000e+00 	 0.000e+00 	 0.000e+00 
2.02125 	 0.000e+00 	 0.000e+00 	 0.000e+00 
2.02375 	 0.000e+00 	 0.000e+00 	 0.000e+00 
2.02625 	 0.000e+00 	 0.000e+00 	 0.000e+00 
2.02875 	 0.000e+00 	 0.000e+00 	 0.000e+00 
2.03125 	 0.000e+00 	 0.000e+00 	 0.000e+00 
2.03375 	 0.000e+00 	 0.000e+00 	 0.000e+00 
2.03625 	 0.000e+00 	 0.000e+00 	 0.000e+00 
2.03875 	 0.000e+00 	 0.000e+00 	 0.000e+00 
2.04125 	 0.000e+00 	 0.000e+00 	 0.000e+00 
2.04375 	 0.000e+00 	 0.000e+00 	 0.000e+00 
2.04625 	 0.000e+00 	 0.000e+00 	 0.000e+00 
2.04875 	 0.000e+00 	 0.000e+00 	 0.000e+00 
2.05125 	 0.000e+00 	 0.000e+00 	 0.000e+00 
2.05375 	 0.000e+00 	 0.000e+00 	 0.000e+00 
2.05625 	 0.000e+00 	 0.000e+00 	 0.000e+00 
2.05875 	 0.000e+00 	 0.000e+00 	 0.000e+00 
2.06125 	 0.000e+00 	 0.000e+00 	 0.000e+00 
2.06375 	 0.000e+00 	 0.000e+00 	 0.000e+00 
2.06625 	 0.000e+00 	 0.000e+00 	 0.000e+00 
2.06875 	 0.000e+00 	 0.000e+00 	 0.000e+00 
2.07125 	 0.000e+00 	 0.000e+00 	 0.000e+00 
2.07375 	 0.000e+00 	 0.000e+00 	 0.000e+00 
2.07625 	 0.000e+00 	 0.000e+00 	 0.000e+00 
2.07875 	 0.000e+00 	 0.000e+00 	 0.000e+00 
2.08125 	 0.000e+00 	 0.000e+00 	 0.000e+00 
2.08375 	 0.000e+00 	 0.000e+00 	 0.000e+00 
2.08625 	 0.000e+00 	 0.000e+00 	 0.000e+00 
2.08875 	 0.000e+00 	 0.000e+00 	 0.000e+00 
2.09125 	 0.000e+00 	 0.000e+00 	 0.000e+00 
2.09375 	 0.000e+00 	 0.000e+00 	 0.000e+00 
2.09625 	 0.000e+00 	 0.000e+00 	 0.000e+00 
2.09875 	 0.000e+00 	 0.000e+00 	 0.000e+00 
2.10125 	 0.000e+00 	 0.000e+00 	 0.000e+00 
2.10375 	 0.000e+00 	 0.000e+00 	 0.000e+00 
2.10625 	 0.000e+00 	 0.000e+00 	 0.000e+00 
2.10875 	 0.000e+00 	 0.000e+00 	 0.000e+00 
2.11125 	 0.000e+00 	 0.000e+00 	 0.000e+00 
2.11375 	 0.000e+00 	 0.000e+00 	 0.000e+00 
2.11625 	 0.000e+00 	 0.000e+00 	 0.000e+00 
2.11875 	 0.000e+00 	 0.000e+00 	 0.000e+00 
2.12125 	 0.000e+00 	 0.000e+00 	 0.000e+00 
2.12375 	 0.000e+00 	 0.000e+00 	 0.000e+00 
2.12625 	 0.000e+00 	 0.000e+00 	 0.000e+00 
2.12875 	 0.000e+00 	 0.000e+00 	 0.000e+00 
2.13125 	 0.000e+00 	 0.000e+00 	 0.000e+00 
2.13375 	 0.000e+00 	 0.000e+00 	 0.000e+00 
2.13625 	 0.000e+00 	 0.000e+00 	 0.000e+00 
2.13875 	 0.000e+00 	 0.000e+00 	 0.000e+00 
2.14125 	 0.000e+00 	 0.000e+00 	 0.000e+00 
2.14375 	 0.000e+00 	 0.000e+00 	 0.000e+00 
2.14625 	 0.000e+00 	 0.000e+00 	 0.000e+00 
2.14875 	 0.000e+00 	 0.000e+00 	 0.000e+00 
2.15125 	 0.000e+00 	 0.000e+00 	 0.000e+00 
2.15375 	 0.000e+00 	 0.000e+00 	 0.000e+00 
2.15625 	 0.000e+00 	 0.000e+00 	 0.000e+00 
2.15875 	 0.000e+00 	 0.000e+00 	 0.000e+00 
2.16125 	 0.000e+00 	 0.000e+00 	 0.000e+00 
2.16375 	 0.000e+00 	 0.000e+00 	 0.000e+00 
2.16625 	 0.000e+00 	 0.000e+00 	 0.000e+00 
2.16875 	 0.000e+00 	 0.000e+00 	 0.000e+00 
2.17125 	 0.000e+00 	 0.000e+00 	 0.000e+00 
2.17375 	 0.000e+00 	 0.000e+00 	 0.000e+00 
2.17625 	 0.000e+00 	 0.000e+00 	 0.000e+00 
2.17875 	 0.000e+00 	 0.000e+00 	 0.000e+00 
2.18125 	 0.000e+00 	 0.000e+00 	 0.000e+00 
2.18375 	 0.000e+00 	 0.000e+00 	 0.000e+00 
2.18625 	 0.000e+00 	 0.000e+00 	 0.000e+00 
2.18875 	 0.000e+00 	 0.000e+00 	 0.000e+00 
2.19125 	 0.000e+00 	 0.000e+00 	 0.000e+00 
2.19375 	 0.000e+00 	 0.000e+00 	 0.000e+00 
2.19625 	 0.000e+00 	 0.000e+00 	 0.000e+00 
2.19875 	 0.000e+00 	 0.000e+00 	 0.000e+00 
2.20125 	 0.000e+00 	 0.000e+00 	 0.000e+00 
2.20375 	 0.000e+00 	 0.000e+00 	 0.000e+00 
2.20625 	 0.000e+00 	 0.000e+00 	 0.000e+00 
2.20875 	 0.000e+00 	 0.000e+00 	 0.000e+00 
2.21125 	 0.000e+00 	 0.000e+00 	 0.000e+00 
2.21375 	 0.000e+00 	 0.000e+00 	 0.000e+00 
2.21625 	 0.000e+00 	 0.000e+00 	 0.000e+00 
2.21875 	 0.000e+00 	 0.000e+00 	 0.000e+00 
2.22125 	 0.000e+00 	 0.000e+00 	 0.000e+00 
2.22375 	 0.000e+00 	 0.000e+00 	 0.000e+00 
2.22625 	 0.000e+00 	 0.000e+00 	 0.000e+00 
2.22875 	 0.000e+00 	 0.000e+00 	 0.000e+00 
2.23125 	 0.000e+00 	 0.000e+00 	 0.000e+00 
2.23375 	 0.000e+00 	 0.000e+00 	 0.000e+00 
2.23625 	 0.000e+00 	 0.000e+00 	 0.000e+00 
2.23875 	 0.000e+00 	 0.000e+00 	 0.000e+00 
2.24125 	 0.000e+00 	 0.000e+00 	 0.000e+00 
2.24375 	 0.000e+00 	 0.000e+00 	 0.000e+00 
2.24625 	 0.000e+00 	 0.000e+00 	 0.000e+00 
2.24875 	 0.000e+00 	 0.000e+00 	 0.000e+00 
2.25125 	 0.000e+00 	 0.000e+00 	 0.000e+00 
2.25375 	 0.000e+00 	 0.000e+00 	 0.000e+00 
2.25625 	 0.000e+00 	 0.000e+00 	 0.000e+00 
2.25875 	 0.000e+00 	 0.000e+00 	 0.000e+00 
2.26125 	 0.000e+00 	 0.000e+00 	 0.000e+00 
2.26375 	 0.000e+00 	 0.000e+00 	 0.000e+00 
2.26625 	 0.000e+00 	 0.000e+00 	 0.000e+00 
2.26875 	 0.000e+00 	 0.000e+00 	 0.000e+00 
2.27125 	 0.000e+00 	 0.000e+00 	 0.000e+00 
2.27375 	 0.000e+00 	 0.000e+00 	 0.000e+00 
2.27625 	 0.000e+00 	 0.000e+00 	 0.000e+00 
2.27875 	 0.000e+00 	 0.000e+00 	 0.000e+00 
2.28125 	 0.000e+00 	 0.000e+00 	 0.000e+00 
2.28375 	 0.000e+00 	 0.000e+00 	 0.000e+00 
2.28625 	 0.000e+00 	 0.000e+00 	 0.000e+00 
2.28875 	 0.000e+00 	 0.000e+00 	 0.000e+00 
2.29125 	 0.000e+00 	 0.000e+00 	 0.000e+00 
2.29375 	 0.000e+00 	 0.000e+00 	 0.000e+00 
2.29625 	 0.000e+00 	 0.000e+00 	 0.000e+00 
2.29875 	 0.000e+00 	 0.000e+00 	 0.000e+00 
2.30125 	 0.000e+00 	 0.000e+00 	 0.000e+00 
2.30375 	 0.000e+00 	 0.000e+00 	 0.000e+00 
2.30625 	 0.000e+00 	 0.000e+00 	 0.000e+00 
2.30875 	 0.000e+00 	 0.000e+00 	 0.000e+00 
2.31125 	 0.000e+00 	 0.000e+00 	 0.000e+00 
2.31375 	 0.000e+00 	 0.000e+00 	 0.000e+00 
2.31625 	 0.000e+00 	 0.000e+00 	 0.000e+00 
2.31875 	 0.000e+00 	 0.000e+00 	 0.000e+00 
2.32125 	 0.000e+00 	 0.000e+00 	 0.000e+00 
2.32375 	 0.000e+00 	 0.000e+00 	 0.000e+00 
2.32625 	 0.000e+00 	 0.000e+00 	 0.000e+00 
2.32875 	 0.000e+00 	 0.000e+00 	 0.000e+00 
2.33125 	 0.000e+00 	 0.000e+00 	 0.000e+00 
2.33375 	 0.000e+00 	 0.000e+00 	 0.000e+00 
2.33625 	 0.000e+00 	 0.000e+00 	 0.000e+00 
2.33875 	 0.000e+00 	 0.000e+00 	 0.000e+00 
2.34125 	 0.000e+00 	 0.000e+00 	 0.000e+00 
2.34375 	 0.000e+00 	 0.000e+00 	 0.000e+00 
2.34625 	 0.000e+00 	 0.000e+00 	 0.000e+00 
2.34875 	 0.000e+00 	 0.000e+00 	 0.000e+00 
2.35125 	 0.000e+00 	 0.000e+00 	 0.000e+00 
2.35375 	 0.000e+00 	 0.000e+00 	 0.000e+00 
2.35625 	 0.000e+00 	 0.000e+00 	 0.000e+00 
2.35875 	 0.000e+00 	 0.000e+00 	 0.000e+00 
2.36125 	 0.000e+00 	 0.000e+00 	 0.000e+00 
2.36375 	 0.000e+00 	 0.000e+00 	 0.000e+00 
2.36625 	 0.000e+00 	 0.000e+00 	 0.000e+00 
2.36875 	 0.000e+00 	 0.000e+00 	 0.000e+00 
2.37125 	 0.000e+00 	 0.000e+00 	 0.000e+00 
2.37375 	 0.000e+00 	 0.000e+00 	 0.000e+00 
2.37625 	 0.000e+00 	 0.000e+00 	 0.000e+00 
2.37875 	 0.000e+00 	 0.000e+00 	 0.000e+00 
2.38125 	 0.000e+00 	 0.000e+00 	 0.000e+00 
2.38375 	 0.000e+00 	 0.000e+00 	 0.000e+00 
2.38625 	 0.000e+00 	 0.000e+00 	 0.000e+00 
2.38875 	 0.000e+00 	 0.000e+00 	 0.000e+00 
2.39125 	 0.000e+00 	 0.000e+00 	 0.000e+00 
2.39375 	 0.000e+00 	 0.000e+00 	 0.000e+00 
2.39625 	 0.000e+00 	 0.000e+00 	 0.000e+00 
2.39875 	 0.000e+00 	 0.000e+00 	 0.000e+00 
2.40125 	 0.000e+00 	 0.000e+00 	 0.000e+00 
2.40375 	 0.000e+00 	 0.000e+00 	 0.000e+00 
2.40625 	 0.000e+00 	 0.000e+00 	 0.000e+00 
2.40875 	 0.000e+00 	 0.000e+00 	 0.000e+00 
2.41125 	 0.000e+00 	 0.000e+00 	 0.000e+00 
2.41375 	 0.000e+00 	 0.000e+00 	 0.000e+00 
2.41625 	 0.000e+00 	 0.000e+00 	 0.000e+00 
2.41875 	 0.000e+00 	 0.000e+00 	 0.000e+00 
2.42125 	 0.000e+00 	 0.000e+00 	 0.000e+00 
2.42375 	 0.000e+00 	 0.000e+00 	 0.000e+00 
2.42625 	 0.000e+00 	 0.000e+00 	 0.000e+00 
2.42875 	 0.000e+00 	 0.000e+00 	 0.000e+00 
2.43125 	 0.000e+00 	 0.000e+00 	 0.000e+00 
2.43375 	 0.000e+00 	 0.000e+00 	 0.000e+00 
2.43625 	 0.000e+00 	 0.000e+00 	 0.000e+00 
2.43875 	 0.000e+00 	 0.000e+00 	 0.000e+00 
2.44125 	 0.000e+00 	 0.000e+00 	 0.000e+00 
2.44375 	 0.000e+00 	 0.000e+00 	 0.000e+00 
2.44625 	 0.000e+00 	 0.000e+00 	 0.000e+00 
2.44875 	 0.000e+00 	 0.000e+00 	 0.000e+00 
2.45125 	 0.000e+00 	 0.000e+00 	 0.000e+00 
2.45375 	 0.000e+00 	 0.000e+00 	 0.000e+00 
2.45625 	 0.000e+00 	 0.000e+00 	 0.000e+00 
2.45875 	 0.000e+00 	 0.000e+00 	 0.000e+00 
2.46125 	 0.000e+00 	 0.000e+00 	 0.000e+00 
2.46375 	 0.000e+00 	 0.000e+00 	 0.000e+00 
2.46625 	 0.000e+00 	 0.000e+00 	 0.000e+00 
2.46875 	 0.000e+00 	 0.000e+00 	 0.000e+00 
2.47125 	 0.000e+00 	 0.000e+00 	 0.000e+00 
2.47375 	 0.000e+00 	 0.000e+00 	 0.000e+00 
2.47625 	 0.000e+00 	 0.000e+00 	 0.000e+00 
2.47875 	 0.000e+00 	 0.000e+00 	 0.000e+00 
2.48125 	 0.000e+00 	 0.000e+00 	 0.000e+00 
2.48375 	 0.000e+00 	 0.000e+00 	 0.000e+00 
2.48625 	 0.000e+00 	 0.000e+00 	 0.000e+00 
2.48875 	 0.000e+00 	 0.000e+00 	 0.000e+00 
2.49125 	 0.000e+00 	 0.000e+00 	 0.000e+00 
2.49375 	 0.000e+00 	 0.000e+00 	 0.000e+00 
2.49625 	 0.000e+00 	 0.000e+00 	 0.000e+00 
2.49875 	 0.000e+00 	 0.000e+00 	 0.000e+00 
2.50125 	 0.000e+00 	 0.000e+00 	 0.000e+00 
2.50375 	 0.000e+00 	 0.000e+00 	 0.000e+00 
2.50625 	 0.000e+00 	 0.000e+00 	 0.000e+00 
2.50875 	 0.000e+00 	 0.000e+00 	 0.000e+00 
2.51125 	 0.000e+00 	 0.000e+00 	 0.000e+00 
2.51375 	 0.000e+00 	 0.000e+00 	 0.000e+00 
2.51625 	 0.000e+00 	 0.000e+00 	 0.000e+00 
2.51875 	 0.000e+00 	 0.000e+00 	 0.000e+00 
2.52125 	 0.000e+00 	 0.000e+00 	 0.000e+00 
2.52375 	 0.000e+00 	 0.000e+00 	 0.000e+00 
2.52625 	 0.000e+00 	 0.000e+00 	 0.000e+00 
2.52875 	 0.000e+00 	 0.000e+00 	 0.000e+00 
2.53125 	 0.000e+00 	 0.000e+00 	 0.000e+00 
2.53375 	 0.000e+00 	 0.000e+00 	 0.000e+00 
2.53625 	 0.000e+00 	 0.000e+00 	 0.000e+00 
2.53875 	 0.000e+00 	 0.000e+00 	 0.000e+00 
2.54125 	 0.000e+00 	 0.000e+00 	 0.000e+00 
2.54375 	 0.000e+00 	 0.000e+00 	 0.000e+00 
2.54625 	 0.000e+00 	 0.000e+00 	 0.000e+00 
2.54875 	 0.000e+00 	 0.000e+00 	 0.000e+00 
2.55125 	 0.000e+00 	 0.000e+00 	 0.000e+00 
2.55375 	 0.000e+00 	 0.000e+00 	 0.000e+00 
2.55625 	 0.000e+00 	 0.000e+00 	 0.000e+00 
2.55875 	 0.000e+00 	 0.000e+00 	 0.000e+00 
2.56125 	 0.000e+00 	 0.000e+00 	 0.000e+00 
2.56375 	 0.000e+00 	 0.000e+00 	 0.000e+00 
2.56625 	 0.000e+00 	 0.000e+00 	 0.000e+00 
2.56875 	 0.000e+00 	 0.000e+00 	 0.000e+00 
2.57125 	 0.000e+00 	 0.000e+00 	 0.000e+00 
2.57375 	 0.000e+00 	 0.000e+00 	 0.000e+00 
2.57625 	 0.000e+00 	 0.000e+00 	 0.000e+00 
2.57875 	 0.000e+00 	 0.000e+00 	 0.000e+00 
2.58125 	 0.000e+00 	 0.000e+00 	 0.000e+00 
2.58375 	 0.000e+00 	 0.000e+00 	 0.000e+00 
2.58625 	 0.000e+00 	 0.000e+00 	 0.000e+00 
2.58875 	 0.000e+00 	 0.000e+00 	 0.000e+00 
2.59125 	 0.000e+00 	 0.000e+00 	 0.000e+00 
2.59375 	 0.000e+00 	 0.000e+00 	 0.000e+00 
2.59625 	 0.000e+00 	 0.000e+00 	 0.000e+00 
2.59875 	 0.000e+00 	 0.000e+00 	 0.000e+00 
2.60125 	 0.000e+00 	 0.000e+00 	 0.000e+00 
2.60375 	 0.000e+00 	 0.000e+00 	 0.000e+00 
2.60625 	 0.000e+00 	 0.000e+00 	 0.000e+00 
2.60875 	 0.000e+00 	 0.000e+00 	 0.000e+00 
2.61125 	 0.000e+00 	 0.000e+00 	 0.000e+00 
2.61375 	 0.000e+00 	 0.000e+00 	 0.000e+00 
2.61625 	 0.000e+00 	 0.000e+00 	 0.000e+00 
2.61875 	 0.000e+00 	 0.000e+00 	 0.000e+00 
2.62125 	 0.000e+00 	 0.000e+00 	 0.000e+00 
2.62375 	 0.000e+00 	 0.000e+00 	 0.000e+00 
2.62625 	 0.000e+00 	 0.000e+00 	 0.000e+00 
2.62875 	 0.000e+00 	 0.000e+00 	 0.000e+00 
2.63125 	 0.000e+00 	 0.000e+00 	 0.000e+00 
2.63375 	 0.000e+00 	 0.000e+00 	 0.000e+00 
2.63625 	 0.000e+00 	 0.000e+00 	 0.000e+00 
2.63875 	 0.000e+00 	 0.000e+00 	 0.000e+00 
2.64125 	 0.000e+00 	 0.000e+00 	 0.000e+00 
2.64375 	 0.000e+00 	 0.000e+00 	 0.000e+00 
2.64625 	 0.000e+00 	 0.000e+00 	 0.000e+00 
2.64875 	 0.000e+00 	 0.000e+00 	 0.000e+00 
2.65125 	 0.000e+00 	 0.000e+00 	 0.000e+00 
2.65375 	 0.000e+00 	 0.000e+00 	 0.000e+00 
2.65625 	 0.000e+00 	 0.000e+00 	 0.000e+00 
2.65875 	 0.000e+00 	 0.000e+00 	 0.000e+00 
2.66125 	 0.000e+00 	 0.000e+00 	 0.000e+00 
2.66375 	 0.000e+00 	 0.000e+00 	 0.000e+00 
2.66625 	 0.000e+00 	 0.000e+00 	 0.000e+00 
2.66875 	 0.000e+00 	 0.000e+00 	 0.000e+00 
2.67125 	 0.000e+00 	 0.000e+00 	 0.000e+00 
2.67375 	 0.000e+00 	 0.000e+00 	 0.000e+00 
2.67625 	 0.000e+00 	 0.000e+00 	 0.000e+00 
2.67875 	 0.000e+00 	 0.000e+00 	 0.000e+00 
2.68125 	 0.000e+00 	 0.000e+00 	 0.000e+00 
2.68375 	 0.000e+00 	 0.000e+00 	 0.000e+00 
2.68625 	 0.000e+00 	 0.000e+00 	 0.000e+00 
2.68875 	 0.000e+00 	 0.000e+00 	 0.000e+00 
2.69125 	 0.000e+00 	 0.000e+00 	 0.000e+00 
2.69375 	 0.000e+00 	 0.000e+00 	 0.000e+00 
2.69625 	 0.000e+00 	 0.000e+00 	 0.000e+00 
2.69875 	 0.000e+00 	 0.000e+00 	 0.000e+00 
2.70125 	 0.000e+00 	 0.000e+00 	 0.000e+00 
2.70375 	 0.000e+00 	 0.000e+00 	 0.000e+00 
2.70625 	 0.000e+00 	 0.000e+00 	 0.000e+00 
2.70875 	 0.000e+00 	 0.000e+00 	 0.000e+00 
2.71125 	 0.000e+00 	 0.000e+00 	 0.000e+00 
2.71375 	 0.000e+00 	 0.000e+00 	 0.000e+00 
2.71625 	 0.000e+00 	 0.000e+00 	 0.000e+00 
2.71875 	 0.000e+00 	 0.000e+00 	 0.000e+00 
2.72125 	 0.000e+00 	 0.000e+00 	 0.000e+00 
2.72375 	 0.000e+00 	 0.000e+00 	 0.000e+00 
2.72625 	 0.000e+00 	 0.000e+00 	 0.000e+00 
2.72875 	 0.000e+00 	 0.000e+00 	 0.000e+00 
2.73125 	 0.000e+00 	 0.000e+00 	 0.000e+00 
2.73375 	 0.000e+00 	 0.000e+00 	 0.000e+00 
2.73625 	 0.000e+00 	 0.000e+00 	 0.000e+00 
2.73875 	 0.000e+00 	 0.000e+00 	 0.000e+00 
2.74125 	 0.000e+00 	 0.000e+00 	 0.000e+00 
2.74375 	 0.000e+00 	 0.000e+00 	 0.000e+00 
2.74625 	 0.000e+00 	 0.000e+00 	 0.000e+00 
2.74875 	 0.000e+00 	 0.000e+00 	 0.000e+00 
2.75125 	 0.000e+00 	 0.000e+00 	 0.000e+00 
2.75375 	 0.000e+00 	 0.000e+00 	 0.000e+00 
2.75625 	 0.000e+00 	 0.000e+00 	 0.000e+00 
2.75875 	 0.000e+00 	 0.000e+00 	 0.000e+00 
2.76125 	 0.000e+00 	 0.000e+00 	 0.000e+00 
2.76375 	 0.000e+00 	 0.000e+00 	 0.000e+00 
2.76625 	 0.000e+00 	 0.000e+00 	 0.000e+00 
2.76875 	 0.000e+00 	 0.000e+00 	 0.000e+00 
2.77125 	 0.000e+00 	 0.000e+00 	 0.000e+00 
2.77375 	 0.000e+00 	 0.000e+00 	 0.000e+00 
2.77625 	 0.000e+00 	 0.000e+00 	 0.000e+00 
2.77875 	 0.000e+00 	 0.000e+00 	 0.000e+00 
2.78125 	 0.000e+00 	 0.000e+00 	 0.000e+00 
2.78375 	 0.000e+00 	 0.000e+00 	 0.000e+00 
2.78625 	 0.000e+00 	 0.000e+00 	 0.000e+00 
2.78875 	 0.000e+00 	 0.000e+00 	 0.000e+00 
2.79125 	 0.000e+00 	 0.000e+00 	 0.000e+00 
2.79375 	 0.000e+00 	 0.000e+00 	 0.000e+00 
2.79625 	 0.000e+00 	 0.000e+00 	 0.000e+00 
2.79875 	 0.000e+00 	 0.000e+00 	 0.000e+00 
2.80125 	 0.000e+00 	 0.000e+00 	 0.000e+00 
2.80375 	 0.000e+00 	 0.000e+00 	 0.000e+00 
2.80625 	 0.000e+00 	 0.000e+00 	 0.000e+00 
2.80875 	 0.000e+00 	 0.000e+00 	 0.000e+00 
2.81125 	 0.000e+00 	 0.000e+00 	 0.000e+00 
2.81375 	 0.000e+00 	 0.000e+00 	 0.000e+00 
2.81625 	 0.000e+00 	 0.000e+00 	 0.000e+00 
2.81875 	 0.000e+00 	 0.000e+00 	 0.000e+00 
2.82125 	 0.000e+00 	 0.000e+00 	 0.000e+00 
2.82375 	 0.000e+00 	 0.000e+00 	 0.000e+00 
2.82625 	 0.000e+00 	 0.000e+00 	 0.000e+00 
2.82875 	 0.000e+00 	 0.000e+00 	 0.000e+00 
2.83125 	 0.000e+00 	 0.000e+00 	 0.000e+00 
2.83375 	 0.000e+00 	 0.000e+00 	 0.000e+00 
2.83625 	 0.000e+00 	 0.000e+00 	 0.000e+00 
2.83875 	 0.000e+00 	 0.000e+00 	 0.000e+00 
2.84125 	 0.000e+00 	 0.000e+00 	 0.000e+00 
2.84375 	 0.000e+00 	 0.000e+00 	 0.000e+00 
2.84625 	 0.000e+00 	 0.000e+00 	 0.000e+00 
2.84875 	 0.000e+00 	 0.000e+00 	 0.000e+00 
2.85125 	 0.000e+00 	 0.000e+00 	 0.000e+00 
2.85375 	 0.000e+00 	 0.000e+00 	 0.000e+00 
2.85625 	 0.000e+00 	 0.000e+00 	 0.000e+00 
2.85875 	 0.000e+00 	 0.000e+00 	 0.000e+00 
2.86125 	 0.000e+00 	 0.000e+00 	 0.000e+00 
2.86375 	 0.000e+00 	 0.000e+00 	 0.000e+00 
2.86625 	 0.000e+00 	 0.000e+00 	 0.000e+00 
2.86875 	 0.000e+00 	 0.000e+00 	 0.000e+00 
2.87125 	 0.000e+00 	 0.000e+00 	 0.000e+00 
2.87375 	 0.000e+00 	 0.000e+00 	 0.000e+00 
2.87625 	 0.000e+00 	 0.000e+00 	 0.000e+00 
2.87875 	 0.000e+00 	 0.000e+00 	 0.000e+00 
2.88125 	 0.000e+00 	 0.000e+00 	 0.000e+00 
2.88375 	 0.000e+00 	 0.000e+00 	 0.000e+00 
2.88625 	 0.000e+00 	 0.000e+00 	 0.000e+00 
2.88875 	 0.000e+00 	 0.000e+00 	 0.000e+00 
2.89125 	 0.000e+00 	 0.000e+00 	 0.000e+00 
2.89375 	 0.000e+00 	 0.000e+00 	 0.000e+00 
2.89625 	 0.000e+00 	 0.000e+00 	 0.000e+00 
2.89875 	 0.000e+00 	 0.000e+00 	 0.000e+00 
2.90125 	 0.000e+00 	 0.000e+00 	 0.000e+00 
2.90375 	 0.000e+00 	 0.000e+00 	 0.000e+00 
2.90625 	 0.000e+00 	 0.000e+00 	 0.000e+00 
2.90875 	 0.000e+00 	 0.000e+00 	 0.000e+00 
2.91125 	 0.000e+00 	 0.000e+00 	 0.000e+00 
2.91375 	 0.000e+00 	 0.000e+00 	 0.000e+00 
2.91625 	 0.000e+00 	 0.000e+00 	 0.000e+00 
2.91875 	 0.000e+00 	 0.000e+00 	 0.000e+00 
2.92125 	 0.000e+00 	 0.000e+00 	 0.000e+00 
2.92375 	 0.000e+00 	 0.000e+00 	 0.000e+00 
2.92625 	 0.000e+00 	 0.000e+00 	 0.000e+00 
2.92875 	 0.000e+00 	 0.000e+00 	 0.000e+00 
2.93125 	 0.000e+00 	 0.000e+00 	 0.000e+00 
2.93375 	 0.000e+00 	 0.000e+00 	 0.000e+00 
2.93625 	 0.000e+00 	 0.000e+00 	 0.000e+00 
2.93875 	 0.000e+00 	 0.000e+00 	 0.000e+00 
2.94125 	 0.000e+00 	 0.000e+00 	 0.000e+00 
2.94375 	 0.000e+00 	 0.000e+00 	 0.000e+00 
2.94625 	 0.000e+00 	 0.000e+00 	 0.000e+00 
2.94875 	 0.000e+00 	 0.000e+00 	 0.000e+00 
2.95125 	 0.000e+00 	 0.000e+00 	 0.000e+00 
2.95375 	 0.000e+00 	 0.000e+00 	 0.000e+00 
2.95625 	 0.000e+00 	 0.000e+00 	 0.000e+00 
2.95875 	 0.000e+00 	 0.000e+00 	 0.000e+00 
2.96125 	 0.000e+00 	 0.000e+00 	 0.000e+00 
2.96375 	 0.000e+00 	 0.000e+00 	 0.000e+00 
2.96625 	 0.000e+00 	 0.000e+00 	 0.000e+00 
2.96875 	 0.000e+00 	 0.000e+00 	 0.000e+00 
2.97125 	 0.000e+00 	 0.000e+00 	 0.000e+00 
2.97375 	 0.000e+00 	 0.000e+00 	 0.000e+00 
2.97625 	 0.000e+00 	 0.000e+00 	 0.000e+00 
2.97875 	 0.000e+00 	 0.000e+00 	 0.000e+00 
2.98125 	 0.000e+00 	 0.000e+00 	 0.000e+00 
2.98375 	 0.000e+00 	 0.000e+00 	 0.000e+00 
2.98625 	 0.000e+00 	 0.000e+00 	 0.000e+00 
2.98875 	 0.000e+00 	 0.000e+00 	 0.000e+00 
2.99125 	 0.000e+00 	 0.000e+00 	 0.000e+00 
2.99375 	 0.000e+00 	 0.000e+00 	 0.000e+00 
2.99625 	 0.000e+00 	 0.000e+00 	 0.000e+00 
2.99875 	 0.000e+00 	 0.000e+00 	 0.000e+00 
3.00125 	 0.000e+00 	 0.000e+00 	 0.000e+00 
3.00375 	 0.000e+00 	 0.000e+00 	 0.000e+00 
3.00625 	 0.000e+00 	 0.000e+00 	 0.000e+00 
3.00875 	 0.000e+00 	 0.000e+00 	 0.000e+00 
3.01125 	 0.000e+00 	 0.000e+00 	 0.000e+00 
3.01375 	 0.000e+00 	 0.000e+00 	 0.000e+00 
3.01625 	 0.000e+00 	 0.000e+00 	 0.000e+00 
3.01875 	 0.000e+00 	 0.000e+00 	 0.000e+00 
3.02125 	 0.000e+00 	 0.000e+00 	 0.000e+00 
3.02375 	 0.000e+00 	 0.000e+00 	 0.000e+00 
3.02625 	 0.000e+00 	 0.000e+00 	 0.000e+00 
3.02875 	 0.000e+00 	 0.000e+00 	 0.000e+00 
3.03125 	 0.000e+00 	 0.000e+00 	 0.000e+00 
3.03375 	 0.000e+00 	 0.000e+00 	 0.000e+00 
3.03625 	 0.000e+00 	 0.000e+00 	 0.000e+00 
3.03875 	 0.000e+00 	 0.000e+00 	 0.000e+00 
3.04125 	 0.000e+00 	 0.000e+00 	 0.000e+00 
3.04375 	 0.000e+00 	 0.000e+00 	 0.000e+00 
3.04625 	 0.000e+00 	 0.000e+00 	 0.000e+00 
3.04875 	 0.000e+00 	 0.000e+00 	 0.000e+00 
3.05125 	 0.000e+00 	 0.000e+00 	 0.000e+00 
3.05375 	 0.000e+00 	 0.000e+00 	 0.000e+00 
3.05625 	 0.000e+00 	 0.000e+00 	 0.000e+00 
3.05875 	 0.000e+00 	 0.000e+00 	 0.000e+00 
3.06125 	 0.000e+00 	 0.000e+00 	 0.000e+00 
3.06375 	 0.000e+00 	 0.000e+00 	 0.000e+00 
3.06625 	 0.000e+00 	 0.000e+00 	 0.000e+00 
3.06875 	 0.000e+00 	 0.000e+00 	 0.000e+00 
3.07125 	 0.000e+00 	 0.000e+00 	 0.000e+00 
3.07375 	 0.000e+00 	 0.000e+00 	 0.000e+00 
3.07625 	 0.000e+00 	 0.000e+00 	 0.000e+00 
3.07875 	 0.000e+00 	 0.000e+00 	 0.000e+00 
3.08125 	 0.000e+00 	 0.000e+00 	 0.000e+00 
3.08375 	 0.000e+00 	 0.000e+00 	 0.000e+00 
3.08625 	 0.000e+00 	 0.000e+00 	 0.000e+00 
3.08875 	 0.000e+00 	 0.000e+00 	 0.000e+00 
3.09125 	 0.000e+00 	 0.000e+00 	 0.000e+00 
3.09375 	 0.000e+00 	 0.000e+00 	 0.000e+00 
3.09625 	 0.000e+00 	 0.000e+00 	 0.000e+00 
3.09875 	 0.000e+00 	 0.000e+00 	 0.000e+00 
3.10125 	 0.000e+00 	 0.000e+00 	 0.000e+00 
3.10375 	 0.000e+00 	 0.000e+00 	 0.000e+00 
3.10625 	 0.000e+00 	 0.000e+00 	 0.000e+00 
3.10875 	 0.000e+00 	 0.000e+00 	 0.000e+00 
3.11125 	 0.000e+00 	 0.000e+00 	 0.000e+00 
3.11375 	 0.000e+00 	 0.000e+00 	 0.000e+00 
3.11625 	 0.000e+00 	 0.000e+00 	 0.000e+00 
3.11875 	 0.000e+00 	 0.000e+00 	 0.000e+00 
3.12125 	 0.000e+00 	 0.000e+00 	 0.000e+00 
3.12375 	 0.000e+00 	 0.000e+00 	 0.000e+00 
3.12625 	 0.000e+00 	 0.000e+00 	 0.000e+00 
3.12875 	 0.000e+00 	 0.000e+00 	 0.000e+00 
3.13125 	 0.000e+00 	 0.000e+00 	 0.000e+00 
3.13375 	 0.000e+00 	 0.000e+00 	 0.000e+00 
3.13625 	 0.000e+00 	 0.000e+00 	 0.000e+00 
3.13875 	 0.000e+00 	 0.000e+00 	 0.000e+00 
3.14125 	 0.000e+00 	 0.000e+00 	 0.000e+00 
3.14375 	 0.000e+00 	 0.000e+00 	 0.000e+00 
3.14625 	 0.000e+00 	 0.000e+00 	 0.000e+00 
3.14875 	 0.000e+00 	 0.000e+00 	 0.000e+00 
3.15125 	 0.000e+00 	 0.000e+00 	 0.000e+00 
3.15375 	 0.000e+00 	 0.000e+00 	 0.000e+00 
3.15625 	 0.000e+00 	 0.000e+00 	 0.000e+00 
3.15875 	 0.000e+00 	 0.000e+00 	 0.000e+00 
3.16125 	 0.000e+00 	 0.000e+00 	 0.000e+00 
3.16375 	 0.000e+00 	 0.000e+00 	 0.000e+00 
3.16625 	 0.000e+00 	 0.000e+00 	 0.000e+00 
3.16875 	 0.000e+00 	 0.000e+00 	 0.000e+00 
3.17125 	 0.000e+00 	 0.000e+00 	 0.000e+00 
3.17375 	 0.000e+00 	 0.000e+00 	 0.000e+00 
3.17625 	 0.000e+00 	 0.000e+00 	 0.000e+00 
3.17875 	 0.000e+00 	 0.000e+00 	 0.000e+00 
3.18125 	 0.000e+00 	 0.000e+00 	 0.000e+00 
3.18375 	 0.000e+00 	 0.000e+00 	 0.000e+00 
3.18625 	 0.000e+00 	 0.000e+00 	 0.000e+00 
3.18875 	 0.000e+00 	 0.000e+00 	 0.000e+00 
3.19125 	 0.000e+00 	 0.000e+00 	 0.000e+00 
3.19375 	 0.000e+00 	 0.000e+00 	 0.000e+00 
3.19625 	 0.000e+00 	 0.000e+00 	 0.000e+00 
3.19875 	 0.000e+00 	 0.000e+00 	 0.000e+00 
3.20125 	 0.000e+00 	 0.000e+00 	 0.000e+00 
3.20375 	 0.000e+00 	 0.000e+00 	 0.000e+00 
3.20625 	 0.000e+00 	 0.000e+00 	 0.000e+00 
3.20875 	 0.000e+00 	 0.000e+00 	 0.000e+00 
3.21125 	 0.000e+00 	 0.000e+00 	 0.000e+00 
3.21375 	 0.000e+00 	 0.000e+00 	 0.000e+00 
3.21625 	 0.000e+00 	 0.000e+00 	 0.000e+00 
3.21875 	 0.000e+00 	 0.000e+00 	 0.000e+00 
3.22125 	 0.000e+00 	 0.000e+00 	 0.000e+00 
3.22375 	 0.000e+00 	 0.000e+00 	 0.000e+00 
3.22625 	 0.000e+00 	 0.000e+00 	 0.000e+00 
3.22875 	 0.000e+00 	 0.000e+00 	 0.000e+00 
3.23125 	 0.000e+00 	 0.000e+00 	 0.000e+00 
3.23375 	 0.000e+00 	 0.000e+00 	 0.000e+00 
3.23625 	 0.000e+00 	 0.000e+00 	 0.000e+00 
3.23875 	 0.000e+00 	 0.000e+00 	 0.000e+00 
3.24125 	 0.000e+00 	 0.000e+00 	 0.000e+00 
3.24375 	 0.000e+00 	 0.000e+00 	 0.000e+00 
3.24625 	 0.000e+00 	 0.000e+00 	 0.000e+00 
3.24875 	 0.000e+00 	 0.000e+00 	 0.000e+00 
3.25125 	 0.000e+00 	 0.000e+00 	 0.000e+00 
3.25375 	 0.000e+00 	 0.000e+00 	 0.000e+00 
3.25625 	 0.000e+00 	 0.000e+00 	 0.000e+00 
3.25875 	 0.000e+00 	 0.000e+00 	 0.000e+00 
3.26125 	 0.000e+00 	 0.000e+00 	 0.000e+00 
3.26375 	 0.000e+00 	 0.000e+00 	 0.000e+00 
3.26625 	 0.000e+00 	 0.000e+00 	 0.000e+00 
3.26875 	 0.000e+00 	 0.000e+00 	 0.000e+00 
3.27125 	 0.000e+00 	 0.000e+00 	 0.000e+00 
3.27375 	 0.000e+00 	 0.000e+00 	 0.000e+00 
3.27625 	 0.000e+00 	 0.000e+00 	 0.000e+00 
3.27875 	 0.000e+00 	 0.000e+00 	 0.000e+00 
3.28125 	 0.000e+00 	 0.000e+00 	 0.000e+00 
3.28375 	 0.000e+00 	 0.000e+00 	 0.000e+00 
3.28625 	 0.000e+00 	 0.000e+00 	 0.000e+00 
3.28875 	 0.000e+00 	 0.000e+00 	 0.000e+00 
3.29125 	 0.000e+00 	 0.000e+00 	 0.000e+00 
3.29375 	 0.000e+00 	 0.000e+00 	 0.000e+00 
3.29625 	 0.000e+00 	 0.000e+00 	 0.000e+00 
3.29875 	 0.000e+00 	 0.000e+00 	 0.000e+00 
3.30125 	 0.000e+00 	 0.000e+00 	 0.000e+00 
3.30375 	 0.000e+00 	 0.000e+00 	 0.000e+00 
3.30625 	 0.000e+00 	 0.000e+00 	 0.000e+00 
3.30875 	 0.000e+00 	 0.000e+00 	 0.000e+00 
3.31125 	 0.000e+00 	 0.000e+00 	 0.000e+00 
3.31375 	 0.000e+00 	 0.000e+00 	 0.000e+00 
3.31625 	 0.000e+00 	 0.000e+00 	 0.000e+00 
3.31875 	 0.000e+00 	 0.000e+00 	 0.000e+00 
3.32125 	 0.000e+00 	 0.000e+00 	 0.000e+00 
3.32375 	 0.000e+00 	 0.000e+00 	 0.000e+00 
3.32625 	 0.000e+00 	 0.000e+00 	 0.000e+00 
3.32875 	 0.000e+00 	 0.000e+00 	 0.000e+00 
3.33125 	 0.000e+00 	 0.000e+00 	 0.000e+00 
3.33375 	 0.000e+00 	 0.000e+00 	 0.000e+00 
3.33625 	 0.000e+00 	 0.000e+00 	 0.000e+00 
3.33875 	 0.000e+00 	 0.000e+00 	 0.000e+00 
3.34125 	 0.000e+00 	 0.000e+00 	 0.000e+00 
3.34375 	 0.000e+00 	 0.000e+00 	 0.000e+00 
3.34625 	 0.000e+00 	 0.000e+00 	 0.000e+00 
3.34875 	 0.000e+00 	 0.000e+00 	 0.000e+00 
3.35125 	 0.000e+00 	 0.000e+00 	 0.000e+00 
3.35375 	 0.000e+00 	 0.000e+00 	 0.000e+00 
3.35625 	 0.000e+00 	 0.000e+00 	 0.000e+00 
3.35875 	 0.000e+00 	 0.000e+00 	 0.000e+00 
3.36125 	 0.000e+00 	 0.000e+00 	 0.000e+00 
3.36375 	 0.000e+00 	 0.000e+00 	 0.000e+00 
3.36625 	 0.000e+00 	 0.000e+00 	 0.000e+00 
3.36875 	 0.000e+00 	 0.000e+00 	 0.000e+00 
3.37125 	 0.000e+00 	 0.000e+00 	 0.000e+00 
3.37375 	 0.000e+00 	 0.000e+00 	 0.000e+00 
3.37625 	 0.000e+00 	 0.000e+00 	 0.000e+00 
3.37875 	 0.000e+00 	 0.000e+00 	 0.000e+00 
3.38125 	 0.000e+00 	 0.000e+00 	 0.000e+00 
3.38375 	 0.000e+00 	 0.000e+00 	 0.000e+00 
3.38625 	 0.000e+00 	 0.000e+00 	 0.000e+00 
3.38875 	 0.000e+00 	 0.000e+00 	 0.000e+00 
3.39125 	 0.000e+00 	 0.000e+00 	 0.000e+00 
3.39375 	 0.000e+00 	 0.000e+00 	 0.000e+00 
3.39625 	 0.000e+00 	 0.000e+00 	 0.000e+00 
3.39875 	 0.000e+00 	 0.000e+00 	 0.000e+00 
3.40125 	 0.000e+00 	 0.000e+00 	 0.000e+00 
3.40375 	 0.000e+00 	 0.000e+00 	 0.000e+00 
3.40625 	 0.000e+00 	 0.000e+00 	 0.000e+00 
3.40875 	 0.000e+00 	 0.000e+00 	 0.000e+00 
3.41125 	 0.000e+00 	 0.000e+00 	 0.000e+00 
3.41375 	 0.000e+00 	 0.000e+00 	 0.000e+00 
3.41625 	 0.000e+00 	 0.000e+00 	 0.000e+00 
3.41875 	 0.000e+00 	 0.000e+00 	 0.000e+00 
3.42125 	 0.000e+00 	 0.000e+00 	 0.000e+00 
3.42375 	 0.000e+00 	 0.000e+00 	 0.000e+00 
3.42625 	 0.000e+00 	 0.000e+00 	 0.000e+00 
3.42875 	 0.000e+00 	 0.000e+00 	 0.000e+00 
3.43125 	 0.000e+00 	 0.000e+00 	 0.000e+00 
3.43375 	 0.000e+00 	 0.000e+00 	 0.000e+00 
3.43625 	 0.000e+00 	 0.000e+00 	 0.000e+00 
3.43875 	 0.000e+00 	 0.000e+00 	 0.000e+00 
3.44125 	 0.000e+00 	 0.000e+00 	 0.000e+00 
3.44375 	 0.000e+00 	 0.000e+00 	 0.000e+00 
3.44625 	 0.000e+00 	 0.000e+00 	 0.000e+00 
3.44875 	 0.000e+00 	 0.000e+00 	 0.000e+00 
3.45125 	 0.000e+00 	 0.000e+00 	 0.000e+00 
3.45375 	 0.000e+00 	 0.000e+00 	 0.000e+00 
3.45625 	 0.000e+00 	 0.000e+00 	 0.000e+00 
3.45875 	 0.000e+00 	 0.000e+00 	 0.000e+00 
3.46125 	 0.000e+00 	 0.000e+00 	 0.000e+00 
3.46375 	 0.000e+00 	 0.000e+00 	 0.000e+00 
3.46625 	 0.000e+00 	 0.000e+00 	 0.000e+00 
3.46875 	 0.000e+00 	 0.000e+00 	 0.000e+00 
3.47125 	 0.000e+00 	 0.000e+00 	 0.000e+00 
3.47375 	 0.000e+00 	 0.000e+00 	 0.000e+00 
3.47625 	 0.000e+00 	 0.000e+00 	 0.000e+00 
3.47875 	 0.000e+00 	 0.000e+00 	 0.000e+00 
3.48125 	 0.000e+00 	 0.000e+00 	 0.000e+00 
3.48375 	 0.000e+00 	 0.000e+00 	 0.000e+00 
3.48625 	 0.000e+00 	 0.000e+00 	 0.000e+00 
3.48875 	 0.000e+00 	 0.000e+00 	 0.000e+00 
3.49125 	 0.000e+00 	 0.000e+00 	 0.000e+00 
3.49375 	 0.000e+00 	 0.000e+00 	 0.000e+00 
3.49625 	 0.000e+00 	 0.000e+00 	 0.000e+00 
3.49875 	 0.000e+00 	 0.000e+00 	 0.000e+00 
3.50125 	 0.000e+00 	 0.000e+00 	 0.000e+00 
3.50375 	 0.000e+00 	 0.000e+00 	 0.000e+00 
3.50625 	 0.000e+00 	 0.000e+00 	 0.000e+00 
3.50875 	 0.000e+00 	 0.000e+00 	 0.000e+00 
3.51125 	 0.000e+00 	 0.000e+00 	 0.000e+00 
3.51375 	 0.000e+00 	 0.000e+00 	 0.000e+00 
3.51625 	 0.000e+00 	 0.000e+00 	 0.000e+00 
3.51875 	 0.000e+00 	 0.000e+00 	 0.000e+00 
3.52125 	 0.000e+00 	 0.000e+00 	 0.000e+00 
3.52375 	 0.000e+00 	 0.000e+00 	 0.000e+00 
3.52625 	 0.000e+00 	 0.000e+00 	 0.000e+00 
3.52875 	 0.000e+00 	 0.000e+00 	 0.000e+00 
3.53125 	 0.000e+00 	 0.000e+00 	 0.000e+00 
3.53375 	 0.000e+00 	 0.000e+00 	 0.000e+00 
3.53625 	 0.000e+00 	 0.000e+00 	 0.000e+00 
3.53875 	 0.000e+00 	 0.000e+00 	 0.000e+00 
3.54125 	 0.000e+00 	 0.000e+00 	 0.000e+00 
3.54375 	 0.000e+00 	 0.000e+00 	 0.000e+00 
3.54625 	 0.000e+00 	 0.000e+00 	 0.000e+00 
3.54875 	 0.000e+00 	 0.000e+00 	 0.000e+00 
3.55125 	 0.000e+00 	 0.000e+00 	 0.000e+00 
3.55375 	 0.000e+00 	 0.000e+00 	 0.000e+00 
3.55625 	 0.000e+00 	 0.000e+00 	 0.000e+00 
3.55875 	 0.000e+00 	 0.000e+00 	 0.000e+00 
3.56125 	 0.000e+00 	 0.000e+00 	 0.000e+00 
3.56375 	 0.000e+00 	 0.000e+00 	 0.000e+00 
3.56625 	 0.000e+00 	 0.000e+00 	 0.000e+00 
3.56875 	 0.000e+00 	 0.000e+00 	 0.000e+00 
3.57125 	 0.000e+00 	 0.000e+00 	 0.000e+00 
3.57375 	 0.000e+00 	 0.000e+00 	 0.000e+00 
3.57625 	 0.000e+00 	 0.000e+00 	 0.000e+00 
3.57875 	 0.000e+00 	 0.000e+00 	 0.000e+00 
3.58125 	 0.000e+00 	 0.000e+00 	 0.000e+00 
3.58375 	 0.000e+00 	 0.000e+00 	 0.000e+00 
3.58625 	 0.000e+00 	 0.000e+00 	 0.000e+00 
3.58875 	 0.000e+00 	 0.000e+00 	 0.000e+00 
3.59125 	 0.000e+00 	 0.000e+00 	 0.000e+00 
3.59375 	 0.000e+00 	 0.000e+00 	 0.000e+00 
3.59625 	 0.000e+00 	 0.000e+00 	 0.000e+00 
3.59875 	 0.000e+00 	 0.000e+00 	 0.000e+00 
3.60125 	 0.000e+00 	 0.000e+00 	 0.000e+00 
3.60375 	 0.000e+00 	 0.000e+00 	 0.000e+00 
3.60625 	 0.000e+00 	 0.000e+00 	 0.000e+00 
3.60875 	 0.000e+00 	 0.000e+00 	 0.000e+00 
3.61125 	 0.000e+00 	 0.000e+00 	 0.000e+00 
3.61375 	 0.000e+00 	 0.000e+00 	 0.000e+00 
3.61625 	 0.000e+00 	 0.000e+00 	 0.000e+00 
3.61875 	 0.000e+00 	 0.000e+00 	 0.000e+00 
3.62125 	 0.000e+00 	 0.000e+00 	 0.000e+00 
3.62375 	 0.000e+00 	 0.000e+00 	 0.000e+00 
3.62625 	 0.000e+00 	 0.000e+00 	 0.000e+00 
3.62875 	 0.000e+00 	 0.000e+00 	 0.000e+00 
3.63125 	 0.000e+00 	 0.000e+00 	 0.000e+00 
3.63375 	 0.000e+00 	 0.000e+00 	 0.000e+00 
3.63625 	 0.000e+00 	 0.000e+00 	 0.000e+00 
3.63875 	 0.000e+00 	 0.000e+00 	 0.000e+00 
3.64125 	 0.000e+00 	 0.000e+00 	 0.000e+00 
3.64375 	 0.000e+00 	 0.000e+00 	 0.000e+00 
3.64625 	 0.000e+00 	 0.000e+00 	 0.000e+00 
3.64875 	 0.000e+00 	 0.000e+00 	 0.000e+00 
3.65125 	 0.000e+00 	 0.000e+00 	 0.000e+00 
3.65375 	 0.000e+00 	 0.000e+00 	 0.000e+00 
3.65625 	 0.000e+00 	 0.000e+00 	 0.000e+00 
3.65875 	 0.000e+00 	 0.000e+00 	 0.000e+00 
3.66125 	 0.000e+00 	 0.000e+00 	 0.000e+00 
3.66375 	 0.000e+00 	 0.000e+00 	 0.000e+00 
3.66625 	 0.000e+00 	 0.000e+00 	 0.000e+00 
3.66875 	 0.000e+00 	 0.000e+00 	 0.000e+00 
3.67125 	 0.000e+00 	 0.000e+00 	 0.000e+00 
3.67375 	 0.000e+00 	 0.000e+00 	 0.000e+00 
3.67625 	 0.000e+00 	 0.000e+00 	 0.000e+00 
3.67875 	 0.000e+00 	 0.000e+00 	 0.000e+00 
3.68125 	 0.000e+00 	 0.000e+00 	 0.000e+00 
3.68375 	 0.000e+00 	 0.000e+00 	 0.000e+00 
3.68625 	 0.000e+00 	 0.000e+00 	 0.000e+00 
3.68875 	 0.000e+00 	 0.000e+00 	 0.000e+00 
3.69125 	 0.000e+00 	 0.000e+00 	 0.000e+00 
3.69375 	 0.000e+00 	 0.000e+00 	 0.000e+00 
3.69625 	 0.000e+00 	 0.000e+00 	 0.000e+00 
3.69875 	 0.000e+00 	 0.000e+00 	 0.000e+00 
3.70125 	 0.000e+00 	 0.000e+00 	 0.000e+00 
3.70375 	 0.000e+00 	 0.000e+00 	 0.000e+00 
3.70625 	 0.000e+00 	 0.000e+00 	 0.000e+00 
3.70875 	 0.000e+00 	 0.000e+00 	 0.000e+00 
3.71125 	 0.000e+00 	 0.000e+00 	 0.000e+00 
3.71375 	 0.000e+00 	 0.000e+00 	 0.000e+00 
3.71625 	 0.000e+00 	 0.000e+00 	 0.000e+00 
3.71875 	 0.000e+00 	 0.000e+00 	 0.000e+00 
3.72125 	 0.000e+00 	 0.000e+00 	 0.000e+00 
3.72375 	 0.000e+00 	 0.000e+00 	 0.000e+00 
3.72625 	 0.000e+00 	 0.000e+00 	 0.000e+00 
3.72875 	 0.000e+00 	 0.000e+00 	 0.000e+00 
3.73125 	 0.000e+00 	 0.000e+00 	 0.000e+00 
3.73375 	 0.000e+00 	 0.000e+00 	 0.000e+00 
3.73625 	 0.000e+00 	 0.000e+00 	 0.000e+00 
3.73875 	 0.000e+00 	 0.000e+00 	 0.000e+00 
3.74125 	 0.000e+00 	 0.000e+00 	 0.000e+00 
3.74375 	 0.000e+00 	 0.000e+00 	 0.000e+00 
3.74625 	 0.000e+00 	 0.000e+00 	 0.000e+00 
3.74875 	 0.000e+00 	 0.000e+00 	 0.000e+00 
3.75125 	 0.000e+00 	 0.000e+00 	 0.000e+00 
3.75375 	 0.000e+00 	 0.000e+00 	 0.000e+00 
3.75625 	 0.000e+00 	 0.000e+00 	 0.000e+00 
3.75875 	 0.000e+00 	 0.000e+00 	 0.000e+00 
3.76125 	 0.000e+00 	 0.000e+00 	 0.000e+00 
3.76375 	 0.000e+00 	 0.000e+00 	 0.000e+00 
3.76625 	 0.000e+00 	 0.000e+00 	 0.000e+00 
3.76875 	 0.000e+00 	 0.000e+00 	 0.000e+00 
3.77125 	 0.000e+00 	 0.000e+00 	 0.000e+00 
3.77375 	 0.000e+00 	 0.000e+00 	 0.000e+00 
3.77625 	 0.000e+00 	 0.000e+00 	 0.000e+00 
3.77875 	 0.000e+00 	 0.000e+00 	 0.000e+00 
3.78125 	 0.000e+00 	 0.000e+00 	 0.000e+00 
3.78375 	 0.000e+00 	 0.000e+00 	 0.000e+00 
3.78625 	 0.000e+00 	 0.000e+00 	 0.000e+00 
3.78875 	 0.000e+00 	 0.000e+00 	 0.000e+00 
3.79125 	 0.000e+00 	 0.000e+00 	 0.000e+00 
3.79375 	 0.000e+00 	 0.000e+00 	 0.000e+00 
3.79625 	 0.000e+00 	 0.000e+00 	 0.000e+00 
3.79875 	 0.000e+00 	 0.000e+00 	 0.000e+00 
3.80125 	 0.000e+00 	 0.000e+00 	 0.000e+00 
3.80375 	 0.000e+00 	 0.000e+00 	 0.000e+00 
3.80625 	 0.000e+00 	 0.000e+00 	 0.000e+00 
3.80875 	 0.000e+00 	 0.000e+00 	 0.000e+00 
3.81125 	 0.000e+00 	 0.000e+00 	 0.000e+00 
3.81375 	 0.000e+00 	 0.000e+00 	 0.000e+00 
3.81625 	 0.000e+00 	 0.000e+00 	 0.000e+00 
3.81875 	 0.000e+00 	 0.000e+00 	 0.000e+00 
3.82125 	 0.000e+00 	 0.000e+00 	 0.000e+00 
3.82375 	 0.000e+00 	 0.000e+00 	 0.000e+00 
3.82625 	 0.000e+00 	 0.000e+00 	 0.000e+00 
3.82875 	 0.000e+00 	 0.000e+00 	 0.000e+00 
3.83125 	 0.000e+00 	 0.000e+00 	 0.000e+00 
3.83375 	 0.000e+00 	 0.000e+00 	 0.000e+00 
3.83625 	 0.000e+00 	 0.000e+00 	 0.000e+00 
3.83875 	 0.000e+00 	 0.000e+00 	 0.000e+00 
3.84125 	 0.000e+00 	 0.000e+00 	 0.000e+00 
3.84375 	 0.000e+00 	 0.000e+00 	 0.000e+00 
3.84625 	 0.000e+00 	 0.000e+00 	 0.000e+00 
3.84875 	 0.000e+00 	 0.000e+00 	 0.000e+00 
3.85125 	 0.000e+00 	 0.000e+00 	 0.000e+00 
3.85375 	 0.000e+00 	 0.000e+00 	 0.000e+00 
3.85625 	 0.000e+00 	 0.000e+00 	 0.000e+00 
3.85875 	 0.000e+00 	 0.000e+00 	 0.000e+00 
3.86125 	 0.000e+00 	 0.000e+00 	 0.000e+00 
3.86375 	 0.000e+00 	 0.000e+00 	 0.000e+00 
3.86625 	 0.000e+00 	 0.000e+00 	 0.000e+00 
3.86875 	 0.000e+00 	 0.000e+00 	 0.000e+00 
3.87125 	 0.000e+00 	 0.000e+00 	 0.000e+00 
3.87375 	 0.000e+00 	 0.000e+00 	 0.000e+00 
3.87625 	 0.000e+00 	 0.000e+00 	 0.000e+00 
3.87875 	 0.000e+00 	 0.000e+00 	 0.000e+00 
3.88125 	 0.000e+00 	 0.000e+00 	 0.000e+00 
3.88375 	 0.000e+00 	 0.000e+00 	 0.000e+00 
3.88625 	 0.000e+00 	 0.000e+00 	 0.000e+00 
3.88875 	 0.000e+00 	 0.000e+00 	 0.000e+00 
3.89125 	 0.000e+00 	 0.000e+00 	 0.000e+00 
3.89375 	 0.000e+00 	 0.000e+00 	 0.000e+00 
3.89625 	 0.000e+00 	 0.000e+00 	 0.000e+00 
3.89875 	 0.000e+00 	 0.000e+00 	 0.000e+00 
3.90125 	 0.000e+00 	 0.000e+00 	 0.000e+00 
3.90375 	 0.000e+00 	 0.000e+00 	 0.000e+00 
3.90625 	 0.000e+00 	 0.000e+00 	 0.000e+00 
3.90875 	 0.000e+00 	 0.000e+00 	 0.000e+00 
3.91125 	 0.000e+00 	 0.000e+00 	 0.000e+00 
3.91375 	 0.000e+00 	 0.000e+00 	 0.000e+00 
3.91625 	 0.000e+00 	 0.000e+00 	 0.000e+00 
3.91875 	 0.000e+00 	 0.000e+00 	 0.000e+00 
3.92125 	 0.000e+00 	 0.000e+00 	 0.000e+00 
3.92375 	 0.000e+00 	 0.000e+00 	 0.000e+00 
3.92625 	 0.000e+00 	 0.000e+00 	 0.000e+00 
3.92875 	 0.000e+00 	 0.000e+00 	 0.000e+00 
3.93125 	 0.000e+00 	 0.000e+00 	 0.000e+00 
3.93375 	 0.000e+00 	 0.000e+00 	 0.000e+00 
3.93625 	 0.000e+00 	 0.000e+00 	 0.000e+00 
3.93875 	 0.000e+00 	 0.000e+00 	 0.000e+00 
3.94125 	 0.000e+00 	 0.000e+00 	 0.000e+00 
3.94375 	 0.000e+00 	 0.000e+00 	 0.000e+00 
3.94625 	 0.000e+00 	 0.000e+00 	 0.000e+00 
3.94875 	 0.000e+00 	 0.000e+00 	 0.000e+00 
3.95125 	 0.000e+00 	 0.000e+00 	 0.000e+00 
3.95375 	 0.000e+00 	 0.000e+00 	 0.000e+00 
3.95625 	 0.000e+00 	 0.000e+00 	 0.000e+00 
3.95875 	 0.000e+00 	 0.000e+00 	 0.000e+00 
3.96125 	 0.000e+00 	 0.000e+00 	 0.000e+00 
3.96375 	 0.000e+00 	 0.000e+00 	 0.000e+00 
3.96625 	 0.000e+00 	 0.000e+00 	 0.000e+00 
3.96875 	 0.000e+00 	 0.000e+00 	 0.000e+00 
3.97125 	 0.000e+00 	 0.000e+00 	 0.000e+00 
3.97375 	 0.000e+00 	 0.000e+00 	 0.000e+00 
3.97625 	 0.000e+00 	 0.000e+00 	 0.000e+00 
3.97875 	 0.000e+00 	 0.000e+00 	 0.000e+00 
3.98125 	 0.000e+00 	 0.000e+00 	 0.000e+00 
3.98375 	 0.000e+00 	 0.000e+00 	 0.000e+00 
3.98625 	 0.000e+00 	 0.000e+00 	 0.000e+00 
3.98875 	 0.000e+00 	 0.000e+00 	 0.000e+00 
3.99125 	 0.000e+00 	 0.000e+00 	 0.000e+00 
3.99375 	 0.000e+00 	 0.000e+00 	 0.000e+00 
3.99625 	 0.000e+00 	 0.000e+00 	 0.000e+00 
3.99875 	 0.000e+00 	 0.000e+00 	 0.000e+00 
4.00125 	 0.000e+00 	 0.000e+00 	 0.000e+00 
4.00375 	 0.000e+00 	 0.000e+00 	 0.000e+00 
4.00625 	 0.000e+00 	 0.000e+00 	 0.000e+00 
4.00875 	 0.000e+00 	 0.000e+00 	 0.000e+00 
4.01125 	 0.000e+00 	 0.000e+00 	 0.000e+00 
4.01375 	 0.000e+00 	 0.000e+00 	 0.000e+00 
4.01625 	 0.000e+00 	 0.000e+00 	 0.000e+00 
4.01875 	 0.000e+00 	 0.000e+00 	 0.000e+00 
4.02125 	 0.000e+00 	 0.000e+00 	 0.000e+00 
4.02375 	 0.000e+00 	 0.000e+00 	 0.000e+00 
4.02625 	 0.000e+00 	 0.000e+00 	 0.000e+00 
4.02875 	 0.000e+00 	 0.000e+00 	 0.000e+00 
4.03125 	 0.000e+00 	 0.000e+00 	 0.000e+00 
4.03375 	 0.000e+00 	 0.000e+00 	 0.000e+00 
4.03625 	 0.000e+00 	 0.000e+00 	 0.000e+00 
4.03875 	 0.000e+00 	 0.000e+00 	 0.000e+00 
4.04125 	 0.000e+00 	 0.000e+00 	 0.000e+00 
4.04375 	 0.000e+00 	 0.000e+00 	 0.000e+00 
4.04625 	 0.000e+00 	 0.000e+00 	 0.000e+00 
4.04875 	 0.000e+00 	 0.000e+00 	 0.000e+00 
4.05125 	 0.000e+00 	 0.000e+00 	 0.000e+00 
4.05375 	 0.000e+00 	 0.000e+00 	 0.000e+00 
4.05625 	 0.000e+00 	 0.000e+00 	 0.000e+00 
4.05875 	 0.000e+00 	 0.000e+00 	 0.000e+00 
4.06125 	 0.000e+00 	 0.000e+00 	 0.000e+00 
4.06375 	 0.000e+00 	 0.000e+00 	 0.000e+00 
4.06625 	 0.000e+00 	 0.000e+00 	 0.000e+00 
4.06875 	 0.000e+00 	 0.000e+00 	 0.000e+00 
4.07125 	 0.000e+00 	 0.000e+00 	 0.000e+00 
4.07375 	 0.000e+00 	 0.000e+00 	 0.000e+00 
4.07625 	 0.000e+00 	 0.000e+00 	 0.000e+00 
4.07875 	 0.000e+00 	 0.000e+00 	 0.000e+00 
4.08125 	 0.000e+00 	 0.000e+00 	 0.000e+00 
4.08375 	 0.000e+00 	 0.000e+00 	 0.000e+00 
4.08625 	 0.000e+00 	 0.000e+00 	 0.000e+00 
4.08875 	 0.000e+00 	 0.000e+00 	 0.000e+00 
4.09125 	 0.000e+00 	 0.000e+00 	 0.000e+00 
4.09375 	 0.000e+00 	 0.000e+00 	 0.000e+00 
4.09625 	 0.000e+00 	 0.000e+00 	 0.000e+00 
4.09875 	 0.000e+00 	 0.000e+00 	 0.000e+00 
4.10125 	 0.000e+00 	 0.000e+00 	 0.000e+00 
4.10375 	 0.000e+00 	 0.000e+00 	 0.000e+00 
4.10625 	 0.000e+00 	 0.000e+00 	 0.000e+00 
4.10875 	 0.000e+00 	 0.000e+00 	 0.000e+00 
4.11125 	 0.000e+00 	 0.000e+00 	 0.000e+00 
4.11375 	 0.000e+00 	 0.000e+00 	 0.000e+00 
4.11625 	 0.000e+00 	 0.000e+00 	 0.000e+00 
4.11875 	 0.000e+00 	 0.000e+00 	 0.000e+00 
4.12125 	 0.000e+00 	 0.000e+00 	 0.000e+00 
4.12375 	 0.000e+00 	 0.000e+00 	 0.000e+00 
4.12625 	 0.000e+00 	 0.000e+00 	 0.000e+00 
4.12875 	 0.000e+00 	 0.000e+00 	 0.000e+00 
4.13125 	 0.000e+00 	 0.000e+00 	 0.000e+00 
4.13375 	 0.000e+00 	 0.000e+00 	 0.000e+00 
4.13625 	 0.000e+00 	 0.000e+00 	 0.000e+00 
4.13875 	 0.000e+00 	 0.000e+00 	 0.000e+00 
4.14125 	 0.000e+00 	 0.000e+00 	 0.000e+00 
4.14375 	 0.000e+00 	 0.000e+00 	 0.000e+00 
4.14625 	 0.000e+00 	 0.000e+00 	 0.000e+00 
4.14875 	 0.000e+00 	 0.000e+00 	 0.000e+00 
4.15125 	 0.000e+00 	 0.000e+00 	 0.000e+00 
4.15375 	 0.000e+00 	 0.000e+00 	 0.000e+00 
4.15625 	 0.000e+00 	 0.000e+00 	 0.000e+00 
4.15875 	 0.000e+00 	 0.000e+00 	 0.000e+00 
4.16125 	 0.000e+00 	 0.000e+00 	 0.000e+00 
4.16375 	 0.000e+00 	 0.000e+00 	 0.000e+00 
4.16625 	 0.000e+00 	 0.000e+00 	 0.000e+00 
4.16875 	 0.000e+00 	 0.000e+00 	 0.000e+00 
4.17125 	 0.000e+00 	 0.000e+00 	 0.000e+00 
4.17375 	 0.000e+00 	 0.000e+00 	 0.000e+00 
4.17625 	 0.000e+00 	 0.000e+00 	 0.000e+00 
4.17875 	 0.000e+00 	 0.000e+00 	 0.000e+00 
4.18125 	 0.000e+00 	 0.000e+00 	 0.000e+00 
4.18375 	 0.000e+00 	 0.000e+00 	 0.000e+00 
4.18625 	 0.000e+00 	 0.000e+00 	 0.000e+00 
4.18875 	 0.000e+00 	 0.000e+00 	 0.000e+00 
4.19125 	 0.000e+00 	 0.000e+00 	 0.000e+00 
4.19375 	 0.000e+00 	 0.000e+00 	 0.000e+00 
4.19625 	 0.000e+00 	 0.000e+00 	 0.000e+00 
4.19875 	 0.000e+00 	 0.000e+00 	 0.000e+00 
4.20125 	 0.000e+00 	 0.000e+00 	 0.000e+00 
4.20375 	 0.000e+00 	 0.000e+00 	 0.000e+00 
4.20625 	 0.000e+00 	 0.000e+00 	 0.000e+00 
4.20875 	 0.000e+00 	 0.000e+00 	 0.000e+00 
4.21125 	 0.000e+00 	 0.000e+00 	 0.000e+00 
4.21375 	 0.000e+00 	 0.000e+00 	 0.000e+00 
4.21625 	 0.000e+00 	 0.000e+00 	 0.000e+00 
4.21875 	 0.000e+00 	 0.000e+00 	 0.000e+00 
4.22125 	 0.000e+00 	 0.000e+00 	 0.000e+00 
4.22375 	 0.000e+00 	 0.000e+00 	 0.000e+00 
4.22625 	 0.000e+00 	 0.000e+00 	 0.000e+00 
4.22875 	 0.000e+00 	 0.000e+00 	 0.000e+00 
4.23125 	 0.000e+00 	 0.000e+00 	 0.000e+00 
4.23375 	 0.000e+00 	 0.000e+00 	 0.000e+00 
4.23625 	 0.000e+00 	 0.000e+00 	 0.000e+00 
4.23875 	 0.000e+00 	 0.000e+00 	 0.000e+00 
4.24125 	 0.000e+00 	 0.000e+00 	 0.000e+00 
4.24375 	 0.000e+00 	 0.000e+00 	 0.000e+00 
4.24625 	 0.000e+00 	 0.000e+00 	 0.000e+00 
4.24875 	 0.000e+00 	 0.000e+00 	 0.000e+00 
4.25125 	 0.000e+00 	 0.000e+00 	 0.000e+00 
4.25375 	 0.000e+00 	 0.000e+00 	 0.000e+00 
4.25625 	 0.000e+00 	 0.000e+00 	 0.000e+00 
4.25875 	 0.000e+00 	 0.000e+00 	 0.000e+00 
4.26125 	 0.000e+00 	 0.000e+00 	 0.000e+00 
4.26375 	 0.000e+00 	 0.000e+00 	 0.000e+00 
4.26625 	 0.000e+00 	 0.000e+00 	 0.000e+00 
4.26875 	 0.000e+00 	 0.000e+00 	 0.000e+00 
4.27125 	 0.000e+00 	 0.000e+00 	 0.000e+00 
4.27375 	 0.000e+00 	 0.000e+00 	 0.000e+00 
4.27625 	 0.000e+00 	 0.000e+00 	 0.000e+00 
4.27875 	 0.000e+00 	 0.000e+00 	 0.000e+00 
4.28125 	 0.000e+00 	 0.000e+00 	 0.000e+00 
4.28375 	 0.000e+00 	 0.000e+00 	 0.000e+00 
4.28625 	 0.000e+00 	 0.000e+00 	 0.000e+00 
4.28875 	 0.000e+00 	 0.000e+00 	 0.000e+00 
4.29125 	 0.000e+00 	 0.000e+00 	 0.000e+00 
4.29375 	 0.000e+00 	 0.000e+00 	 0.000e+00 
4.29625 	 0.000e+00 	 0.000e+00 	 0.000e+00 
4.29875 	 0.000e+00 	 0.000e+00 	 0.000e+00 
4.30125 	 0.000e+00 	 0.000e+00 	 0.000e+00 
4.30375 	 0.000e+00 	 0.000e+00 	 0.000e+00 
4.30625 	 0.000e+00 	 0.000e+00 	 0.000e+00 
4.30875 	 0.000e+00 	 0.000e+00 	 0.000e+00 
4.31125 	 0.000e+00 	 0.000e+00 	 0.000e+00 
4.31375 	 0.000e+00 	 0.000e+00 	 0.000e+00 
4.31625 	 0.000e+00 	 0.000e+00 	 0.000e+00 
4.31875 	 0.000e+00 	 0.000e+00 	 0.000e+00 
4.32125 	 0.000e+00 	 0.000e+00 	 0.000e+00 
4.32375 	 0.000e+00 	 0.000e+00 	 0.000e+00 
4.32625 	 0.000e+00 	 0.000e+00 	 0.000e+00 
4.32875 	 0.000e+00 	 0.000e+00 	 0.000e+00 
4.33125 	 0.000e+00 	 0.000e+00 	 0.000e+00 
4.33375 	 0.000e+00 	 0.000e+00 	 0.000e+00 
4.33625 	 0.000e+00 	 0.000e+00 	 0.000e+00 
4.33875 	 0.000e+00 	 0.000e+00 	 0.000e+00 
4.34125 	 0.000e+00 	 0.000e+00 	 0.000e+00 
4.34375 	 0.000e+00 	 0.000e+00 	 0.000e+00 
4.34625 	 0.000e+00 	 0.000e+00 	 0.000e+00 
4.34875 	 0.000e+00 	 0.000e+00 	 0.000e+00 
4.35125 	 0.000e+00 	 0.000e+00 	 0.000e+00 
4.35375 	 0.000e+00 	 0.000e+00 	 0.000e+00 
4.35625 	 0.000e+00 	 0.000e+00 	 0.000e+00 
4.35875 	 0.000e+00 	 0.000e+00 	 0.000e+00 
4.36125 	 0.000e+00 	 0.000e+00 	 0.000e+00 
4.36375 	 0.000e+00 	 0.000e+00 	 0.000e+00 
4.36625 	 0.000e+00 	 0.000e+00 	 0.000e+00 
4.36875 	 0.000e+00 	 0.000e+00 	 0.000e+00 
4.37125 	 0.000e+00 	 0.000e+00 	 0.000e+00 
4.37375 	 0.000e+00 	 0.000e+00 	 0.000e+00 
4.37625 	 0.000e+00 	 0.000e+00 	 0.000e+00 
4.37875 	 0.000e+00 	 0.000e+00 	 0.000e+00 
4.38125 	 0.000e+00 	 0.000e+00 	 0.000e+00 
4.38375 	 0.000e+00 	 0.000e+00 	 0.000e+00 
4.38625 	 0.000e+00 	 0.000e+00 	 0.000e+00 
4.38875 	 0.000e+00 	 0.000e+00 	 0.000e+00 
4.39125 	 0.000e+00 	 0.000e+00 	 0.000e+00 
4.39375 	 0.000e+00 	 0.000e+00 	 0.000e+00 
4.39625 	 0.000e+00 	 0.000e+00 	 0.000e+00 
4.39875 	 0.000e+00 	 0.000e+00 	 0.000e+00 
4.40125 	 0.000e+00 	 0.000e+00 	 0.000e+00 
4.40375 	 0.000e+00 	 0.000e+00 	 0.000e+00 
4.40625 	 0.000e+00 	 0.000e+00 	 0.000e+00 
4.40875 	 0.000e+00 	 0.000e+00 	 0.000e+00 
4.41125 	 0.000e+00 	 0.000e+00 	 0.000e+00 
4.41375 	 0.000e+00 	 0.000e+00 	 0.000e+00 
4.41625 	 0.000e+00 	 0.000e+00 	 0.000e+00 
4.41875 	 0.000e+00 	 0.000e+00 	 0.000e+00 
4.42125 	 0.000e+00 	 0.000e+00 	 0.000e+00 
4.42375 	 0.000e+00 	 0.000e+00 	 0.000e+00 
4.42625 	 0.000e+00 	 0.000e+00 	 0.000e+00 
4.42875 	 0.000e+00 	 0.000e+00 	 0.000e+00 
4.43125 	 0.000e+00 	 0.000e+00 	 0.000e+00 
4.43375 	 0.000e+00 	 0.000e+00 	 0.000e+00 
4.43625 	 0.000e+00 	 0.000e+00 	 0.000e+00 
4.43875 	 0.000e+00 	 0.000e+00 	 0.000e+00 
4.44125 	 0.000e+00 	 0.000e+00 	 0.000e+00 
4.44375 	 0.000e+00 	 0.000e+00 	 0.000e+00 
4.44625 	 0.000e+00 	 0.000e+00 	 0.000e+00 
4.44875 	 0.000e+00 	 0.000e+00 	 0.000e+00 
4.45125 	 0.000e+00 	 0.000e+00 	 0.000e+00 
4.45375 	 0.000e+00 	 0.000e+00 	 0.000e+00 
4.45625 	 0.000e+00 	 0.000e+00 	 0.000e+00 
4.45875 	 0.000e+00 	 0.000e+00 	 0.000e+00 
4.46125 	 0.000e+00 	 0.000e+00 	 0.000e+00 
4.46375 	 0.000e+00 	 0.000e+00 	 0.000e+00 
4.46625 	 0.000e+00 	 0.000e+00 	 0.000e+00 
4.46875 	 0.000e+00 	 0.000e+00 	 0.000e+00 
4.47125 	 0.000e+00 	 0.000e+00 	 0.000e+00 
4.47375 	 0.000e+00 	 0.000e+00 	 0.000e+00 
4.47625 	 0.000e+00 	 0.000e+00 	 0.000e+00 
4.47875 	 0.000e+00 	 0.000e+00 	 0.000e+00 
4.48125 	 0.000e+00 	 0.000e+00 	 0.000e+00 
4.48375 	 0.000e+00 	 0.000e+00 	 0.000e+00 
4.48625 	 0.000e+00 	 0.000e+00 	 0.000e+00 
4.48875 	 0.000e+00 	 0.000e+00 	 0.000e+00 
4.49125 	 0.000e+00 	 0.000e+00 	 0.000e+00 
4.49375 	 0.000e+00 	 0.000e+00 	 0.000e+00 
4.49625 	 0.000e+00 	 0.000e+00 	 0.000e+00 
4.49875 	 0.000e+00 	 0.000e+00 	 0.000e+00 
4.50125 	 0.000e+00 	 0.000e+00 	 0.000e+00 
4.50375 	 0.000e+00 	 0.000e+00 	 0.000e+00 
4.50625 	 0.000e+00 	 0.000e+00 	 0.000e+00 
4.50875 	 0.000e+00 	 0.000e+00 	 0.000e+00 
4.51125 	 0.000e+00 	 0.000e+00 	 0.000e+00 
4.51375 	 0.000e+00 	 0.000e+00 	 0.000e+00 
4.51625 	 0.000e+00 	 0.000e+00 	 0.000e+00 
4.51875 	 0.000e+00 	 0.000e+00 	 0.000e+00 
4.52125 	 0.000e+00 	 0.000e+00 	 0.000e+00 
4.52375 	 0.000e+00 	 0.000e+00 	 0.000e+00 
4.52625 	 0.000e+00 	 0.000e+00 	 0.000e+00 
4.52875 	 0.000e+00 	 0.000e+00 	 0.000e+00 
4.53125 	 0.000e+00 	 0.000e+00 	 0.000e+00 
4.53375 	 0.000e+00 	 0.000e+00 	 0.000e+00 
4.53625 	 0.000e+00 	 0.000e+00 	 0.000e+00 
4.53875 	 0.000e+00 	 0.000e+00 	 0.000e+00 
4.54125 	 0.000e+00 	 0.000e+00 	 0.000e+00 
4.54375 	 0.000e+00 	 0.000e+00 	 0.000e+00 
4.54625 	 0.000e+00 	 0.000e+00 	 0.000e+00 
4.54875 	 0.000e+00 	 0.000e+00 	 0.000e+00 
4.55125 	 0.000e+00 	 0.000e+00 	 0.000e+00 
4.55375 	 0.000e+00 	 0.000e+00 	 0.000e+00 
4.55625 	 0.000e+00 	 0.000e+00 	 0.000e+00 
4.55875 	 0.000e+00 	 0.000e+00 	 0.000e+00 
4.56125 	 0.000e+00 	 0.000e+00 	 0.000e+00 
4.56375 	 0.000e+00 	 0.000e+00 	 0.000e+00 
4.56625 	 0.000e+00 	 0.000e+00 	 0.000e+00 
4.56875 	 0.000e+00 	 0.000e+00 	 0.000e+00 
4.57125 	 0.000e+00 	 0.000e+00 	 0.000e+00 
4.57375 	 0.000e+00 	 0.000e+00 	 0.000e+00 
4.57625 	 0.000e+00 	 0.000e+00 	 0.000e+00 
4.57875 	 0.000e+00 	 0.000e+00 	 0.000e+00 
4.58125 	 0.000e+00 	 0.000e+00 	 0.000e+00 
4.58375 	 0.000e+00 	 0.000e+00 	 0.000e+00 
4.58625 	 0.000e+00 	 0.000e+00 	 0.000e+00 
4.58875 	 0.000e+00 	 0.000e+00 	 0.000e+00 
4.59125 	 0.000e+00 	 0.000e+00 	 0.000e+00 
4.59375 	 0.000e+00 	 0.000e+00 	 0.000e+00 
4.59625 	 0.000e+00 	 0.000e+00 	 0.000e+00 
4.59875 	 0.000e+00 	 0.000e+00 	 0.000e+00 
4.60125 	 0.000e+00 	 0.000e+00 	 0.000e+00 
4.60375 	 0.000e+00 	 0.000e+00 	 0.000e+00 
4.60625 	 0.000e+00 	 0.000e+00 	 0.000e+00 
4.60875 	 0.000e+00 	 0.000e+00 	 0.000e+00 
4.61125 	 0.000e+00 	 0.000e+00 	 0.000e+00 
4.61375 	 0.000e+00 	 0.000e+00 	 0.000e+00 
4.61625 	 0.000e+00 	 0.000e+00 	 0.000e+00 
4.61875 	 0.000e+00 	 0.000e+00 	 0.000e+00 
4.62125 	 0.000e+00 	 0.000e+00 	 0.000e+00 
4.62375 	 0.000e+00 	 0.000e+00 	 0.000e+00 
4.62625 	 0.000e+00 	 0.000e+00 	 0.000e+00 
4.62875 	 0.000e+00 	 0.000e+00 	 0.000e+00 
4.63125 	 0.000e+00 	 0.000e+00 	 0.000e+00 
4.63375 	 0.000e+00 	 0.000e+00 	 0.000e+00 
4.63625 	 0.000e+00 	 0.000e+00 	 0.000e+00 
4.63875 	 0.000e+00 	 0.000e+00 	 0.000e+00 
4.64125 	 0.000e+00 	 0.000e+00 	 0.000e+00 
4.64375 	 0.000e+00 	 0.000e+00 	 0.000e+00 
4.64625 	 0.000e+00 	 0.000e+00 	 0.000e+00 
4.64875 	 0.000e+00 	 0.000e+00 	 0.000e+00 
4.65125 	 0.000e+00 	 0.000e+00 	 0.000e+00 
4.65375 	 0.000e+00 	 0.000e+00 	 0.000e+00 
4.65625 	 0.000e+00 	 0.000e+00 	 0.000e+00 
4.65875 	 0.000e+00 	 0.000e+00 	 0.000e+00 
4.66125 	 0.000e+00 	 0.000e+00 	 0.000e+00 
4.66375 	 0.000e+00 	 0.000e+00 	 0.000e+00 
4.66625 	 0.000e+00 	 0.000e+00 	 0.000e+00 
4.66875 	 0.000e+00 	 0.000e+00 	 0.000e+00 
4.67125 	 0.000e+00 	 0.000e+00 	 0.000e+00 
4.67375 	 0.000e+00 	 0.000e+00 	 0.000e+00 
4.67625 	 0.000e+00 	 0.000e+00 	 0.000e+00 
4.67875 	 0.000e+00 	 0.000e+00 	 0.000e+00 
4.68125 	 0.000e+00 	 0.000e+00 	 0.000e+00 
4.68375 	 0.000e+00 	 0.000e+00 	 0.000e+00 
4.68625 	 0.000e+00 	 0.000e+00 	 0.000e+00 
4.68875 	 0.000e+00 	 0.000e+00 	 0.000e+00 
4.69125 	 0.000e+00 	 0.000e+00 	 0.000e+00 
4.69375 	 0.000e+00 	 0.000e+00 	 0.000e+00 
4.69625 	 0.000e+00 	 0.000e+00 	 0.000e+00 
4.69875 	 0.000e+00 	 0.000e+00 	 0.000e+00 
4.70125 	 0.000e+00 	 0.000e+00 	 0.000e+00 
4.70375 	 0.000e+00 	 0.000e+00 	 0.000e+00 
4.70625 	 0.000e+00 	 0.000e+00 	 0.000e+00 
4.70875 	 0.000e+00 	 0.000e+00 	 0.000e+00 
4.71125 	 0.000e+00 	 0.000e+00 	 0.000e+00 
4.71375 	 0.000e+00 	 0.000e+00 	 0.000e+00 
4.71625 	 0.000e+00 	 0.000e+00 	 0.000e+00 
4.71875 	 0.000e+00 	 0.000e+00 	 0.000e+00 
4.72125 	 0.000e+00 	 0.000e+00 	 0.000e+00 
4.72375 	 0.000e+00 	 0.000e+00 	 0.000e+00 
4.72625 	 0.000e+00 	 0.000e+00 	 0.000e+00 
4.72875 	 0.000e+00 	 0.000e+00 	 0.000e+00 
4.73125 	 0.000e+00 	 0.000e+00 	 0.000e+00 
4.73375 	 0.000e+00 	 0.000e+00 	 0.000e+00 
4.73625 	 0.000e+00 	 0.000e+00 	 0.000e+00 
4.73875 	 0.000e+00 	 0.000e+00 	 0.000e+00 
4.74125 	 0.000e+00 	 0.000e+00 	 0.000e+00 
4.74375 	 0.000e+00 	 0.000e+00 	 0.000e+00 
4.74625 	 0.000e+00 	 0.000e+00 	 0.000e+00 
4.74875 	 0.000e+00 	 0.000e+00 	 0.000e+00 
4.75125 	 0.000e+00 	 0.000e+00 	 0.000e+00 
4.75375 	 0.000e+00 	 0.000e+00 	 0.000e+00 
4.75625 	 0.000e+00 	 0.000e+00 	 0.000e+00 
4.75875 	 0.000e+00 	 0.000e+00 	 0.000e+00 
4.76125 	 0.000e+00 	 0.000e+00 	 0.000e+00 
4.76375 	 0.000e+00 	 0.000e+00 	 0.000e+00 
4.76625 	 0.000e+00 	 0.000e+00 	 0.000e+00 
4.76875 	 0.000e+00 	 0.000e+00 	 0.000e+00 
4.77125 	 0.000e+00 	 0.000e+00 	 0.000e+00 
4.77375 	 0.000e+00 	 0.000e+00 	 0.000e+00 
4.77625 	 0.000e+00 	 0.000e+00 	 0.000e+00 
4.77875 	 0.000e+00 	 0.000e+00 	 0.000e+00 
4.78125 	 0.000e+00 	 0.000e+00 	 0.000e+00 
4.78375 	 0.000e+00 	 0.000e+00 	 0.000e+00 
4.78625 	 0.000e+00 	 0.000e+00 	 0.000e+00 
4.78875 	 0.000e+00 	 0.000e+00 	 0.000e+00 
4.79125 	 0.000e+00 	 0.000e+00 	 0.000e+00 
4.79375 	 0.000e+00 	 0.000e+00 	 0.000e+00 
4.79625 	 0.000e+00 	 0.000e+00 	 0.000e+00 
4.79875 	 0.000e+00 	 0.000e+00 	 0.000e+00 
4.80125 	 0.000e+00 	 0.000e+00 	 0.000e+00 
4.80375 	 0.000e+00 	 0.000e+00 	 0.000e+00 
4.80625 	 0.000e+00 	 0.000e+00 	 0.000e+00 
4.80875 	 0.000e+00 	 0.000e+00 	 0.000e+00 
4.81125 	 0.000e+00 	 0.000e+00 	 0.000e+00 
4.81375 	 0.000e+00 	 0.000e+00 	 0.000e+00 
4.81625 	 0.000e+00 	 0.000e+00 	 0.000e+00 
4.81875 	 0.000e+00 	 0.000e+00 	 0.000e+00 
4.82125 	 0.000e+00 	 0.000e+00 	 0.000e+00 
4.82375 	 0.000e+00 	 0.000e+00 	 0.000e+00 
4.82625 	 0.000e+00 	 0.000e+00 	 0.000e+00 
4.82875 	 0.000e+00 	 0.000e+00 	 0.000e+00 
4.83125 	 0.000e+00 	 0.000e+00 	 0.000e+00 
4.83375 	 0.000e+00 	 0.000e+00 	 0.000e+00 
4.83625 	 0.000e+00 	 0.000e+00 	 0.000e+00 
4.83875 	 0.000e+00 	 0.000e+00 	 0.000e+00 
4.84125 	 0.000e+00 	 0.000e+00 	 0.000e+00 
4.84375 	 0.000e+00 	 0.000e+00 	 0.000e+00 
4.84625 	 0.000e+00 	 0.000e+00 	 0.000e+00 
4.84875 	 0.000e+00 	 0.000e+00 	 0.000e+00 
4.85125 	 0.000e+00 	 0.000e+00 	 0.000e+00 
4.85375 	 0.000e+00 	 0.000e+00 	 0.000e+00 
4.85625 	 0.000e+00 	 0.000e+00 	 0.000e+00 
4.85875 	 0.000e+00 	 0.000e+00 	 0.000e+00 
4.86125 	 0.000e+00 	 0.000e+00 	 0.000e+00 
4.86375 	 0.000e+00 	 0.000e+00 	 0.000e+00 
4.86625 	 0.000e+00 	 0.000e+00 	 0.000e+00 
4.86875 	 0.000e+00 	 0.000e+00 	 0.000e+00 
4.87125 	 0.000e+00 	 0.000e+00 	 0.000e+00 
4.87375 	 0.000e+00 	 0.000e+00 	 0.000e+00 
4.87625 	 0.000e+00 	 0.000e+00 	 0.000e+00 
4.87875 	 0.000e+00 	 0.000e+00 	 0.000e+00 
4.88125 	 0.000e+00 	 0.000e+00 	 0.000e+00 
4.88375 	 0.000e+00 	 0.000e+00 	 0.000e+00 
4.88625 	 0.000e+00 	 0.000e+00 	 0.000e+00 
4.88875 	 0.000e+00 	 0.000e+00 	 0.000e+00 
4.89125 	 0.000e+00 	 0.000e+00 	 0.000e+00 
4.89375 	 0.000e+00 	 0.000e+00 	 0.000e+00 
4.89625 	 0.000e+00 	 0.000e+00 	 0.000e+00 
4.89875 	 0.000e+00 	 0.000e+00 	 0.000e+00 
4.90125 	 0.000e+00 	 0.000e+00 	 0.000e+00 
4.90375 	 0.000e+00 	 0.000e+00 	 0.000e+00 
4.90625 	 0.000e+00 	 0.000e+00 	 0.000e+00 
4.90875 	 0.000e+00 	 0.000e+00 	 0.000e+00 
4.91125 	 0.000e+00 	 0.000e+00 	 0.000e+00 
4.91375 	 0.000e+00 	 0.000e+00 	 0.000e+00 
4.91625 	 0.000e+00 	 0.000e+00 	 0.000e+00 
4.91875 	 0.000e+00 	 0.000e+00 	 0.000e+00 
4.92125 	 0.000e+00 	 0.000e+00 	 0.000e+00 
4.92375 	 0.000e+00 	 0.000e+00 	 0.000e+00 
4.92625 	 0.000e+00 	 0.000e+00 	 0.000e+00 
4.92875 	 0.000e+00 	 0.000e+00 	 0.000e+00 
4.93125 	 0.000e+00 	 0.000e+00 	 0.000e+00 
4.93375 	 0.000e+00 	 0.000e+00 	 0.000e+00 
4.93625 	 0.000e+00 	 0.000e+00 	 0.000e+00 
4.93875 	 0.000e+00 	 0.000e+00 	 0.000e+00 
4.94125 	 0.000e+00 	 0.000e+00 	 0.000e+00 
4.94375 	 0.000e+00 	 0.000e+00 	 0.000e+00 
4.94625 	 0.000e+00 	 0.000e+00 	 0.000e+00 
4.94875 	 0.000e+00 	 0.000e+00 	 0.000e+00 
4.95125 	 0.000e+00 	 0.000e+00 	 0.000e+00 
4.95375 	 0.000e+00 	 0.000e+00 	 0.000e+00 
4.95625 	 0.000e+00 	 0.000e+00 	 0.000e+00 
4.95875 	 0.000e+00 	 0.000e+00 	 0.000e+00 
4.96125 	 0.000e+00 	 0.000e+00 	 0.000e+00 
4.96375 	 0.000e+00 	 0.000e+00 	 0.000e+00 
4.96625 	 0.000e+00 	 0.000e+00 	 0.000e+00 
4.96875 	 0.000e+00 	 0.000e+00 	 0.000e+00 
4.97125 	 0.000e+00 	 0.000e+00 	 0.000e+00 
4.97375 	 0.000e+00 	 0.000e+00 	 0.000e+00 
4.97625 	 0.000e+00 	 0.000e+00 	 0.000e+00 
4.97875 	 0.000e+00 	 0.000e+00 	 0.000e+00 
4.98125 	 0.000e+00 	 0.000e+00 	 0.000e+00 
4.98375 	 0.000e+00 	 0.000e+00 	 0.000e+00 
4.98625 	 0.000e+00 	 0.000e+00 	 0.000e+00 
4.98875 	 0.000e+00 	 0.000e+00 	 0.000e+00 
4.99125 	 0.000e+00 	 0.000e+00 	 0.000e+00 
4.99375 	 0.000e+00 	 0.000e+00 	 0.000e+00 
4.99625 	 0.000e+00 	 0.000e+00 	 0.000e+00 
4.99875 	 0.000e+00 	 0.000e+00 	 0.000e+00 
5.00125 	 0.000e+00 	 0.000e+00 	 0.000e+00 
